[0.094s] Invoking command in '/home/orin/auto_install/orz_robot/build/robot_bringup': CMAKE_PREFIX_PATH=${CMAKE_PREFIX_PATH}:/home/orin/auto_install/orz_robot/install/robot_test_py:/home/orin/auto_install/orz_robot/install/robot_keyboard_to_twist_py:/opt/ros/humble /usr/bin/cmake --build /home/orin/auto_install/orz_robot/build/robot_bringup -- -j8 -l8
[0.814s] Invoked command in '/home/orin/auto_install/orz_robot/build/robot_bringup' returned '0': CMAKE_PREFIX_PATH=${CMAKE_PREFIX_PATH}:/home/orin/auto_install/orz_robot/install/robot_test_py:/home/orin/auto_install/orz_robot/install/robot_keyboard_to_twist_py:/opt/ros/humble /usr/bin/cmake --build /home/orin/auto_install/orz_robot/build/robot_bringup -- -j8 -l8
[0.817s] Invoking command in '/home/orin/auto_install/orz_robot/build/robot_bringup': CMAKE_PREFIX_PATH=${CMAKE_PREFIX_PATH}:/home/orin/auto_install/orz_robot/install/robot_test_py:/home/orin/auto_install/orz_robot/install/robot_keyboard_to_twist_py:/opt/ros/humble /usr/bin/cmake --install /home/orin/auto_install/orz_robot/build/robot_bringup
[0.853s] -- Install configuration: ""
[0.853s] -- Up-to-date: /home/orin/auto_install/orz_robot/install/robot_bringup/share/robot_bringup/launch
[0.853s] -- Up-to-date: /home/orin/auto_install/orz_robot/install/robot_bringup/share/robot_bringup/launch/robot_gazebo.launch.py
[0.854s] -- Up-to-date: /home/orin/auto_install/orz_robot/install/robot_bringup/share/robot_bringup/launch/robot_real.launch.py
[0.854s] -- Up-to-date: /home/orin/auto_install/orz_robot/install/robot_bringup/share/ament_index/resource_index/package_run_dependencies/robot_bringup
[0.855s] -- Up-to-date: /home/orin/auto_install/orz_robot/install/robot_bringup/share/ament_index/resource_index/parent_prefix_path/robot_bringup
[0.855s] -- Up-to-date: /home/orin/auto_install/orz_robot/install/robot_bringup/share/robot_bringup/environment/ament_prefix_path.sh
[0.855s] -- Up-to-date: /home/orin/auto_install/orz_robot/install/robot_bringup/share/robot_bringup/environment/ament_prefix_path.dsv
[0.856s] -- Up-to-date: /home/orin/auto_install/orz_robot/install/robot_bringup/share/robot_bringup/environment/path.sh
[0.856s] -- Up-to-date: /home/orin/auto_install/orz_robot/install/robot_bringup/share/robot_bringup/environment/path.dsv
[0.856s] -- Up-to-date: /home/orin/auto_install/orz_robot/install/robot_bringup/share/robot_bringup/local_setup.bash
[0.856s] -- Up-to-date: /home/orin/auto_install/orz_robot/install/robot_bringup/share/robot_bringup/local_setup.sh
[0.856s] -- Up-to-date: /home/orin/auto_install/orz_robot/install/robot_bringup/share/robot_bringup/local_setup.zsh
[0.856s] -- Up-to-date: /home/orin/auto_install/orz_robot/install/robot_bringup/share/robot_bringup/local_setup.dsv
[0.857s] -- Up-to-date: /home/orin/auto_install/orz_robot/install/robot_bringup/share/robot_bringup/package.dsv
[0.857s] -- Up-to-date: /home/orin/auto_install/orz_robot/install/robot_bringup/share/ament_index/resource_index/packages/robot_bringup
[0.857s] -- Up-to-date: /home/orin/auto_install/orz_robot/install/robot_bringup/share/robot_bringup/cmake/robot_bringupConfig.cmake
[0.857s] -- Up-to-date: /home/orin/auto_install/orz_robot/install/robot_bringup/share/robot_bringup/cmake/robot_bringupConfig-version.cmake
[0.857s] -- Up-to-date: /home/orin/auto_install/orz_robot/install/robot_bringup/share/robot_bringup/package.xml
[0.923s] Invoked command in '/home/orin/auto_install/orz_robot/build/robot_bringup' returned '0': CMAKE_PREFIX_PATH=${CMAKE_PREFIX_PATH}:/home/orin/auto_install/orz_robot/install/robot_test_py:/home/orin/auto_install/orz_robot/install/robot_keyboard_to_twist_py:/opt/ros/humble /usr/bin/cmake --install /home/orin/auto_install/orz_robot/build/robot_bringup
