[0.079s] Invoking command in '/home/orin/auto_install/orz_robot/build/robot_control': CMAKE_PREFIX_PATH=${CMAKE_PREFIX_PATH}:/opt/ros/humble /usr/bin/cmake /home/orin/auto_install/orz_robot/src/robot_control -DCMAKE_INSTALL_PREFIX=/home/orin/auto_install/orz_robot/install/robot_control
[0.812s] -- The C compiler identification is GNU 11.4.0
[0.812s] -- The CXX compiler identification is GNU 11.4.0
[0.813s] -- Detecting C compiler ABI info
[0.813s] -- Detecting C compiler ABI info - done
[0.813s] -- Check for working C compiler: /usr/bin/cc - skipped
[0.813s] -- Detecting C compile features
[0.813s] -- Detecting C compile features - done
[0.813s] -- Detecting CXX compiler ABI info
[0.885s] -- Detecting CXX compiler ABI info - done
[0.889s] -- Check for working CXX compiler: /usr/bin/c++ - skipped
[0.890s] -- Detecting CXX compile features
[0.892s] -- Detecting CXX compile features - done
[0.900s] -- Found ament_cmake: 1.3.11 (/opt/ros/humble/share/ament_cmake/cmake)
[1.268s] -- Found Python3: /usr/bin/python3 (found version "3.10.12") found components: Interpreter 
[1.493s] -- Found rclcpp_action: 16.0.11 (/opt/ros/humble/share/rclcpp_action/cmake)
[1.576s] -- Found rosidl_generator_c: 3.1.6 (/opt/ros/humble/share/rosidl_generator_c/cmake)
[1.589s] -- Found rosidl_adapter: 3.1.6 (/opt/ros/humble/share/rosidl_adapter/cmake)
[1.608s] -- Found rosidl_generator_cpp: 3.1.6 (/opt/ros/humble/share/rosidl_generator_cpp/cmake)
[1.637s] -- Using all available rosidl_typesupport_c: rosidl_typesupport_fastrtps_c;rosidl_typesupport_introspection_c
[1.676s] -- Using all available rosidl_typesupport_cpp: rosidl_typesupport_fastrtps_cpp;rosidl_typesupport_introspection_cpp
[1.854s] -- Found rmw_implementation_cmake: 6.1.2 (/opt/ros/humble/share/rmw_implementation_cmake/cmake)
[1.859s] -- Found rmw_fastrtps_cpp: 6.2.7 (/opt/ros/humble/share/rmw_fastrtps_cpp/cmake)
[2.061s] -- Found OpenSSL: /usr/lib/aarch64-linux-gnu/libcrypto.so (found version "3.0.2")  
[2.127s] -- Found FastRTPS: /opt/ros/humble/include  
[2.211s] -- Using RMW implementation 'rmw_fastrtps_cpp' as default
[2.229s] -- Looking for pthread.h
[2.382s] -- Looking for pthread.h - found
[2.383s] -- Performing Test CMAKE_HAVE_LIBC_PTHREAD
[2.556s] -- Performing Test CMAKE_HAVE_LIBC_PTHREAD - Success
[2.556s] -- Found Threads: TRUE  
[2.674s] -- Found actionlib_msgs: 4.2.4 (/opt/ros/humble/share/actionlib_msgs/cmake)
[2.700s] -- Found control_msgs: 4.7.0 (/opt/ros/humble/share/control_msgs/cmake)
[2.855s] -- Found ament_lint_auto: 0.12.11 (/opt/ros/humble/share/ament_lint_auto/cmake)
[3.052s] -- Added test 'copyright' to check source files copyright and LICENSE
[3.055s] -- Added test 'cppcheck' to perform static code analysis on C / C++ code
[3.056s] -- Configured cppcheck include dirs: /home/orin/auto_install/orz_robot/src/robot_control/include;/home/orin/auto_install/orz_robot/src/robot_control/include/robot_control
[3.056s] -- Configured cppcheck exclude dirs and/or files: 
[3.058s] -- Added test 'cpplint' to check C / C++ code against the Google style
[3.059s] -- Configured cpplint exclude dirs and/or files: 
[3.060s] -- Added test 'flake8' to check Python code syntax and style conventions
[3.061s] -- Added test 'lint_cmake' to check CMake code style
[3.063s] -- Added test 'pep257' to check Python code against some of the docstring style conventions in PEP 257
[3.065s] -- Added test 'uncrustify' to check C / C++ code style
[3.065s] -- Configured uncrustify additional arguments: 
[3.066s] -- Added test 'xmllint' to check XML markup files
[3.069s] -- Configuring done
[3.099s] -- Generating done
[3.111s] -- Build files have been written to: /home/orin/auto_install/orz_robot/build/robot_control
[3.301s] Invoked command in '/home/orin/auto_install/orz_robot/build/robot_control' returned '0': CMAKE_PREFIX_PATH=${CMAKE_PREFIX_PATH}:/opt/ros/humble /usr/bin/cmake /home/orin/auto_install/orz_robot/src/robot_control -DCMAKE_INSTALL_PREFIX=/home/orin/auto_install/orz_robot/install/robot_control
[3.303s] Invoking command in '/home/orin/auto_install/orz_robot/build/robot_control': CMAKE_PREFIX_PATH=${CMAKE_PREFIX_PATH}:/opt/ros/humble /usr/bin/cmake --build /home/orin/auto_install/orz_robot/build/robot_control -- -j8 -l8
[3.479s] [ 50%] [32mBuilding CXX object CMakeFiles/robot_control.dir/src/robot_control.cpp.o[0m
[18.617s] [100%] [32m[1mLinking CXX executable robot_control[0m
[19.235s] [100%] Built target robot_control
[19.263s] Invoked command in '/home/orin/auto_install/orz_robot/build/robot_control' returned '0': CMAKE_PREFIX_PATH=${CMAKE_PREFIX_PATH}:/opt/ros/humble /usr/bin/cmake --build /home/orin/auto_install/orz_robot/build/robot_control -- -j8 -l8
[19.268s] Invoking command in '/home/orin/auto_install/orz_robot/build/robot_control': CMAKE_PREFIX_PATH=${CMAKE_PREFIX_PATH}:/opt/ros/humble /usr/bin/cmake --install /home/orin/auto_install/orz_robot/build/robot_control
[19.284s] -- Install configuration: ""
[19.285s] -- Installing: /home/orin/auto_install/orz_robot/install/robot_control/share/robot_control/launch
[19.285s] -- Installing: /home/orin/auto_install/orz_robot/install/robot_control/share/robot_control/launch/robot_control.launch.py
[19.286s] -- Installing: /home/orin/auto_install/orz_robot/install/robot_control/lib/robot_control/robot_control
[19.290s] -- Set runtime path of "/home/orin/auto_install/orz_robot/install/robot_control/lib/robot_control/robot_control" to ""
[19.290s] -- Installing: /home/orin/auto_install/orz_robot/install/robot_control/share/ament_index/resource_index/package_run_dependencies/robot_control
[19.291s] -- Installing: /home/orin/auto_install/orz_robot/install/robot_control/share/ament_index/resource_index/parent_prefix_path/robot_control
[19.291s] -- Installing: /home/orin/auto_install/orz_robot/install/robot_control/share/robot_control/environment/ament_prefix_path.sh
[19.291s] -- Installing: /home/orin/auto_install/orz_robot/install/robot_control/share/robot_control/environment/ament_prefix_path.dsv
[19.292s] -- Installing: /home/orin/auto_install/orz_robot/install/robot_control/share/robot_control/environment/path.sh
[19.292s] -- Installing: /home/orin/auto_install/orz_robot/install/robot_control/share/robot_control/environment/path.dsv
[19.292s] -- Installing: /home/orin/auto_install/orz_robot/install/robot_control/share/robot_control/local_setup.bash
[19.293s] -- Installing: /home/orin/auto_install/orz_robot/install/robot_control/share/robot_control/local_setup.sh
[19.293s] -- Installing: /home/orin/auto_install/orz_robot/install/robot_control/share/robot_control/local_setup.zsh
[19.293s] -- Installing: /home/orin/auto_install/orz_robot/install/robot_control/share/robot_control/local_setup.dsv
[19.293s] -- Installing: /home/orin/auto_install/orz_robot/install/robot_control/share/robot_control/package.dsv
[19.294s] -- Installing: /home/orin/auto_install/orz_robot/install/robot_control/share/ament_index/resource_index/packages/robot_control
[19.294s] -- Installing: /home/orin/auto_install/orz_robot/install/robot_control/share/robot_control/cmake/robot_controlConfig.cmake
[19.294s] -- Installing: /home/orin/auto_install/orz_robot/install/robot_control/share/robot_control/cmake/robot_controlConfig-version.cmake
[19.295s] -- Installing: /home/orin/auto_install/orz_robot/install/robot_control/share/robot_control/package.xml
[19.301s] Invoked command in '/home/orin/auto_install/orz_robot/build/robot_control' returned '0': CMAKE_PREFIX_PATH=${CMAKE_PREFIX_PATH}:/opt/ros/humble /usr/bin/cmake --install /home/orin/auto_install/orz_robot/build/robot_control
