[0.121s] Invoking command in '/home/orin/auto_install/orz_robot/build/robot_kinematics': CMAKE_PREFIX_PATH=/home/orin/auto_install/orz_robot/install/robot_interfaces:/home/orin/auto_install/orz_robot/install/ros2_socketcan:/home/orin/auto_install/orz_robot/install/ros2_socketcan_msgs:/home/orin/auto_install/orz_robot/install/robot_test:/home/orin/auto_install/orz_robot/install/robot_qtrecv:/home/orin/auto_install/orz_robot/install/robot_kinematics:/home/orin/auto_install/orz_robot/install/robot_gazebo:/home/orin/auto_install/orz_robot/install/robot_driver:/home/orin/auto_install/orz_robot/install/robot_config:/home/orin/auto_install/orz_robot/install/robot_description:/home/orin/auto_install/orz_robot/install/robot_control:/home/orin/auto_install/orz_robot/install/robot_bringup:/home/orin/auto_install/orz_robot/install/robot_test_py:/home/orin/auto_install/orz_robot/install/robot_keyboard_to_twist_py:/opt/ros/humble LD_LIBRARY_PATH=/home/orin/auto_install/orz_robot/install/robot_interfaces/lib:/home/orin/auto_install/orz_robot/install/ros2_socketcan/lib:/home/orin/auto_install/orz_robot/install/ros2_socketcan_msgs/lib:/opt/ros/humble/opt/rviz_ogre_vendor/lib:/opt/ros/humble/lib/aarch64-linux-gnu:/opt/ros/humble/lib /usr/bin/cmake --build /home/orin/auto_install/orz_robot/build/robot_kinematics -- -j8 -l8
[0.707s] [35m[1mConsolidate compiler generated dependencies of target robot_key_controller[0m
[0.710s] [35m[1mConsolidate compiler generated dependencies of target robot_state_get[0m
[0.711s] [35m[1mConsolidate compiler generated dependencies of target robot_func[0m
[0.711s] [ 33%] Built target robot_state_get
[0.712s] [ 66%] Built target robot_key_controller
[0.712s] [100%] Built target robot_func
[0.812s] Invoked command in '/home/orin/auto_install/orz_robot/build/robot_kinematics' returned '0': CMAKE_PREFIX_PATH=/home/orin/auto_install/orz_robot/install/robot_interfaces:/home/orin/auto_install/orz_robot/install/ros2_socketcan:/home/orin/auto_install/orz_robot/install/ros2_socketcan_msgs:/home/orin/auto_install/orz_robot/install/robot_test:/home/orin/auto_install/orz_robot/install/robot_qtrecv:/home/orin/auto_install/orz_robot/install/robot_kinematics:/home/orin/auto_install/orz_robot/install/robot_gazebo:/home/orin/auto_install/orz_robot/install/robot_driver:/home/orin/auto_install/orz_robot/install/robot_config:/home/orin/auto_install/orz_robot/install/robot_description:/home/orin/auto_install/orz_robot/install/robot_control:/home/orin/auto_install/orz_robot/install/robot_bringup:/home/orin/auto_install/orz_robot/install/robot_test_py:/home/orin/auto_install/orz_robot/install/robot_keyboard_to_twist_py:/opt/ros/humble LD_LIBRARY_PATH=/home/orin/auto_install/orz_robot/install/robot_interfaces/lib:/home/orin/auto_install/orz_robot/install/ros2_socketcan/lib:/home/orin/auto_install/orz_robot/install/ros2_socketcan_msgs/lib:/opt/ros/humble/opt/rviz_ogre_vendor/lib:/opt/ros/humble/lib/aarch64-linux-gnu:/opt/ros/humble/lib /usr/bin/cmake --build /home/orin/auto_install/orz_robot/build/robot_kinematics -- -j8 -l8
[0.814s] Invoking command in '/home/orin/auto_install/orz_robot/build/robot_kinematics': CMAKE_PREFIX_PATH=/home/orin/auto_install/orz_robot/install/robot_interfaces:/home/orin/auto_install/orz_robot/install/ros2_socketcan:/home/orin/auto_install/orz_robot/install/ros2_socketcan_msgs:/home/orin/auto_install/orz_robot/install/robot_test:/home/orin/auto_install/orz_robot/install/robot_qtrecv:/home/orin/auto_install/orz_robot/install/robot_kinematics:/home/orin/auto_install/orz_robot/install/robot_gazebo:/home/orin/auto_install/orz_robot/install/robot_driver:/home/orin/auto_install/orz_robot/install/robot_config:/home/orin/auto_install/orz_robot/install/robot_description:/home/orin/auto_install/orz_robot/install/robot_control:/home/orin/auto_install/orz_robot/install/robot_bringup:/home/orin/auto_install/orz_robot/install/robot_test_py:/home/orin/auto_install/orz_robot/install/robot_keyboard_to_twist_py:/opt/ros/humble LD_LIBRARY_PATH=/home/orin/auto_install/orz_robot/install/robot_interfaces/lib:/home/orin/auto_install/orz_robot/install/ros2_socketcan/lib:/home/orin/auto_install/orz_robot/install/ros2_socketcan_msgs/lib:/opt/ros/humble/opt/rviz_ogre_vendor/lib:/opt/ros/humble/lib/aarch64-linux-gnu:/opt/ros/humble/lib /usr/bin/cmake --install /home/orin/auto_install/orz_robot/build/robot_kinematics
[0.835s] -- Install configuration: ""
[0.835s] -- Up-to-date: /home/orin/auto_install/orz_robot/install/robot_kinematics/lib/robot_kinematics/robot_state_get
[0.835s] -- Up-to-date: /home/orin/auto_install/orz_robot/install/robot_kinematics/lib/robot_kinematics/robot_func
[0.835s] -- Up-to-date: /home/orin/auto_install/orz_robot/install/robot_kinematics/lib/robot_kinematics/robot_key_controller
[0.835s] -- Up-to-date: /home/orin/auto_install/orz_robot/install/robot_kinematics/share/robot_kinematics/launch
[0.836s] -- Up-to-date: /home/orin/auto_install/orz_robot/install/robot_kinematics/share/robot_kinematics/launch/robot_func.launch.py
[0.836s] -- Up-to-date: /home/orin/auto_install/orz_robot/install/robot_kinematics/share/robot_kinematics/launch/robot_state_get.launch.py
[0.836s] -- Up-to-date: /home/orin/auto_install/orz_robot/install/robot_kinematics/share/ament_index/resource_index/package_run_dependencies/robot_kinematics
[0.836s] -- Up-to-date: /home/orin/auto_install/orz_robot/install/robot_kinematics/share/ament_index/resource_index/parent_prefix_path/robot_kinematics
[0.836s] -- Up-to-date: /home/orin/auto_install/orz_robot/install/robot_kinematics/share/robot_kinematics/environment/ament_prefix_path.sh
[0.836s] -- Up-to-date: /home/orin/auto_install/orz_robot/install/robot_kinematics/share/robot_kinematics/environment/ament_prefix_path.dsv
[0.836s] -- Up-to-date: /home/orin/auto_install/orz_robot/install/robot_kinematics/share/robot_kinematics/environment/path.sh
[0.836s] -- Up-to-date: /home/orin/auto_install/orz_robot/install/robot_kinematics/share/robot_kinematics/environment/path.dsv
[0.837s] -- Up-to-date: /home/orin/auto_install/orz_robot/install/robot_kinematics/share/robot_kinematics/local_setup.bash
[0.837s] -- Up-to-date: /home/orin/auto_install/orz_robot/install/robot_kinematics/share/robot_kinematics/local_setup.sh
[0.837s] -- Up-to-date: /home/orin/auto_install/orz_robot/install/robot_kinematics/share/robot_kinematics/local_setup.zsh
[0.837s] -- Up-to-date: /home/orin/auto_install/orz_robot/install/robot_kinematics/share/robot_kinematics/local_setup.dsv
[0.837s] -- Installing: /home/orin/auto_install/orz_robot/install/robot_kinematics/share/robot_kinematics/package.dsv
[0.837s] -- Up-to-date: /home/orin/auto_install/orz_robot/install/robot_kinematics/share/ament_index/resource_index/packages/robot_kinematics
[0.837s] -- Up-to-date: /home/orin/auto_install/orz_robot/install/robot_kinematics/share/robot_kinematics/cmake/robot_kinematicsConfig.cmake
[0.837s] -- Up-to-date: /home/orin/auto_install/orz_robot/install/robot_kinematics/share/robot_kinematics/cmake/robot_kinematicsConfig-version.cmake
[0.838s] -- Up-to-date: /home/orin/auto_install/orz_robot/install/robot_kinematics/share/robot_kinematics/package.xml
[0.851s] Invoked command in '/home/orin/auto_install/orz_robot/build/robot_kinematics' returned '0': CMAKE_PREFIX_PATH=/home/orin/auto_install/orz_robot/install/robot_interfaces:/home/orin/auto_install/orz_robot/install/ros2_socketcan:/home/orin/auto_install/orz_robot/install/ros2_socketcan_msgs:/home/orin/auto_install/orz_robot/install/robot_test:/home/orin/auto_install/orz_robot/install/robot_qtrecv:/home/orin/auto_install/orz_robot/install/robot_kinematics:/home/orin/auto_install/orz_robot/install/robot_gazebo:/home/orin/auto_install/orz_robot/install/robot_driver:/home/orin/auto_install/orz_robot/install/robot_config:/home/orin/auto_install/orz_robot/install/robot_description:/home/orin/auto_install/orz_robot/install/robot_control:/home/orin/auto_install/orz_robot/install/robot_bringup:/home/orin/auto_install/orz_robot/install/robot_test_py:/home/orin/auto_install/orz_robot/install/robot_keyboard_to_twist_py:/opt/ros/humble LD_LIBRARY_PATH=/home/orin/auto_install/orz_robot/install/robot_interfaces/lib:/home/orin/auto_install/orz_robot/install/ros2_socketcan/lib:/home/orin/auto_install/orz_robot/install/ros2_socketcan_msgs/lib:/opt/ros/humble/opt/rviz_ogre_vendor/lib:/opt/ros/humble/lib/aarch64-linux-gnu:/opt/ros/humble/lib /usr/bin/cmake --install /home/orin/auto_install/orz_robot/build/robot_kinematics
