[0.023s] Invoking command in '/home/orin/auto_install/orz_robot/build/robot_config': AMENT_PREFIX_PATH=/home/orin/auto_install/orz_robot/install/robot_description:${AMENT_PREFIX_PATH} CMAKE_PREFIX_PATH=/home/orin/auto_install/orz_robot/install/robot_description:/home/orin/auto_install/orz_robot/install/ros2_socketcan:/home/orin/auto_install/orz_robot/install/ros2_socketcan_msgs:/home/orin/auto_install/orz_robot/install/robot_interfaces:/opt/ros/humble /usr/bin/cmake /home/orin/auto_install/orz_robot/src/robot_config -DCMAKE_INSTALL_PREFIX=/home/orin/auto_install/orz_robot/install/robot_config
[0.611s] -- The C compiler identification is GNU 11.4.0
[0.612s] -- The CXX compiler identification is GNU 11.4.0
[0.612s] -- Detecting C compiler ABI info
[0.612s] -- Detecting C compiler ABI info - done
[0.612s] -- Check for working C compiler: /usr/bin/cc - skipped
[0.612s] -- Detecting C compile features
[0.612s] -- Detecting C compile features - done
[0.612s] -- Detecting CXX compiler ABI info
[0.642s] -- Detecting CXX compiler ABI info - done
[0.658s] -- Check for working CXX compiler: /usr/bin/c++ - skipped
[0.658s] -- Detecting CXX compile features
[0.659s] -- Detecting CXX compile features - done
[0.665s] -- Found ament_cmake: 1.3.11 (/opt/ros/humble/share/ament_cmake/cmake)
[1.006s] -- Found Python3: /usr/bin/python3 (found version "3.10.12") found components: Interpreter 
[1.363s] -- Configuring done
[1.370s] -- Generating done
[1.375s] -- Build files have been written to: /home/orin/auto_install/orz_robot/build/robot_config
[1.386s] Invoked command in '/home/orin/auto_install/orz_robot/build/robot_config' returned '0': AMENT_PREFIX_PATH=/home/orin/auto_install/orz_robot/install/robot_description:${AMENT_PREFIX_PATH} CMAKE_PREFIX_PATH=/home/orin/auto_install/orz_robot/install/robot_description:/home/orin/auto_install/orz_robot/install/ros2_socketcan:/home/orin/auto_install/orz_robot/install/ros2_socketcan_msgs:/home/orin/auto_install/orz_robot/install/robot_interfaces:/opt/ros/humble /usr/bin/cmake /home/orin/auto_install/orz_robot/src/robot_config -DCMAKE_INSTALL_PREFIX=/home/orin/auto_install/orz_robot/install/robot_config
[1.392s] Invoking command in '/home/orin/auto_install/orz_robot/build/robot_config': AMENT_PREFIX_PATH=/home/orin/auto_install/orz_robot/install/robot_description:${AMENT_PREFIX_PATH} CMAKE_PREFIX_PATH=/home/orin/auto_install/orz_robot/install/robot_description:/home/orin/auto_install/orz_robot/install/ros2_socketcan:/home/orin/auto_install/orz_robot/install/ros2_socketcan_msgs:/home/orin/auto_install/orz_robot/install/robot_interfaces:/opt/ros/humble /usr/bin/cmake --build /home/orin/auto_install/orz_robot/build/robot_config -- -j8 -l8
[1.573s] Invoked command in '/home/orin/auto_install/orz_robot/build/robot_config' returned '0': AMENT_PREFIX_PATH=/home/orin/auto_install/orz_robot/install/robot_description:${AMENT_PREFIX_PATH} CMAKE_PREFIX_PATH=/home/orin/auto_install/orz_robot/install/robot_description:/home/orin/auto_install/orz_robot/install/ros2_socketcan:/home/orin/auto_install/orz_robot/install/ros2_socketcan_msgs:/home/orin/auto_install/orz_robot/install/robot_interfaces:/opt/ros/humble /usr/bin/cmake --build /home/orin/auto_install/orz_robot/build/robot_config -- -j8 -l8
[1.582s] Invoking command in '/home/orin/auto_install/orz_robot/build/robot_config': AMENT_PREFIX_PATH=/home/orin/auto_install/orz_robot/install/robot_description:${AMENT_PREFIX_PATH} CMAKE_PREFIX_PATH=/home/orin/auto_install/orz_robot/install/robot_description:/home/orin/auto_install/orz_robot/install/ros2_socketcan:/home/orin/auto_install/orz_robot/install/ros2_socketcan_msgs:/home/orin/auto_install/orz_robot/install/robot_interfaces:/opt/ros/humble /usr/bin/cmake --install /home/orin/auto_install/orz_robot/build/robot_config
[1.648s] -- Install configuration: ""
[1.649s] -- Installing: /home/orin/auto_install/orz_robot/install/robot_config/share/ament_index/resource_index/package_run_dependencies/robot_config
[1.649s] -- Installing: /home/orin/auto_install/orz_robot/install/robot_config/share/ament_index/resource_index/parent_prefix_path/robot_config
[1.649s] -- Installing: /home/orin/auto_install/orz_robot/install/robot_config/share/robot_config/environment/ament_prefix_path.sh
[1.649s] -- Installing: /home/orin/auto_install/orz_robot/install/robot_config/share/robot_config/environment/ament_prefix_path.dsv
[1.649s] -- Installing: /home/orin/auto_install/orz_robot/install/robot_config/share/robot_config/environment/path.sh
[1.650s] -- Installing: /home/orin/auto_install/orz_robot/install/robot_config/share/robot_config/environment/path.dsv
[1.650s] -- Installing: /home/orin/auto_install/orz_robot/install/robot_config/share/robot_config/local_setup.bash
[1.650s] -- Installing: /home/orin/auto_install/orz_robot/install/robot_config/share/robot_config/local_setup.sh
[1.650s] -- Installing: /home/orin/auto_install/orz_robot/install/robot_config/share/robot_config/local_setup.zsh
[1.650s] -- Installing: /home/orin/auto_install/orz_robot/install/robot_config/share/robot_config/local_setup.dsv
[1.650s] -- Installing: /home/orin/auto_install/orz_robot/install/robot_config/share/robot_config/package.dsv
[1.650s] -- Installing: /home/orin/auto_install/orz_robot/install/robot_config/share/ament_index/resource_index/packages/robot_config
[1.651s] -- Installing: /home/orin/auto_install/orz_robot/install/robot_config/share/robot_config/cmake/robot_configConfig.cmake
[1.651s] -- Installing: /home/orin/auto_install/orz_robot/install/robot_config/share/robot_config/cmake/robot_configConfig-version.cmake
[1.651s] -- Installing: /home/orin/auto_install/orz_robot/install/robot_config/share/robot_config/package.xml
[1.651s] -- Installing: /home/orin/auto_install/orz_robot/install/robot_config/share/robot_config/launch
[1.651s] -- Installing: /home/orin/auto_install/orz_robot/install/robot_config/share/robot_config/launch/warehouse_db.launch.py
[1.651s] -- Installing: /home/orin/auto_install/orz_robot/install/robot_config/share/robot_config/launch/demo.launch.py
[1.651s] -- Installing: /home/orin/auto_install/orz_robot/install/robot_config/share/robot_config/launch/rsp.launch.py
[1.652s] -- Installing: /home/orin/auto_install/orz_robot/install/robot_config/share/robot_config/launch/moveit_rviz.launch.py
[1.652s] -- Installing: /home/orin/auto_install/orz_robot/install/robot_config/share/robot_config/launch/static_virtual_joint_tfs.launch.py
[1.652s] -- Installing: /home/orin/auto_install/orz_robot/install/robot_config/share/robot_config/launch/gazebo_moveit_demo.launch.py
[1.652s] -- Installing: /home/orin/auto_install/orz_robot/install/robot_config/share/robot_config/launch/real_moveit_demo.launch.py
[1.652s] -- Installing: /home/orin/auto_install/orz_robot/install/robot_config/share/robot_config/launch/spawn_controllers.launch.py
[1.652s] -- Installing: /home/orin/auto_install/orz_robot/install/robot_config/share/robot_config/launch/setup_assistant.launch.py
[1.652s] -- Installing: /home/orin/auto_install/orz_robot/install/robot_config/share/robot_config/launch/move_group.launch.py
[1.653s] -- Installing: /home/orin/auto_install/orz_robot/install/robot_config/share/robot_config/config
[1.653s] -- Installing: /home/orin/auto_install/orz_robot/install/robot_config/share/robot_config/config/kinematics.yaml
[1.653s] -- Installing: /home/orin/auto_install/orz_robot/install/robot_config/share/robot_config/config/initial_positions.yaml
[1.653s] -- Installing: /home/orin/auto_install/orz_robot/install/robot_config/share/robot_config/config/pilz_cartesian_limits.yaml
[1.658s] -- Installing: /home/orin/auto_install/orz_robot/install/robot_config/share/robot_config/config/ros2_controllers.yaml
[1.658s] -- Installing: /home/orin/auto_install/orz_robot/install/robot_config/share/robot_config/config/moveit.rviz
[1.658s] -- Installing: /home/orin/auto_install/orz_robot/install/robot_config/share/robot_config/config/robot_description.srdf
[1.658s] -- Installing: /home/orin/auto_install/orz_robot/install/robot_config/share/robot_config/config/joint_limits.yaml
[1.658s] -- Installing: /home/orin/auto_install/orz_robot/install/robot_config/share/robot_config/config/robot_description.ros2_control.xacro
[1.659s] -- Installing: /home/orin/auto_install/orz_robot/install/robot_config/share/robot_config/config/robot_description.urdf.xacro
[1.659s] -- Installing: /home/orin/auto_install/orz_robot/install/robot_config/share/robot_config/config/moveit_controllers.yaml
[1.659s] -- Installing: /home/orin/auto_install/orz_robot/install/robot_config/share/robot_config/.setup_assistant
[1.663s] Invoked command in '/home/orin/auto_install/orz_robot/build/robot_config' returned '0': AMENT_PREFIX_PATH=/home/orin/auto_install/orz_robot/install/robot_description:${AMENT_PREFIX_PATH} CMAKE_PREFIX_PATH=/home/orin/auto_install/orz_robot/install/robot_description:/home/orin/auto_install/orz_robot/install/ros2_socketcan:/home/orin/auto_install/orz_robot/install/ros2_socketcan_msgs:/home/orin/auto_install/orz_robot/install/robot_interfaces:/opt/ros/humble /usr/bin/cmake --install /home/orin/auto_install/orz_robot/build/robot_config
