[0.213s] DEBUG:colcon:Command line arguments: ['/usr/bin/colcon', 'build', '--packages-select', 'ros2_socketcan']
[0.213s] DEBUG:colcon:Parsed command line arguments: Namespace(log_base=None, log_level=None, verb_name='build', build_base='build', install_base='install', merge_install=False, symlink_install=False, test_result_base=None, continue_on_error=False, executor='parallel', parallel_workers=8, event_handlers=None, ignore_user_meta=False, metas=['./colcon.meta'], base_paths=['.'], packages_ignore=None, packages_ignore_regex=None, paths=None, packages_up_to=None, packages_up_to_regex=None, packages_above=None, packages_above_and_dependencies=None, packages_above_depth=None, packages_select_by_dep=None, packages_skip_by_dep=None, packages_skip_up_to=None, packages_select_build_failed=False, packages_skip_build_finished=False, packages_select_test_failures=False, packages_skip_test_passed=False, packages_select=['ros2_socketcan'], packages_skip=None, packages_select_regex=None, packages_skip_regex=None, packages_start=None, packages_end=None, allow_overriding=[], cmake_args=None, cmake_target=None, cmake_target_skip_unavailable=False, cmake_clean_cache=False, cmake_clean_first=False, cmake_force_configure=False, ament_cmake_args=None, catkin_cmake_args=None, catkin_skip_building_tests=False, verb_parser=<colcon_defaults.argument_parser.defaults.DefaultArgumentsDecorator object at 0xffffaf467e20>, verb_extension=<colcon_core.verb.build.BuildVerb object at 0xffffaf650be0>, main=<bound method BuildVerb.main of <colcon_core.verb.build.BuildVerb object at 0xffffaf650be0>>)
[0.553s] Level 1:colcon.colcon_core.package_discovery:discover_packages(colcon_meta) check parameters
[0.553s] Level 1:colcon.colcon_core.package_discovery:discover_packages(recursive) check parameters
[0.553s] Level 1:colcon.colcon_core.package_discovery:discover_packages(ignore) check parameters
[0.553s] Level 1:colcon.colcon_core.package_discovery:discover_packages(path) check parameters
[0.553s] Level 1:colcon.colcon_core.package_discovery:discover_packages(colcon_meta) discover
[0.554s] Level 1:colcon.colcon_core.package_discovery:discover_packages(recursive) discover
[0.554s] INFO:colcon.colcon_core.package_discovery:Crawling recursively for packages in '/home/orin/auto_install/orz_robot'
[0.554s] Level 1:colcon.colcon_core.package_identification:_identify(.) by extensions ['ignore', 'ignore_ament_install']
[0.554s] Level 1:colcon.colcon_core.package_identification:_identify(.) by extension 'ignore'
[0.554s] Level 1:colcon.colcon_core.package_identification:_identify(.) by extension 'ignore_ament_install'
[0.555s] Level 1:colcon.colcon_core.package_identification:_identify(.) by extensions ['colcon_pkg']
[0.555s] Level 1:colcon.colcon_core.package_identification:_identify(.) by extension 'colcon_pkg'
[0.555s] Level 1:colcon.colcon_core.package_identification:_identify(.) by extensions ['colcon_meta']
[0.555s] Level 1:colcon.colcon_core.package_identification:_identify(.) by extension 'colcon_meta'
[0.555s] Level 1:colcon.colcon_core.package_identification:_identify(.) by extensions ['ros']
[0.555s] Level 1:colcon.colcon_core.package_identification:_identify(.) by extension 'ros'
[0.578s] Level 1:colcon.colcon_core.package_identification:_identify(.) by extensions ['cmake', 'python']
[0.579s] Level 1:colcon.colcon_core.package_identification:_identify(.) by extension 'cmake'
[0.579s] Level 1:colcon.colcon_core.package_identification:_identify(.) by extension 'python'
[0.579s] Level 1:colcon.colcon_core.package_identification:_identify(.) by extensions ['python_setup_py']
[0.579s] Level 1:colcon.colcon_core.package_identification:_identify(.) by extension 'python_setup_py'
[0.579s] Level 1:colcon.colcon_core.package_identification:_identify(build) by extensions ['ignore', 'ignore_ament_install']
[0.580s] Level 1:colcon.colcon_core.package_identification:_identify(build) by extension 'ignore'
[0.580s] Level 1:colcon.colcon_core.package_identification:_identify(build) ignored
[0.580s] Level 1:colcon.colcon_core.package_identification:_identify(install) by extensions ['ignore', 'ignore_ament_install']
[0.580s] Level 1:colcon.colcon_core.package_identification:_identify(install) by extension 'ignore'
[0.580s] Level 1:colcon.colcon_core.package_identification:_identify(install) ignored
[0.581s] Level 1:colcon.colcon_core.package_identification:_identify(install_script) by extensions ['ignore', 'ignore_ament_install']
[0.581s] Level 1:colcon.colcon_core.package_identification:_identify(install_script) by extension 'ignore'
[0.581s] Level 1:colcon.colcon_core.package_identification:_identify(install_script) by extension 'ignore_ament_install'
[0.581s] Level 1:colcon.colcon_core.package_identification:_identify(install_script) by extensions ['colcon_pkg']
[0.581s] Level 1:colcon.colcon_core.package_identification:_identify(install_script) by extension 'colcon_pkg'
[0.581s] Level 1:colcon.colcon_core.package_identification:_identify(install_script) by extensions ['colcon_meta']
[0.581s] Level 1:colcon.colcon_core.package_identification:_identify(install_script) by extension 'colcon_meta'
[0.581s] Level 1:colcon.colcon_core.package_identification:_identify(install_script) by extensions ['ros']
[0.581s] Level 1:colcon.colcon_core.package_identification:_identify(install_script) by extension 'ros'
[0.582s] Level 1:colcon.colcon_core.package_identification:_identify(install_script) by extensions ['cmake', 'python']
[0.582s] Level 1:colcon.colcon_core.package_identification:_identify(install_script) by extension 'cmake'
[0.582s] Level 1:colcon.colcon_core.package_identification:_identify(install_script) by extension 'python'
[0.582s] Level 1:colcon.colcon_core.package_identification:_identify(install_script) by extensions ['python_setup_py']
[0.582s] Level 1:colcon.colcon_core.package_identification:_identify(install_script) by extension 'python_setup_py'
[0.582s] Level 1:colcon.colcon_core.package_identification:_identify(log) by extensions ['ignore', 'ignore_ament_install']
[0.582s] Level 1:colcon.colcon_core.package_identification:_identify(log) by extension 'ignore'
[0.582s] Level 1:colcon.colcon_core.package_identification:_identify(log) ignored
[0.583s] Level 1:colcon.colcon_core.package_identification:_identify(readme) by extensions ['ignore', 'ignore_ament_install']
[0.583s] Level 1:colcon.colcon_core.package_identification:_identify(readme) by extension 'ignore'
[0.583s] Level 1:colcon.colcon_core.package_identification:_identify(readme) by extension 'ignore_ament_install'
[0.583s] Level 1:colcon.colcon_core.package_identification:_identify(readme) by extensions ['colcon_pkg']
[0.583s] Level 1:colcon.colcon_core.package_identification:_identify(readme) by extension 'colcon_pkg'
[0.583s] Level 1:colcon.colcon_core.package_identification:_identify(readme) by extensions ['colcon_meta']
[0.583s] Level 1:colcon.colcon_core.package_identification:_identify(readme) by extension 'colcon_meta'
[0.583s] Level 1:colcon.colcon_core.package_identification:_identify(readme) by extensions ['ros']
[0.583s] Level 1:colcon.colcon_core.package_identification:_identify(readme) by extension 'ros'
[0.583s] Level 1:colcon.colcon_core.package_identification:_identify(readme) by extensions ['cmake', 'python']
[0.584s] Level 1:colcon.colcon_core.package_identification:_identify(readme) by extension 'cmake'
[0.584s] Level 1:colcon.colcon_core.package_identification:_identify(readme) by extension 'python'
[0.584s] Level 1:colcon.colcon_core.package_identification:_identify(readme) by extensions ['python_setup_py']
[0.584s] Level 1:colcon.colcon_core.package_identification:_identify(readme) by extension 'python_setup_py'
[0.584s] Level 1:colcon.colcon_core.package_identification:_identify(readme/img) by extensions ['ignore', 'ignore_ament_install']
[0.584s] Level 1:colcon.colcon_core.package_identification:_identify(readme/img) by extension 'ignore'
[0.584s] Level 1:colcon.colcon_core.package_identification:_identify(readme/img) by extension 'ignore_ament_install'
[0.584s] Level 1:colcon.colcon_core.package_identification:_identify(readme/img) by extensions ['colcon_pkg']
[0.584s] Level 1:colcon.colcon_core.package_identification:_identify(readme/img) by extension 'colcon_pkg'
[0.585s] Level 1:colcon.colcon_core.package_identification:_identify(readme/img) by extensions ['colcon_meta']
[0.585s] Level 1:colcon.colcon_core.package_identification:_identify(readme/img) by extension 'colcon_meta'
[0.585s] Level 1:colcon.colcon_core.package_identification:_identify(readme/img) by extensions ['ros']
[0.585s] Level 1:colcon.colcon_core.package_identification:_identify(readme/img) by extension 'ros'
[0.585s] Level 1:colcon.colcon_core.package_identification:_identify(readme/img) by extensions ['cmake', 'python']
[0.585s] Level 1:colcon.colcon_core.package_identification:_identify(readme/img) by extension 'cmake'
[0.585s] Level 1:colcon.colcon_core.package_identification:_identify(readme/img) by extension 'python'
[0.585s] Level 1:colcon.colcon_core.package_identification:_identify(readme/img) by extensions ['python_setup_py']
[0.585s] Level 1:colcon.colcon_core.package_identification:_identify(readme/img) by extension 'python_setup_py'
[0.585s] Level 1:colcon.colcon_core.package_identification:_identify(src) by extensions ['ignore', 'ignore_ament_install']
[0.586s] Level 1:colcon.colcon_core.package_identification:_identify(src) by extension 'ignore'
[0.586s] Level 1:colcon.colcon_core.package_identification:_identify(src) by extension 'ignore_ament_install'
[0.586s] Level 1:colcon.colcon_core.package_identification:_identify(src) by extensions ['colcon_pkg']
[0.586s] Level 1:colcon.colcon_core.package_identification:_identify(src) by extension 'colcon_pkg'
[0.586s] Level 1:colcon.colcon_core.package_identification:_identify(src) by extensions ['colcon_meta']
[0.586s] Level 1:colcon.colcon_core.package_identification:_identify(src) by extension 'colcon_meta'
[0.586s] Level 1:colcon.colcon_core.package_identification:_identify(src) by extensions ['ros']
[0.586s] Level 1:colcon.colcon_core.package_identification:_identify(src) by extension 'ros'
[0.586s] Level 1:colcon.colcon_core.package_identification:_identify(src) by extensions ['cmake', 'python']
[0.586s] Level 1:colcon.colcon_core.package_identification:_identify(src) by extension 'cmake'
[0.586s] Level 1:colcon.colcon_core.package_identification:_identify(src) by extension 'python'
[0.587s] Level 1:colcon.colcon_core.package_identification:_identify(src) by extensions ['python_setup_py']
[0.587s] Level 1:colcon.colcon_core.package_identification:_identify(src) by extension 'python_setup_py'
[0.587s] Level 1:colcon.colcon_core.package_identification:_identify(src/robot_bringup) by extensions ['ignore', 'ignore_ament_install']
[0.587s] Level 1:colcon.colcon_core.package_identification:_identify(src/robot_bringup) by extension 'ignore'
[0.587s] Level 1:colcon.colcon_core.package_identification:_identify(src/robot_bringup) by extension 'ignore_ament_install'
[0.587s] Level 1:colcon.colcon_core.package_identification:_identify(src/robot_bringup) by extensions ['colcon_pkg']
[0.587s] Level 1:colcon.colcon_core.package_identification:_identify(src/robot_bringup) by extension 'colcon_pkg'
[0.587s] Level 1:colcon.colcon_core.package_identification:_identify(src/robot_bringup) by extensions ['colcon_meta']
[0.587s] Level 1:colcon.colcon_core.package_identification:_identify(src/robot_bringup) by extension 'colcon_meta'
[0.588s] Level 1:colcon.colcon_core.package_identification:_identify(src/robot_bringup) by extensions ['ros']
[0.588s] Level 1:colcon.colcon_core.package_identification:_identify(src/robot_bringup) by extension 'ros'
[0.592s] DEBUG:colcon.colcon_core.package_identification:Package 'src/robot_bringup' with type 'ros.ament_cmake' and name 'robot_bringup'
[0.593s] Level 1:colcon.colcon_core.package_identification:_identify(src/robot_config) by extensions ['ignore', 'ignore_ament_install']
[0.593s] Level 1:colcon.colcon_core.package_identification:_identify(src/robot_config) by extension 'ignore'
[0.593s] Level 1:colcon.colcon_core.package_identification:_identify(src/robot_config) by extension 'ignore_ament_install'
[0.593s] Level 1:colcon.colcon_core.package_identification:_identify(src/robot_config) by extensions ['colcon_pkg']
[0.593s] Level 1:colcon.colcon_core.package_identification:_identify(src/robot_config) by extension 'colcon_pkg'
[0.593s] Level 1:colcon.colcon_core.package_identification:_identify(src/robot_config) by extensions ['colcon_meta']
[0.593s] Level 1:colcon.colcon_core.package_identification:_identify(src/robot_config) by extension 'colcon_meta'
[0.593s] Level 1:colcon.colcon_core.package_identification:_identify(src/robot_config) by extensions ['ros']
[0.594s] Level 1:colcon.colcon_core.package_identification:_identify(src/robot_config) by extension 'ros'
[0.596s] DEBUG:colcon.colcon_core.package_identification:Package 'src/robot_config' with type 'ros.ament_cmake' and name 'robot_config'
[0.596s] Level 1:colcon.colcon_core.package_identification:_identify(src/robot_control) by extensions ['ignore', 'ignore_ament_install']
[0.596s] Level 1:colcon.colcon_core.package_identification:_identify(src/robot_control) by extension 'ignore'
[0.596s] Level 1:colcon.colcon_core.package_identification:_identify(src/robot_control) by extension 'ignore_ament_install'
[0.596s] Level 1:colcon.colcon_core.package_identification:_identify(src/robot_control) by extensions ['colcon_pkg']
[0.596s] Level 1:colcon.colcon_core.package_identification:_identify(src/robot_control) by extension 'colcon_pkg'
[0.596s] Level 1:colcon.colcon_core.package_identification:_identify(src/robot_control) by extensions ['colcon_meta']
[0.597s] Level 1:colcon.colcon_core.package_identification:_identify(src/robot_control) by extension 'colcon_meta'
[0.597s] Level 1:colcon.colcon_core.package_identification:_identify(src/robot_control) by extensions ['ros']
[0.597s] Level 1:colcon.colcon_core.package_identification:_identify(src/robot_control) by extension 'ros'
[0.598s] DEBUG:colcon.colcon_core.package_identification:Package 'src/robot_control' with type 'ros.ament_cmake' and name 'robot_control'
[0.598s] Level 1:colcon.colcon_core.package_identification:_identify(src/robot_description) by extensions ['ignore', 'ignore_ament_install']
[0.598s] Level 1:colcon.colcon_core.package_identification:_identify(src/robot_description) by extension 'ignore'
[0.598s] Level 1:colcon.colcon_core.package_identification:_identify(src/robot_description) by extension 'ignore_ament_install'
[0.599s] Level 1:colcon.colcon_core.package_identification:_identify(src/robot_description) by extensions ['colcon_pkg']
[0.599s] Level 1:colcon.colcon_core.package_identification:_identify(src/robot_description) by extension 'colcon_pkg'
[0.599s] Level 1:colcon.colcon_core.package_identification:_identify(src/robot_description) by extensions ['colcon_meta']
[0.599s] Level 1:colcon.colcon_core.package_identification:_identify(src/robot_description) by extension 'colcon_meta'
[0.599s] Level 1:colcon.colcon_core.package_identification:_identify(src/robot_description) by extensions ['ros']
[0.599s] Level 1:colcon.colcon_core.package_identification:_identify(src/robot_description) by extension 'ros'
[0.600s] DEBUG:colcon.colcon_core.package_identification:Package 'src/robot_description' with type 'ros.ament_cmake' and name 'robot_description'
[0.600s] Level 1:colcon.colcon_core.package_identification:_identify(src/robot_driver) by extensions ['ignore', 'ignore_ament_install']
[0.600s] Level 1:colcon.colcon_core.package_identification:_identify(src/robot_driver) by extension 'ignore'
[0.600s] Level 1:colcon.colcon_core.package_identification:_identify(src/robot_driver) by extension 'ignore_ament_install'
[0.601s] Level 1:colcon.colcon_core.package_identification:_identify(src/robot_driver) by extensions ['colcon_pkg']
[0.601s] Level 1:colcon.colcon_core.package_identification:_identify(src/robot_driver) by extension 'colcon_pkg'
[0.601s] Level 1:colcon.colcon_core.package_identification:_identify(src/robot_driver) by extensions ['colcon_meta']
[0.601s] Level 1:colcon.colcon_core.package_identification:_identify(src/robot_driver) by extension 'colcon_meta'
[0.601s] Level 1:colcon.colcon_core.package_identification:_identify(src/robot_driver) by extensions ['ros']
[0.601s] Level 1:colcon.colcon_core.package_identification:_identify(src/robot_driver) by extension 'ros'
[0.602s] DEBUG:colcon.colcon_core.package_identification:Package 'src/robot_driver' with type 'ros.ament_cmake' and name 'robot_driver'
[0.602s] Level 1:colcon.colcon_core.package_identification:_identify(src/robot_gazebo) by extensions ['ignore', 'ignore_ament_install']
[0.602s] Level 1:colcon.colcon_core.package_identification:_identify(src/robot_gazebo) by extension 'ignore'
[0.603s] Level 1:colcon.colcon_core.package_identification:_identify(src/robot_gazebo) by extension 'ignore_ament_install'
[0.603s] Level 1:colcon.colcon_core.package_identification:_identify(src/robot_gazebo) by extensions ['colcon_pkg']
[0.603s] Level 1:colcon.colcon_core.package_identification:_identify(src/robot_gazebo) by extension 'colcon_pkg'
[0.603s] Level 1:colcon.colcon_core.package_identification:_identify(src/robot_gazebo) by extensions ['colcon_meta']
[0.603s] Level 1:colcon.colcon_core.package_identification:_identify(src/robot_gazebo) by extension 'colcon_meta'
[0.603s] Level 1:colcon.colcon_core.package_identification:_identify(src/robot_gazebo) by extensions ['ros']
[0.603s] Level 1:colcon.colcon_core.package_identification:_identify(src/robot_gazebo) by extension 'ros'
[0.604s] DEBUG:colcon.colcon_core.package_identification:Package 'src/robot_gazebo' with type 'ros.ament_cmake' and name 'robot_gazebo'
[0.604s] Level 1:colcon.colcon_core.package_identification:_identify(src/robot_interfaces) by extensions ['ignore', 'ignore_ament_install']
[0.604s] Level 1:colcon.colcon_core.package_identification:_identify(src/robot_interfaces) by extension 'ignore'
[0.605s] Level 1:colcon.colcon_core.package_identification:_identify(src/robot_interfaces) by extension 'ignore_ament_install'
[0.605s] Level 1:colcon.colcon_core.package_identification:_identify(src/robot_interfaces) by extensions ['colcon_pkg']
[0.605s] Level 1:colcon.colcon_core.package_identification:_identify(src/robot_interfaces) by extension 'colcon_pkg'
[0.605s] Level 1:colcon.colcon_core.package_identification:_identify(src/robot_interfaces) by extensions ['colcon_meta']
[0.605s] Level 1:colcon.colcon_core.package_identification:_identify(src/robot_interfaces) by extension 'colcon_meta'
[0.605s] Level 1:colcon.colcon_core.package_identification:_identify(src/robot_interfaces) by extensions ['ros']
[0.605s] Level 1:colcon.colcon_core.package_identification:_identify(src/robot_interfaces) by extension 'ros'
[0.607s] DEBUG:colcon.colcon_core.package_identification:Package 'src/robot_interfaces' with type 'ros.ament_cmake' and name 'robot_interfaces'
[0.607s] Level 1:colcon.colcon_core.package_identification:_identify(src/robot_keyboard_to_twist_py) by extensions ['ignore', 'ignore_ament_install']
[0.607s] Level 1:colcon.colcon_core.package_identification:_identify(src/robot_keyboard_to_twist_py) by extension 'ignore'
[0.607s] Level 1:colcon.colcon_core.package_identification:_identify(src/robot_keyboard_to_twist_py) by extension 'ignore_ament_install'
[0.607s] Level 1:colcon.colcon_core.package_identification:_identify(src/robot_keyboard_to_twist_py) by extensions ['colcon_pkg']
[0.608s] Level 1:colcon.colcon_core.package_identification:_identify(src/robot_keyboard_to_twist_py) by extension 'colcon_pkg'
[0.608s] Level 1:colcon.colcon_core.package_identification:_identify(src/robot_keyboard_to_twist_py) by extensions ['colcon_meta']
[0.608s] Level 1:colcon.colcon_core.package_identification:_identify(src/robot_keyboard_to_twist_py) by extension 'colcon_meta'
[0.608s] Level 1:colcon.colcon_core.package_identification:_identify(src/robot_keyboard_to_twist_py) by extensions ['ros']
[0.608s] Level 1:colcon.colcon_core.package_identification:_identify(src/robot_keyboard_to_twist_py) by extension 'ros'
[0.609s] DEBUG:colcon.colcon_core.package_identification:Package 'src/robot_keyboard_to_twist_py' with type 'ros.ament_python' and name 'robot_keyboard_to_twist_py'
[0.609s] Level 1:colcon.colcon_core.package_identification:_identify(src/robot_kinematics) by extensions ['ignore', 'ignore_ament_install']
[0.610s] Level 1:colcon.colcon_core.package_identification:_identify(src/robot_kinematics) by extension 'ignore'
[0.610s] Level 1:colcon.colcon_core.package_identification:_identify(src/robot_kinematics) by extension 'ignore_ament_install'
[0.610s] Level 1:colcon.colcon_core.package_identification:_identify(src/robot_kinematics) by extensions ['colcon_pkg']
[0.610s] Level 1:colcon.colcon_core.package_identification:_identify(src/robot_kinematics) by extension 'colcon_pkg'
[0.610s] Level 1:colcon.colcon_core.package_identification:_identify(src/robot_kinematics) by extensions ['colcon_meta']
[0.610s] Level 1:colcon.colcon_core.package_identification:_identify(src/robot_kinematics) by extension 'colcon_meta'
[0.610s] Level 1:colcon.colcon_core.package_identification:_identify(src/robot_kinematics) by extensions ['ros']
[0.610s] Level 1:colcon.colcon_core.package_identification:_identify(src/robot_kinematics) by extension 'ros'
[0.612s] DEBUG:colcon.colcon_core.package_identification:Package 'src/robot_kinematics' with type 'ros.ament_cmake' and name 'robot_kinematics'
[0.612s] Level 1:colcon.colcon_core.package_identification:_identify(src/robot_qtrecv) by extensions ['ignore', 'ignore_ament_install']
[0.612s] Level 1:colcon.colcon_core.package_identification:_identify(src/robot_qtrecv) by extension 'ignore'
[0.612s] Level 1:colcon.colcon_core.package_identification:_identify(src/robot_qtrecv) by extension 'ignore_ament_install'
[0.612s] Level 1:colcon.colcon_core.package_identification:_identify(src/robot_qtrecv) by extensions ['colcon_pkg']
[0.612s] Level 1:colcon.colcon_core.package_identification:_identify(src/robot_qtrecv) by extension 'colcon_pkg'
[0.612s] Level 1:colcon.colcon_core.package_identification:_identify(src/robot_qtrecv) by extensions ['colcon_meta']
[0.612s] Level 1:colcon.colcon_core.package_identification:_identify(src/robot_qtrecv) by extension 'colcon_meta'
[0.613s] Level 1:colcon.colcon_core.package_identification:_identify(src/robot_qtrecv) by extensions ['ros']
[0.613s] Level 1:colcon.colcon_core.package_identification:_identify(src/robot_qtrecv) by extension 'ros'
[0.614s] DEBUG:colcon.colcon_core.package_identification:Package 'src/robot_qtrecv' with type 'ros.ament_cmake' and name 'robot_qtrecv'
[0.614s] Level 1:colcon.colcon_core.package_identification:_identify(src/robot_test) by extensions ['ignore', 'ignore_ament_install']
[0.614s] Level 1:colcon.colcon_core.package_identification:_identify(src/robot_test) by extension 'ignore'
[0.614s] Level 1:colcon.colcon_core.package_identification:_identify(src/robot_test) by extension 'ignore_ament_install'
[0.614s] Level 1:colcon.colcon_core.package_identification:_identify(src/robot_test) by extensions ['colcon_pkg']
[0.615s] Level 1:colcon.colcon_core.package_identification:_identify(src/robot_test) by extension 'colcon_pkg'
[0.615s] Level 1:colcon.colcon_core.package_identification:_identify(src/robot_test) by extensions ['colcon_meta']
[0.615s] Level 1:colcon.colcon_core.package_identification:_identify(src/robot_test) by extension 'colcon_meta'
[0.615s] Level 1:colcon.colcon_core.package_identification:_identify(src/robot_test) by extensions ['ros']
[0.615s] Level 1:colcon.colcon_core.package_identification:_identify(src/robot_test) by extension 'ros'
[0.616s] DEBUG:colcon.colcon_core.package_identification:Package 'src/robot_test' with type 'ros.ament_cmake' and name 'robot_test'
[0.616s] Level 1:colcon.colcon_core.package_identification:_identify(src/robot_test_py) by extensions ['ignore', 'ignore_ament_install']
[0.616s] Level 1:colcon.colcon_core.package_identification:_identify(src/robot_test_py) by extension 'ignore'
[0.616s] Level 1:colcon.colcon_core.package_identification:_identify(src/robot_test_py) by extension 'ignore_ament_install'
[0.616s] Level 1:colcon.colcon_core.package_identification:_identify(src/robot_test_py) by extensions ['colcon_pkg']
[0.616s] Level 1:colcon.colcon_core.package_identification:_identify(src/robot_test_py) by extension 'colcon_pkg'
[0.616s] Level 1:colcon.colcon_core.package_identification:_identify(src/robot_test_py) by extensions ['colcon_meta']
[0.617s] Level 1:colcon.colcon_core.package_identification:_identify(src/robot_test_py) by extension 'colcon_meta'
[0.617s] Level 1:colcon.colcon_core.package_identification:_identify(src/robot_test_py) by extensions ['ros']
[0.617s] Level 1:colcon.colcon_core.package_identification:_identify(src/robot_test_py) by extension 'ros'
[0.618s] DEBUG:colcon.colcon_core.package_identification:Package 'src/robot_test_py' with type 'ros.ament_python' and name 'robot_test_py'
[0.618s] Level 1:colcon.colcon_core.package_identification:_identify(src/ros2_socketcan) by extensions ['ignore', 'ignore_ament_install']
[0.618s] Level 1:colcon.colcon_core.package_identification:_identify(src/ros2_socketcan) by extension 'ignore'
[0.619s] Level 1:colcon.colcon_core.package_identification:_identify(src/ros2_socketcan) by extension 'ignore_ament_install'
[0.619s] Level 1:colcon.colcon_core.package_identification:_identify(src/ros2_socketcan) by extensions ['colcon_pkg']
[0.619s] Level 1:colcon.colcon_core.package_identification:_identify(src/ros2_socketcan) by extension 'colcon_pkg'
[0.619s] Level 1:colcon.colcon_core.package_identification:_identify(src/ros2_socketcan) by extensions ['colcon_meta']
[0.619s] Level 1:colcon.colcon_core.package_identification:_identify(src/ros2_socketcan) by extension 'colcon_meta'
[0.619s] Level 1:colcon.colcon_core.package_identification:_identify(src/ros2_socketcan) by extensions ['ros']
[0.619s] Level 1:colcon.colcon_core.package_identification:_identify(src/ros2_socketcan) by extension 'ros'
[0.619s] Level 1:colcon.colcon_core.package_identification:_identify(src/ros2_socketcan) by extensions ['cmake', 'python']
[0.619s] Level 1:colcon.colcon_core.package_identification:_identify(src/ros2_socketcan) by extension 'cmake'
[0.619s] Level 1:colcon.colcon_core.package_identification:_identify(src/ros2_socketcan) by extension 'python'
[0.619s] Level 1:colcon.colcon_core.package_identification:_identify(src/ros2_socketcan) by extensions ['python_setup_py']
[0.620s] Level 1:colcon.colcon_core.package_identification:_identify(src/ros2_socketcan) by extension 'python_setup_py'
[0.620s] Level 1:colcon.colcon_core.package_identification:_identify(src/ros2_socketcan/ros2_socketcan) by extensions ['ignore', 'ignore_ament_install']
[0.620s] Level 1:colcon.colcon_core.package_identification:_identify(src/ros2_socketcan/ros2_socketcan) by extension 'ignore'
[0.620s] Level 1:colcon.colcon_core.package_identification:_identify(src/ros2_socketcan/ros2_socketcan) by extension 'ignore_ament_install'
[0.620s] Level 1:colcon.colcon_core.package_identification:_identify(src/ros2_socketcan/ros2_socketcan) by extensions ['colcon_pkg']
[0.620s] Level 1:colcon.colcon_core.package_identification:_identify(src/ros2_socketcan/ros2_socketcan) by extension 'colcon_pkg'
[0.620s] Level 1:colcon.colcon_core.package_identification:_identify(src/ros2_socketcan/ros2_socketcan) by extensions ['colcon_meta']
[0.620s] Level 1:colcon.colcon_core.package_identification:_identify(src/ros2_socketcan/ros2_socketcan) by extension 'colcon_meta'
[0.620s] Level 1:colcon.colcon_core.package_identification:_identify(src/ros2_socketcan/ros2_socketcan) by extensions ['ros']
[0.620s] Level 1:colcon.colcon_core.package_identification:_identify(src/ros2_socketcan/ros2_socketcan) by extension 'ros'
[0.622s] DEBUG:colcon.colcon_core.package_identification:Package 'src/ros2_socketcan/ros2_socketcan' with type 'ros.ament_cmake' and name 'ros2_socketcan'
[0.623s] Level 1:colcon.colcon_core.package_identification:_identify(src/ros2_socketcan/ros2_socketcan_msgs) by extensions ['ignore', 'ignore_ament_install']
[0.623s] Level 1:colcon.colcon_core.package_identification:_identify(src/ros2_socketcan/ros2_socketcan_msgs) by extension 'ignore'
[0.623s] Level 1:colcon.colcon_core.package_identification:_identify(src/ros2_socketcan/ros2_socketcan_msgs) by extension 'ignore_ament_install'
[0.623s] Level 1:colcon.colcon_core.package_identification:_identify(src/ros2_socketcan/ros2_socketcan_msgs) by extensions ['colcon_pkg']
[0.623s] Level 1:colcon.colcon_core.package_identification:_identify(src/ros2_socketcan/ros2_socketcan_msgs) by extension 'colcon_pkg'
[0.623s] Level 1:colcon.colcon_core.package_identification:_identify(src/ros2_socketcan/ros2_socketcan_msgs) by extensions ['colcon_meta']
[0.623s] Level 1:colcon.colcon_core.package_identification:_identify(src/ros2_socketcan/ros2_socketcan_msgs) by extension 'colcon_meta'
[0.623s] Level 1:colcon.colcon_core.package_identification:_identify(src/ros2_socketcan/ros2_socketcan_msgs) by extensions ['ros']
[0.623s] Level 1:colcon.colcon_core.package_identification:_identify(src/ros2_socketcan/ros2_socketcan_msgs) by extension 'ros'
[0.625s] DEBUG:colcon.colcon_core.package_identification:Package 'src/ros2_socketcan/ros2_socketcan_msgs' with type 'ros.ament_cmake' and name 'ros2_socketcan_msgs'
[0.625s] Level 1:colcon.colcon_core.package_discovery:discover_packages(recursive) using defaults
[0.625s] Level 1:colcon.colcon_core.package_discovery:discover_packages(ignore) discover
[0.625s] Level 1:colcon.colcon_core.package_discovery:discover_packages(ignore) using defaults
[0.625s] Level 1:colcon.colcon_core.package_discovery:discover_packages(path) discover
[0.625s] Level 1:colcon.colcon_core.package_discovery:discover_packages(path) using defaults
[0.698s] INFO:colcon.colcon_core.package_selection:Skipping not selected package 'robot_bringup' in 'src/robot_bringup'
[0.698s] INFO:colcon.colcon_core.package_selection:Skipping not selected package 'robot_control' in 'src/robot_control'
[0.698s] INFO:colcon.colcon_core.package_selection:Skipping not selected package 'robot_description' in 'src/robot_description'
[0.698s] INFO:colcon.colcon_core.package_selection:Skipping not selected package 'robot_driver' in 'src/robot_driver'
[0.698s] INFO:colcon.colcon_core.package_selection:Skipping not selected package 'robot_gazebo' in 'src/robot_gazebo'
[0.698s] INFO:colcon.colcon_core.package_selection:Skipping not selected package 'robot_interfaces' in 'src/robot_interfaces'
[0.698s] INFO:colcon.colcon_core.package_selection:Skipping not selected package 'robot_keyboard_to_twist_py' in 'src/robot_keyboard_to_twist_py'
[0.698s] INFO:colcon.colcon_core.package_selection:Skipping not selected package 'robot_qtrecv' in 'src/robot_qtrecv'
[0.698s] INFO:colcon.colcon_core.package_selection:Skipping not selected package 'robot_test' in 'src/robot_test'
[0.698s] INFO:colcon.colcon_core.package_selection:Skipping not selected package 'ros2_socketcan_msgs' in 'src/ros2_socketcan/ros2_socketcan_msgs'
[0.698s] INFO:colcon.colcon_core.package_selection:Skipping not selected package 'robot_config' in 'src/robot_config'
[0.699s] INFO:colcon.colcon_core.package_selection:Skipping not selected package 'robot_kinematics' in 'src/robot_kinematics'
[0.699s] INFO:colcon.colcon_core.package_selection:Skipping not selected package 'robot_test_py' in 'src/robot_test_py'
[0.699s] Level 1:colcon.colcon_core.package_discovery:discover_packages(prefix_path) check parameters
[0.700s] Level 1:colcon.colcon_core.package_discovery:discover_packages(prefix_path) discover
[0.705s] DEBUG:colcon.colcon_installed_package_information.package_discovery:Found 343 installed packages in /opt/ros/humble
[0.708s] Level 1:colcon.colcon_core.package_discovery:discover_packages(prefix_path) using defaults
[0.797s] Level 5:colcon.colcon_core.verb:set package 'ros2_socketcan' build argument 'cmake_args' from command line to 'None'
[0.797s] Level 5:colcon.colcon_core.verb:set package 'ros2_socketcan' build argument 'cmake_target' from command line to 'None'
[0.797s] Level 5:colcon.colcon_core.verb:set package 'ros2_socketcan' build argument 'cmake_target_skip_unavailable' from command line to 'False'
[0.797s] Level 5:colcon.colcon_core.verb:set package 'ros2_socketcan' build argument 'cmake_clean_cache' from command line to 'False'
[0.797s] Level 5:colcon.colcon_core.verb:set package 'ros2_socketcan' build argument 'cmake_clean_first' from command line to 'False'
[0.797s] Level 5:colcon.colcon_core.verb:set package 'ros2_socketcan' build argument 'cmake_force_configure' from command line to 'False'
[0.797s] Level 5:colcon.colcon_core.verb:set package 'ros2_socketcan' build argument 'ament_cmake_args' from command line to 'None'
[0.797s] Level 5:colcon.colcon_core.verb:set package 'ros2_socketcan' build argument 'catkin_cmake_args' from command line to 'None'
[0.797s] Level 5:colcon.colcon_core.verb:set package 'ros2_socketcan' build argument 'catkin_skip_building_tests' from command line to 'False'
[0.798s] DEBUG:colcon.colcon_core.verb:Building package 'ros2_socketcan' with the following arguments: {'ament_cmake_args': None, 'build_base': '/home/orin/auto_install/orz_robot/build/ros2_socketcan', 'catkin_cmake_args': None, 'catkin_skip_building_tests': False, 'cmake_args': None, 'cmake_clean_cache': False, 'cmake_clean_first': False, 'cmake_force_configure': False, 'cmake_target': None, 'cmake_target_skip_unavailable': False, 'install_base': '/home/orin/auto_install/orz_robot/install/ros2_socketcan', 'merge_install': False, 'path': '/home/orin/auto_install/orz_robot/src/ros2_socketcan/ros2_socketcan', 'symlink_install': False, 'test_result_base': None}
[0.798s] INFO:colcon.colcon_core.executor:Executing jobs using 'parallel' executor
[0.800s] DEBUG:colcon.colcon_parallel_executor.executor.parallel:run_until_complete
[0.801s] INFO:colcon.colcon_ros.task.ament_cmake.build:Building ROS package in '/home/orin/auto_install/orz_robot/src/ros2_socketcan/ros2_socketcan' with build type 'ament_cmake'
[0.801s] INFO:colcon.colcon_cmake.task.cmake.build:Building CMake package in '/home/orin/auto_install/orz_robot/src/ros2_socketcan/ros2_socketcan'
[0.806s] INFO:colcon.colcon_core.plugin_system:Skipping extension 'colcon_core.shell.bat': Not used on non-Windows systems
[0.806s] INFO:colcon.colcon_core.shell:Skip shell extension 'powershell' for command environment: Not usable outside of PowerShell
[0.806s] DEBUG:colcon.colcon_core.shell:Skip shell extension 'dsv' for command environment
[0.826s] DEBUG:colcon.colcon_core.event_handler.log_command:Invoking command in '/home/orin/auto_install/orz_robot/build/ros2_socketcan': AMENT_PREFIX_PATH=/home/orin/auto_install/orz_robot/install/ros2_socketcan_msgs:${AMENT_PREFIX_PATH} CMAKE_PREFIX_PATH=/home/orin/auto_install/orz_robot/install/ros2_socketcan_msgs:/opt/ros/humble LD_LIBRARY_PATH=/home/orin/auto_install/orz_robot/install/ros2_socketcan_msgs/lib:${LD_LIBRARY_PATH} PYTHONPATH=/home/orin/auto_install/orz_robot/install/ros2_socketcan_msgs/local/lib/python3.10/dist-packages:${PYTHONPATH} /usr/bin/cmake /home/orin/auto_install/orz_robot/src/ros2_socketcan/ros2_socketcan -DCMAKE_INSTALL_PREFIX=/home/orin/auto_install/orz_robot/install/ros2_socketcan
[3.504s] DEBUG:colcon.colcon_core.event_handler.log_command:Invoked command in '/home/orin/auto_install/orz_robot/build/ros2_socketcan' returned '0': AMENT_PREFIX_PATH=/home/orin/auto_install/orz_robot/install/ros2_socketcan_msgs:${AMENT_PREFIX_PATH} CMAKE_PREFIX_PATH=/home/orin/auto_install/orz_robot/install/ros2_socketcan_msgs:/opt/ros/humble LD_LIBRARY_PATH=/home/orin/auto_install/orz_robot/install/ros2_socketcan_msgs/lib:${LD_LIBRARY_PATH} PYTHONPATH=/home/orin/auto_install/orz_robot/install/ros2_socketcan_msgs/local/lib/python3.10/dist-packages:${PYTHONPATH} /usr/bin/cmake /home/orin/auto_install/orz_robot/src/ros2_socketcan/ros2_socketcan -DCMAKE_INSTALL_PREFIX=/home/orin/auto_install/orz_robot/install/ros2_socketcan
[3.510s] DEBUG:colcon.colcon_core.event_handler.log_command:Invoking command in '/home/orin/auto_install/orz_robot/build/ros2_socketcan': AMENT_PREFIX_PATH=/home/orin/auto_install/orz_robot/install/ros2_socketcan_msgs:${AMENT_PREFIX_PATH} CMAKE_PREFIX_PATH=/home/orin/auto_install/orz_robot/install/ros2_socketcan_msgs:/opt/ros/humble LD_LIBRARY_PATH=/home/orin/auto_install/orz_robot/install/ros2_socketcan_msgs/lib:${LD_LIBRARY_PATH} PYTHONPATH=/home/orin/auto_install/orz_robot/install/ros2_socketcan_msgs/local/lib/python3.10/dist-packages:${PYTHONPATH} /usr/bin/cmake --build /home/orin/auto_install/orz_robot/build/ros2_socketcan -- -j8 -l8
[44.046s] DEBUG:colcon.colcon_core.event_handler.log_command:Invoked command in '/home/orin/auto_install/orz_robot/build/ros2_socketcan' returned '0': AMENT_PREFIX_PATH=/home/orin/auto_install/orz_robot/install/ros2_socketcan_msgs:${AMENT_PREFIX_PATH} CMAKE_PREFIX_PATH=/home/orin/auto_install/orz_robot/install/ros2_socketcan_msgs:/opt/ros/humble LD_LIBRARY_PATH=/home/orin/auto_install/orz_robot/install/ros2_socketcan_msgs/lib:${LD_LIBRARY_PATH} PYTHONPATH=/home/orin/auto_install/orz_robot/install/ros2_socketcan_msgs/local/lib/python3.10/dist-packages:${PYTHONPATH} /usr/bin/cmake --build /home/orin/auto_install/orz_robot/build/ros2_socketcan -- -j8 -l8
[44.071s] DEBUG:colcon.colcon_core.event_handler.log_command:Invoking command in '/home/orin/auto_install/orz_robot/build/ros2_socketcan': AMENT_PREFIX_PATH=/home/orin/auto_install/orz_robot/install/ros2_socketcan_msgs:${AMENT_PREFIX_PATH} CMAKE_PREFIX_PATH=/home/orin/auto_install/orz_robot/install/ros2_socketcan_msgs:/opt/ros/humble LD_LIBRARY_PATH=/home/orin/auto_install/orz_robot/install/ros2_socketcan_msgs/lib:${LD_LIBRARY_PATH} PYTHONPATH=/home/orin/auto_install/orz_robot/install/ros2_socketcan_msgs/local/lib/python3.10/dist-packages:${PYTHONPATH} /usr/bin/cmake --install /home/orin/auto_install/orz_robot/build/ros2_socketcan
[44.125s] Level 1:colcon.colcon_core.environment:create_environment_scripts_only(ros2_socketcan)
[44.127s] DEBUG:colcon.colcon_core.event_handler.log_command:Invoked command in '/home/orin/auto_install/orz_robot/build/ros2_socketcan' returned '0': AMENT_PREFIX_PATH=/home/orin/auto_install/orz_robot/install/ros2_socketcan_msgs:${AMENT_PREFIX_PATH} CMAKE_PREFIX_PATH=/home/orin/auto_install/orz_robot/install/ros2_socketcan_msgs:/opt/ros/humble LD_LIBRARY_PATH=/home/orin/auto_install/orz_robot/install/ros2_socketcan_msgs/lib:${LD_LIBRARY_PATH} PYTHONPATH=/home/orin/auto_install/orz_robot/install/ros2_socketcan_msgs/local/lib/python3.10/dist-packages:${PYTHONPATH} /usr/bin/cmake --install /home/orin/auto_install/orz_robot/build/ros2_socketcan
[44.133s] Level 1:colcon.colcon_core.environment:checking '/home/orin/auto_install/orz_robot/install/ros2_socketcan' for CMake module files
[44.134s] Level 1:colcon.colcon_core.environment:checking '/home/orin/auto_install/orz_robot/install/ros2_socketcan' for CMake config files
[44.135s] Level 1:colcon.colcon_core.shell:create_environment_hook('ros2_socketcan', 'cmake_prefix_path')
[44.136s] INFO:colcon.colcon_core.shell:Creating environment hook '/home/orin/auto_install/orz_robot/install/ros2_socketcan/share/ros2_socketcan/hook/cmake_prefix_path.ps1'
[44.138s] INFO:colcon.colcon_core.shell:Creating environment descriptor '/home/orin/auto_install/orz_robot/install/ros2_socketcan/share/ros2_socketcan/hook/cmake_prefix_path.dsv'
[44.140s] INFO:colcon.colcon_core.shell:Creating environment hook '/home/orin/auto_install/orz_robot/install/ros2_socketcan/share/ros2_socketcan/hook/cmake_prefix_path.sh'
[44.143s] Level 1:colcon.colcon_core.environment:checking '/home/orin/auto_install/orz_robot/install/ros2_socketcan/lib'
[44.144s] Level 1:colcon.colcon_core.shell:create_environment_hook('ros2_socketcan', 'ld_library_path_lib')
[44.144s] INFO:colcon.colcon_core.shell:Creating environment hook '/home/orin/auto_install/orz_robot/install/ros2_socketcan/share/ros2_socketcan/hook/ld_library_path_lib.ps1'
[44.146s] INFO:colcon.colcon_core.shell:Creating environment descriptor '/home/orin/auto_install/orz_robot/install/ros2_socketcan/share/ros2_socketcan/hook/ld_library_path_lib.dsv'
[44.147s] INFO:colcon.colcon_core.shell:Creating environment hook '/home/orin/auto_install/orz_robot/install/ros2_socketcan/share/ros2_socketcan/hook/ld_library_path_lib.sh'
[44.148s] Level 1:colcon.colcon_core.environment:checking '/home/orin/auto_install/orz_robot/install/ros2_socketcan/bin'
[44.148s] Level 1:colcon.colcon_core.environment:checking '/home/orin/auto_install/orz_robot/install/ros2_socketcan/lib/pkgconfig/ros2_socketcan.pc'
[44.149s] Level 1:colcon.colcon_core.environment:checking '/home/orin/auto_install/orz_robot/install/ros2_socketcan/lib/python3.10/site-packages'
[44.150s] Level 1:colcon.colcon_core.environment:checking '/home/orin/auto_install/orz_robot/install/ros2_socketcan/bin'
[44.151s] INFO:colcon.colcon_core.shell:Creating package script '/home/orin/auto_install/orz_robot/install/ros2_socketcan/share/ros2_socketcan/package.ps1'
[44.154s] INFO:colcon.colcon_core.shell:Creating package descriptor '/home/orin/auto_install/orz_robot/install/ros2_socketcan/share/ros2_socketcan/package.dsv'
[44.156s] INFO:colcon.colcon_core.shell:Creating package script '/home/orin/auto_install/orz_robot/install/ros2_socketcan/share/ros2_socketcan/package.sh'
[44.159s] INFO:colcon.colcon_core.shell:Creating package script '/home/orin/auto_install/orz_robot/install/ros2_socketcan/share/ros2_socketcan/package.bash'
[44.161s] INFO:colcon.colcon_core.shell:Creating package script '/home/orin/auto_install/orz_robot/install/ros2_socketcan/share/ros2_socketcan/package.zsh'
[44.164s] Level 1:colcon.colcon_core.environment:create_file_with_runtime_dependencies(/home/orin/auto_install/orz_robot/install/ros2_socketcan/share/colcon-core/packages/ros2_socketcan)
[44.166s] Level 1:colcon.colcon_core.environment:create_environment_scripts_only(ros2_socketcan)
[44.167s] Level 1:colcon.colcon_core.environment:checking '/home/orin/auto_install/orz_robot/install/ros2_socketcan' for CMake module files
[44.169s] Level 1:colcon.colcon_core.environment:checking '/home/orin/auto_install/orz_robot/install/ros2_socketcan' for CMake config files
[44.170s] Level 1:colcon.colcon_core.shell:create_environment_hook('ros2_socketcan', 'cmake_prefix_path')
[44.171s] INFO:colcon.colcon_core.shell:Creating environment hook '/home/orin/auto_install/orz_robot/install/ros2_socketcan/share/ros2_socketcan/hook/cmake_prefix_path.ps1'
[44.172s] INFO:colcon.colcon_core.shell:Creating environment descriptor '/home/orin/auto_install/orz_robot/install/ros2_socketcan/share/ros2_socketcan/hook/cmake_prefix_path.dsv'
[44.173s] INFO:colcon.colcon_core.shell:Creating environment hook '/home/orin/auto_install/orz_robot/install/ros2_socketcan/share/ros2_socketcan/hook/cmake_prefix_path.sh'
[44.175s] Level 1:colcon.colcon_core.environment:checking '/home/orin/auto_install/orz_robot/install/ros2_socketcan/lib'
[44.175s] Level 1:colcon.colcon_core.shell:create_environment_hook('ros2_socketcan', 'ld_library_path_lib')
[44.176s] INFO:colcon.colcon_core.shell:Creating environment hook '/home/orin/auto_install/orz_robot/install/ros2_socketcan/share/ros2_socketcan/hook/ld_library_path_lib.ps1'
[44.177s] INFO:colcon.colcon_core.shell:Creating environment descriptor '/home/orin/auto_install/orz_robot/install/ros2_socketcan/share/ros2_socketcan/hook/ld_library_path_lib.dsv'
[44.179s] INFO:colcon.colcon_core.shell:Creating environment hook '/home/orin/auto_install/orz_robot/install/ros2_socketcan/share/ros2_socketcan/hook/ld_library_path_lib.sh'
[44.180s] Level 1:colcon.colcon_core.environment:checking '/home/orin/auto_install/orz_robot/install/ros2_socketcan/bin'
[44.180s] Level 1:colcon.colcon_core.environment:checking '/home/orin/auto_install/orz_robot/install/ros2_socketcan/lib/pkgconfig/ros2_socketcan.pc'
[44.181s] Level 1:colcon.colcon_core.environment:checking '/home/orin/auto_install/orz_robot/install/ros2_socketcan/lib/python3.10/site-packages'
[44.181s] Level 1:colcon.colcon_core.environment:checking '/home/orin/auto_install/orz_robot/install/ros2_socketcan/bin'
[44.182s] INFO:colcon.colcon_core.shell:Creating package script '/home/orin/auto_install/orz_robot/install/ros2_socketcan/share/ros2_socketcan/package.ps1'
[44.184s] INFO:colcon.colcon_core.shell:Creating package descriptor '/home/orin/auto_install/orz_robot/install/ros2_socketcan/share/ros2_socketcan/package.dsv'
[44.185s] INFO:colcon.colcon_core.shell:Creating package script '/home/orin/auto_install/orz_robot/install/ros2_socketcan/share/ros2_socketcan/package.sh'
[44.186s] INFO:colcon.colcon_core.shell:Creating package script '/home/orin/auto_install/orz_robot/install/ros2_socketcan/share/ros2_socketcan/package.bash'
[44.188s] INFO:colcon.colcon_core.shell:Creating package script '/home/orin/auto_install/orz_robot/install/ros2_socketcan/share/ros2_socketcan/package.zsh'
[44.189s] Level 1:colcon.colcon_core.environment:create_file_with_runtime_dependencies(/home/orin/auto_install/orz_robot/install/ros2_socketcan/share/colcon-core/packages/ros2_socketcan)
[44.189s] DEBUG:colcon.colcon_parallel_executor.executor.parallel:closing loop
[44.190s] DEBUG:colcon.colcon_parallel_executor.executor.parallel:loop closed
[44.190s] DEBUG:colcon.colcon_parallel_executor.executor.parallel:run_until_complete finished with '0'
[44.191s] DEBUG:colcon.colcon_core.event_reactor:joining thread
[44.207s] INFO:colcon.colcon_core.plugin_system:Skipping extension 'colcon_notification.desktop_notification.terminal_notifier': Not used on non-Darwin systems
[44.207s] INFO:colcon.colcon_core.plugin_system:Skipping extension 'colcon_notification.desktop_notification.win32': Not used on non-Windows systems
[44.207s] INFO:colcon.colcon_notification.desktop_notification:Sending desktop notification using 'notify2'
[44.252s] DEBUG:colcon.colcon_core.event_reactor:joined thread
[44.253s] INFO:colcon.colcon_core.shell:Creating prefix script '/home/orin/auto_install/orz_robot/install/local_setup.ps1'
[44.257s] INFO:colcon.colcon_core.shell:Creating prefix util module '/home/orin/auto_install/orz_robot/install/_local_setup_util_ps1.py'
[44.261s] INFO:colcon.colcon_core.shell:Creating prefix chain script '/home/orin/auto_install/orz_robot/install/setup.ps1'
[44.263s] INFO:colcon.colcon_core.shell:Creating prefix script '/home/orin/auto_install/orz_robot/install/local_setup.sh'
[44.265s] INFO:colcon.colcon_core.shell:Creating prefix util module '/home/orin/auto_install/orz_robot/install/_local_setup_util_sh.py'
[44.267s] INFO:colcon.colcon_core.shell:Creating prefix chain script '/home/orin/auto_install/orz_robot/install/setup.sh'
[44.270s] INFO:colcon.colcon_core.shell:Creating prefix script '/home/orin/auto_install/orz_robot/install/local_setup.bash'
[44.272s] INFO:colcon.colcon_core.shell:Creating prefix chain script '/home/orin/auto_install/orz_robot/install/setup.bash'
[44.275s] INFO:colcon.colcon_core.shell:Creating prefix script '/home/orin/auto_install/orz_robot/install/local_setup.zsh'
[44.276s] INFO:colcon.colcon_core.shell:Creating prefix chain script '/home/orin/auto_install/orz_robot/install/setup.zsh'
