[0.075s] Invoking command in '/home/orin/auto_install/orz_robot/build/robot_driver': CMAKE_PREFIX_PATH=${CMAKE_PREFIX_PATH}:/opt/ros/humble /usr/bin/cmake /home/orin/auto_install/orz_robot/src/robot_driver -DCMAKE_INSTALL_PREFIX=/home/orin/auto_install/orz_robot/install/robot_driver
[0.818s] -- The C compiler identification is GNU 11.4.0
[0.818s] -- The CXX compiler identification is GNU 11.4.0
[0.818s] -- Detecting C compiler ABI info
[0.819s] -- Detecting C compiler ABI info - done
[0.819s] -- Check for working C compiler: /usr/bin/cc - skipped
[0.819s] -- Detecting C compile features
[0.819s] -- Detecting C compile features - done
[0.819s] -- Detecting CXX compiler ABI info
[0.946s] -- Detecting CXX compiler ABI info - done
[0.969s] -- Check for working CXX compiler: /usr/bin/c++ - skipped
[0.970s] -- Detecting CXX compile features
[0.971s] -- Detecting CXX compile features - done
[0.979s] -- Found ament_cmake: 1.3.11 (/opt/ros/humble/share/ament_cmake/cmake)
[1.346s] -- Found Python3: /usr/bin/python3 (found version "3.10.12") found components: Interpreter 
[1.612s] -- Found rclcpp: 16.0.11 (/opt/ros/humble/share/rclcpp/cmake)
[1.702s] -- Found rosidl_generator_c: 3.1.6 (/opt/ros/humble/share/rosidl_generator_c/cmake)
[1.712s] -- Found rosidl_adapter: 3.1.6 (/opt/ros/humble/share/rosidl_adapter/cmake)
[1.730s] -- Found rosidl_generator_cpp: 3.1.6 (/opt/ros/humble/share/rosidl_generator_cpp/cmake)
[1.757s] -- Using all available rosidl_typesupport_c: rosidl_typesupport_fastrtps_c;rosidl_typesupport_introspection_c
[1.793s] -- Using all available rosidl_typesupport_cpp: rosidl_typesupport_fastrtps_cpp;rosidl_typesupport_introspection_cpp
[1.892s] -- Found rmw_implementation_cmake: 6.1.2 (/opt/ros/humble/share/rmw_implementation_cmake/cmake)
[1.898s] -- Found rmw_fastrtps_cpp: 6.2.7 (/opt/ros/humble/share/rmw_fastrtps_cpp/cmake)
[2.089s] -- Found OpenSSL: /usr/lib/aarch64-linux-gnu/libcrypto.so (found version "3.0.2")  
[2.142s] -- Found FastRTPS: /opt/ros/humble/include  
[2.232s] -- Using RMW implementation 'rmw_fastrtps_cpp' as default
[2.250s] -- Looking for pthread.h
[2.402s] -- Looking for pthread.h - found
[2.403s] -- Performing Test CMAKE_HAVE_LIBC_PTHREAD
[2.561s] -- Performing Test CMAKE_HAVE_LIBC_PTHREAD - Success
[2.563s] -- Found Threads: TRUE  
[2.679s] -- Found message_filters: 4.3.5 (/opt/ros/humble/share/message_filters/cmake)
[2.684s] -- Found robot_interfaces: 0.0.0 (/home/orin/auto_install/orz_robot/install/robot_interfaces/share/robot_interfaces/cmake)
[2.785s] -- Found eigen3_cmake_module: 0.1.1 (/opt/ros/humble/share/eigen3_cmake_module/cmake)
[2.788s] -- Found Eigen3: TRUE (found version "3.4.0") 
[2.788s] -- Ensuring Eigen3 include directory is part of orocos-kdl CMake target
[3.064s] -- Found ros2_socketcan: 1.3.0 (/home/orin/auto_install/orz_robot/install/ros2_socketcan/share/ros2_socketcan/cmake)
[3.193s] -- Found ament_lint_auto: 0.12.11 (/opt/ros/humble/share/ament_lint_auto/cmake)
[3.385s] -- Added test 'cppcheck' to perform static code analysis on C / C++ code
[3.385s] -- Configured cppcheck include dirs: 
[3.385s] -- Configured cppcheck exclude dirs and/or files: 
[3.386s] -- Added test 'flake8' to check Python code syntax and style conventions
[3.388s] -- Added test 'lint_cmake' to check CMake code style
[3.389s] -- Added test 'pep257' to check Python code against some of the docstring style conventions in PEP 257
[3.392s] -- Added test 'uncrustify' to check C / C++ code style
[3.394s] -- Configured uncrustify additional arguments: 
[3.396s] -- Added test 'xmllint' to check XML markup files
[3.400s] -- Configuring done
[3.489s] -- Generating done
[3.512s] -- Build files have been written to: /home/orin/auto_install/orz_robot/build/robot_driver
[3.551s] Invoked command in '/home/orin/auto_install/orz_robot/build/robot_driver' returned '0': CMAKE_PREFIX_PATH=${CMAKE_PREFIX_PATH}:/opt/ros/humble /usr/bin/cmake /home/orin/auto_install/orz_robot/src/robot_driver -DCMAKE_INSTALL_PREFIX=/home/orin/auto_install/orz_robot/install/robot_driver
[3.554s] Invoking command in '/home/orin/auto_install/orz_robot/build/robot_driver': CMAKE_PREFIX_PATH=${CMAKE_PREFIX_PATH}:/opt/ros/humble /usr/bin/cmake --build /home/orin/auto_install/orz_robot/build/robot_driver -- -j8 -l8
[3.673s] [ 25%] [32mBuilding CXX object CMakeFiles/robot_driver_canrx.dir/src/robot_driver_canrx.cpp.o[0m
[3.679s] [ 50%] [32mBuilding CXX object CMakeFiles/robot_driver_cantx.dir/src/robot_driver_cantx.cpp.o[0m
[14.829s] [ 75%] [32m[1mLinking CXX executable robot_driver_canrx[0m
[15.471s] [ 75%] Built target robot_driver_canrx
[49.519s] [100%] [32m[1mLinking CXX executable robot_driver_cantx[0m
[52.862s] [100%] Built target robot_driver_cantx
[52.886s] Invoked command in '/home/orin/auto_install/orz_robot/build/robot_driver' returned '0': CMAKE_PREFIX_PATH=${CMAKE_PREFIX_PATH}:/opt/ros/humble /usr/bin/cmake --build /home/orin/auto_install/orz_robot/build/robot_driver -- -j8 -l8
[52.889s] Invoking command in '/home/orin/auto_install/orz_robot/build/robot_driver': CMAKE_PREFIX_PATH=${CMAKE_PREFIX_PATH}:/opt/ros/humble /usr/bin/cmake --install /home/orin/auto_install/orz_robot/build/robot_driver
[52.904s] -- Install configuration: ""
[52.904s] -- Installing: /home/orin/auto_install/orz_robot/install/robot_driver/lib/robot_driver/robot_driver_cantx
[52.926s] -- Set runtime path of "/home/orin/auto_install/orz_robot/install/robot_driver/lib/robot_driver/robot_driver_cantx" to ""
[52.926s] -- Installing: /home/orin/auto_install/orz_robot/install/robot_driver/lib/robot_driver/robot_driver_canrx
[52.928s] -- Set runtime path of "/home/orin/auto_install/orz_robot/install/robot_driver/lib/robot_driver/robot_driver_canrx" to ""
[52.928s] -- Installing: /home/orin/auto_install/orz_robot/install/robot_driver/share/robot_driver/launch
[52.929s] -- Installing: /home/orin/auto_install/orz_robot/install/robot_driver/share/robot_driver/launch/robot_driver_cantx.launch.py
[52.929s] -- Installing: /home/orin/auto_install/orz_robot/install/robot_driver/share/robot_driver/launch/robot_driver.launch.py
[52.929s] -- Installing: /home/orin/auto_install/orz_robot/install/robot_driver/share/robot_driver/launch/robot_driver_canrx.launch.py
[52.930s] -- Installing: /home/orin/auto_install/orz_robot/install/robot_driver/share/ament_index/resource_index/package_run_dependencies/robot_driver
[52.930s] -- Installing: /home/orin/auto_install/orz_robot/install/robot_driver/share/ament_index/resource_index/parent_prefix_path/robot_driver
[52.931s] -- Installing: /home/orin/auto_install/orz_robot/install/robot_driver/share/robot_driver/environment/ament_prefix_path.sh
[52.931s] -- Installing: /home/orin/auto_install/orz_robot/install/robot_driver/share/robot_driver/environment/ament_prefix_path.dsv
[52.931s] -- Installing: /home/orin/auto_install/orz_robot/install/robot_driver/share/robot_driver/environment/path.sh
[52.932s] -- Installing: /home/orin/auto_install/orz_robot/install/robot_driver/share/robot_driver/environment/path.dsv
[52.932s] -- Installing: /home/orin/auto_install/orz_robot/install/robot_driver/share/robot_driver/local_setup.bash
[52.932s] -- Installing: /home/orin/auto_install/orz_robot/install/robot_driver/share/robot_driver/local_setup.sh
[52.932s] -- Installing: /home/orin/auto_install/orz_robot/install/robot_driver/share/robot_driver/local_setup.zsh
[52.932s] -- Installing: /home/orin/auto_install/orz_robot/install/robot_driver/share/robot_driver/local_setup.dsv
[52.933s] -- Installing: /home/orin/auto_install/orz_robot/install/robot_driver/share/robot_driver/package.dsv
[52.933s] -- Installing: /home/orin/auto_install/orz_robot/install/robot_driver/share/ament_index/resource_index/packages/robot_driver
[52.934s] -- Installing: /home/orin/auto_install/orz_robot/install/robot_driver/share/robot_driver/cmake/robot_driverConfig.cmake
[52.934s] -- Installing: /home/orin/auto_install/orz_robot/install/robot_driver/share/robot_driver/cmake/robot_driverConfig-version.cmake
[52.934s] -- Installing: /home/orin/auto_install/orz_robot/install/robot_driver/share/robot_driver/package.xml
[52.939s] Invoked command in '/home/orin/auto_install/orz_robot/build/robot_driver' returned '0': CMAKE_PREFIX_PATH=${CMAKE_PREFIX_PATH}:/opt/ros/humble /usr/bin/cmake --install /home/orin/auto_install/orz_robot/build/robot_driver
