[2.115s] Invoking command in '/home/orin/auto_install/orz_robot/src/robot_keyboard_to_twist_py': PYTHONPATH=/home/orin/auto_install/orz_robot/build/robot_keyboard_to_twist_py/prefix_override:/usr/lib/python3/dist-packages/colcon_core/task/python/colcon_distutils_commands:/home/orin/auto_install/orz_robot/install/robot_keyboard_to_twist_py/lib/python3.10/site-packages:${PYTHONPATH} /usr/bin/python3 -W ignore:setup.py install is deprecated -W ignore:easy_install command is deprecated setup.py egg_info --egg-base ../../build/robot_keyboard_to_twist_py build --build-base /home/orin/auto_install/orz_robot/build/robot_keyboard_to_twist_py/build install --record /home/orin/auto_install/orz_robot/build/robot_keyboard_to_twist_py/install.log --single-version-externally-managed install_data
[2.663s] running egg_info
[2.665s] writing ../../build/robot_keyboard_to_twist_py/robot_keyboard_to_twist_py.egg-info/PKG-INFO
[2.665s] writing dependency_links to ../../build/robot_keyboard_to_twist_py/robot_keyboard_to_twist_py.egg-info/dependency_links.txt
[2.666s] writing entry points to ../../build/robot_keyboard_to_twist_py/robot_keyboard_to_twist_py.egg-info/entry_points.txt
[2.667s] writing requirements to ../../build/robot_keyboard_to_twist_py/robot_keyboard_to_twist_py.egg-info/requires.txt
[2.667s] writing top-level names to ../../build/robot_keyboard_to_twist_py/robot_keyboard_to_twist_py.egg-info/top_level.txt
[2.670s] reading manifest file '../../build/robot_keyboard_to_twist_py/robot_keyboard_to_twist_py.egg-info/SOURCES.txt'
[2.672s] writing manifest file '../../build/robot_keyboard_to_twist_py/robot_keyboard_to_twist_py.egg-info/SOURCES.txt'
[2.673s] running build
[2.673s] running build_py
[2.675s] running install
[2.675s] running install_lib
[2.678s] running install_data
[2.678s] running install_egg_info
[2.681s] removing '/home/orin/auto_install/orz_robot/install/robot_keyboard_to_twist_py/lib/python3.10/site-packages/robot_keyboard_to_twist_py-0.0.0-py3.10.egg-info' (and everything under it)
[2.682s] Copying ../../build/robot_keyboard_to_twist_py/robot_keyboard_to_twist_py.egg-info to /home/orin/auto_install/orz_robot/install/robot_keyboard_to_twist_py/lib/python3.10/site-packages/robot_keyboard_to_twist_py-0.0.0-py3.10.egg-info
[2.684s] running install_scripts
[2.731s] Installing keyboard_to_twist_py script to /home/orin/auto_install/orz_robot/install/robot_keyboard_to_twist_py/lib/robot_keyboard_to_twist_py
[2.731s] writing list of installed files to '/home/orin/auto_install/orz_robot/build/robot_keyboard_to_twist_py/install.log'
[2.810s] Invoked command in '/home/orin/auto_install/orz_robot/src/robot_keyboard_to_twist_py' returned '0': PYTHONPATH=/home/orin/auto_install/orz_robot/build/robot_keyboard_to_twist_py/prefix_override:/usr/lib/python3/dist-packages/colcon_core/task/python/colcon_distutils_commands:/home/orin/auto_install/orz_robot/install/robot_keyboard_to_twist_py/lib/python3.10/site-packages:${PYTHONPATH} /usr/bin/python3 -W ignore:setup.py install is deprecated -W ignore:easy_install command is deprecated setup.py egg_info --egg-base ../../build/robot_keyboard_to_twist_py build --build-base /home/orin/auto_install/orz_robot/build/robot_keyboard_to_twist_py/build install --record /home/orin/auto_install/orz_robot/build/robot_keyboard_to_twist_py/install.log --single-version-externally-managed install_data
