[0.023s] Invoking command in '/home/orin/auto_install/orz_robot/build/ros2_socketcan': AMENT_PREFIX_PATH=/home/orin/auto_install/orz_robot/install/ros2_socketcan_msgs:${AMENT_PREFIX_PATH} CMAKE_PREFIX_PATH=/home/orin/auto_install/orz_robot/install/ros2_socketcan_msgs:/opt/ros/humble LD_LIBRARY_PATH=/home/orin/auto_install/orz_robot/install/ros2_socketcan_msgs/lib:${LD_LIBRARY_PATH} PYTHONPATH=/home/orin/auto_install/orz_robot/install/ros2_socketcan_msgs/local/lib/python3.10/dist-packages:${PYTHONPATH} /usr/bin/cmake /home/orin/auto_install/orz_robot/src/ros2_socketcan/ros2_socketcan -DCMAKE_INSTALL_PREFIX=/home/orin/auto_install/orz_robot/install/ros2_socketcan
[0.134s] -- The C compiler identification is GNU 11.4.0
[0.245s] -- The CXX compiler identification is GNU 11.4.0
[0.268s] -- Detecting C compiler ABI info
[0.411s] -- Detecting C compiler ABI info - done
[0.434s] -- Check for working C compiler: /usr/bin/cc - skipped
[0.434s] -- Detecting C compile features
[0.435s] -- Detecting C compile features - done
[0.445s] -- Detecting CXX compiler ABI info
[0.611s] -- Detecting CXX compiler ABI info - done
[0.634s] -- Check for working CXX compiler: /usr/bin/c++ - skipped
[0.635s] -- Detecting CXX compile features
[0.637s] -- Detecting CXX compile features - done
[0.644s] -- Found ament_cmake_auto: 1.3.11 (/opt/ros/humble/share/ament_cmake_auto/cmake)
[0.963s] -- Found Python3: /usr/bin/python3 (found version "3.10.12") found components: Interpreter 
[1.416s] -- Found rosidl_generator_c: 3.1.6 (/opt/ros/humble/share/rosidl_generator_c/cmake)
[1.425s] -- Found rosidl_adapter: 3.1.6 (/opt/ros/humble/share/rosidl_adapter/cmake)
[1.441s] -- Found rosidl_generator_cpp: 3.1.6 (/opt/ros/humble/share/rosidl_generator_cpp/cmake)
[1.464s] -- Using all available rosidl_typesupport_c: rosidl_typesupport_fastrtps_c;rosidl_typesupport_introspection_c
[1.493s] -- Using all available rosidl_typesupport_cpp: rosidl_typesupport_fastrtps_cpp;rosidl_typesupport_introspection_cpp
[1.576s] -- Found rmw_implementation_cmake: 6.1.2 (/opt/ros/humble/share/rmw_implementation_cmake/cmake)
[1.581s] -- Found rmw_fastrtps_cpp: 6.2.7 (/opt/ros/humble/share/rmw_fastrtps_cpp/cmake)
[1.757s] -- Found OpenSSL: /usr/lib/aarch64-linux-gnu/libcrypto.so (found version "3.0.2")  
[1.810s] -- Found FastRTPS: /opt/ros/humble/include  
[1.886s] -- Using RMW implementation 'rmw_fastrtps_cpp' as default
[1.904s] -- Looking for pthread.h
[2.050s] -- Looking for pthread.h - found
[2.050s] -- Performing Test CMAKE_HAVE_LIBC_PTHREAD
[2.200s] -- Performing Test CMAKE_HAVE_LIBC_PTHREAD - Success
[2.203s] -- Found Threads: TRUE  
[2.497s] -- Found ament_lint_auto: 0.12.11 (/opt/ros/humble/share/ament_lint_auto/cmake)
[2.536s] -- Found gtest sources under '/opt/ros/humble/src/gtest_vendor': C++ tests using 'Google Test' will be built
[2.552s] -- Added test 'copyright' to check source files copyright and LICENSE
[2.558s] -- Added test 'cppcheck' to perform static code analysis on C / C++ code
[2.559s] -- Configured cppcheck include dirs: /home/orin/auto_install/orz_robot/src/ros2_socketcan/ros2_socketcan/include
[2.559s] -- Configured cppcheck exclude dirs and/or files: 
[2.562s] -- Added test 'cpplint' to check C / C++ code against the Google style
[2.562s] -- Configured cpplint exclude dirs and/or files: 
[2.563s] -- Added test 'flake8' to check Python code syntax and style conventions
[2.565s] -- Added test 'lint_cmake' to check CMake code style
[2.566s] -- Added test 'pep257' to check Python code against some of the docstring style conventions in PEP 257
[2.569s] -- Added test 'uncrustify' to check C / C++ code style
[2.570s] -- Configured uncrustify additional arguments: 
[2.570s] -- Added test 'xmllint' to check XML markup files
[2.576s] -- Configuring done
[2.644s] -- Generating done
[2.668s] -- Build files have been written to: /home/orin/auto_install/orz_robot/build/ros2_socketcan
[2.701s] Invoked command in '/home/orin/auto_install/orz_robot/build/ros2_socketcan' returned '0': AMENT_PREFIX_PATH=/home/orin/auto_install/orz_robot/install/ros2_socketcan_msgs:${AMENT_PREFIX_PATH} CMAKE_PREFIX_PATH=/home/orin/auto_install/orz_robot/install/ros2_socketcan_msgs:/opt/ros/humble LD_LIBRARY_PATH=/home/orin/auto_install/orz_robot/install/ros2_socketcan_msgs/lib:${LD_LIBRARY_PATH} PYTHONPATH=/home/orin/auto_install/orz_robot/install/ros2_socketcan_msgs/local/lib/python3.10/dist-packages:${PYTHONPATH} /usr/bin/cmake /home/orin/auto_install/orz_robot/src/ros2_socketcan/ros2_socketcan -DCMAKE_INSTALL_PREFIX=/home/orin/auto_install/orz_robot/install/ros2_socketcan
[2.706s] Invoking command in '/home/orin/auto_install/orz_robot/build/ros2_socketcan': AMENT_PREFIX_PATH=/home/orin/auto_install/orz_robot/install/ros2_socketcan_msgs:${AMENT_PREFIX_PATH} CMAKE_PREFIX_PATH=/home/orin/auto_install/orz_robot/install/ros2_socketcan_msgs:/opt/ros/humble LD_LIBRARY_PATH=/home/orin/auto_install/orz_robot/install/ros2_socketcan_msgs/lib:${LD_LIBRARY_PATH} PYTHONPATH=/home/orin/auto_install/orz_robot/install/ros2_socketcan_msgs/local/lib/python3.10/dist-packages:${PYTHONPATH} /usr/bin/cmake --build /home/orin/auto_install/orz_robot/build/ros2_socketcan -- -j8 -l8
[2.808s] [ 23%] [32mBuilding CXX object gtest/CMakeFiles/gtest.dir/src/gtest-all.cc.o[0m
[2.808s] [ 23%] [32mBuilding CXX object CMakeFiles/socket_can_sender_node_exe.dir/rclcpp_components/node_main_socket_can_sender_node_exe.cpp.o[0m
[2.809s] [ 23%] [32mBuilding CXX object CMakeFiles/ros2_socketcan.dir/src/socket_can_common.cpp.o[0m
[2.809s] [ 23%] [32mBuilding CXX object CMakeFiles/socket_can_receiver_node_exe.dir/rclcpp_components/node_main_socket_can_receiver_node_exe.cpp.o[0m
[2.809s] [ 23%] [32mBuilding CXX object CMakeFiles/ros2_socketcan.dir/src/socket_can_id.cpp.o[0m
[2.809s] [ 28%] [32mBuilding CXX object gtest/CMakeFiles/gtest_main.dir/src/gtest_main.cc.o[0m
[2.810s] [ 33%] [32mBuilding CXX object CMakeFiles/ros2_socketcan.dir/src/socket_can_receiver.cpp.o[0m
[2.810s] [ 38%] [32mBuilding CXX object CMakeFiles/ros2_socketcan.dir/src/socket_can_sender.cpp.o[0m
[3.952s] [ 42%] [32m[1mLinking CXX shared library libros2_socketcan.so[0m
[4.183s] [ 42%] Built target ros2_socketcan
[4.227s] [ 47%] [32mBuilding CXX object CMakeFiles/socket_can_receiver_node.dir/src/socket_can_receiver_node.cpp.o[0m
[4.382s] [ 52%] [32m[1mLinking CXX static library libgtest_main.a[0m
[4.459s] [ 52%] Built target gtest_main
[9.574s] [ 57%] [32m[1mLinking CXX static library libgtest.a[0m
[9.697s] [ 57%] Built target gtest
[9.737s] [ 71%] [32mBuilding CXX object CMakeFiles/ros2_socketcan_test.dir/test/sanity_checks.cpp.o[0m
[9.737s] [ 71%] [32mBuilding CXX object CMakeFiles/ros2_socketcan_test.dir/test/receiver.cpp.o[0m
[9.738s] [ 71%] [32mBuilding CXX object CMakeFiles/ros2_socketcan_test.dir/test/gtest_main.cpp.o[0m
[10.606s] [ 76%] [32m[1mLinking CXX executable socket_can_receiver_node_exe[0m
[10.961s] [ 80%] [32m[1mLinking CXX executable socket_can_sender_node_exe[0m
[10.968s] [ 80%] Built target socket_can_receiver_node_exe
[11.240s] [ 80%] Built target socket_can_sender_node_exe
[13.000s] [ 85%] [32m[1mLinking CXX executable ros2_socketcan_test[0m
[13.436s] [ 85%] Built target ros2_socketcan_test
[16.870s] [ 90%] [32m[1mLinking CXX shared library libsocket_can_receiver_node.so[0m
[17.334s] [ 90%] Built target socket_can_receiver_node
[17.374s] [ 95%] [32mBuilding CXX object CMakeFiles/socket_can_sender_node.dir/src/socket_can_sender_node.cpp.o[0m
[41.929s] [100%] [32m[1mLinking CXX shared library libsocket_can_sender_node.so[0m
[43.219s] [100%] Built target socket_can_sender_node
[43.243s] Invoked command in '/home/orin/auto_install/orz_robot/build/ros2_socketcan' returned '0': AMENT_PREFIX_PATH=/home/orin/auto_install/orz_robot/install/ros2_socketcan_msgs:${AMENT_PREFIX_PATH} CMAKE_PREFIX_PATH=/home/orin/auto_install/orz_robot/install/ros2_socketcan_msgs:/opt/ros/humble LD_LIBRARY_PATH=/home/orin/auto_install/orz_robot/install/ros2_socketcan_msgs/lib:${LD_LIBRARY_PATH} PYTHONPATH=/home/orin/auto_install/orz_robot/install/ros2_socketcan_msgs/local/lib/python3.10/dist-packages:${PYTHONPATH} /usr/bin/cmake --build /home/orin/auto_install/orz_robot/build/ros2_socketcan -- -j8 -l8
[43.266s] Invoking command in '/home/orin/auto_install/orz_robot/build/ros2_socketcan': AMENT_PREFIX_PATH=/home/orin/auto_install/orz_robot/install/ros2_socketcan_msgs:${AMENT_PREFIX_PATH} CMAKE_PREFIX_PATH=/home/orin/auto_install/orz_robot/install/ros2_socketcan_msgs:/opt/ros/humble LD_LIBRARY_PATH=/home/orin/auto_install/orz_robot/install/ros2_socketcan_msgs/lib:${LD_LIBRARY_PATH} PYTHONPATH=/home/orin/auto_install/orz_robot/install/ros2_socketcan_msgs/local/lib/python3.10/dist-packages:${PYTHONPATH} /usr/bin/cmake --install /home/orin/auto_install/orz_robot/build/ros2_socketcan
[43.280s] -- Install configuration: ""
[43.280s] -- Installing: /home/orin/auto_install/orz_robot/install/ros2_socketcan/lib/ros2_socketcan/socket_can_receiver_node_exe
[43.281s] -- Set runtime path of "/home/orin/auto_install/orz_robot/install/ros2_socketcan/lib/ros2_socketcan/socket_can_receiver_node_exe" to ""
[43.282s] -- Installing: /home/orin/auto_install/orz_robot/install/ros2_socketcan/lib/ros2_socketcan/socket_can_sender_node_exe
[43.283s] -- Set runtime path of "/home/orin/auto_install/orz_robot/install/ros2_socketcan/lib/ros2_socketcan/socket_can_sender_node_exe" to ""
[43.283s] -- Installing: /home/orin/auto_install/orz_robot/install/ros2_socketcan/include
[43.283s] -- Installing: /home/orin/auto_install/orz_robot/install/ros2_socketcan/include/ros2_socketcan
[43.283s] -- Installing: /home/orin/auto_install/orz_robot/install/ros2_socketcan/include/ros2_socketcan/socket_can_receiver.hpp
[43.283s] -- Installing: /home/orin/auto_install/orz_robot/install/ros2_socketcan/include/ros2_socketcan/socket_can_common.hpp
[43.284s] -- Installing: /home/orin/auto_install/orz_robot/install/ros2_socketcan/include/ros2_socketcan/socket_can_sender_node.hpp
[43.284s] -- Installing: /home/orin/auto_install/orz_robot/install/ros2_socketcan/include/ros2_socketcan/visibility_control.hpp
[43.284s] -- Installing: /home/orin/auto_install/orz_robot/install/ros2_socketcan/include/ros2_socketcan/socket_can_receiver_node.hpp
[43.284s] -- Installing: /home/orin/auto_install/orz_robot/install/ros2_socketcan/include/ros2_socketcan/socket_can_id.hpp
[43.284s] -- Installing: /home/orin/auto_install/orz_robot/install/ros2_socketcan/include/ros2_socketcan/socket_can_sender.hpp
[43.284s] -- Installing: /home/orin/auto_install/orz_robot/install/ros2_socketcan/share/ros2_socketcan/environment/library_path.sh
[43.285s] -- Installing: /home/orin/auto_install/orz_robot/install/ros2_socketcan/share/ros2_socketcan/environment/library_path.dsv
[43.285s] -- Installing: /home/orin/auto_install/orz_robot/install/ros2_socketcan/lib/libros2_socketcan.so
[43.286s] -- Set runtime path of "/home/orin/auto_install/orz_robot/install/ros2_socketcan/lib/libros2_socketcan.so" to ""
[43.286s] -- Installing: /home/orin/auto_install/orz_robot/install/ros2_socketcan/lib/libsocket_can_receiver_node.so
[43.291s] -- Set runtime path of "/home/orin/auto_install/orz_robot/install/ros2_socketcan/lib/libsocket_can_receiver_node.so" to ""
[43.292s] -- Installing: /home/orin/auto_install/orz_robot/install/ros2_socketcan/lib/libsocket_can_sender_node.so
[43.311s] -- Set runtime path of "/home/orin/auto_install/orz_robot/install/ros2_socketcan/lib/libsocket_can_sender_node.so" to ""
[43.312s] -- Installing: /home/orin/auto_install/orz_robot/install/ros2_socketcan/share/ros2_socketcan/launch
[43.312s] -- Installing: /home/orin/auto_install/orz_robot/install/ros2_socketcan/share/ros2_socketcan/launch/socket_can_sender.launch.py
[43.312s] -- Installing: /home/orin/auto_install/orz_robot/install/ros2_socketcan/share/ros2_socketcan/launch/socket_can_receiver.launch.py
[43.313s] -- Installing: /home/orin/auto_install/orz_robot/install/ros2_socketcan/share/ros2_socketcan/launch/socket_can_bridge.launch.xml
[43.313s] -- Installing: /home/orin/auto_install/orz_robot/install/ros2_socketcan/share/ament_index/resource_index/package_run_dependencies/ros2_socketcan
[43.314s] -- Installing: /home/orin/auto_install/orz_robot/install/ros2_socketcan/share/ament_index/resource_index/parent_prefix_path/ros2_socketcan
[43.314s] -- Installing: /home/orin/auto_install/orz_robot/install/ros2_socketcan/share/ros2_socketcan/environment/ament_prefix_path.sh
[43.314s] -- Installing: /home/orin/auto_install/orz_robot/install/ros2_socketcan/share/ros2_socketcan/environment/ament_prefix_path.dsv
[43.314s] -- Installing: /home/orin/auto_install/orz_robot/install/ros2_socketcan/share/ros2_socketcan/environment/path.sh
[43.315s] -- Installing: /home/orin/auto_install/orz_robot/install/ros2_socketcan/share/ros2_socketcan/environment/path.dsv
[43.315s] -- Installing: /home/orin/auto_install/orz_robot/install/ros2_socketcan/share/ros2_socketcan/local_setup.bash
[43.315s] -- Installing: /home/orin/auto_install/orz_robot/install/ros2_socketcan/share/ros2_socketcan/local_setup.sh
[43.316s] -- Installing: /home/orin/auto_install/orz_robot/install/ros2_socketcan/share/ros2_socketcan/local_setup.zsh
[43.316s] -- Installing: /home/orin/auto_install/orz_robot/install/ros2_socketcan/share/ros2_socketcan/local_setup.dsv
[43.316s] -- Installing: /home/orin/auto_install/orz_robot/install/ros2_socketcan/share/ros2_socketcan/package.dsv
[43.316s] -- Installing: /home/orin/auto_install/orz_robot/install/ros2_socketcan/share/ament_index/resource_index/packages/ros2_socketcan
[43.317s] -- Installing: /home/orin/auto_install/orz_robot/install/ros2_socketcan/share/ament_index/resource_index/rclcpp_components/ros2_socketcan
[43.317s] -- Installing: /home/orin/auto_install/orz_robot/install/ros2_socketcan/share/ros2_socketcan/cmake/ament_cmake_export_dependencies-extras.cmake
[43.317s] -- Installing: /home/orin/auto_install/orz_robot/install/ros2_socketcan/share/ros2_socketcan/cmake/ament_cmake_export_include_directories-extras.cmake
[43.317s] -- Installing: /home/orin/auto_install/orz_robot/install/ros2_socketcan/share/ros2_socketcan/cmake/ament_cmake_export_libraries-extras.cmake
[43.318s] -- Installing: /home/orin/auto_install/orz_robot/install/ros2_socketcan/share/ros2_socketcan/cmake/ros2_socketcanConfig.cmake
[43.318s] -- Installing: /home/orin/auto_install/orz_robot/install/ros2_socketcan/share/ros2_socketcan/cmake/ros2_socketcanConfig-version.cmake
[43.318s] -- Installing: /home/orin/auto_install/orz_robot/install/ros2_socketcan/share/ros2_socketcan/package.xml
[43.324s] Invoked command in '/home/orin/auto_install/orz_robot/build/ros2_socketcan' returned '0': AMENT_PREFIX_PATH=/home/orin/auto_install/orz_robot/install/ros2_socketcan_msgs:${AMENT_PREFIX_PATH} CMAKE_PREFIX_PATH=/home/orin/auto_install/orz_robot/install/ros2_socketcan_msgs:/opt/ros/humble LD_LIBRARY_PATH=/home/orin/auto_install/orz_robot/install/ros2_socketcan_msgs/lib:${LD_LIBRARY_PATH} PYTHONPATH=/home/orin/auto_install/orz_robot/install/ros2_socketcan_msgs/local/lib/python3.10/dist-packages:${PYTHONPATH} /usr/bin/cmake --install /home/orin/auto_install/orz_robot/build/ros2_socketcan
