[0.705s] Invoking command in '/home/orin/auto_install/orz_robot/build/ros2_socketcan': CMAKE_PREFIX_PATH=/home/orin/auto_install/orz_robot/install/ros2_socketcan_msgs:/home/orin/auto_install/orz_robot/install/ros2_socketcan:/home/orin/auto_install/orz_robot/install/robot_test:/home/orin/auto_install/orz_robot/install/robot_qtrecv:/home/orin/auto_install/orz_robot/install/robot_kinematics:/home/orin/auto_install/orz_robot/install/robot_interfaces:/home/orin/auto_install/orz_robot/install/robot_gazebo:/home/orin/auto_install/orz_robot/install/robot_driver:/home/orin/auto_install/orz_robot/install/robot_config:/home/orin/auto_install/orz_robot/install/robot_description:/home/orin/auto_install/orz_robot/install/robot_control:/home/orin/auto_install/orz_robot/install/robot_bringup:/home/orin/auto_install/orz_robot/install/robot_test_py:/home/orin/auto_install/orz_robot/install/robot_keyboard_to_twist_py:/opt/ros/humble LD_LIBRARY_PATH=/home/orin/auto_install/orz_robot/install/ros2_socketcan_msgs/lib:/home/orin/auto_install/orz_robot/install/ros2_socketcan/lib:/home/orin/auto_install/orz_robot/install/robot_interfaces/lib:/opt/ros/humble/opt/rviz_ogre_vendor/lib:/opt/ros/humble/lib/aarch64-linux-gnu:/opt/ros/humble/lib /usr/bin/cmake --build /home/orin/auto_install/orz_robot/build/ros2_socketcan -- -j8 -l8
[0.830s] [ 23%] Built target ros2_socketcan
[0.848s] [ 33%] Built target gtest
[0.848s] [ 47%] Built target socket_can_receiver_node_exe
[0.848s] [ 52%] Built target gtest_main
[0.856s] [ 61%] Built target socket_can_sender_node_exe
[0.898s] [ 71%] Built target socket_can_receiver_node
[0.903s] [ 90%] Built target ros2_socketcan_test
[0.964s] [100%] Built target socket_can_sender_node
[0.993s] Invoked command in '/home/orin/auto_install/orz_robot/build/ros2_socketcan' returned '0': CMAKE_PREFIX_PATH=/home/orin/auto_install/orz_robot/install/ros2_socketcan_msgs:/home/orin/auto_install/orz_robot/install/ros2_socketcan:/home/orin/auto_install/orz_robot/install/robot_test:/home/orin/auto_install/orz_robot/install/robot_qtrecv:/home/orin/auto_install/orz_robot/install/robot_kinematics:/home/orin/auto_install/orz_robot/install/robot_interfaces:/home/orin/auto_install/orz_robot/install/robot_gazebo:/home/orin/auto_install/orz_robot/install/robot_driver:/home/orin/auto_install/orz_robot/install/robot_config:/home/orin/auto_install/orz_robot/install/robot_description:/home/orin/auto_install/orz_robot/install/robot_control:/home/orin/auto_install/orz_robot/install/robot_bringup:/home/orin/auto_install/orz_robot/install/robot_test_py:/home/orin/auto_install/orz_robot/install/robot_keyboard_to_twist_py:/opt/ros/humble LD_LIBRARY_PATH=/home/orin/auto_install/orz_robot/install/ros2_socketcan_msgs/lib:/home/orin/auto_install/orz_robot/install/ros2_socketcan/lib:/home/orin/auto_install/orz_robot/install/robot_interfaces/lib:/opt/ros/humble/opt/rviz_ogre_vendor/lib:/opt/ros/humble/lib/aarch64-linux-gnu:/opt/ros/humble/lib /usr/bin/cmake --build /home/orin/auto_install/orz_robot/build/ros2_socketcan -- -j8 -l8
[1.006s] Invoking command in '/home/orin/auto_install/orz_robot/build/ros2_socketcan': CMAKE_PREFIX_PATH=/home/orin/auto_install/orz_robot/install/ros2_socketcan_msgs:/home/orin/auto_install/orz_robot/install/ros2_socketcan:/home/orin/auto_install/orz_robot/install/robot_test:/home/orin/auto_install/orz_robot/install/robot_qtrecv:/home/orin/auto_install/orz_robot/install/robot_kinematics:/home/orin/auto_install/orz_robot/install/robot_interfaces:/home/orin/auto_install/orz_robot/install/robot_gazebo:/home/orin/auto_install/orz_robot/install/robot_driver:/home/orin/auto_install/orz_robot/install/robot_config:/home/orin/auto_install/orz_robot/install/robot_description:/home/orin/auto_install/orz_robot/install/robot_control:/home/orin/auto_install/orz_robot/install/robot_bringup:/home/orin/auto_install/orz_robot/install/robot_test_py:/home/orin/auto_install/orz_robot/install/robot_keyboard_to_twist_py:/opt/ros/humble LD_LIBRARY_PATH=/home/orin/auto_install/orz_robot/install/ros2_socketcan_msgs/lib:/home/orin/auto_install/orz_robot/install/ros2_socketcan/lib:/home/orin/auto_install/orz_robot/install/robot_interfaces/lib:/opt/ros/humble/opt/rviz_ogre_vendor/lib:/opt/ros/humble/lib/aarch64-linux-gnu:/opt/ros/humble/lib /usr/bin/cmake --install /home/orin/auto_install/orz_robot/build/ros2_socketcan
[1.018s] -- Install configuration: ""
[1.019s] -- Up-to-date: /home/orin/auto_install/orz_robot/install/ros2_socketcan/lib/ros2_socketcan/socket_can_receiver_node_exe
[1.019s] -- Up-to-date: /home/orin/auto_install/orz_robot/install/ros2_socketcan/lib/ros2_socketcan/socket_can_sender_node_exe
[1.020s] -- Up-to-date: /home/orin/auto_install/orz_robot/install/ros2_socketcan/include
[1.020s] -- Up-to-date: /home/orin/auto_install/orz_robot/install/ros2_socketcan/include/ros2_socketcan
[1.020s] -- Up-to-date: /home/orin/auto_install/orz_robot/install/ros2_socketcan/include/ros2_socketcan/socket_can_receiver.hpp
[1.021s] -- Up-to-date: /home/orin/auto_install/orz_robot/install/ros2_socketcan/include/ros2_socketcan/socket_can_common.hpp
[1.021s] -- Up-to-date: /home/orin/auto_install/orz_robot/install/ros2_socketcan/include/ros2_socketcan/socket_can_sender_node.hpp
[1.021s] -- Up-to-date: /home/orin/auto_install/orz_robot/install/ros2_socketcan/include/ros2_socketcan/visibility_control.hpp
[1.022s] -- Up-to-date: /home/orin/auto_install/orz_robot/install/ros2_socketcan/include/ros2_socketcan/socket_can_receiver_node.hpp
[1.023s] -- Up-to-date: /home/orin/auto_install/orz_robot/install/ros2_socketcan/include/ros2_socketcan/socket_can_id.hpp
[1.023s] -- Up-to-date: /home/orin/auto_install/orz_robot/install/ros2_socketcan/include/ros2_socketcan/socket_can_sender.hpp
[1.023s] -- Up-to-date: /home/orin/auto_install/orz_robot/install/ros2_socketcan/share/ros2_socketcan/environment/library_path.sh
[1.024s] -- Up-to-date: /home/orin/auto_install/orz_robot/install/ros2_socketcan/share/ros2_socketcan/environment/library_path.dsv
[1.024s] -- Up-to-date: /home/orin/auto_install/orz_robot/install/ros2_socketcan/lib/libros2_socketcan.so
[1.025s] -- Up-to-date: /home/orin/auto_install/orz_robot/install/ros2_socketcan/lib/libsocket_can_receiver_node.so
[1.025s] -- Up-to-date: /home/orin/auto_install/orz_robot/install/ros2_socketcan/lib/libsocket_can_sender_node.so
[1.025s] -- Up-to-date: /home/orin/auto_install/orz_robot/install/ros2_socketcan/share/ros2_socketcan/launch
[1.026s] -- Up-to-date: /home/orin/auto_install/orz_robot/install/ros2_socketcan/share/ros2_socketcan/launch/socket_can_sender.launch.py
[1.039s] -- Up-to-date: /home/orin/auto_install/orz_robot/install/ros2_socketcan/share/ros2_socketcan/launch/socket_can_receiver.launch.py
[1.040s] -- Up-to-date: /home/orin/auto_install/orz_robot/install/ros2_socketcan/share/ros2_socketcan/launch/socket_can_bridge.launch.xml
[1.040s] -- Up-to-date: /home/orin/auto_install/orz_robot/install/ros2_socketcan/share/ament_index/resource_index/package_run_dependencies/ros2_socketcan
[1.040s] -- Up-to-date: /home/orin/auto_install/orz_robot/install/ros2_socketcan/share/ament_index/resource_index/parent_prefix_path/ros2_socketcan
[1.041s] -- Up-to-date: /home/orin/auto_install/orz_robot/install/ros2_socketcan/share/ros2_socketcan/environment/ament_prefix_path.sh
[1.043s] -- Up-to-date: /home/orin/auto_install/orz_robot/install/ros2_socketcan/share/ros2_socketcan/environment/ament_prefix_path.dsv
[1.043s] -- Up-to-date: /home/orin/auto_install/orz_robot/install/ros2_socketcan/share/ros2_socketcan/environment/path.sh
[1.044s] -- Up-to-date: /home/orin/auto_install/orz_robot/install/ros2_socketcan/share/ros2_socketcan/environment/path.dsv
[1.044s] -- Up-to-date: /home/orin/auto_install/orz_robot/install/ros2_socketcan/share/ros2_socketcan/local_setup.bash
[1.044s] -- Up-to-date: /home/orin/auto_install/orz_robot/install/ros2_socketcan/share/ros2_socketcan/local_setup.sh
[1.045s] -- Up-to-date: /home/orin/auto_install/orz_robot/install/ros2_socketcan/share/ros2_socketcan/local_setup.zsh
[1.045s] -- Up-to-date: /home/orin/auto_install/orz_robot/install/ros2_socketcan/share/ros2_socketcan/local_setup.dsv
[1.045s] -- Installing: /home/orin/auto_install/orz_robot/install/ros2_socketcan/share/ros2_socketcan/package.dsv
[1.045s] -- Up-to-date: /home/orin/auto_install/orz_robot/install/ros2_socketcan/share/ament_index/resource_index/packages/ros2_socketcan
[1.048s] -- Up-to-date: /home/orin/auto_install/orz_robot/install/ros2_socketcan/share/ament_index/resource_index/rclcpp_components/ros2_socketcan
[1.048s] -- Up-to-date: /home/orin/auto_install/orz_robot/install/ros2_socketcan/share/ros2_socketcan/cmake/ament_cmake_export_dependencies-extras.cmake
[1.049s] -- Up-to-date: /home/orin/auto_install/orz_robot/install/ros2_socketcan/share/ros2_socketcan/cmake/ament_cmake_export_include_directories-extras.cmake
[1.049s] -- Up-to-date: /home/orin/auto_install/orz_robot/install/ros2_socketcan/share/ros2_socketcan/cmake/ament_cmake_export_libraries-extras.cmake
[1.049s] -- Up-to-date: /home/orin/auto_install/orz_robot/install/ros2_socketcan/share/ros2_socketcan/cmake/ros2_socketcanConfig.cmake
[1.050s] -- Up-to-date: /home/orin/auto_install/orz_robot/install/ros2_socketcan/share/ros2_socketcan/cmake/ros2_socketcanConfig-version.cmake
[1.050s] -- Up-to-date: /home/orin/auto_install/orz_robot/install/ros2_socketcan/share/ros2_socketcan/package.xml
[1.051s] Invoked command in '/home/orin/auto_install/orz_robot/build/ros2_socketcan' returned '0': CMAKE_PREFIX_PATH=/home/orin/auto_install/orz_robot/install/ros2_socketcan_msgs:/home/orin/auto_install/orz_robot/install/ros2_socketcan:/home/orin/auto_install/orz_robot/install/robot_test:/home/orin/auto_install/orz_robot/install/robot_qtrecv:/home/orin/auto_install/orz_robot/install/robot_kinematics:/home/orin/auto_install/orz_robot/install/robot_interfaces:/home/orin/auto_install/orz_robot/install/robot_gazebo:/home/orin/auto_install/orz_robot/install/robot_driver:/home/orin/auto_install/orz_robot/install/robot_config:/home/orin/auto_install/orz_robot/install/robot_description:/home/orin/auto_install/orz_robot/install/robot_control:/home/orin/auto_install/orz_robot/install/robot_bringup:/home/orin/auto_install/orz_robot/install/robot_test_py:/home/orin/auto_install/orz_robot/install/robot_keyboard_to_twist_py:/opt/ros/humble LD_LIBRARY_PATH=/home/orin/auto_install/orz_robot/install/ros2_socketcan_msgs/lib:/home/orin/auto_install/orz_robot/install/ros2_socketcan/lib:/home/orin/auto_install/orz_robot/install/robot_interfaces/lib:/opt/ros/humble/opt/rviz_ogre_vendor/lib:/opt/ros/humble/lib/aarch64-linux-gnu:/opt/ros/humble/lib /usr/bin/cmake --install /home/orin/auto_install/orz_robot/build/ros2_socketcan
