[1.831s] Invoking command in '/home/orin/auto_install/orz_robot/src/robot_keyboard_to_twist_py': PYTHONPATH=/home/orin/auto_install/orz_robot/build/robot_keyboard_to_twist_py/prefix_override:/usr/lib/python3/dist-packages/colcon_core/task/python/colcon_distutils_commands:/home/orin/auto_install/orz_robot/install/robot_keyboard_to_twist_py/lib/python3.10/site-packages:${PYTHONPATH} /usr/bin/python3 -W ignore:setup.py install is deprecated -W ignore:easy_install command is deprecated setup.py egg_info --egg-base ../../build/robot_keyboard_to_twist_py build --build-base /home/orin/auto_install/orz_robot/build/robot_keyboard_to_twist_py/build install --record /home/orin/auto_install/orz_robot/build/robot_keyboard_to_twist_py/install.log --single-version-externally-managed install_data
[2.384s] running egg_info
[2.386s] creating ../../build/robot_keyboard_to_twist_py/robot_keyboard_to_twist_py.egg-info
[2.387s] writing ../../build/robot_keyboard_to_twist_py/robot_keyboard_to_twist_py.egg-info/PKG-INFO
[2.388s] writing dependency_links to ../../build/robot_keyboard_to_twist_py/robot_keyboard_to_twist_py.egg-info/dependency_links.txt
[2.388s] writing entry points to ../../build/robot_keyboard_to_twist_py/robot_keyboard_to_twist_py.egg-info/entry_points.txt
[2.389s] writing requirements to ../../build/robot_keyboard_to_twist_py/robot_keyboard_to_twist_py.egg-info/requires.txt
[2.389s] writing top-level names to ../../build/robot_keyboard_to_twist_py/robot_keyboard_to_twist_py.egg-info/top_level.txt
[2.389s] writing manifest file '../../build/robot_keyboard_to_twist_py/robot_keyboard_to_twist_py.egg-info/SOURCES.txt'
[2.396s] reading manifest file '../../build/robot_keyboard_to_twist_py/robot_keyboard_to_twist_py.egg-info/SOURCES.txt'
[2.396s] writing manifest file '../../build/robot_keyboard_to_twist_py/robot_keyboard_to_twist_py.egg-info/SOURCES.txt'
[2.397s] running build
[2.397s] running build_py
[2.398s] creating /home/orin/auto_install/orz_robot/build/robot_keyboard_to_twist_py/build
[2.398s] creating /home/orin/auto_install/orz_robot/build/robot_keyboard_to_twist_py/build/lib
[2.398s] creating /home/orin/auto_install/orz_robot/build/robot_keyboard_to_twist_py/build/lib/robot_keyboard_to_twist_py
[2.398s] copying robot_keyboard_to_twist_py/keyboard_to_twist.py -> /home/orin/auto_install/orz_robot/build/robot_keyboard_to_twist_py/build/lib/robot_keyboard_to_twist_py
[2.400s] copying robot_keyboard_to_twist_py/__init__.py -> /home/orin/auto_install/orz_robot/build/robot_keyboard_to_twist_py/build/lib/robot_keyboard_to_twist_py
[2.401s] running install
[2.402s] running install_lib
[2.404s] creating /home/orin/auto_install/orz_robot/install/robot_keyboard_to_twist_py/lib/python3.10/site-packages/robot_keyboard_to_twist_py
[2.404s] copying /home/orin/auto_install/orz_robot/build/robot_keyboard_to_twist_py/build/lib/robot_keyboard_to_twist_py/keyboard_to_twist.py -> /home/orin/auto_install/orz_robot/install/robot_keyboard_to_twist_py/lib/python3.10/site-packages/robot_keyboard_to_twist_py
[2.404s] copying /home/orin/auto_install/orz_robot/build/robot_keyboard_to_twist_py/build/lib/robot_keyboard_to_twist_py/__init__.py -> /home/orin/auto_install/orz_robot/install/robot_keyboard_to_twist_py/lib/python3.10/site-packages/robot_keyboard_to_twist_py
[2.406s] byte-compiling /home/orin/auto_install/orz_robot/install/robot_keyboard_to_twist_py/lib/python3.10/site-packages/robot_keyboard_to_twist_py/keyboard_to_twist.py to keyboard_to_twist.cpython-310.pyc
[2.412s] byte-compiling /home/orin/auto_install/orz_robot/install/robot_keyboard_to_twist_py/lib/python3.10/site-packages/robot_keyboard_to_twist_py/__init__.py to __init__.cpython-310.pyc
[2.412s] running install_data
[2.413s] creating /home/orin/auto_install/orz_robot/install/robot_keyboard_to_twist_py/share/ament_index
[2.413s] creating /home/orin/auto_install/orz_robot/install/robot_keyboard_to_twist_py/share/ament_index/resource_index
[2.413s] creating /home/orin/auto_install/orz_robot/install/robot_keyboard_to_twist_py/share/ament_index/resource_index/packages
[2.413s] copying resource/robot_keyboard_to_twist_py -> /home/orin/auto_install/orz_robot/install/robot_keyboard_to_twist_py/share/ament_index/resource_index/packages
[2.413s] copying package.xml -> /home/orin/auto_install/orz_robot/install/robot_keyboard_to_twist_py/share/robot_keyboard_to_twist_py
[2.414s] running install_egg_info
[2.418s] Copying ../../build/robot_keyboard_to_twist_py/robot_keyboard_to_twist_py.egg-info to /home/orin/auto_install/orz_robot/install/robot_keyboard_to_twist_py/lib/python3.10/site-packages/robot_keyboard_to_twist_py-0.0.0-py3.10.egg-info
[2.421s] running install_scripts
[2.471s] Installing keyboard_to_twist_py script to /home/orin/auto_install/orz_robot/install/robot_keyboard_to_twist_py/lib/robot_keyboard_to_twist_py
[2.472s] writing list of installed files to '/home/orin/auto_install/orz_robot/build/robot_keyboard_to_twist_py/install.log'
[2.581s] Invoked command in '/home/orin/auto_install/orz_robot/src/robot_keyboard_to_twist_py' returned '0': PYTHONPATH=/home/orin/auto_install/orz_robot/build/robot_keyboard_to_twist_py/prefix_override:/usr/lib/python3/dist-packages/colcon_core/task/python/colcon_distutils_commands:/home/orin/auto_install/orz_robot/install/robot_keyboard_to_twist_py/lib/python3.10/site-packages:${PYTHONPATH} /usr/bin/python3 -W ignore:setup.py install is deprecated -W ignore:easy_install command is deprecated setup.py egg_info --egg-base ../../build/robot_keyboard_to_twist_py build --build-base /home/orin/auto_install/orz_robot/build/robot_keyboard_to_twist_py/build install --record /home/orin/auto_install/orz_robot/build/robot_keyboard_to_twist_py/install.log --single-version-externally-managed install_data
