-- The C compiler identification is GNU 11.4.0
-- The CXX compiler identification is GNU 11.4.0
-- Detecting C compiler ABI info
-- Detecting C compiler ABI info - done
-- Check for working C compiler: /usr/bin/cc - skipped
-- Detecting C compile features
-- Detecting C compile features - done
-- Detecting CXX compiler ABI info
-- Detecting CXX compiler ABI info - done
-- Check for working CXX compiler: /usr/bin/c++ - skipped
-- Detecting CXX compile features
-- Detecting CXX compile features - done
-- Found ament_cmake: 1.3.11 (/opt/ros/humble/share/ament_cmake/cmake)
-- Found Python3: /usr/bin/python3 (found version "3.10.12") found components: Interpreter 
-- Found rclcpp: 16.0.11 (/opt/ros/humble/share/rclcpp/cmake)
-- Found rosidl_generator_c: 3.1.6 (/opt/ros/humble/share/rosidl_generator_c/cmake)
-- Found rosidl_adapter: 3.1.6 (/opt/ros/humble/share/rosidl_adapter/cmake)
-- Found rosidl_generator_cpp: 3.1.6 (/opt/ros/humble/share/rosidl_generator_cpp/cmake)
-- Using all available rosidl_typesupport_c: rosidl_typesupport_fastrtps_c;rosidl_typesupport_introspection_c
-- Using all available rosidl_typesupport_cpp: rosidl_typesupport_fastrtps_cpp;rosidl_typesupport_introspection_cpp
-- Found rmw_implementation_cmake: 6.1.2 (/opt/ros/humble/share/rmw_implementation_cmake/cmake)
-- Found rmw_fastrtps_cpp: 6.2.7 (/opt/ros/humble/share/rmw_fastrtps_cpp/cmake)
-- Found OpenSSL: /usr/lib/aarch64-linux-gnu/libcrypto.so (found version "3.0.2")  
-- Found FastRTPS: /opt/ros/humble/include  
-- Using RMW implementation 'rmw_fastrtps_cpp' as default
-- Looking for pthread.h
-- Looking for pthread.h - found
-- Performing Test CMAKE_HAVE_LIBC_PTHREAD
-- Performing Test CMAKE_HAVE_LIBC_PTHREAD - Success
-- Found Threads: TRUE  
-- Found moveit_ros_planning_interface: 2.5.8 (/opt/ros/humble/share/moveit_ros_planning_interface/cmake)
-- Found Boost: /usr/lib/aarch64-linux-gnu/cmake/Boost-1.74.0/BoostConfig.cmake (found version "1.74.0") found components: date_time filesystem program_options system thread 
-- Found Boost: /usr/lib/aarch64-linux-gnu/cmake/Boost-1.74.0/BoostConfig.cmake (found version "1.74.0") found components: chrono date_time filesystem iostreams program_options regex serialization system thread 
-- Found parameter_traits: 0.4.0 (/opt/ros/humble/share/parameter_traits/cmake)
-- Found Eigen3: TRUE (found version "3.4.0") 
-- Found rclcpp_lifecycle: 16.0.11 (/opt/ros/humble/share/rclcpp_lifecycle/cmake)
-- Found Boost: /usr/lib/aarch64-linux-gnu/cmake/Boost-1.74.0/BoostConfig.cmake (found version "1.74.0") found components: filesystem 
-- library: /usr/lib/aarch64-linux-gnu/libcurl.so
-- Ensuring Eigen3 include directory is part of orocos-kdl CMake target
-- Found Boost: /usr/lib/aarch64-linux-gnu/cmake/Boost-1.74.0/BoostConfig.cmake (found version "1.74.0") found components: system filesystem date_time program_options thread chrono 
-- Found Boost: /usr/lib/aarch64-linux-gnu/cmake/Boost-1.74.0/BoostConfig.cmake (found version "1.74.0") found components: thread system filesystem regex date_time program_options 
-- Found Boost: /usr/lib/aarch64-linux-gnu/cmake/Boost-1.74.0/BoostConfig.cmake (found version "1.74.0") found components: system filesystem date_time program_options thread 
-- Found actionlib_msgs: 4.2.4 (/opt/ros/humble/share/actionlib_msgs/cmake)
-- Found control_msgs: 4.7.0 (/opt/ros/humble/share/control_msgs/cmake)
-- Found robot_interfaces: 0.0.0 (/home/orin/auto_install/orz_robot/install/robot_interfaces/share/robot_interfaces/cmake)
-- Found ament_lint_auto: 0.12.11 (/opt/ros/humble/share/ament_lint_auto/cmake)
-- Added test 'cppcheck' to perform static code analysis on C / C++ code
-- Configured cppcheck include dirs: /home/orin/auto_install/orz_robot/src/robot_kinematics/include;/home/orin/auto_install/orz_robot/src/robot_kinematics/include/robot_kinematics
-- Configured cppcheck exclude dirs and/or files: 
-- Added test 'flake8' to check Python code syntax and style conventions
-- Added test 'lint_cmake' to check CMake code style
-- Added test 'pep257' to check Python code against some of the docstring style conventions in PEP 257
-- Added test 'uncrustify' to check C / C++ code style
-- Configured uncrustify additional arguments: 
-- Added test 'xmllint' to check XML markup files
-- Configuring done
-- Generating done
-- Build files have been written to: /home/orin/auto_install/orz_robot/build/robot_kinematics
[ 16%] [32mBuilding CXX object CMakeFiles/robot_state_get.dir/src/robot_state_get.cpp.o[0m
[ 33%] [32mBuilding CXX object CMakeFiles/robot_key_controller.dir/src/robot_key_controller.cpp.o[0m
[ 50%] [32mBuilding CXX object CMakeFiles/robot_func.dir/src/robot_func.cpp.o[0m
[ 66%] [32m[1mLinking CXX executable robot_state_get[0m
[ 66%] Built target robot_state_get
[ 83%] [32m[1mLinking CXX executable robot_func[0m
[ 83%] Built target robot_func
[100%] [32m[1mLinking CXX executable robot_key_controller[0m
[100%] Built target robot_key_controller
-- Install configuration: ""
-- Installing: /home/orin/auto_install/orz_robot/install/robot_kinematics/lib/robot_kinematics/robot_state_get
-- Set runtime path of "/home/orin/auto_install/orz_robot/install/robot_kinematics/lib/robot_kinematics/robot_state_get" to ""
-- Installing: /home/orin/auto_install/orz_robot/install/robot_kinematics/lib/robot_kinematics/robot_func
-- Set runtime path of "/home/orin/auto_install/orz_robot/install/robot_kinematics/lib/robot_kinematics/robot_func" to ""
-- Installing: /home/orin/auto_install/orz_robot/install/robot_kinematics/lib/robot_kinematics/robot_key_controller
-- Set runtime path of "/home/orin/auto_install/orz_robot/install/robot_kinematics/lib/robot_kinematics/robot_key_controller" to ""
-- Installing: /home/orin/auto_install/orz_robot/install/robot_kinematics/share/robot_kinematics/launch
-- Installing: /home/orin/auto_install/orz_robot/install/robot_kinematics/share/robot_kinematics/launch/robot_func.launch.py
-- Installing: /home/orin/auto_install/orz_robot/install/robot_kinematics/share/robot_kinematics/launch/robot_state_get.launch.py
-- Installing: /home/orin/auto_install/orz_robot/install/robot_kinematics/share/ament_index/resource_index/package_run_dependencies/robot_kinematics
-- Installing: /home/orin/auto_install/orz_robot/install/robot_kinematics/share/ament_index/resource_index/parent_prefix_path/robot_kinematics
-- Installing: /home/orin/auto_install/orz_robot/install/robot_kinematics/share/robot_kinematics/environment/ament_prefix_path.sh
-- Installing: /home/orin/auto_install/orz_robot/install/robot_kinematics/share/robot_kinematics/environment/ament_prefix_path.dsv
-- Installing: /home/orin/auto_install/orz_robot/install/robot_kinematics/share/robot_kinematics/environment/path.sh
-- Installing: /home/orin/auto_install/orz_robot/install/robot_kinematics/share/robot_kinematics/environment/path.dsv
-- Installing: /home/orin/auto_install/orz_robot/install/robot_kinematics/share/robot_kinematics/local_setup.bash
-- Installing: /home/orin/auto_install/orz_robot/install/robot_kinematics/share/robot_kinematics/local_setup.sh
-- Installing: /home/orin/auto_install/orz_robot/install/robot_kinematics/share/robot_kinematics/local_setup.zsh
-- Installing: /home/orin/auto_install/orz_robot/install/robot_kinematics/share/robot_kinematics/local_setup.dsv
-- Installing: /home/orin/auto_install/orz_robot/install/robot_kinematics/share/robot_kinematics/package.dsv
-- Installing: /home/orin/auto_install/orz_robot/install/robot_kinematics/share/ament_index/resource_index/packages/robot_kinematics
-- Installing: /home/orin/auto_install/orz_robot/install/robot_kinematics/share/robot_kinematics/cmake/robot_kinematicsConfig.cmake
-- Installing: /home/orin/auto_install/orz_robot/install/robot_kinematics/share/robot_kinematics/cmake/robot_kinematicsConfig-version.cmake
-- Installing: /home/orin/auto_install/orz_robot/install/robot_kinematics/share/robot_kinematics/package.xml
