[35m[1mConsolidate compiler generated dependencies of target robot_driver_canrx[0m
[35m[1mConsolidate compiler generated dependencies of target robot_driver_cantx[0m
[ 50%] Built target robot_driver_cantx
[100%] Built target robot_driver_canrx
-- Install configuration: ""
-- Up-to-date: /home/orin/auto_install/orz_robot/install/robot_driver/lib/robot_driver/robot_driver_cantx
-- Up-to-date: /home/orin/auto_install/orz_robot/install/robot_driver/lib/robot_driver/robot_driver_canrx
-- Up-to-date: /home/orin/auto_install/orz_robot/install/robot_driver/share/robot_driver/launch
-- Up-to-date: /home/orin/auto_install/orz_robot/install/robot_driver/share/robot_driver/launch/robot_driver_cantx.launch.py
-- Up-to-date: /home/orin/auto_install/orz_robot/install/robot_driver/share/robot_driver/launch/robot_driver.launch.py
-- Up-to-date: /home/orin/auto_install/orz_robot/install/robot_driver/share/robot_driver/launch/robot_driver_canrx.launch.py
-- Up-to-date: /home/orin/auto_install/orz_robot/install/robot_driver/share/ament_index/resource_index/package_run_dependencies/robot_driver
-- Up-to-date: /home/orin/auto_install/orz_robot/install/robot_driver/share/ament_index/resource_index/parent_prefix_path/robot_driver
-- Up-to-date: /home/orin/auto_install/orz_robot/install/robot_driver/share/robot_driver/environment/ament_prefix_path.sh
-- Up-to-date: /home/orin/auto_install/orz_robot/install/robot_driver/share/robot_driver/environment/ament_prefix_path.dsv
-- Up-to-date: /home/orin/auto_install/orz_robot/install/robot_driver/share/robot_driver/environment/path.sh
-- Up-to-date: /home/orin/auto_install/orz_robot/install/robot_driver/share/robot_driver/environment/path.dsv
-- Up-to-date: /home/orin/auto_install/orz_robot/install/robot_driver/share/robot_driver/local_setup.bash
-- Up-to-date: /home/orin/auto_install/orz_robot/install/robot_driver/share/robot_driver/local_setup.sh
-- Up-to-date: /home/orin/auto_install/orz_robot/install/robot_driver/share/robot_driver/local_setup.zsh
-- Up-to-date: /home/orin/auto_install/orz_robot/install/robot_driver/share/robot_driver/local_setup.dsv
-- Installing: /home/orin/auto_install/orz_robot/install/robot_driver/share/robot_driver/package.dsv
-- Up-to-date: /home/orin/auto_install/orz_robot/install/robot_driver/share/ament_index/resource_index/packages/robot_driver
-- Up-to-date: /home/orin/auto_install/orz_robot/install/robot_driver/share/robot_driver/cmake/robot_driverConfig.cmake
-- Up-to-date: /home/orin/auto_install/orz_robot/install/robot_driver/share/robot_driver/cmake/robot_driverConfig-version.cmake
-- Up-to-date: /home/orin/auto_install/orz_robot/install/robot_driver/share/robot_driver/package.xml
