[0.089s] Invoking command in '/home/orin/auto_install/orz_robot/build/robot_driver': CMAKE_PREFIX_PATH=${CMAKE_PREFIX_PATH}:/home/orin/auto_install/orz_robot/install/robot_test_py:/home/orin/auto_install/orz_robot/install/robot_keyboard_to_twist_py:/opt/ros/humble /usr/bin/cmake --build /home/orin/auto_install/orz_robot/build/robot_driver -- -j8 -l8
[0.763s] [35m[1mConsolidate compiler generated dependencies of target robot_driver_canrx[0m
[0.763s] [35m[1mConsolidate compiler generated dependencies of target robot_driver_cantx[0m
[0.763s] [ 50%] Built target robot_driver_cantx
[0.763s] [100%] Built target robot_driver_canrx
[0.817s] Invoked command in '/home/orin/auto_install/orz_robot/build/robot_driver' returned '0': CMAKE_PREFIX_PATH=${CMAKE_PREFIX_PATH}:/home/orin/auto_install/orz_robot/install/robot_test_py:/home/orin/auto_install/orz_robot/install/robot_keyboard_to_twist_py:/opt/ros/humble /usr/bin/cmake --build /home/orin/auto_install/orz_robot/build/robot_driver -- -j8 -l8
[0.819s] Invoking command in '/home/orin/auto_install/orz_robot/build/robot_driver': CMAKE_PREFIX_PATH=${CMAKE_PREFIX_PATH}:/home/orin/auto_install/orz_robot/install/robot_test_py:/home/orin/auto_install/orz_robot/install/robot_keyboard_to_twist_py:/opt/ros/humble /usr/bin/cmake --install /home/orin/auto_install/orz_robot/build/robot_driver
[0.843s] -- Install configuration: ""
[0.845s] -- Up-to-date: /home/orin/auto_install/orz_robot/install/robot_driver/lib/robot_driver/robot_driver_cantx
[0.852s] -- Up-to-date: /home/orin/auto_install/orz_robot/install/robot_driver/lib/robot_driver/robot_driver_canrx
[0.852s] -- Up-to-date: /home/orin/auto_install/orz_robot/install/robot_driver/share/robot_driver/launch
[0.853s] -- Up-to-date: /home/orin/auto_install/orz_robot/install/robot_driver/share/robot_driver/launch/robot_driver_cantx.launch.py
[0.853s] -- Up-to-date: /home/orin/auto_install/orz_robot/install/robot_driver/share/robot_driver/launch/robot_driver.launch.py
[0.853s] -- Up-to-date: /home/orin/auto_install/orz_robot/install/robot_driver/share/robot_driver/launch/robot_driver_canrx.launch.py
[0.853s] -- Up-to-date: /home/orin/auto_install/orz_robot/install/robot_driver/share/ament_index/resource_index/package_run_dependencies/robot_driver
[0.853s] -- Up-to-date: /home/orin/auto_install/orz_robot/install/robot_driver/share/ament_index/resource_index/parent_prefix_path/robot_driver
[0.853s] -- Up-to-date: /home/orin/auto_install/orz_robot/install/robot_driver/share/robot_driver/environment/ament_prefix_path.sh
[0.853s] -- Up-to-date: /home/orin/auto_install/orz_robot/install/robot_driver/share/robot_driver/environment/ament_prefix_path.dsv
[0.854s] -- Up-to-date: /home/orin/auto_install/orz_robot/install/robot_driver/share/robot_driver/environment/path.sh
[0.854s] -- Up-to-date: /home/orin/auto_install/orz_robot/install/robot_driver/share/robot_driver/environment/path.dsv
[0.854s] -- Up-to-date: /home/orin/auto_install/orz_robot/install/robot_driver/share/robot_driver/local_setup.bash
[0.854s] -- Up-to-date: /home/orin/auto_install/orz_robot/install/robot_driver/share/robot_driver/local_setup.sh
[0.854s] -- Up-to-date: /home/orin/auto_install/orz_robot/install/robot_driver/share/robot_driver/local_setup.zsh
[0.854s] -- Up-to-date: /home/orin/auto_install/orz_robot/install/robot_driver/share/robot_driver/local_setup.dsv
[0.854s] -- Installing: /home/orin/auto_install/orz_robot/install/robot_driver/share/robot_driver/package.dsv
[0.854s] -- Up-to-date: /home/orin/auto_install/orz_robot/install/robot_driver/share/ament_index/resource_index/packages/robot_driver
[0.855s] -- Up-to-date: /home/orin/auto_install/orz_robot/install/robot_driver/share/robot_driver/cmake/robot_driverConfig.cmake
[0.855s] -- Up-to-date: /home/orin/auto_install/orz_robot/install/robot_driver/share/robot_driver/cmake/robot_driverConfig-version.cmake
[0.855s] -- Up-to-date: /home/orin/auto_install/orz_robot/install/robot_driver/share/robot_driver/package.xml
[1.050s] Invoked command in '/home/orin/auto_install/orz_robot/build/robot_driver' returned '0': CMAKE_PREFIX_PATH=${CMAKE_PREFIX_PATH}:/home/orin/auto_install/orz_robot/install/robot_test_py:/home/orin/auto_install/orz_robot/install/robot_keyboard_to_twist_py:/opt/ros/humble /usr/bin/cmake --install /home/orin/auto_install/orz_robot/build/robot_driver
