[0.093s] Invoking command in '/home/orin/auto_install/orz_robot/build/robot_control': CMAKE_PREFIX_PATH=${CMAKE_PREFIX_PATH}:/home/orin/auto_install/orz_robot/install/robot_test_py:/home/orin/auto_install/orz_robot/install/robot_keyboard_to_twist_py:/opt/ros/humble /usr/bin/cmake --build /home/orin/auto_install/orz_robot/build/robot_control -- -j8 -l8
[0.772s] [35m[1mConsolidate compiler generated dependencies of target robot_control[0m
[0.772s] [100%] Built target robot_control
[0.819s] Invoked command in '/home/orin/auto_install/orz_robot/build/robot_control' returned '0': CMAKE_PREFIX_PATH=${CMAKE_PREFIX_PATH}:/home/orin/auto_install/orz_robot/install/robot_test_py:/home/orin/auto_install/orz_robot/install/robot_keyboard_to_twist_py:/opt/ros/humble /usr/bin/cmake --build /home/orin/auto_install/orz_robot/build/robot_control -- -j8 -l8
[0.825s] Invoking command in '/home/orin/auto_install/orz_robot/build/robot_control': CMAKE_PREFIX_PATH=${CMAKE_PREFIX_PATH}:/home/orin/auto_install/orz_robot/install/robot_test_py:/home/orin/auto_install/orz_robot/install/robot_keyboard_to_twist_py:/opt/ros/humble /usr/bin/cmake --install /home/orin/auto_install/orz_robot/build/robot_control
[0.848s] -- Install configuration: ""
[0.849s] -- Up-to-date: /home/orin/auto_install/orz_robot/install/robot_control/share/robot_control/launch
[0.849s] -- Up-to-date: /home/orin/auto_install/orz_robot/install/robot_control/share/robot_control/launch/robot_control.launch.py
[0.850s] -- Up-to-date: /home/orin/auto_install/orz_robot/install/robot_control/lib/robot_control/robot_control
[0.850s] -- Up-to-date: /home/orin/auto_install/orz_robot/install/robot_control/share/ament_index/resource_index/package_run_dependencies/robot_control
[0.851s] -- Up-to-date: /home/orin/auto_install/orz_robot/install/robot_control/share/ament_index/resource_index/parent_prefix_path/robot_control
[0.851s] -- Up-to-date: /home/orin/auto_install/orz_robot/install/robot_control/share/robot_control/environment/ament_prefix_path.sh
[0.851s] -- Up-to-date: /home/orin/auto_install/orz_robot/install/robot_control/share/robot_control/environment/ament_prefix_path.dsv
[0.851s] -- Up-to-date: /home/orin/auto_install/orz_robot/install/robot_control/share/robot_control/environment/path.sh
[0.851s] -- Up-to-date: /home/orin/auto_install/orz_robot/install/robot_control/share/robot_control/environment/path.dsv
[0.851s] -- Up-to-date: /home/orin/auto_install/orz_robot/install/robot_control/share/robot_control/local_setup.bash
[0.852s] -- Up-to-date: /home/orin/auto_install/orz_robot/install/robot_control/share/robot_control/local_setup.sh
[0.852s] -- Up-to-date: /home/orin/auto_install/orz_robot/install/robot_control/share/robot_control/local_setup.zsh
[0.852s] -- Up-to-date: /home/orin/auto_install/orz_robot/install/robot_control/share/robot_control/local_setup.dsv
[0.852s] -- Installing: /home/orin/auto_install/orz_robot/install/robot_control/share/robot_control/package.dsv
[0.852s] -- Up-to-date: /home/orin/auto_install/orz_robot/install/robot_control/share/ament_index/resource_index/packages/robot_control
[0.852s] -- Up-to-date: /home/orin/auto_install/orz_robot/install/robot_control/share/robot_control/cmake/robot_controlConfig.cmake
[0.853s] -- Up-to-date: /home/orin/auto_install/orz_robot/install/robot_control/share/robot_control/cmake/robot_controlConfig-version.cmake
[0.853s] -- Up-to-date: /home/orin/auto_install/orz_robot/install/robot_control/share/robot_control/package.xml
[0.970s] Invoked command in '/home/orin/auto_install/orz_robot/build/robot_control' returned '0': CMAKE_PREFIX_PATH=${CMAKE_PREFIX_PATH}:/home/orin/auto_install/orz_robot/install/robot_test_py:/home/orin/auto_install/orz_robot/install/robot_keyboard_to_twist_py:/opt/ros/humble /usr/bin/cmake --install /home/orin/auto_install/orz_robot/build/robot_control
