[0.019s] Invoking command in '/home/orin/auto_install/orz_robot/build/ros2_socketcan_msgs': CMAKE_PREFIX_PATH=/opt/ros/humble /usr/bin/cmake /home/orin/auto_install/orz_robot/src/ros2_socketcan/ros2_socketcan_msgs -DCMAKE_INSTALL_PREFIX=/home/orin/auto_install/orz_robot/install/ros2_socketcan_msgs
[0.140s] -- The C compiler identification is GNU 11.4.0
[0.255s] -- The CXX compiler identification is GNU 11.4.0
[0.277s] -- Detecting C compiler ABI info
[0.430s] -- Detecting C compiler ABI info - done
[0.449s] -- Check for working C compiler: /usr/bin/cc - skipped
[0.449s] -- Detecting C compile features
[0.450s] -- Detecting C compile features - done
[0.458s] -- Detecting CXX compiler ABI info
[0.643s] -- Detecting CXX compiler ABI info - done
[0.662s] -- Check for working CXX compiler: /usr/bin/c++ - skipped
[0.663s] -- Detecting CXX compile features
[0.663s] -- Detecting CXX compile features - done
[0.669s] -- Found ament_cmake_auto: 1.3.11 (/opt/ros/humble/share/ament_cmake_auto/cmake)
[0.987s] -- Found Python3: /usr/bin/python3 (found version "3.10.12") found components: Interpreter 
[1.318s] -- Using all available rosidl_typesupport_c: rosidl_typesupport_fastrtps_c;rosidl_typesupport_introspection_c
[1.333s] -- Found rosidl_adapter: 3.1.6 (/opt/ros/humble/share/rosidl_adapter/cmake)
[1.414s] -- Using all available rosidl_typesupport_cpp: rosidl_typesupport_fastrtps_cpp;rosidl_typesupport_introspection_cpp
[2.019s] -- Found ament_cmake_cppcheck: 0.12.11 (/opt/ros/humble/share/ament_cmake_cppcheck/cmake)
[2.026s] -- Found ament_cmake_cpplint: 0.12.11 (/opt/ros/humble/share/ament_cmake_cpplint/cmake)
[2.032s] -- Found ament_cmake_uncrustify: 0.12.11 (/opt/ros/humble/share/ament_cmake_uncrustify/cmake)
[2.039s] -- Found ament_cmake_ros: 0.10.0 (/opt/ros/humble/share/ament_cmake_ros/cmake)
[2.538s] -- Using all available rosidl_typesupport_c: rosidl_typesupport_fastrtps_c;rosidl_typesupport_introspection_c
[3.235s] -- Using all available rosidl_typesupport_cpp: rosidl_typesupport_fastrtps_cpp;rosidl_typesupport_introspection_cpp
[3.287s] -- Found PythonInterp: /usr/bin/python3 (found suitable version "3.10.12", minimum required is "3.6") 
[3.293s] -- Found python_cmake_module: 0.10.0 (/opt/ros/humble/share/python_cmake_module/cmake)
[3.357s] -- Found PythonLibs: /usr/lib/aarch64-linux-gnu/libpython3.10.so (found suitable version "3.10.12", minimum required is "3.5") 
[3.358s] -- Using PYTHON_EXECUTABLE: /usr/bin/python3
[3.358s] -- Using PYTHON_INCLUDE_DIRS: /usr/include/python3.10
[3.358s] -- Using PYTHON_LIBRARIES: /usr/lib/aarch64-linux-gnu/libpython3.10.so
[3.402s] -- Found PythonExtra: .so  
[3.534s] -- Found ament_cmake_flake8: 0.12.11 (/opt/ros/humble/share/ament_cmake_flake8/cmake)
[3.540s] -- Found ament_cmake_pep257: 0.12.11 (/opt/ros/humble/share/ament_cmake_pep257/cmake)
[3.547s] -- Found ament_lint_auto: 0.12.11 (/opt/ros/humble/share/ament_lint_auto/cmake)
[3.578s] -- Added test 'copyright' to check source files copyright and LICENSE
[3.578s] -- Added test 'lint_cmake' to check CMake code style
[3.579s] -- Added test 'xmllint' to check XML markup files
[3.584s] -- Configuring done
[3.650s] -- Generating done
[3.673s] -- Build files have been written to: /home/orin/auto_install/orz_robot/build/ros2_socketcan_msgs
[3.697s] Invoked command in '/home/orin/auto_install/orz_robot/build/ros2_socketcan_msgs' returned '0': CMAKE_PREFIX_PATH=/opt/ros/humble /usr/bin/cmake /home/orin/auto_install/orz_robot/src/ros2_socketcan/ros2_socketcan_msgs -DCMAKE_INSTALL_PREFIX=/home/orin/auto_install/orz_robot/install/ros2_socketcan_msgs
[3.703s] Invoking command in '/home/orin/auto_install/orz_robot/build/ros2_socketcan_msgs': CMAKE_PREFIX_PATH=/opt/ros/humble /usr/bin/cmake --build /home/orin/auto_install/orz_robot/build/ros2_socketcan_msgs -- -j8 -l8
[3.780s] [  3%] [34m[1mGenerating C code for ROS interfaces[0m
[3.798s] [  6%] [34m[1mGenerating C++ code for ROS interfaces[0m
[3.815s] [  6%] Built target ament_cmake_python_copy_ros2_socketcan_msgs
[4.326s] [  6%] Built target ros2_socketcan_msgs__cpp
[4.326s] [  9%] [32mBuilding C object CMakeFiles/ros2_socketcan_msgs__rosidl_generator_c.dir/rosidl_generator_c/ros2_socketcan_msgs/msg/detail/fd_frame__functions.c.o[0m
[4.333s] running egg_info
[4.334s] creating ros2_socketcan_msgs.egg-info
[4.335s] writing ros2_socketcan_msgs.egg-info/PKG-INFO
[4.335s] writing dependency_links to ros2_socketcan_msgs.egg-info/dependency_links.txt
[4.336s] writing top-level names to ros2_socketcan_msgs.egg-info/top_level.txt
[4.336s] writing manifest file 'ros2_socketcan_msgs.egg-info/SOURCES.txt'
[4.341s] reading manifest file 'ros2_socketcan_msgs.egg-info/SOURCES.txt'
[4.343s] writing manifest file 'ros2_socketcan_msgs.egg-info/SOURCES.txt'
[4.345s] [ 19%] [34m[1mGenerating C++ introspection for ROS interfaces[0m
[4.345s] [ 19%] [34m[1mGenerating C++ type support for eProsima Fast-RTPS[0m
[4.346s] [ 19%] [34m[1mGenerating C++ type support dispatch for ROS interfaces[0m
[4.432s] [ 19%] Built target ament_cmake_python_build_ros2_socketcan_msgs_egg
[4.489s] [ 22%] [32m[1mLinking C shared library libros2_socketcan_msgs__rosidl_generator_c.so[0m
[4.563s] [ 22%] Built target ros2_socketcan_msgs__rosidl_generator_c
[4.583s] [ 32%] [34m[1mGenerating C type support for eProsima Fast-RTPS[0m
[4.584s] [ 32%] [34m[1mGenerating C introspection for ROS interfaces[0m
[4.584s] [ 32%] [34m[1mGenerating C type support dispatch for ROS interfaces[0m
[4.877s] [ 35%] [32mBuilding CXX object CMakeFiles/ros2_socketcan_msgs__rosidl_typesupport_introspection_cpp.dir/rosidl_typesupport_introspection_cpp/ros2_socketcan_msgs/msg/detail/fd_frame__type_support.cpp.o[0m
[4.883s] [ 38%] [32mBuilding CXX object CMakeFiles/ros2_socketcan_msgs__rosidl_typesupport_fastrtps_cpp.dir/rosidl_typesupport_fastrtps_cpp/ros2_socketcan_msgs/msg/detail/dds_fastrtps/fd_frame__type_support.cpp.o[0m
[4.905s] [ 41%] [32mBuilding CXX object CMakeFiles/ros2_socketcan_msgs__rosidl_typesupport_cpp.dir/rosidl_typesupport_cpp/ros2_socketcan_msgs/msg/fd_frame__type_support.cpp.o[0m
[5.087s] [ 45%] [32mBuilding CXX object CMakeFiles/ros2_socketcan_msgs__rosidl_typesupport_c.dir/rosidl_typesupport_c/ros2_socketcan_msgs/msg/fd_frame__type_support.cpp.o[0m
[5.122s] [ 48%] [32mBuilding CXX object CMakeFiles/ros2_socketcan_msgs__rosidl_typesupport_fastrtps_c.dir/rosidl_typesupport_fastrtps_c/ros2_socketcan_msgs/msg/detail/fd_frame__type_support_c.cpp.o[0m
[5.127s] [ 51%] [32mBuilding C object CMakeFiles/ros2_socketcan_msgs__rosidl_typesupport_introspection_c.dir/rosidl_typesupport_introspection_c/ros2_socketcan_msgs/msg/detail/fd_frame__type_support.c.o[0m
[5.155s] [ 54%] [32m[1mLinking CXX shared library libros2_socketcan_msgs__rosidl_typesupport_c.so[0m
[5.207s] [ 58%] [32m[1mLinking C shared library libros2_socketcan_msgs__rosidl_typesupport_introspection_c.so[0m
[5.231s] [ 58%] Built target ros2_socketcan_msgs__rosidl_typesupport_c
[5.267s] [ 58%] Built target ros2_socketcan_msgs__rosidl_typesupport_introspection_c
[5.518s] [ 61%] [32m[1mLinking CXX shared library libros2_socketcan_msgs__rosidl_typesupport_cpp.so[0m
[5.591s] [ 61%] Built target ros2_socketcan_msgs__rosidl_typesupport_cpp
[5.865s] [ 64%] [32m[1mLinking CXX shared library libros2_socketcan_msgs__rosidl_typesupport_introspection_cpp.so[0m
[5.898s] [ 67%] [32m[1mLinking CXX shared library libros2_socketcan_msgs__rosidl_typesupport_fastrtps_c.so[0m
[5.967s] [ 70%] [32m[1mLinking CXX shared library libros2_socketcan_msgs__rosidl_typesupport_fastrtps_cpp.so[0m
[6.013s] [ 70%] Built target ros2_socketcan_msgs__rosidl_typesupport_introspection_cpp
[6.060s] [ 70%] Built target ros2_socketcan_msgs__rosidl_typesupport_fastrtps_c
[6.122s] [ 70%] Built target ros2_socketcan_msgs__rosidl_typesupport_fastrtps_cpp
[6.162s] [ 70%] Built target ros2_socketcan_msgs
[6.201s] [ 74%] [34m[1mGenerating Python code for ROS interfaces[0m
[6.832s] [ 74%] Built target ros2_socketcan_msgs__py
[6.871s] [ 77%] [32mBuilding C object CMakeFiles/ros2_socketcan_msgs__rosidl_generator_py.dir/rosidl_generator_py/ros2_socketcan_msgs/msg/_fd_frame_s.c.o[0m
[7.119s] [ 80%] [32m[1mLinking C shared library rosidl_generator_py/ros2_socketcan_msgs/libros2_socketcan_msgs__rosidl_generator_py.so[0m
[7.197s] [ 80%] Built target ros2_socketcan_msgs__rosidl_generator_py
[7.236s] [ 90%] [32mBuilding C object CMakeFiles/ros2_socketcan_msgs__rosidl_typesupport_c__pyext.dir/rosidl_generator_py/ros2_socketcan_msgs/_ros2_socketcan_msgs_s.ep.rosidl_typesupport_c.c.o[0m
[7.236s] [ 90%] [32mBuilding C object CMakeFiles/ros2_socketcan_msgs__rosidl_typesupport_introspection_c__pyext.dir/rosidl_generator_py/ros2_socketcan_msgs/_ros2_socketcan_msgs_s.ep.rosidl_typesupport_introspection_c.c.o[0m
[7.236s] [ 90%] [32mBuilding C object CMakeFiles/ros2_socketcan_msgs__rosidl_typesupport_fastrtps_c__pyext.dir/rosidl_generator_py/ros2_socketcan_msgs/_ros2_socketcan_msgs_s.ep.rosidl_typesupport_fastrtps_c.c.o[0m
[7.434s] [100%] [32m[1mLinking C shared library rosidl_generator_py/ros2_socketcan_msgs/ros2_socketcan_msgs_s__rosidl_typesupport_c.cpython-310-aarch64-linux-gnu.so[0m
[7.435s] [100%] [32m[1mLinking C shared library rosidl_generator_py/ros2_socketcan_msgs/ros2_socketcan_msgs_s__rosidl_typesupport_fastrtps_c.cpython-310-aarch64-linux-gnu.so[0m
[7.435s] [100%] [32m[1mLinking C shared library rosidl_generator_py/ros2_socketcan_msgs/ros2_socketcan_msgs_s__rosidl_typesupport_introspection_c.cpython-310-aarch64-linux-gnu.so[0m
[7.509s] [100%] Built target ros2_socketcan_msgs__rosidl_typesupport_fastrtps_c__pyext
[7.509s] [100%] Built target ros2_socketcan_msgs__rosidl_typesupport_c__pyext
[7.510s] [100%] Built target ros2_socketcan_msgs__rosidl_typesupport_introspection_c__pyext
[7.535s] Invoked command in '/home/orin/auto_install/orz_robot/build/ros2_socketcan_msgs' returned '0': CMAKE_PREFIX_PATH=/opt/ros/humble /usr/bin/cmake --build /home/orin/auto_install/orz_robot/build/ros2_socketcan_msgs -- -j8 -l8
[7.558s] Invoking command in '/home/orin/auto_install/orz_robot/build/ros2_socketcan_msgs': CMAKE_PREFIX_PATH=/opt/ros/humble /usr/bin/cmake --install /home/orin/auto_install/orz_robot/build/ros2_socketcan_msgs
[7.574s] -- Install configuration: ""
[7.575s] -- Installing: /home/orin/auto_install/orz_robot/install/ros2_socketcan_msgs/share/ament_index/resource_index/rosidl_interfaces/ros2_socketcan_msgs
[7.575s] -- Installing: /home/orin/auto_install/orz_robot/install/ros2_socketcan_msgs/include/ros2_socketcan_msgs/ros2_socketcan_msgs
[7.576s] -- Installing: /home/orin/auto_install/orz_robot/install/ros2_socketcan_msgs/include/ros2_socketcan_msgs/ros2_socketcan_msgs/msg
[7.576s] -- Installing: /home/orin/auto_install/orz_robot/install/ros2_socketcan_msgs/include/ros2_socketcan_msgs/ros2_socketcan_msgs/msg/rosidl_generator_c__visibility_control.h
[7.576s] -- Installing: /home/orin/auto_install/orz_robot/install/ros2_socketcan_msgs/include/ros2_socketcan_msgs/ros2_socketcan_msgs/msg/fd_frame.h
[7.577s] -- Installing: /home/orin/auto_install/orz_robot/install/ros2_socketcan_msgs/include/ros2_socketcan_msgs/ros2_socketcan_msgs/msg/detail
[7.577s] -- Installing: /home/orin/auto_install/orz_robot/install/ros2_socketcan_msgs/include/ros2_socketcan_msgs/ros2_socketcan_msgs/msg/detail/fd_frame__type_support.h
[7.578s] -- Installing: /home/orin/auto_install/orz_robot/install/ros2_socketcan_msgs/include/ros2_socketcan_msgs/ros2_socketcan_msgs/msg/detail/fd_frame__functions.h
[7.578s] -- Installing: /home/orin/auto_install/orz_robot/install/ros2_socketcan_msgs/include/ros2_socketcan_msgs/ros2_socketcan_msgs/msg/detail/fd_frame__struct.h
[7.578s] -- Installing: /home/orin/auto_install/orz_robot/install/ros2_socketcan_msgs/include/ros2_socketcan_msgs/ros2_socketcan_msgs/msg/detail/fd_frame__functions.c
[7.579s] -- Installing: /home/orin/auto_install/orz_robot/install/ros2_socketcan_msgs/share/ros2_socketcan_msgs/environment/library_path.sh
[7.579s] -- Installing: /home/orin/auto_install/orz_robot/install/ros2_socketcan_msgs/share/ros2_socketcan_msgs/environment/library_path.dsv
[7.579s] -- Installing: /home/orin/auto_install/orz_robot/install/ros2_socketcan_msgs/lib/libros2_socketcan_msgs__rosidl_generator_c.so
[7.579s] -- Set runtime path of "/home/orin/auto_install/orz_robot/install/ros2_socketcan_msgs/lib/libros2_socketcan_msgs__rosidl_generator_c.so" to ""
[7.580s] -- Up-to-date: /home/orin/auto_install/orz_robot/install/ros2_socketcan_msgs/include/ros2_socketcan_msgs/ros2_socketcan_msgs
[7.580s] -- Up-to-date: /home/orin/auto_install/orz_robot/install/ros2_socketcan_msgs/include/ros2_socketcan_msgs/ros2_socketcan_msgs/msg
[7.580s] -- Installing: /home/orin/auto_install/orz_robot/install/ros2_socketcan_msgs/include/ros2_socketcan_msgs/ros2_socketcan_msgs/msg/rosidl_typesupport_fastrtps_c__visibility_control.h
[7.581s] -- Up-to-date: /home/orin/auto_install/orz_robot/install/ros2_socketcan_msgs/include/ros2_socketcan_msgs/ros2_socketcan_msgs/msg/detail
[7.581s] -- Installing: /home/orin/auto_install/orz_robot/install/ros2_socketcan_msgs/include/ros2_socketcan_msgs/ros2_socketcan_msgs/msg/detail/fd_frame__rosidl_typesupport_fastrtps_c.h
[7.581s] -- Installing: /home/orin/auto_install/orz_robot/install/ros2_socketcan_msgs/lib/libros2_socketcan_msgs__rosidl_typesupport_fastrtps_c.so
[7.581s] -- Set runtime path of "/home/orin/auto_install/orz_robot/install/ros2_socketcan_msgs/lib/libros2_socketcan_msgs__rosidl_typesupport_fastrtps_c.so" to ""
[7.581s] -- Up-to-date: /home/orin/auto_install/orz_robot/install/ros2_socketcan_msgs/include/ros2_socketcan_msgs/ros2_socketcan_msgs
[7.581s] -- Up-to-date: /home/orin/auto_install/orz_robot/install/ros2_socketcan_msgs/include/ros2_socketcan_msgs/ros2_socketcan_msgs/msg
[7.581s] -- Installing: /home/orin/auto_install/orz_robot/install/ros2_socketcan_msgs/include/ros2_socketcan_msgs/ros2_socketcan_msgs/msg/rosidl_typesupport_introspection_c__visibility_control.h
[7.582s] -- Up-to-date: /home/orin/auto_install/orz_robot/install/ros2_socketcan_msgs/include/ros2_socketcan_msgs/ros2_socketcan_msgs/msg/detail
[7.582s] -- Installing: /home/orin/auto_install/orz_robot/install/ros2_socketcan_msgs/include/ros2_socketcan_msgs/ros2_socketcan_msgs/msg/detail/fd_frame__type_support.c
[7.582s] -- Installing: /home/orin/auto_install/orz_robot/install/ros2_socketcan_msgs/include/ros2_socketcan_msgs/ros2_socketcan_msgs/msg/detail/fd_frame__rosidl_typesupport_introspection_c.h
[7.582s] -- Installing: /home/orin/auto_install/orz_robot/install/ros2_socketcan_msgs/lib/libros2_socketcan_msgs__rosidl_typesupport_introspection_c.so
[7.582s] -- Set runtime path of "/home/orin/auto_install/orz_robot/install/ros2_socketcan_msgs/lib/libros2_socketcan_msgs__rosidl_typesupport_introspection_c.so" to ""
[7.582s] -- Installing: /home/orin/auto_install/orz_robot/install/ros2_socketcan_msgs/lib/libros2_socketcan_msgs__rosidl_typesupport_c.so
[7.582s] -- Set runtime path of "/home/orin/auto_install/orz_robot/install/ros2_socketcan_msgs/lib/libros2_socketcan_msgs__rosidl_typesupport_c.so" to ""
[7.583s] -- Up-to-date: /home/orin/auto_install/orz_robot/install/ros2_socketcan_msgs/include/ros2_socketcan_msgs/ros2_socketcan_msgs
[7.583s] -- Up-to-date: /home/orin/auto_install/orz_robot/install/ros2_socketcan_msgs/include/ros2_socketcan_msgs/ros2_socketcan_msgs/msg
[7.583s] -- Up-to-date: /home/orin/auto_install/orz_robot/install/ros2_socketcan_msgs/include/ros2_socketcan_msgs/ros2_socketcan_msgs/msg/detail
[7.583s] -- Installing: /home/orin/auto_install/orz_robot/install/ros2_socketcan_msgs/include/ros2_socketcan_msgs/ros2_socketcan_msgs/msg/detail/fd_frame__struct.hpp
[7.584s] -- Installing: /home/orin/auto_install/orz_robot/install/ros2_socketcan_msgs/include/ros2_socketcan_msgs/ros2_socketcan_msgs/msg/detail/fd_frame__builder.hpp
[7.584s] -- Installing: /home/orin/auto_install/orz_robot/install/ros2_socketcan_msgs/include/ros2_socketcan_msgs/ros2_socketcan_msgs/msg/detail/fd_frame__type_support.hpp
[7.584s] -- Installing: /home/orin/auto_install/orz_robot/install/ros2_socketcan_msgs/include/ros2_socketcan_msgs/ros2_socketcan_msgs/msg/detail/fd_frame__traits.hpp
[7.585s] -- Installing: /home/orin/auto_install/orz_robot/install/ros2_socketcan_msgs/include/ros2_socketcan_msgs/ros2_socketcan_msgs/msg/fd_frame.hpp
[7.585s] -- Installing: /home/orin/auto_install/orz_robot/install/ros2_socketcan_msgs/include/ros2_socketcan_msgs/ros2_socketcan_msgs/msg/rosidl_generator_cpp__visibility_control.hpp
[7.585s] -- Up-to-date: /home/orin/auto_install/orz_robot/install/ros2_socketcan_msgs/include/ros2_socketcan_msgs/ros2_socketcan_msgs
[7.585s] -- Up-to-date: /home/orin/auto_install/orz_robot/install/ros2_socketcan_msgs/include/ros2_socketcan_msgs/ros2_socketcan_msgs/msg
[7.586s] -- Up-to-date: /home/orin/auto_install/orz_robot/install/ros2_socketcan_msgs/include/ros2_socketcan_msgs/ros2_socketcan_msgs/msg/detail
[7.586s] -- Installing: /home/orin/auto_install/orz_robot/install/ros2_socketcan_msgs/include/ros2_socketcan_msgs/ros2_socketcan_msgs/msg/detail/fd_frame__rosidl_typesupport_fastrtps_cpp.hpp
[7.586s] -- Installing: /home/orin/auto_install/orz_robot/install/ros2_socketcan_msgs/include/ros2_socketcan_msgs/ros2_socketcan_msgs/msg/detail/dds_fastrtps
[7.586s] -- Installing: /home/orin/auto_install/orz_robot/install/ros2_socketcan_msgs/include/ros2_socketcan_msgs/ros2_socketcan_msgs/msg/rosidl_typesupport_fastrtps_cpp__visibility_control.h
[7.587s] -- Installing: /home/orin/auto_install/orz_robot/install/ros2_socketcan_msgs/lib/libros2_socketcan_msgs__rosidl_typesupport_fastrtps_cpp.so
[7.587s] -- Set runtime path of "/home/orin/auto_install/orz_robot/install/ros2_socketcan_msgs/lib/libros2_socketcan_msgs__rosidl_typesupport_fastrtps_cpp.so" to ""
[7.587s] -- Up-to-date: /home/orin/auto_install/orz_robot/install/ros2_socketcan_msgs/include/ros2_socketcan_msgs/ros2_socketcan_msgs
[7.588s] -- Up-to-date: /home/orin/auto_install/orz_robot/install/ros2_socketcan_msgs/include/ros2_socketcan_msgs/ros2_socketcan_msgs/msg
[7.588s] -- Up-to-date: /home/orin/auto_install/orz_robot/install/ros2_socketcan_msgs/include/ros2_socketcan_msgs/ros2_socketcan_msgs/msg/detail
[7.588s] -- Installing: /home/orin/auto_install/orz_robot/install/ros2_socketcan_msgs/include/ros2_socketcan_msgs/ros2_socketcan_msgs/msg/detail/fd_frame__type_support.cpp
[7.588s] -- Installing: /home/orin/auto_install/orz_robot/install/ros2_socketcan_msgs/include/ros2_socketcan_msgs/ros2_socketcan_msgs/msg/detail/fd_frame__rosidl_typesupport_introspection_cpp.hpp
[7.589s] -- Installing: /home/orin/auto_install/orz_robot/install/ros2_socketcan_msgs/lib/libros2_socketcan_msgs__rosidl_typesupport_introspection_cpp.so
[7.589s] -- Set runtime path of "/home/orin/auto_install/orz_robot/install/ros2_socketcan_msgs/lib/libros2_socketcan_msgs__rosidl_typesupport_introspection_cpp.so" to ""
[7.589s] -- Installing: /home/orin/auto_install/orz_robot/install/ros2_socketcan_msgs/lib/libros2_socketcan_msgs__rosidl_typesupport_cpp.so
[7.590s] -- Set runtime path of "/home/orin/auto_install/orz_robot/install/ros2_socketcan_msgs/lib/libros2_socketcan_msgs__rosidl_typesupport_cpp.so" to ""
[7.590s] -- Installing: /home/orin/auto_install/orz_robot/install/ros2_socketcan_msgs/share/ros2_socketcan_msgs/environment/pythonpath.sh
[7.590s] -- Installing: /home/orin/auto_install/orz_robot/install/ros2_socketcan_msgs/share/ros2_socketcan_msgs/environment/pythonpath.dsv
[7.591s] -- Installing: /home/orin/auto_install/orz_robot/install/ros2_socketcan_msgs/local/lib/python3.10/dist-packages/ros2_socketcan_msgs-1.3.0-py3.10.egg-info
[7.591s] -- Installing: /home/orin/auto_install/orz_robot/install/ros2_socketcan_msgs/local/lib/python3.10/dist-packages/ros2_socketcan_msgs-1.3.0-py3.10.egg-info/SOURCES.txt
[7.591s] -- Installing: /home/orin/auto_install/orz_robot/install/ros2_socketcan_msgs/local/lib/python3.10/dist-packages/ros2_socketcan_msgs-1.3.0-py3.10.egg-info/dependency_links.txt
[7.592s] -- Installing: /home/orin/auto_install/orz_robot/install/ros2_socketcan_msgs/local/lib/python3.10/dist-packages/ros2_socketcan_msgs-1.3.0-py3.10.egg-info/PKG-INFO
[7.592s] -- Installing: /home/orin/auto_install/orz_robot/install/ros2_socketcan_msgs/local/lib/python3.10/dist-packages/ros2_socketcan_msgs-1.3.0-py3.10.egg-info/top_level.txt
[7.592s] -- Installing: /home/orin/auto_install/orz_robot/install/ros2_socketcan_msgs/local/lib/python3.10/dist-packages/ros2_socketcan_msgs
[7.592s] -- Installing: /home/orin/auto_install/orz_robot/install/ros2_socketcan_msgs/local/lib/python3.10/dist-packages/ros2_socketcan_msgs/ros2_socketcan_msgs_s__rosidl_typesupport_fastrtps_c.cpython-310-aarch64-linux-gnu.so
[7.593s] -- Installing: /home/orin/auto_install/orz_robot/install/ros2_socketcan_msgs/local/lib/python3.10/dist-packages/ros2_socketcan_msgs/_ros2_socketcan_msgs_s.ep.rosidl_typesupport_introspection_c.c
[7.593s] -- Installing: /home/orin/auto_install/orz_robot/install/ros2_socketcan_msgs/local/lib/python3.10/dist-packages/ros2_socketcan_msgs/__init__.py
[7.593s] -- Installing: /home/orin/auto_install/orz_robot/install/ros2_socketcan_msgs/local/lib/python3.10/dist-packages/ros2_socketcan_msgs/ros2_socketcan_msgs_s__rosidl_typesupport_introspection_c.cpython-310-aarch64-linux-gnu.so
[7.593s] -- Installing: /home/orin/auto_install/orz_robot/install/ros2_socketcan_msgs/local/lib/python3.10/dist-packages/ros2_socketcan_msgs/_ros2_socketcan_msgs_s.ep.rosidl_typesupport_c.c
[7.593s] -- Installing: /home/orin/auto_install/orz_robot/install/ros2_socketcan_msgs/local/lib/python3.10/dist-packages/ros2_socketcan_msgs/_ros2_socketcan_msgs_s.ep.rosidl_typesupport_fastrtps_c.c
[7.594s] -- Installing: /home/orin/auto_install/orz_robot/install/ros2_socketcan_msgs/local/lib/python3.10/dist-packages/ros2_socketcan_msgs/msg
[7.594s] -- Installing: /home/orin/auto_install/orz_robot/install/ros2_socketcan_msgs/local/lib/python3.10/dist-packages/ros2_socketcan_msgs/msg/__init__.py
[7.594s] -- Installing: /home/orin/auto_install/orz_robot/install/ros2_socketcan_msgs/local/lib/python3.10/dist-packages/ros2_socketcan_msgs/msg/_fd_frame_s.c
[7.594s] -- Installing: /home/orin/auto_install/orz_robot/install/ros2_socketcan_msgs/local/lib/python3.10/dist-packages/ros2_socketcan_msgs/msg/_fd_frame.py
[7.595s] -- Installing: /home/orin/auto_install/orz_robot/install/ros2_socketcan_msgs/local/lib/python3.10/dist-packages/ros2_socketcan_msgs/libros2_socketcan_msgs__rosidl_generator_py.so
[7.595s] -- Installing: /home/orin/auto_install/orz_robot/install/ros2_socketcan_msgs/local/lib/python3.10/dist-packages/ros2_socketcan_msgs/ros2_socketcan_msgs_s__rosidl_typesupport_c.cpython-310-aarch64-linux-gnu.so
[7.658s] Listing '/home/orin/auto_install/orz_robot/install/ros2_socketcan_msgs/local/lib/python3.10/dist-packages/ros2_socketcan_msgs'...
[7.658s] Compiling '/home/orin/auto_install/orz_robot/install/ros2_socketcan_msgs/local/lib/python3.10/dist-packages/ros2_socketcan_msgs/__init__.py'...
[7.659s] Listing '/home/orin/auto_install/orz_robot/install/ros2_socketcan_msgs/local/lib/python3.10/dist-packages/ros2_socketcan_msgs/msg'...
[7.659s] Compiling '/home/orin/auto_install/orz_robot/install/ros2_socketcan_msgs/local/lib/python3.10/dist-packages/ros2_socketcan_msgs/msg/__init__.py'...
[7.659s] Compiling '/home/orin/auto_install/orz_robot/install/ros2_socketcan_msgs/local/lib/python3.10/dist-packages/ros2_socketcan_msgs/msg/_fd_frame.py'...
[7.670s] -- Installing: /home/orin/auto_install/orz_robot/install/ros2_socketcan_msgs/local/lib/python3.10/dist-packages/ros2_socketcan_msgs/ros2_socketcan_msgs_s__rosidl_typesupport_fastrtps_c.cpython-310-aarch64-linux-gnu.so
[7.670s] -- Set runtime path of "/home/orin/auto_install/orz_robot/install/ros2_socketcan_msgs/local/lib/python3.10/dist-packages/ros2_socketcan_msgs/ros2_socketcan_msgs_s__rosidl_typesupport_fastrtps_c.cpython-310-aarch64-linux-gnu.so" to ""
[7.671s] -- Installing: /home/orin/auto_install/orz_robot/install/ros2_socketcan_msgs/local/lib/python3.10/dist-packages/ros2_socketcan_msgs/ros2_socketcan_msgs_s__rosidl_typesupport_introspection_c.cpython-310-aarch64-linux-gnu.so
[7.671s] -- Set runtime path of "/home/orin/auto_install/orz_robot/install/ros2_socketcan_msgs/local/lib/python3.10/dist-packages/ros2_socketcan_msgs/ros2_socketcan_msgs_s__rosidl_typesupport_introspection_c.cpython-310-aarch64-linux-gnu.so" to ""
[7.671s] -- Installing: /home/orin/auto_install/orz_robot/install/ros2_socketcan_msgs/local/lib/python3.10/dist-packages/ros2_socketcan_msgs/ros2_socketcan_msgs_s__rosidl_typesupport_c.cpython-310-aarch64-linux-gnu.so
[7.672s] -- Set runtime path of "/home/orin/auto_install/orz_robot/install/ros2_socketcan_msgs/local/lib/python3.10/dist-packages/ros2_socketcan_msgs/ros2_socketcan_msgs_s__rosidl_typesupport_c.cpython-310-aarch64-linux-gnu.so" to ""
[7.672s] -- Installing: /home/orin/auto_install/orz_robot/install/ros2_socketcan_msgs/lib/libros2_socketcan_msgs__rosidl_generator_py.so
[7.673s] -- Set runtime path of "/home/orin/auto_install/orz_robot/install/ros2_socketcan_msgs/lib/libros2_socketcan_msgs__rosidl_generator_py.so" to ""
[7.673s] -- Installing: /home/orin/auto_install/orz_robot/install/ros2_socketcan_msgs/share/ros2_socketcan_msgs/msg/FdFrame.idl
[7.673s] -- Installing: /home/orin/auto_install/orz_robot/install/ros2_socketcan_msgs/share/ros2_socketcan_msgs/msg/FdFrame.msg
[7.674s] -- Installing: /home/orin/auto_install/orz_robot/install/ros2_socketcan_msgs/share/ament_index/resource_index/package_run_dependencies/ros2_socketcan_msgs
[7.674s] -- Installing: /home/orin/auto_install/orz_robot/install/ros2_socketcan_msgs/share/ament_index/resource_index/parent_prefix_path/ros2_socketcan_msgs
[7.674s] -- Installing: /home/orin/auto_install/orz_robot/install/ros2_socketcan_msgs/share/ros2_socketcan_msgs/environment/ament_prefix_path.sh
[7.675s] -- Installing: /home/orin/auto_install/orz_robot/install/ros2_socketcan_msgs/share/ros2_socketcan_msgs/environment/ament_prefix_path.dsv
[7.675s] -- Installing: /home/orin/auto_install/orz_robot/install/ros2_socketcan_msgs/share/ros2_socketcan_msgs/environment/path.sh
[7.675s] -- Installing: /home/orin/auto_install/orz_robot/install/ros2_socketcan_msgs/share/ros2_socketcan_msgs/environment/path.dsv
[7.676s] -- Installing: /home/orin/auto_install/orz_robot/install/ros2_socketcan_msgs/share/ros2_socketcan_msgs/local_setup.bash
[7.676s] -- Installing: /home/orin/auto_install/orz_robot/install/ros2_socketcan_msgs/share/ros2_socketcan_msgs/local_setup.sh
[7.676s] -- Installing: /home/orin/auto_install/orz_robot/install/ros2_socketcan_msgs/share/ros2_socketcan_msgs/local_setup.zsh
[7.677s] -- Installing: /home/orin/auto_install/orz_robot/install/ros2_socketcan_msgs/share/ros2_socketcan_msgs/local_setup.dsv
[7.677s] -- Installing: /home/orin/auto_install/orz_robot/install/ros2_socketcan_msgs/share/ros2_socketcan_msgs/package.dsv
[7.677s] -- Installing: /home/orin/auto_install/orz_robot/install/ros2_socketcan_msgs/share/ament_index/resource_index/packages/ros2_socketcan_msgs
[7.677s] -- Installing: /home/orin/auto_install/orz_robot/install/ros2_socketcan_msgs/share/ros2_socketcan_msgs/cmake/export_ros2_socketcan_msgs__rosidl_generator_cExport.cmake
[7.678s] -- Installing: /home/orin/auto_install/orz_robot/install/ros2_socketcan_msgs/share/ros2_socketcan_msgs/cmake/export_ros2_socketcan_msgs__rosidl_generator_cExport-noconfig.cmake
[7.678s] -- Installing: /home/orin/auto_install/orz_robot/install/ros2_socketcan_msgs/share/ros2_socketcan_msgs/cmake/export_ros2_socketcan_msgs__rosidl_typesupport_fastrtps_cExport.cmake
[7.678s] -- Installing: /home/orin/auto_install/orz_robot/install/ros2_socketcan_msgs/share/ros2_socketcan_msgs/cmake/export_ros2_socketcan_msgs__rosidl_typesupport_fastrtps_cExport-noconfig.cmake
[7.679s] -- Installing: /home/orin/auto_install/orz_robot/install/ros2_socketcan_msgs/share/ros2_socketcan_msgs/cmake/ros2_socketcan_msgs__rosidl_typesupport_introspection_cExport.cmake
[7.679s] -- Installing: /home/orin/auto_install/orz_robot/install/ros2_socketcan_msgs/share/ros2_socketcan_msgs/cmake/ros2_socketcan_msgs__rosidl_typesupport_introspection_cExport-noconfig.cmake
[7.680s] -- Installing: /home/orin/auto_install/orz_robot/install/ros2_socketcan_msgs/share/ros2_socketcan_msgs/cmake/ros2_socketcan_msgs__rosidl_typesupport_cExport.cmake
[7.680s] -- Installing: /home/orin/auto_install/orz_robot/install/ros2_socketcan_msgs/share/ros2_socketcan_msgs/cmake/ros2_socketcan_msgs__rosidl_typesupport_cExport-noconfig.cmake
[7.680s] -- Installing: /home/orin/auto_install/orz_robot/install/ros2_socketcan_msgs/share/ros2_socketcan_msgs/cmake/export_ros2_socketcan_msgs__rosidl_generator_cppExport.cmake
[7.681s] -- Installing: /home/orin/auto_install/orz_robot/install/ros2_socketcan_msgs/share/ros2_socketcan_msgs/cmake/export_ros2_socketcan_msgs__rosidl_typesupport_fastrtps_cppExport.cmake
[7.681s] -- Installing: /home/orin/auto_install/orz_robot/install/ros2_socketcan_msgs/share/ros2_socketcan_msgs/cmake/export_ros2_socketcan_msgs__rosidl_typesupport_fastrtps_cppExport-noconfig.cmake
[7.681s] -- Installing: /home/orin/auto_install/orz_robot/install/ros2_socketcan_msgs/share/ros2_socketcan_msgs/cmake/ros2_socketcan_msgs__rosidl_typesupport_introspection_cppExport.cmake
[7.681s] -- Installing: /home/orin/auto_install/orz_robot/install/ros2_socketcan_msgs/share/ros2_socketcan_msgs/cmake/ros2_socketcan_msgs__rosidl_typesupport_introspection_cppExport-noconfig.cmake
[7.681s] -- Installing: /home/orin/auto_install/orz_robot/install/ros2_socketcan_msgs/share/ros2_socketcan_msgs/cmake/ros2_socketcan_msgs__rosidl_typesupport_cppExport.cmake
[7.682s] -- Installing: /home/orin/auto_install/orz_robot/install/ros2_socketcan_msgs/share/ros2_socketcan_msgs/cmake/ros2_socketcan_msgs__rosidl_typesupport_cppExport-noconfig.cmake
[7.682s] -- Installing: /home/orin/auto_install/orz_robot/install/ros2_socketcan_msgs/share/ros2_socketcan_msgs/cmake/export_ros2_socketcan_msgs__rosidl_generator_pyExport.cmake
[7.682s] -- Installing: /home/orin/auto_install/orz_robot/install/ros2_socketcan_msgs/share/ros2_socketcan_msgs/cmake/export_ros2_socketcan_msgs__rosidl_generator_pyExport-noconfig.cmake
[7.683s] -- Installing: /home/orin/auto_install/orz_robot/install/ros2_socketcan_msgs/share/ros2_socketcan_msgs/cmake/rosidl_cmake-extras.cmake
[7.683s] -- Installing: /home/orin/auto_install/orz_robot/install/ros2_socketcan_msgs/share/ros2_socketcan_msgs/cmake/ament_cmake_export_dependencies-extras.cmake
[7.683s] -- Installing: /home/orin/auto_install/orz_robot/install/ros2_socketcan_msgs/share/ros2_socketcan_msgs/cmake/ament_cmake_export_include_directories-extras.cmake
[7.684s] -- Installing: /home/orin/auto_install/orz_robot/install/ros2_socketcan_msgs/share/ros2_socketcan_msgs/cmake/ament_cmake_export_libraries-extras.cmake
[7.684s] -- Installing: /home/orin/auto_install/orz_robot/install/ros2_socketcan_msgs/share/ros2_socketcan_msgs/cmake/ament_cmake_export_targets-extras.cmake
[7.684s] -- Installing: /home/orin/auto_install/orz_robot/install/ros2_socketcan_msgs/share/ros2_socketcan_msgs/cmake/rosidl_cmake_export_typesupport_targets-extras.cmake
[7.684s] -- Installing: /home/orin/auto_install/orz_robot/install/ros2_socketcan_msgs/share/ros2_socketcan_msgs/cmake/rosidl_cmake_export_typesupport_libraries-extras.cmake
[7.685s] -- Installing: /home/orin/auto_install/orz_robot/install/ros2_socketcan_msgs/share/ros2_socketcan_msgs/cmake/ros2_socketcan_msgsConfig.cmake
[7.685s] -- Installing: /home/orin/auto_install/orz_robot/install/ros2_socketcan_msgs/share/ros2_socketcan_msgs/cmake/ros2_socketcan_msgsConfig-version.cmake
[7.685s] -- Installing: /home/orin/auto_install/orz_robot/install/ros2_socketcan_msgs/share/ros2_socketcan_msgs/package.xml
[7.692s] Invoked command in '/home/orin/auto_install/orz_robot/build/ros2_socketcan_msgs' returned '0': CMAKE_PREFIX_PATH=/opt/ros/humble /usr/bin/cmake --install /home/orin/auto_install/orz_robot/build/ros2_socketcan_msgs
