[0.082s] Invoking command in '/home/orin/auto_install/orz_robot/build/robot_interfaces': CMAKE_PREFIX_PATH=${CMAKE_PREFIX_PATH}:/opt/ros/humble /usr/bin/cmake --build /home/orin/auto_install/orz_robot/build/robot_interfaces -- -j8 -l8
[0.821s] [35m[1mConsolidate compiler generated dependencies of target robot_interfaces__rosidl_generator_c[0m
[0.821s] [ 11%] Built target robot_interfaces__rosidl_generator_c
[0.821s] [ 12%] Built target robot_interfaces__cpp
[0.821s] [ 12%] Built target ament_cmake_python_copy_robot_interfaces
[0.822s] [35m[1mConsolidate compiler generated dependencies of target robot_interfaces__rosidl_typesupport_cpp[0m
[0.822s] [35m[1mConsolidate compiler generated dependencies of target robot_interfaces__rosidl_typesupport_c[0m
[0.823s] [35m[1mConsolidate compiler generated dependencies of target robot_interfaces__rosidl_typesupport_fastrtps_c[0m
[0.823s] [35m[1mConsolidate compiler generated dependencies of target robot_interfaces__rosidl_typesupport_introspection_cpp[0m
[0.823s] [35m[1mConsolidate compiler generated dependencies of target robot_interfaces__rosidl_typesupport_introspection_c[0m
[0.823s] [35m[1mConsolidate compiler generated dependencies of target robot_interfaces__rosidl_typesupport_fastrtps_cpp[0m
[0.823s] [ 23%] Built target robot_interfaces__rosidl_typesupport_c
[0.824s] [ 35%] Built target robot_interfaces__rosidl_typesupport_cpp
[0.824s] [ 46%] Built target robot_interfaces__rosidl_typesupport_fastrtps_c
[0.824s] [ 57%] Built target robot_interfaces__rosidl_typesupport_introspection_c
[0.824s] [ 69%] Built target robot_interfaces__rosidl_typesupport_fastrtps_cpp
[0.824s] [ 80%] Built target robot_interfaces__rosidl_typesupport_introspection_cpp
[0.824s] [ 80%] Built target robot_interfaces
[0.824s] [ 81%] Built target robot_interfaces__py
[0.825s] [35m[1mConsolidate compiler generated dependencies of target robot_interfaces__rosidl_generator_py[0m
[0.825s] [ 91%] Built target robot_interfaces__rosidl_generator_py
[0.825s] [35m[1mConsolidate compiler generated dependencies of target robot_interfaces__rosidl_typesupport_fastrtps_c__pyext[0m
[0.825s] [35m[1mConsolidate compiler generated dependencies of target robot_interfaces__rosidl_typesupport_introspection_c__pyext[0m
[0.826s] [ 94%] Built target robot_interfaces__rosidl_typesupport_introspection_c__pyext
[0.826s] [ 97%] Built target robot_interfaces__rosidl_typesupport_fastrtps_c__pyext
[0.826s] [35m[1mConsolidate compiler generated dependencies of target robot_interfaces__rosidl_typesupport_c__pyext[0m
[0.829s] [100%] Built target robot_interfaces__rosidl_typesupport_c__pyext
[0.925s] running egg_info
[0.927s] writing robot_interfaces.egg-info/PKG-INFO
[0.928s] writing dependency_links to robot_interfaces.egg-info/dependency_links.txt
[0.928s] writing top-level names to robot_interfaces.egg-info/top_level.txt
[0.934s] reading manifest file 'robot_interfaces.egg-info/SOURCES.txt'
[0.935s] writing manifest file 'robot_interfaces.egg-info/SOURCES.txt'
[1.033s] [100%] Built target ament_cmake_python_build_robot_interfaces_egg
[1.067s] Invoked command in '/home/orin/auto_install/orz_robot/build/robot_interfaces' returned '0': CMAKE_PREFIX_PATH=${CMAKE_PREFIX_PATH}:/opt/ros/humble /usr/bin/cmake --build /home/orin/auto_install/orz_robot/build/robot_interfaces -- -j8 -l8
[1.094s] Invoking command in '/home/orin/auto_install/orz_robot/build/robot_interfaces': CMAKE_PREFIX_PATH=${CMAKE_PREFIX_PATH}:/opt/ros/humble /usr/bin/cmake --install /home/orin/auto_install/orz_robot/build/robot_interfaces
[1.115s] -- Install configuration: ""
[1.115s] -- Up-to-date: /home/orin/auto_install/orz_robot/install/robot_interfaces/share/ament_index/resource_index/rosidl_interfaces/robot_interfaces
[1.116s] -- Up-to-date: /home/orin/auto_install/orz_robot/install/robot_interfaces/include/robot_interfaces/robot_interfaces
[1.116s] -- Up-to-date: /home/orin/auto_install/orz_robot/install/robot_interfaces/include/robot_interfaces/robot_interfaces/msg
[1.117s] -- Up-to-date: /home/orin/auto_install/orz_robot/install/robot_interfaces/include/robot_interfaces/robot_interfaces/msg/motor_fdb.h
[1.117s] -- Up-to-date: /home/orin/auto_install/orz_robot/install/robot_interfaces/include/robot_interfaces/robot_interfaces/msg/rosidl_generator_c__visibility_control.h
[1.117s] -- Up-to-date: /home/orin/auto_install/orz_robot/install/robot_interfaces/include/robot_interfaces/robot_interfaces/msg/qt_recv.h
[1.118s] -- Up-to-date: /home/orin/auto_install/orz_robot/install/robot_interfaces/include/robot_interfaces/robot_interfaces/msg/line_msg.h
[1.118s] -- Up-to-date: /home/orin/auto_install/orz_robot/install/robot_interfaces/include/robot_interfaces/robot_interfaces/msg/qt_pub.h
[1.118s] -- Up-to-date: /home/orin/auto_install/orz_robot/install/robot_interfaces/include/robot_interfaces/robot_interfaces/msg/arm_state.h
[1.118s] -- Up-to-date: /home/orin/auto_install/orz_robot/install/robot_interfaces/include/robot_interfaces/robot_interfaces/msg/detail
[1.118s] -- Up-to-date: /home/orin/auto_install/orz_robot/install/robot_interfaces/include/robot_interfaces/robot_interfaces/msg/detail/line_msg__type_support.h
[1.119s] -- Up-to-date: /home/orin/auto_install/orz_robot/install/robot_interfaces/include/robot_interfaces/robot_interfaces/msg/detail/line_msg__functions.h
[1.119s] -- Up-to-date: /home/orin/auto_install/orz_robot/install/robot_interfaces/include/robot_interfaces/robot_interfaces/msg/detail/robot_control_msg__type_support.h
[1.119s] -- Up-to-date: /home/orin/auto_install/orz_robot/install/robot_interfaces/include/robot_interfaces/robot_interfaces/msg/detail/qt_pub__type_support.h
[1.119s] -- Up-to-date: /home/orin/auto_install/orz_robot/install/robot_interfaces/include/robot_interfaces/robot_interfaces/msg/detail/robot_control_msg__functions.c
[1.119s] -- Up-to-date: /home/orin/auto_install/orz_robot/install/robot_interfaces/include/robot_interfaces/robot_interfaces/msg/detail/qt_pub__functions.h
[1.119s] -- Up-to-date: /home/orin/auto_install/orz_robot/install/robot_interfaces/include/robot_interfaces/robot_interfaces/msg/detail/qt_recv__struct.h
[1.119s] -- Up-to-date: /home/orin/auto_install/orz_robot/install/robot_interfaces/include/robot_interfaces/robot_interfaces/msg/detail/motor_fdb__functions.h
[1.119s] -- Up-to-date: /home/orin/auto_install/orz_robot/install/robot_interfaces/include/robot_interfaces/robot_interfaces/msg/detail/arm_state__struct.h
[1.119s] -- Up-to-date: /home/orin/auto_install/orz_robot/install/robot_interfaces/include/robot_interfaces/robot_interfaces/msg/detail/robot_control_msg__functions.h
[1.120s] -- Up-to-date: /home/orin/auto_install/orz_robot/install/robot_interfaces/include/robot_interfaces/robot_interfaces/msg/detail/line_msg__functions.c
[1.120s] -- Up-to-date: /home/orin/auto_install/orz_robot/install/robot_interfaces/include/robot_interfaces/robot_interfaces/msg/detail/line_msg__struct.h
[1.120s] -- Up-to-date: /home/orin/auto_install/orz_robot/install/robot_interfaces/include/robot_interfaces/robot_interfaces/msg/detail/arm_state__type_support.h
[1.120s] -- Up-to-date: /home/orin/auto_install/orz_robot/install/robot_interfaces/include/robot_interfaces/robot_interfaces/msg/detail/qt_pub__functions.c
[1.120s] -- Up-to-date: /home/orin/auto_install/orz_robot/install/robot_interfaces/include/robot_interfaces/robot_interfaces/msg/detail/motor_fdb__struct.h
[1.120s] -- Up-to-date: /home/orin/auto_install/orz_robot/install/robot_interfaces/include/robot_interfaces/robot_interfaces/msg/detail/qt_recv__functions.c
[1.120s] -- Up-to-date: /home/orin/auto_install/orz_robot/install/robot_interfaces/include/robot_interfaces/robot_interfaces/msg/detail/robot_control_msg__struct.h
[1.120s] -- Up-to-date: /home/orin/auto_install/orz_robot/install/robot_interfaces/include/robot_interfaces/robot_interfaces/msg/detail/qt_recv__functions.h
[1.120s] -- Up-to-date: /home/orin/auto_install/orz_robot/install/robot_interfaces/include/robot_interfaces/robot_interfaces/msg/detail/arm_state__functions.c
[1.121s] -- Up-to-date: /home/orin/auto_install/orz_robot/install/robot_interfaces/include/robot_interfaces/robot_interfaces/msg/detail/qt_pub__struct.h
[1.121s] -- Up-to-date: /home/orin/auto_install/orz_robot/install/robot_interfaces/include/robot_interfaces/robot_interfaces/msg/detail/motor_fdb__functions.c
[1.121s] -- Up-to-date: /home/orin/auto_install/orz_robot/install/robot_interfaces/include/robot_interfaces/robot_interfaces/msg/detail/qt_recv__type_support.h
[1.121s] -- Up-to-date: /home/orin/auto_install/orz_robot/install/robot_interfaces/include/robot_interfaces/robot_interfaces/msg/detail/arm_state__functions.h
[1.121s] -- Up-to-date: /home/orin/auto_install/orz_robot/install/robot_interfaces/include/robot_interfaces/robot_interfaces/msg/detail/motor_fdb__type_support.h
[1.122s] -- Up-to-date: /home/orin/auto_install/orz_robot/install/robot_interfaces/include/robot_interfaces/robot_interfaces/msg/robot_control_msg.h
[1.122s] -- Up-to-date: /home/orin/auto_install/orz_robot/install/robot_interfaces/share/robot_interfaces/environment/library_path.sh
[1.122s] -- Up-to-date: /home/orin/auto_install/orz_robot/install/robot_interfaces/share/robot_interfaces/environment/library_path.dsv
[1.122s] -- Up-to-date: /home/orin/auto_install/orz_robot/install/robot_interfaces/lib/librobot_interfaces__rosidl_generator_c.so
[1.122s] -- Up-to-date: /home/orin/auto_install/orz_robot/install/robot_interfaces/include/robot_interfaces/robot_interfaces
[1.122s] -- Up-to-date: /home/orin/auto_install/orz_robot/install/robot_interfaces/include/robot_interfaces/robot_interfaces/msg
[1.122s] -- Up-to-date: /home/orin/auto_install/orz_robot/install/robot_interfaces/include/robot_interfaces/robot_interfaces/msg/rosidl_typesupport_fastrtps_c__visibility_control.h
[1.122s] -- Up-to-date: /home/orin/auto_install/orz_robot/install/robot_interfaces/include/robot_interfaces/robot_interfaces/msg/detail
[1.123s] -- Up-to-date: /home/orin/auto_install/orz_robot/install/robot_interfaces/include/robot_interfaces/robot_interfaces/msg/detail/qt_recv__rosidl_typesupport_fastrtps_c.h
[1.123s] -- Up-to-date: /home/orin/auto_install/orz_robot/install/robot_interfaces/include/robot_interfaces/robot_interfaces/msg/detail/qt_pub__rosidl_typesupport_fastrtps_c.h
[1.123s] -- Up-to-date: /home/orin/auto_install/orz_robot/install/robot_interfaces/include/robot_interfaces/robot_interfaces/msg/detail/arm_state__rosidl_typesupport_fastrtps_c.h
[1.123s] -- Up-to-date: /home/orin/auto_install/orz_robot/install/robot_interfaces/include/robot_interfaces/robot_interfaces/msg/detail/line_msg__rosidl_typesupport_fastrtps_c.h
[1.123s] -- Up-to-date: /home/orin/auto_install/orz_robot/install/robot_interfaces/include/robot_interfaces/robot_interfaces/msg/detail/motor_fdb__rosidl_typesupport_fastrtps_c.h
[1.123s] -- Up-to-date: /home/orin/auto_install/orz_robot/install/robot_interfaces/include/robot_interfaces/robot_interfaces/msg/detail/robot_control_msg__rosidl_typesupport_fastrtps_c.h
[1.123s] -- Up-to-date: /home/orin/auto_install/orz_robot/install/robot_interfaces/lib/librobot_interfaces__rosidl_typesupport_fastrtps_c.so
[1.123s] -- Up-to-date: /home/orin/auto_install/orz_robot/install/robot_interfaces/include/robot_interfaces/robot_interfaces
[1.123s] -- Up-to-date: /home/orin/auto_install/orz_robot/install/robot_interfaces/include/robot_interfaces/robot_interfaces/msg
[1.124s] -- Up-to-date: /home/orin/auto_install/orz_robot/install/robot_interfaces/include/robot_interfaces/robot_interfaces/msg/rosidl_typesupport_introspection_c__visibility_control.h
[1.124s] -- Up-to-date: /home/orin/auto_install/orz_robot/install/robot_interfaces/include/robot_interfaces/robot_interfaces/msg/detail
[1.124s] -- Up-to-date: /home/orin/auto_install/orz_robot/install/robot_interfaces/include/robot_interfaces/robot_interfaces/msg/detail/line_msg__rosidl_typesupport_introspection_c.h
[1.124s] -- Up-to-date: /home/orin/auto_install/orz_robot/install/robot_interfaces/include/robot_interfaces/robot_interfaces/msg/detail/qt_pub__type_support.c
[1.124s] -- Up-to-date: /home/orin/auto_install/orz_robot/install/robot_interfaces/include/robot_interfaces/robot_interfaces/msg/detail/qt_pub__rosidl_typesupport_introspection_c.h
[1.124s] -- Up-to-date: /home/orin/auto_install/orz_robot/install/robot_interfaces/include/robot_interfaces/robot_interfaces/msg/detail/robot_control_msg__rosidl_typesupport_introspection_c.h
[1.124s] -- Up-to-date: /home/orin/auto_install/orz_robot/install/robot_interfaces/include/robot_interfaces/robot_interfaces/msg/detail/line_msg__type_support.c
[1.126s] -- Up-to-date: /home/orin/auto_install/orz_robot/install/robot_interfaces/include/robot_interfaces/robot_interfaces/msg/detail/motor_fdb__rosidl_typesupport_introspection_c.h
[1.126s] -- Up-to-date: /home/orin/auto_install/orz_robot/install/robot_interfaces/include/robot_interfaces/robot_interfaces/msg/detail/qt_recv__type_support.c
[1.126s] -- Up-to-date: /home/orin/auto_install/orz_robot/install/robot_interfaces/include/robot_interfaces/robot_interfaces/msg/detail/motor_fdb__type_support.c
[1.126s] -- Up-to-date: /home/orin/auto_install/orz_robot/install/robot_interfaces/include/robot_interfaces/robot_interfaces/msg/detail/robot_control_msg__type_support.c
[1.127s] -- Up-to-date: /home/orin/auto_install/orz_robot/install/robot_interfaces/include/robot_interfaces/robot_interfaces/msg/detail/qt_recv__rosidl_typesupport_introspection_c.h
[1.127s] -- Up-to-date: /home/orin/auto_install/orz_robot/install/robot_interfaces/include/robot_interfaces/robot_interfaces/msg/detail/arm_state__rosidl_typesupport_introspection_c.h
[1.127s] -- Up-to-date: /home/orin/auto_install/orz_robot/install/robot_interfaces/include/robot_interfaces/robot_interfaces/msg/detail/arm_state__type_support.c
[1.128s] -- Up-to-date: /home/orin/auto_install/orz_robot/install/robot_interfaces/lib/librobot_interfaces__rosidl_typesupport_introspection_c.so
[1.128s] -- Up-to-date: /home/orin/auto_install/orz_robot/install/robot_interfaces/lib/librobot_interfaces__rosidl_typesupport_c.so
[1.128s] -- Up-to-date: /home/orin/auto_install/orz_robot/install/robot_interfaces/include/robot_interfaces/robot_interfaces
[1.128s] -- Up-to-date: /home/orin/auto_install/orz_robot/install/robot_interfaces/include/robot_interfaces/robot_interfaces/msg
[1.128s] -- Up-to-date: /home/orin/auto_install/orz_robot/install/robot_interfaces/include/robot_interfaces/robot_interfaces/msg/motor_fdb.hpp
[1.129s] -- Up-to-date: /home/orin/auto_install/orz_robot/install/robot_interfaces/include/robot_interfaces/robot_interfaces/msg/qt_recv.hpp
[1.129s] -- Up-to-date: /home/orin/auto_install/orz_robot/install/robot_interfaces/include/robot_interfaces/robot_interfaces/msg/robot_control_msg.hpp
[1.129s] -- Up-to-date: /home/orin/auto_install/orz_robot/install/robot_interfaces/include/robot_interfaces/robot_interfaces/msg/detail
[1.129s] -- Up-to-date: /home/orin/auto_install/orz_robot/install/robot_interfaces/include/robot_interfaces/robot_interfaces/msg/detail/arm_state__type_support.hpp
[1.129s] -- Up-to-date: /home/orin/auto_install/orz_robot/install/robot_interfaces/include/robot_interfaces/robot_interfaces/msg/detail/qt_recv__type_support.hpp
[1.130s] -- Up-to-date: /home/orin/auto_install/orz_robot/install/robot_interfaces/include/robot_interfaces/robot_interfaces/msg/detail/line_msg__struct.hpp
[1.130s] -- Up-to-date: /home/orin/auto_install/orz_robot/install/robot_interfaces/include/robot_interfaces/robot_interfaces/msg/detail/qt_pub__builder.hpp
[1.130s] -- Up-to-date: /home/orin/auto_install/orz_robot/install/robot_interfaces/include/robot_interfaces/robot_interfaces/msg/detail/qt_pub__type_support.hpp
[1.130s] -- Up-to-date: /home/orin/auto_install/orz_robot/install/robot_interfaces/include/robot_interfaces/robot_interfaces/msg/detail/robot_control_msg__builder.hpp
[1.131s] -- Up-to-date: /home/orin/auto_install/orz_robot/install/robot_interfaces/include/robot_interfaces/robot_interfaces/msg/detail/line_msg__builder.hpp
[1.131s] -- Up-to-date: /home/orin/auto_install/orz_robot/install/robot_interfaces/include/robot_interfaces/robot_interfaces/msg/detail/qt_recv__struct.hpp
[1.131s] -- Up-to-date: /home/orin/auto_install/orz_robot/install/robot_interfaces/include/robot_interfaces/robot_interfaces/msg/detail/qt_pub__struct.hpp
[1.131s] -- Up-to-date: /home/orin/auto_install/orz_robot/install/robot_interfaces/include/robot_interfaces/robot_interfaces/msg/detail/motor_fdb__struct.hpp
[1.131s] -- Up-to-date: /home/orin/auto_install/orz_robot/install/robot_interfaces/include/robot_interfaces/robot_interfaces/msg/detail/motor_fdb__builder.hpp
[1.132s] -- Up-to-date: /home/orin/auto_install/orz_robot/install/robot_interfaces/include/robot_interfaces/robot_interfaces/msg/detail/robot_control_msg__traits.hpp
[1.132s] -- Up-to-date: /home/orin/auto_install/orz_robot/install/robot_interfaces/include/robot_interfaces/robot_interfaces/msg/detail/arm_state__struct.hpp
[1.132s] -- Up-to-date: /home/orin/auto_install/orz_robot/install/robot_interfaces/include/robot_interfaces/robot_interfaces/msg/detail/motor_fdb__traits.hpp
[1.132s] -- Up-to-date: /home/orin/auto_install/orz_robot/install/robot_interfaces/include/robot_interfaces/robot_interfaces/msg/detail/robot_control_msg__struct.hpp
[1.132s] -- Up-to-date: /home/orin/auto_install/orz_robot/install/robot_interfaces/include/robot_interfaces/robot_interfaces/msg/detail/qt_recv__traits.hpp
[1.132s] -- Up-to-date: /home/orin/auto_install/orz_robot/install/robot_interfaces/include/robot_interfaces/robot_interfaces/msg/detail/arm_state__traits.hpp
[1.132s] -- Up-to-date: /home/orin/auto_install/orz_robot/install/robot_interfaces/include/robot_interfaces/robot_interfaces/msg/detail/line_msg__type_support.hpp
[1.132s] -- Up-to-date: /home/orin/auto_install/orz_robot/install/robot_interfaces/include/robot_interfaces/robot_interfaces/msg/detail/motor_fdb__type_support.hpp
[1.132s] -- Up-to-date: /home/orin/auto_install/orz_robot/install/robot_interfaces/include/robot_interfaces/robot_interfaces/msg/detail/qt_pub__traits.hpp
[1.133s] -- Up-to-date: /home/orin/auto_install/orz_robot/install/robot_interfaces/include/robot_interfaces/robot_interfaces/msg/detail/line_msg__traits.hpp
[1.133s] -- Up-to-date: /home/orin/auto_install/orz_robot/install/robot_interfaces/include/robot_interfaces/robot_interfaces/msg/detail/robot_control_msg__type_support.hpp
[1.133s] -- Up-to-date: /home/orin/auto_install/orz_robot/install/robot_interfaces/include/robot_interfaces/robot_interfaces/msg/detail/arm_state__builder.hpp
[1.133s] -- Up-to-date: /home/orin/auto_install/orz_robot/install/robot_interfaces/include/robot_interfaces/robot_interfaces/msg/detail/qt_recv__builder.hpp
[1.133s] -- Up-to-date: /home/orin/auto_install/orz_robot/install/robot_interfaces/include/robot_interfaces/robot_interfaces/msg/arm_state.hpp
[1.133s] -- Up-to-date: /home/orin/auto_install/orz_robot/install/robot_interfaces/include/robot_interfaces/robot_interfaces/msg/line_msg.hpp
[1.134s] -- Up-to-date: /home/orin/auto_install/orz_robot/install/robot_interfaces/include/robot_interfaces/robot_interfaces/msg/rosidl_generator_cpp__visibility_control.hpp
[1.134s] -- Up-to-date: /home/orin/auto_install/orz_robot/install/robot_interfaces/include/robot_interfaces/robot_interfaces/msg/qt_pub.hpp
[1.134s] -- Up-to-date: /home/orin/auto_install/orz_robot/install/robot_interfaces/include/robot_interfaces/robot_interfaces
[1.134s] -- Up-to-date: /home/orin/auto_install/orz_robot/install/robot_interfaces/include/robot_interfaces/robot_interfaces/msg
[1.134s] -- Up-to-date: /home/orin/auto_install/orz_robot/install/robot_interfaces/include/robot_interfaces/robot_interfaces/msg/detail
[1.134s] -- Up-to-date: /home/orin/auto_install/orz_robot/install/robot_interfaces/include/robot_interfaces/robot_interfaces/msg/detail/arm_state__rosidl_typesupport_fastrtps_cpp.hpp
[1.134s] -- Up-to-date: /home/orin/auto_install/orz_robot/install/robot_interfaces/include/robot_interfaces/robot_interfaces/msg/detail/qt_pub__rosidl_typesupport_fastrtps_cpp.hpp
[1.134s] -- Up-to-date: /home/orin/auto_install/orz_robot/install/robot_interfaces/include/robot_interfaces/robot_interfaces/msg/detail/robot_control_msg__rosidl_typesupport_fastrtps_cpp.hpp
[1.135s] -- Up-to-date: /home/orin/auto_install/orz_robot/install/robot_interfaces/include/robot_interfaces/robot_interfaces/msg/detail/qt_recv__rosidl_typesupport_fastrtps_cpp.hpp
[1.135s] -- Up-to-date: /home/orin/auto_install/orz_robot/install/robot_interfaces/include/robot_interfaces/robot_interfaces/msg/detail/motor_fdb__rosidl_typesupport_fastrtps_cpp.hpp
[1.135s] -- Up-to-date: /home/orin/auto_install/orz_robot/install/robot_interfaces/include/robot_interfaces/robot_interfaces/msg/detail/dds_fastrtps
[1.137s] -- Up-to-date: /home/orin/auto_install/orz_robot/install/robot_interfaces/include/robot_interfaces/robot_interfaces/msg/detail/line_msg__rosidl_typesupport_fastrtps_cpp.hpp
[1.139s] -- Up-to-date: /home/orin/auto_install/orz_robot/install/robot_interfaces/include/robot_interfaces/robot_interfaces/msg/rosidl_typesupport_fastrtps_cpp__visibility_control.h
[1.139s] -- Up-to-date: /home/orin/auto_install/orz_robot/install/robot_interfaces/lib/librobot_interfaces__rosidl_typesupport_fastrtps_cpp.so
[1.139s] -- Up-to-date: /home/orin/auto_install/orz_robot/install/robot_interfaces/include/robot_interfaces/robot_interfaces
[1.139s] -- Up-to-date: /home/orin/auto_install/orz_robot/install/robot_interfaces/include/robot_interfaces/robot_interfaces/msg
[1.139s] -- Up-to-date: /home/orin/auto_install/orz_robot/install/robot_interfaces/include/robot_interfaces/robot_interfaces/msg/detail
[1.139s] -- Up-to-date: /home/orin/auto_install/orz_robot/install/robot_interfaces/include/robot_interfaces/robot_interfaces/msg/detail/qt_pub__type_support.cpp
[1.139s] -- Up-to-date: /home/orin/auto_install/orz_robot/install/robot_interfaces/include/robot_interfaces/robot_interfaces/msg/detail/arm_state__type_support.cpp
[1.140s] -- Up-to-date: /home/orin/auto_install/orz_robot/install/robot_interfaces/include/robot_interfaces/robot_interfaces/msg/detail/motor_fdb__rosidl_typesupport_introspection_cpp.hpp
[1.140s] -- Up-to-date: /home/orin/auto_install/orz_robot/install/robot_interfaces/include/robot_interfaces/robot_interfaces/msg/detail/line_msg__type_support.cpp
[1.140s] -- Up-to-date: /home/orin/auto_install/orz_robot/install/robot_interfaces/include/robot_interfaces/robot_interfaces/msg/detail/motor_fdb__type_support.cpp
[1.140s] -- Up-to-date: /home/orin/auto_install/orz_robot/install/robot_interfaces/include/robot_interfaces/robot_interfaces/msg/detail/arm_state__rosidl_typesupport_introspection_cpp.hpp
[1.140s] -- Up-to-date: /home/orin/auto_install/orz_robot/install/robot_interfaces/include/robot_interfaces/robot_interfaces/msg/detail/qt_recv__rosidl_typesupport_introspection_cpp.hpp
[1.140s] -- Up-to-date: /home/orin/auto_install/orz_robot/install/robot_interfaces/include/robot_interfaces/robot_interfaces/msg/detail/robot_control_msg__rosidl_typesupport_introspection_cpp.hpp
[1.141s] -- Up-to-date: /home/orin/auto_install/orz_robot/install/robot_interfaces/include/robot_interfaces/robot_interfaces/msg/detail/qt_recv__type_support.cpp
[1.141s] -- Up-to-date: /home/orin/auto_install/orz_robot/install/robot_interfaces/include/robot_interfaces/robot_interfaces/msg/detail/qt_pub__rosidl_typesupport_introspection_cpp.hpp
[1.141s] -- Up-to-date: /home/orin/auto_install/orz_robot/install/robot_interfaces/include/robot_interfaces/robot_interfaces/msg/detail/robot_control_msg__type_support.cpp
[1.141s] -- Up-to-date: /home/orin/auto_install/orz_robot/install/robot_interfaces/include/robot_interfaces/robot_interfaces/msg/detail/line_msg__rosidl_typesupport_introspection_cpp.hpp
[1.141s] -- Up-to-date: /home/orin/auto_install/orz_robot/install/robot_interfaces/lib/librobot_interfaces__rosidl_typesupport_introspection_cpp.so
[1.141s] -- Up-to-date: /home/orin/auto_install/orz_robot/install/robot_interfaces/lib/librobot_interfaces__rosidl_typesupport_cpp.so
[1.141s] -- Up-to-date: /home/orin/auto_install/orz_robot/install/robot_interfaces/share/robot_interfaces/environment/pythonpath.sh
[1.142s] -- Up-to-date: /home/orin/auto_install/orz_robot/install/robot_interfaces/share/robot_interfaces/environment/pythonpath.dsv
[1.142s] -- Up-to-date: /home/orin/auto_install/orz_robot/install/robot_interfaces/local/lib/python3.10/dist-packages/robot_interfaces-0.0.0-py3.10.egg-info
[1.142s] -- Installing: /home/orin/auto_install/orz_robot/install/robot_interfaces/local/lib/python3.10/dist-packages/robot_interfaces-0.0.0-py3.10.egg-info/SOURCES.txt
[1.142s] -- Installing: /home/orin/auto_install/orz_robot/install/robot_interfaces/local/lib/python3.10/dist-packages/robot_interfaces-0.0.0-py3.10.egg-info/dependency_links.txt
[1.142s] -- Installing: /home/orin/auto_install/orz_robot/install/robot_interfaces/local/lib/python3.10/dist-packages/robot_interfaces-0.0.0-py3.10.egg-info/PKG-INFO
[1.142s] -- Installing: /home/orin/auto_install/orz_robot/install/robot_interfaces/local/lib/python3.10/dist-packages/robot_interfaces-0.0.0-py3.10.egg-info/top_level.txt
[1.142s] -- Up-to-date: /home/orin/auto_install/orz_robot/install/robot_interfaces/local/lib/python3.10/dist-packages/robot_interfaces
[1.142s] -- Up-to-date: /home/orin/auto_install/orz_robot/install/robot_interfaces/local/lib/python3.10/dist-packages/robot_interfaces/_robot_interfaces_s.ep.rosidl_typesupport_c.c
[1.143s] -- Up-to-date: /home/orin/auto_install/orz_robot/install/robot_interfaces/local/lib/python3.10/dist-packages/robot_interfaces/librobot_interfaces__rosidl_generator_py.so
[1.143s] -- Up-to-date: /home/orin/auto_install/orz_robot/install/robot_interfaces/local/lib/python3.10/dist-packages/robot_interfaces/robot_interfaces_s__rosidl_typesupport_c.cpython-310-aarch64-linux-gnu.so
[1.143s] -- Up-to-date: /home/orin/auto_install/orz_robot/install/robot_interfaces/local/lib/python3.10/dist-packages/robot_interfaces/_robot_interfaces_s.ep.rosidl_typesupport_introspection_c.c
[1.143s] -- Up-to-date: /home/orin/auto_install/orz_robot/install/robot_interfaces/local/lib/python3.10/dist-packages/robot_interfaces/robot_interfaces_s__rosidl_typesupport_fastrtps_c.cpython-310-aarch64-linux-gnu.so
[1.143s] -- Up-to-date: /home/orin/auto_install/orz_robot/install/robot_interfaces/local/lib/python3.10/dist-packages/robot_interfaces/__init__.py
[1.143s] -- Up-to-date: /home/orin/auto_install/orz_robot/install/robot_interfaces/local/lib/python3.10/dist-packages/robot_interfaces/msg
[1.143s] -- Up-to-date: /home/orin/auto_install/orz_robot/install/robot_interfaces/local/lib/python3.10/dist-packages/robot_interfaces/msg/_qt_pub_s.c
[1.143s] -- Up-to-date: /home/orin/auto_install/orz_robot/install/robot_interfaces/local/lib/python3.10/dist-packages/robot_interfaces/msg/_arm_state_s.c
[1.144s] -- Up-to-date: /home/orin/auto_install/orz_robot/install/robot_interfaces/local/lib/python3.10/dist-packages/robot_interfaces/msg/_motor_fdb_s.c
[1.144s] -- Up-to-date: /home/orin/auto_install/orz_robot/install/robot_interfaces/local/lib/python3.10/dist-packages/robot_interfaces/msg/_line_msg.py
[1.144s] -- Up-to-date: /home/orin/auto_install/orz_robot/install/robot_interfaces/local/lib/python3.10/dist-packages/robot_interfaces/msg/_robot_control_msg_s.c
[1.144s] -- Up-to-date: /home/orin/auto_install/orz_robot/install/robot_interfaces/local/lib/python3.10/dist-packages/robot_interfaces/msg/__init__.py
[1.144s] -- Up-to-date: /home/orin/auto_install/orz_robot/install/robot_interfaces/local/lib/python3.10/dist-packages/robot_interfaces/msg/_line_msg_s.c
[1.144s] -- Up-to-date: /home/orin/auto_install/orz_robot/install/robot_interfaces/local/lib/python3.10/dist-packages/robot_interfaces/msg/_qt_recv.py
[1.144s] -- Up-to-date: /home/orin/auto_install/orz_robot/install/robot_interfaces/local/lib/python3.10/dist-packages/robot_interfaces/msg/_motor_fdb.py
[1.144s] -- Up-to-date: /home/orin/auto_install/orz_robot/install/robot_interfaces/local/lib/python3.10/dist-packages/robot_interfaces/msg/_robot_control_msg.py
[1.144s] -- Up-to-date: /home/orin/auto_install/orz_robot/install/robot_interfaces/local/lib/python3.10/dist-packages/robot_interfaces/msg/_qt_pub.py
[1.145s] -- Up-to-date: /home/orin/auto_install/orz_robot/install/robot_interfaces/local/lib/python3.10/dist-packages/robot_interfaces/msg/_qt_recv_s.c
[1.145s] -- Up-to-date: /home/orin/auto_install/orz_robot/install/robot_interfaces/local/lib/python3.10/dist-packages/robot_interfaces/msg/_arm_state.py
[1.145s] -- Up-to-date: /home/orin/auto_install/orz_robot/install/robot_interfaces/local/lib/python3.10/dist-packages/robot_interfaces/robot_interfaces_s__rosidl_typesupport_introspection_c.cpython-310-aarch64-linux-gnu.so
[1.145s] -- Up-to-date: /home/orin/auto_install/orz_robot/install/robot_interfaces/local/lib/python3.10/dist-packages/robot_interfaces/_robot_interfaces_s.ep.rosidl_typesupport_fastrtps_c.c
[1.216s] Listing '/home/orin/auto_install/orz_robot/install/robot_interfaces/local/lib/python3.10/dist-packages/robot_interfaces'...
[1.217s] Listing '/home/orin/auto_install/orz_robot/install/robot_interfaces/local/lib/python3.10/dist-packages/robot_interfaces/msg'...
[1.232s] -- Up-to-date: /home/orin/auto_install/orz_robot/install/robot_interfaces/local/lib/python3.10/dist-packages/robot_interfaces/robot_interfaces_s__rosidl_typesupport_fastrtps_c.cpython-310-aarch64-linux-gnu.so
[1.232s] -- Up-to-date: /home/orin/auto_install/orz_robot/install/robot_interfaces/local/lib/python3.10/dist-packages/robot_interfaces/robot_interfaces_s__rosidl_typesupport_introspection_c.cpython-310-aarch64-linux-gnu.so
[1.233s] -- Up-to-date: /home/orin/auto_install/orz_robot/install/robot_interfaces/local/lib/python3.10/dist-packages/robot_interfaces/robot_interfaces_s__rosidl_typesupport_c.cpython-310-aarch64-linux-gnu.so
[1.233s] -- Up-to-date: /home/orin/auto_install/orz_robot/install/robot_interfaces/lib/librobot_interfaces__rosidl_generator_py.so
[1.234s] -- Up-to-date: /home/orin/auto_install/orz_robot/install/robot_interfaces/share/robot_interfaces/msg/QtRecv.idl
[1.234s] -- Up-to-date: /home/orin/auto_install/orz_robot/install/robot_interfaces/share/robot_interfaces/msg/LineMsg.idl
[1.234s] -- Up-to-date: /home/orin/auto_install/orz_robot/install/robot_interfaces/share/robot_interfaces/msg/ArmState.idl
[1.234s] -- Up-to-date: /home/orin/auto_install/orz_robot/install/robot_interfaces/share/robot_interfaces/msg/QtPub.idl
[1.235s] -- Up-to-date: /home/orin/auto_install/orz_robot/install/robot_interfaces/share/robot_interfaces/msg/MotorFdb.idl
[1.235s] -- Up-to-date: /home/orin/auto_install/orz_robot/install/robot_interfaces/share/robot_interfaces/msg/RobotControlMsg.idl
[1.235s] -- Up-to-date: /home/orin/auto_install/orz_robot/install/robot_interfaces/share/robot_interfaces/msg/QtRecv.msg
[1.235s] -- Up-to-date: /home/orin/auto_install/orz_robot/install/robot_interfaces/share/robot_interfaces/msg/LineMsg.msg
[1.235s] -- Up-to-date: /home/orin/auto_install/orz_robot/install/robot_interfaces/share/robot_interfaces/msg/ArmState.msg
[1.235s] -- Up-to-date: /home/orin/auto_install/orz_robot/install/robot_interfaces/share/robot_interfaces/msg/QtPub.msg
[1.235s] -- Up-to-date: /home/orin/auto_install/orz_robot/install/robot_interfaces/share/robot_interfaces/msg/MotorFdb.msg
[1.236s] -- Up-to-date: /home/orin/auto_install/orz_robot/install/robot_interfaces/share/robot_interfaces/msg/RobotControlMsg.msg
[1.236s] -- Up-to-date: /home/orin/auto_install/orz_robot/install/robot_interfaces/share/ament_index/resource_index/package_run_dependencies/robot_interfaces
[1.236s] -- Up-to-date: /home/orin/auto_install/orz_robot/install/robot_interfaces/share/ament_index/resource_index/parent_prefix_path/robot_interfaces
[1.236s] -- Up-to-date: /home/orin/auto_install/orz_robot/install/robot_interfaces/share/robot_interfaces/environment/ament_prefix_path.sh
[1.236s] -- Up-to-date: /home/orin/auto_install/orz_robot/install/robot_interfaces/share/robot_interfaces/environment/ament_prefix_path.dsv
[1.236s] -- Up-to-date: /home/orin/auto_install/orz_robot/install/robot_interfaces/share/robot_interfaces/environment/path.sh
[1.236s] -- Up-to-date: /home/orin/auto_install/orz_robot/install/robot_interfaces/share/robot_interfaces/environment/path.dsv
[1.237s] -- Up-to-date: /home/orin/auto_install/orz_robot/install/robot_interfaces/share/robot_interfaces/local_setup.bash
[1.237s] -- Up-to-date: /home/orin/auto_install/orz_robot/install/robot_interfaces/share/robot_interfaces/local_setup.sh
[1.237s] -- Up-to-date: /home/orin/auto_install/orz_robot/install/robot_interfaces/share/robot_interfaces/local_setup.zsh
[1.237s] -- Up-to-date: /home/orin/auto_install/orz_robot/install/robot_interfaces/share/robot_interfaces/local_setup.dsv
[1.237s] -- Installing: /home/orin/auto_install/orz_robot/install/robot_interfaces/share/robot_interfaces/package.dsv
[1.238s] -- Up-to-date: /home/orin/auto_install/orz_robot/install/robot_interfaces/share/ament_index/resource_index/packages/robot_interfaces
[1.238s] -- Up-to-date: /home/orin/auto_install/orz_robot/install/robot_interfaces/share/robot_interfaces/cmake/export_robot_interfaces__rosidl_generator_cExport.cmake
[1.238s] -- Up-to-date: /home/orin/auto_install/orz_robot/install/robot_interfaces/share/robot_interfaces/cmake/export_robot_interfaces__rosidl_generator_cExport-noconfig.cmake
[1.239s] -- Up-to-date: /home/orin/auto_install/orz_robot/install/robot_interfaces/share/robot_interfaces/cmake/export_robot_interfaces__rosidl_typesupport_fastrtps_cExport.cmake
[1.239s] -- Up-to-date: /home/orin/auto_install/orz_robot/install/robot_interfaces/share/robot_interfaces/cmake/export_robot_interfaces__rosidl_typesupport_fastrtps_cExport-noconfig.cmake
[1.239s] -- Up-to-date: /home/orin/auto_install/orz_robot/install/robot_interfaces/share/robot_interfaces/cmake/robot_interfaces__rosidl_typesupport_introspection_cExport.cmake
[1.239s] -- Up-to-date: /home/orin/auto_install/orz_robot/install/robot_interfaces/share/robot_interfaces/cmake/robot_interfaces__rosidl_typesupport_introspection_cExport-noconfig.cmake
[1.239s] -- Up-to-date: /home/orin/auto_install/orz_robot/install/robot_interfaces/share/robot_interfaces/cmake/robot_interfaces__rosidl_typesupport_cExport.cmake
[1.239s] -- Up-to-date: /home/orin/auto_install/orz_robot/install/robot_interfaces/share/robot_interfaces/cmake/robot_interfaces__rosidl_typesupport_cExport-noconfig.cmake
[1.239s] -- Up-to-date: /home/orin/auto_install/orz_robot/install/robot_interfaces/share/robot_interfaces/cmake/export_robot_interfaces__rosidl_generator_cppExport.cmake
[1.243s] -- Up-to-date: /home/orin/auto_install/orz_robot/install/robot_interfaces/share/robot_interfaces/cmake/export_robot_interfaces__rosidl_typesupport_fastrtps_cppExport.cmake
[1.243s] -- Up-to-date: /home/orin/auto_install/orz_robot/install/robot_interfaces/share/robot_interfaces/cmake/export_robot_interfaces__rosidl_typesupport_fastrtps_cppExport-noconfig.cmake
[1.243s] -- Up-to-date: /home/orin/auto_install/orz_robot/install/robot_interfaces/share/robot_interfaces/cmake/robot_interfaces__rosidl_typesupport_introspection_cppExport.cmake
[1.243s] -- Up-to-date: /home/orin/auto_install/orz_robot/install/robot_interfaces/share/robot_interfaces/cmake/robot_interfaces__rosidl_typesupport_introspection_cppExport-noconfig.cmake
[1.243s] -- Up-to-date: /home/orin/auto_install/orz_robot/install/robot_interfaces/share/robot_interfaces/cmake/robot_interfaces__rosidl_typesupport_cppExport.cmake
[1.243s] -- Up-to-date: /home/orin/auto_install/orz_robot/install/robot_interfaces/share/robot_interfaces/cmake/robot_interfaces__rosidl_typesupport_cppExport-noconfig.cmake
[1.244s] -- Up-to-date: /home/orin/auto_install/orz_robot/install/robot_interfaces/share/robot_interfaces/cmake/export_robot_interfaces__rosidl_generator_pyExport.cmake
[1.244s] -- Up-to-date: /home/orin/auto_install/orz_robot/install/robot_interfaces/share/robot_interfaces/cmake/export_robot_interfaces__rosidl_generator_pyExport-noconfig.cmake
[1.244s] -- Up-to-date: /home/orin/auto_install/orz_robot/install/robot_interfaces/share/robot_interfaces/cmake/rosidl_cmake-extras.cmake
[1.244s] -- Up-to-date: /home/orin/auto_install/orz_robot/install/robot_interfaces/share/robot_interfaces/cmake/ament_cmake_export_dependencies-extras.cmake
[1.244s] -- Up-to-date: /home/orin/auto_install/orz_robot/install/robot_interfaces/share/robot_interfaces/cmake/ament_cmake_export_include_directories-extras.cmake
[1.244s] -- Up-to-date: /home/orin/auto_install/orz_robot/install/robot_interfaces/share/robot_interfaces/cmake/ament_cmake_export_libraries-extras.cmake
[1.244s] -- Up-to-date: /home/orin/auto_install/orz_robot/install/robot_interfaces/share/robot_interfaces/cmake/ament_cmake_export_targets-extras.cmake
[1.244s] -- Up-to-date: /home/orin/auto_install/orz_robot/install/robot_interfaces/share/robot_interfaces/cmake/rosidl_cmake_export_typesupport_targets-extras.cmake
[1.245s] -- Up-to-date: /home/orin/auto_install/orz_robot/install/robot_interfaces/share/robot_interfaces/cmake/rosidl_cmake_export_typesupport_libraries-extras.cmake
[1.246s] -- Up-to-date: /home/orin/auto_install/orz_robot/install/robot_interfaces/share/robot_interfaces/cmake/robot_interfacesConfig.cmake
[1.252s] -- Up-to-date: /home/orin/auto_install/orz_robot/install/robot_interfaces/share/robot_interfaces/cmake/robot_interfacesConfig-version.cmake
[1.253s] -- Up-to-date: /home/orin/auto_install/orz_robot/install/robot_interfaces/share/robot_interfaces/package.xml
[1.264s] Invoked command in '/home/orin/auto_install/orz_robot/build/robot_interfaces' returned '0': CMAKE_PREFIX_PATH=${CMAKE_PREFIX_PATH}:/opt/ros/humble /usr/bin/cmake --install /home/orin/auto_install/orz_robot/build/robot_interfaces
