[0.629s] Invoking command in '/home/orin/auto_install/orz_robot/build/ros2_socketcan': CMAKE_PREFIX_PATH=/home/orin/auto_install/orz_robot/install/ros2_socketcan_msgs:/home/orin/auto_install/orz_robot/install/ros2_socketcan:/home/orin/auto_install/orz_robot/install/robot_interfaces:/opt/ros/humble LD_LIBRARY_PATH=/home/orin/auto_install/orz_robot/install/ros2_socketcan_msgs/lib:/home/orin/auto_install/orz_robot/install/ros2_socketcan/lib:/home/orin/auto_install/orz_robot/install/robot_interfaces/lib:/opt/ros/humble/opt/rviz_ogre_vendor/lib:/opt/ros/humble/lib/aarch64-linux-gnu:/opt/ros/humble/lib /usr/bin/cmake --build /home/orin/auto_install/orz_robot/build/ros2_socketcan -- -j8 -l8
[0.731s] [35m[1mConsolidate compiler generated dependencies of target ros2_socketcan[0m
[0.731s] [35m[1mConsolidate compiler generated dependencies of target gtest_main[0m
[0.755s] [35m[1mConsolidate compiler generated dependencies of target socket_can_sender_node_exe[0m
[0.758s] [35m[1mConsolidate compiler generated dependencies of target gtest[0m
[0.760s] [35m[1mConsolidate compiler generated dependencies of target socket_can_receiver_node_exe[0m
[0.787s] [  9%] Built target gtest_main
[0.794s] [ 33%] Built target ros2_socketcan
[0.803s] [ 42%] Built target gtest
[0.804s] [ 52%] Built target socket_can_receiver_node_exe
[0.809s] [ 61%] Built target socket_can_sender_node_exe
[0.827s] [35m[1mConsolidate compiler generated dependencies of target ros2_socketcan_test[0m
[0.835s] [35m[1mConsolidate compiler generated dependencies of target socket_can_receiver_node[0m
[0.859s] [ 80%] Built target ros2_socketcan_test
[0.876s] [ 90%] Built target socket_can_receiver_node
[0.907s] [35m[1mConsolidate compiler generated dependencies of target socket_can_sender_node[0m
[0.947s] [100%] Built target socket_can_sender_node
[0.972s] Invoked command in '/home/orin/auto_install/orz_robot/build/ros2_socketcan' returned '0': CMAKE_PREFIX_PATH=/home/orin/auto_install/orz_robot/install/ros2_socketcan_msgs:/home/orin/auto_install/orz_robot/install/ros2_socketcan:/home/orin/auto_install/orz_robot/install/robot_interfaces:/opt/ros/humble LD_LIBRARY_PATH=/home/orin/auto_install/orz_robot/install/ros2_socketcan_msgs/lib:/home/orin/auto_install/orz_robot/install/ros2_socketcan/lib:/home/orin/auto_install/orz_robot/install/robot_interfaces/lib:/opt/ros/humble/opt/rviz_ogre_vendor/lib:/opt/ros/humble/lib/aarch64-linux-gnu:/opt/ros/humble/lib /usr/bin/cmake --build /home/orin/auto_install/orz_robot/build/ros2_socketcan -- -j8 -l8
[0.984s] Invoking command in '/home/orin/auto_install/orz_robot/build/ros2_socketcan': CMAKE_PREFIX_PATH=/home/orin/auto_install/orz_robot/install/ros2_socketcan_msgs:/home/orin/auto_install/orz_robot/install/ros2_socketcan:/home/orin/auto_install/orz_robot/install/robot_interfaces:/opt/ros/humble LD_LIBRARY_PATH=/home/orin/auto_install/orz_robot/install/ros2_socketcan_msgs/lib:/home/orin/auto_install/orz_robot/install/ros2_socketcan/lib:/home/orin/auto_install/orz_robot/install/robot_interfaces/lib:/opt/ros/humble/opt/rviz_ogre_vendor/lib:/opt/ros/humble/lib/aarch64-linux-gnu:/opt/ros/humble/lib /usr/bin/cmake --install /home/orin/auto_install/orz_robot/build/ros2_socketcan
[1.000s] -- Install configuration: ""
[1.000s] -- Up-to-date: /home/orin/auto_install/orz_robot/install/ros2_socketcan/lib/ros2_socketcan/socket_can_receiver_node_exe
[1.000s] -- Up-to-date: /home/orin/auto_install/orz_robot/install/ros2_socketcan/lib/ros2_socketcan/socket_can_sender_node_exe
[1.000s] -- Up-to-date: /home/orin/auto_install/orz_robot/install/ros2_socketcan/include
[1.000s] -- Up-to-date: /home/orin/auto_install/orz_robot/install/ros2_socketcan/include/ros2_socketcan
[1.001s] -- Up-to-date: /home/orin/auto_install/orz_robot/install/ros2_socketcan/include/ros2_socketcan/socket_can_receiver.hpp
[1.001s] -- Up-to-date: /home/orin/auto_install/orz_robot/install/ros2_socketcan/include/ros2_socketcan/socket_can_common.hpp
[1.001s] -- Up-to-date: /home/orin/auto_install/orz_robot/install/ros2_socketcan/include/ros2_socketcan/socket_can_sender_node.hpp
[1.001s] -- Up-to-date: /home/orin/auto_install/orz_robot/install/ros2_socketcan/include/ros2_socketcan/visibility_control.hpp
[1.001s] -- Up-to-date: /home/orin/auto_install/orz_robot/install/ros2_socketcan/include/ros2_socketcan/socket_can_receiver_node.hpp
[1.001s] -- Up-to-date: /home/orin/auto_install/orz_robot/install/ros2_socketcan/include/ros2_socketcan/socket_can_id.hpp
[1.001s] -- Up-to-date: /home/orin/auto_install/orz_robot/install/ros2_socketcan/include/ros2_socketcan/socket_can_sender.hpp
[1.002s] -- Up-to-date: /home/orin/auto_install/orz_robot/install/ros2_socketcan/share/ros2_socketcan/environment/library_path.sh
[1.002s] -- Up-to-date: /home/orin/auto_install/orz_robot/install/ros2_socketcan/share/ros2_socketcan/environment/library_path.dsv
[1.002s] -- Up-to-date: /home/orin/auto_install/orz_robot/install/ros2_socketcan/lib/libros2_socketcan.so
[1.002s] -- Up-to-date: /home/orin/auto_install/orz_robot/install/ros2_socketcan/lib/libsocket_can_receiver_node.so
[1.002s] -- Up-to-date: /home/orin/auto_install/orz_robot/install/ros2_socketcan/lib/libsocket_can_sender_node.so
[1.004s] -- Up-to-date: /home/orin/auto_install/orz_robot/install/ros2_socketcan/share/ros2_socketcan/launch
[1.011s] -- Up-to-date: /home/orin/auto_install/orz_robot/install/ros2_socketcan/share/ros2_socketcan/launch/socket_can_sender.launch.py
[1.011s] -- Up-to-date: /home/orin/auto_install/orz_robot/install/ros2_socketcan/share/ros2_socketcan/launch/socket_can_receiver.launch.py
[1.011s] -- Up-to-date: /home/orin/auto_install/orz_robot/install/ros2_socketcan/share/ros2_socketcan/launch/socket_can_bridge.launch.xml
[1.011s] -- Up-to-date: /home/orin/auto_install/orz_robot/install/ros2_socketcan/share/ament_index/resource_index/package_run_dependencies/ros2_socketcan
[1.012s] -- Up-to-date: /home/orin/auto_install/orz_robot/install/ros2_socketcan/share/ament_index/resource_index/parent_prefix_path/ros2_socketcan
[1.012s] -- Up-to-date: /home/orin/auto_install/orz_robot/install/ros2_socketcan/share/ros2_socketcan/environment/ament_prefix_path.sh
[1.012s] -- Up-to-date: /home/orin/auto_install/orz_robot/install/ros2_socketcan/share/ros2_socketcan/environment/ament_prefix_path.dsv
[1.012s] -- Up-to-date: /home/orin/auto_install/orz_robot/install/ros2_socketcan/share/ros2_socketcan/environment/path.sh
[1.012s] -- Up-to-date: /home/orin/auto_install/orz_robot/install/ros2_socketcan/share/ros2_socketcan/environment/path.dsv
[1.012s] -- Up-to-date: /home/orin/auto_install/orz_robot/install/ros2_socketcan/share/ros2_socketcan/local_setup.bash
[1.012s] -- Up-to-date: /home/orin/auto_install/orz_robot/install/ros2_socketcan/share/ros2_socketcan/local_setup.sh
[1.013s] -- Up-to-date: /home/orin/auto_install/orz_robot/install/ros2_socketcan/share/ros2_socketcan/local_setup.zsh
[1.013s] -- Up-to-date: /home/orin/auto_install/orz_robot/install/ros2_socketcan/share/ros2_socketcan/local_setup.dsv
[1.013s] -- Installing: /home/orin/auto_install/orz_robot/install/ros2_socketcan/share/ros2_socketcan/package.dsv
[1.013s] -- Up-to-date: /home/orin/auto_install/orz_robot/install/ros2_socketcan/share/ament_index/resource_index/packages/ros2_socketcan
[1.013s] -- Up-to-date: /home/orin/auto_install/orz_robot/install/ros2_socketcan/share/ament_index/resource_index/rclcpp_components/ros2_socketcan
[1.013s] -- Up-to-date: /home/orin/auto_install/orz_robot/install/ros2_socketcan/share/ros2_socketcan/cmake/ament_cmake_export_dependencies-extras.cmake
[1.013s] -- Up-to-date: /home/orin/auto_install/orz_robot/install/ros2_socketcan/share/ros2_socketcan/cmake/ament_cmake_export_include_directories-extras.cmake
[1.013s] -- Up-to-date: /home/orin/auto_install/orz_robot/install/ros2_socketcan/share/ros2_socketcan/cmake/ament_cmake_export_libraries-extras.cmake
[1.013s] -- Up-to-date: /home/orin/auto_install/orz_robot/install/ros2_socketcan/share/ros2_socketcan/cmake/ros2_socketcanConfig.cmake
[1.014s] -- Up-to-date: /home/orin/auto_install/orz_robot/install/ros2_socketcan/share/ros2_socketcan/cmake/ros2_socketcanConfig-version.cmake
[1.014s] -- Up-to-date: /home/orin/auto_install/orz_robot/install/ros2_socketcan/share/ros2_socketcan/package.xml
[1.038s] Invoked command in '/home/orin/auto_install/orz_robot/build/ros2_socketcan' returned '0': CMAKE_PREFIX_PATH=/home/orin/auto_install/orz_robot/install/ros2_socketcan_msgs:/home/orin/auto_install/orz_robot/install/ros2_socketcan:/home/orin/auto_install/orz_robot/install/robot_interfaces:/opt/ros/humble LD_LIBRARY_PATH=/home/orin/auto_install/orz_robot/install/ros2_socketcan_msgs/lib:/home/orin/auto_install/orz_robot/install/ros2_socketcan/lib:/home/orin/auto_install/orz_robot/install/robot_interfaces/lib:/opt/ros/humble/opt/rviz_ogre_vendor/lib:/opt/ros/humble/lib/aarch64-linux-gnu:/opt/ros/humble/lib /usr/bin/cmake --install /home/orin/auto_install/orz_robot/build/ros2_socketcan
