[0.200s] Invoking command in '/home/orin/auto_install/orz_robot/build/robot_qtrecv': CMAKE_PREFIX_PATH=${CMAKE_PREFIX_PATH}:/home/orin/auto_install/orz_robot/install/robot_test_py:/home/orin/auto_install/orz_robot/install/robot_keyboard_to_twist_py:/opt/ros/humble /usr/bin/cmake --build /home/orin/auto_install/orz_robot/build/robot_qtrecv -- -j8 -l8
[0.320s] [35m[1mConsolidate compiler generated dependencies of target robot_tcp_server[0m
[0.374s] [100%] Built target robot_tcp_server
[0.458s] Invoked command in '/home/orin/auto_install/orz_robot/build/robot_qtrecv' returned '0': CMAKE_PREFIX_PATH=${CMAKE_PREFIX_PATH}:/home/orin/auto_install/orz_robot/install/robot_test_py:/home/orin/auto_install/orz_robot/install/robot_keyboard_to_twist_py:/opt/ros/humble /usr/bin/cmake --build /home/orin/auto_install/orz_robot/build/robot_qtrecv -- -j8 -l8
[0.460s] Invoking command in '/home/orin/auto_install/orz_robot/build/robot_qtrecv': CMAKE_PREFIX_PATH=${CMAKE_PREFIX_PATH}:/home/orin/auto_install/orz_robot/install/robot_test_py:/home/orin/auto_install/orz_robot/install/robot_keyboard_to_twist_py:/opt/ros/humble /usr/bin/cmake --install /home/orin/auto_install/orz_robot/build/robot_qtrecv
[0.483s] -- Install configuration: ""
[0.483s] -- Up-to-date: /home/orin/auto_install/orz_robot/install/robot_qtrecv/lib/robot_qtrecv/robot_tcp_server
[0.483s] -- Up-to-date: /home/orin/auto_install/orz_robot/install/robot_qtrecv/share/robot_qtrecv/launch
[0.483s] -- Up-to-date: /home/orin/auto_install/orz_robot/install/robot_qtrecv/share/robot_qtrecv/launch/robot_tcp_server.launch.py
[0.484s] -- Up-to-date: /home/orin/auto_install/orz_robot/install/robot_qtrecv/share/robot_qtrecv/launch/robot_qtrecv.launch.py
[0.484s] -- Up-to-date: /home/orin/auto_install/orz_robot/install/robot_qtrecv/share/ament_index/resource_index/package_run_dependencies/robot_qtrecv
[0.484s] -- Up-to-date: /home/orin/auto_install/orz_robot/install/robot_qtrecv/share/ament_index/resource_index/parent_prefix_path/robot_qtrecv
[0.484s] -- Up-to-date: /home/orin/auto_install/orz_robot/install/robot_qtrecv/share/robot_qtrecv/environment/ament_prefix_path.sh
[0.484s] -- Up-to-date: /home/orin/auto_install/orz_robot/install/robot_qtrecv/share/robot_qtrecv/environment/ament_prefix_path.dsv
[0.484s] -- Up-to-date: /home/orin/auto_install/orz_robot/install/robot_qtrecv/share/robot_qtrecv/environment/path.sh
[0.484s] -- Up-to-date: /home/orin/auto_install/orz_robot/install/robot_qtrecv/share/robot_qtrecv/environment/path.dsv
[0.485s] -- Up-to-date: /home/orin/auto_install/orz_robot/install/robot_qtrecv/share/robot_qtrecv/local_setup.bash
[0.485s] -- Up-to-date: /home/orin/auto_install/orz_robot/install/robot_qtrecv/share/robot_qtrecv/local_setup.sh
[0.489s] -- Up-to-date: /home/orin/auto_install/orz_robot/install/robot_qtrecv/share/robot_qtrecv/local_setup.zsh
[0.489s] -- Up-to-date: /home/orin/auto_install/orz_robot/install/robot_qtrecv/share/robot_qtrecv/local_setup.dsv
[0.489s] -- Installing: /home/orin/auto_install/orz_robot/install/robot_qtrecv/share/robot_qtrecv/package.dsv
[0.489s] -- Up-to-date: /home/orin/auto_install/orz_robot/install/robot_qtrecv/share/ament_index/resource_index/packages/robot_qtrecv
[0.490s] -- Up-to-date: /home/orin/auto_install/orz_robot/install/robot_qtrecv/share/robot_qtrecv/cmake/robot_qtrecvConfig.cmake
[0.490s] -- Up-to-date: /home/orin/auto_install/orz_robot/install/robot_qtrecv/share/robot_qtrecv/cmake/robot_qtrecvConfig-version.cmake
[0.490s] -- Up-to-date: /home/orin/auto_install/orz_robot/install/robot_qtrecv/share/robot_qtrecv/package.xml
[1.104s] Invoked command in '/home/orin/auto_install/orz_robot/build/robot_qtrecv' returned '0': CMAKE_PREFIX_PATH=${CMAKE_PREFIX_PATH}:/home/orin/auto_install/orz_robot/install/robot_test_py:/home/orin/auto_install/orz_robot/install/robot_keyboard_to_twist_py:/opt/ros/humble /usr/bin/cmake --install /home/orin/auto_install/orz_robot/build/robot_qtrecv
