[0.027s] Invoking command in '/home/orin/auto_install/orz_robot/build/ros2_socketcan': CMAKE_PREFIX_PATH=/home/orin/auto_install/orz_robot/install/ros2_socketcan_msgs:/home/orin/auto_install/orz_robot/install/ros2_socketcan:/home/orin/auto_install/orz_robot/install/robot_test:/home/orin/auto_install/orz_robot/install/robot_qtrecv:/home/orin/auto_install/orz_robot/install/robot_kinematics:/home/orin/auto_install/orz_robot/install/robot_interfaces:/home/orin/auto_install/orz_robot/install/robot_gazebo:/home/orin/auto_install/orz_robot/install/robot_driver:/home/orin/auto_install/orz_robot/install/robot_config:/home/orin/auto_install/orz_robot/install/robot_description:/home/orin/auto_install/orz_robot/install/robot_control:/home/orin/auto_install/orz_robot/install/robot_bringup:/home/orin/auto_install/orz_robot/install/robot_test_py:/home/orin/auto_install/orz_robot/install/robot_keyboard_to_twist_py:/opt/ros/humble LD_LIBRARY_PATH=/home/orin/auto_install/orz_robot/install/ros2_socketcan_msgs/lib:/home/orin/auto_install/orz_robot/install/ros2_socketcan/lib:/home/orin/auto_install/orz_robot/install/robot_interfaces/lib:/opt/ros/humble/opt/rviz_ogre_vendor/lib:/opt/ros/humble/lib/aarch64-linux-gnu:/opt/ros/humble/lib /usr/bin/cmake --build /home/orin/auto_install/orz_robot/build/ros2_socketcan -- -j8 -l8
[0.137s] [  9%] Built target gtest
[0.142s] [ 33%] Built target ros2_socketcan
[0.142s] [ 42%] Built target socket_can_receiver_node_exe
[0.160s] [ 52%] Built target socket_can_sender_node_exe
[0.175s] [ 61%] Built target gtest_main
[0.199s] [ 71%] Built target socket_can_receiver_node
[0.222s] [ 90%] Built target ros2_socketcan_test
[0.251s] [100%] Built target socket_can_sender_node
[0.275s] Invoked command in '/home/orin/auto_install/orz_robot/build/ros2_socketcan' returned '0': CMAKE_PREFIX_PATH=/home/orin/auto_install/orz_robot/install/ros2_socketcan_msgs:/home/orin/auto_install/orz_robot/install/ros2_socketcan:/home/orin/auto_install/orz_robot/install/robot_test:/home/orin/auto_install/orz_robot/install/robot_qtrecv:/home/orin/auto_install/orz_robot/install/robot_kinematics:/home/orin/auto_install/orz_robot/install/robot_interfaces:/home/orin/auto_install/orz_robot/install/robot_gazebo:/home/orin/auto_install/orz_robot/install/robot_driver:/home/orin/auto_install/orz_robot/install/robot_config:/home/orin/auto_install/orz_robot/install/robot_description:/home/orin/auto_install/orz_robot/install/robot_control:/home/orin/auto_install/orz_robot/install/robot_bringup:/home/orin/auto_install/orz_robot/install/robot_test_py:/home/orin/auto_install/orz_robot/install/robot_keyboard_to_twist_py:/opt/ros/humble LD_LIBRARY_PATH=/home/orin/auto_install/orz_robot/install/ros2_socketcan_msgs/lib:/home/orin/auto_install/orz_robot/install/ros2_socketcan/lib:/home/orin/auto_install/orz_robot/install/robot_interfaces/lib:/opt/ros/humble/opt/rviz_ogre_vendor/lib:/opt/ros/humble/lib/aarch64-linux-gnu:/opt/ros/humble/lib /usr/bin/cmake --build /home/orin/auto_install/orz_robot/build/ros2_socketcan -- -j8 -l8
[0.297s] Invoking command in '/home/orin/auto_install/orz_robot/build/ros2_socketcan': CMAKE_PREFIX_PATH=/home/orin/auto_install/orz_robot/install/ros2_socketcan_msgs:/home/orin/auto_install/orz_robot/install/ros2_socketcan:/home/orin/auto_install/orz_robot/install/robot_test:/home/orin/auto_install/orz_robot/install/robot_qtrecv:/home/orin/auto_install/orz_robot/install/robot_kinematics:/home/orin/auto_install/orz_robot/install/robot_interfaces:/home/orin/auto_install/orz_robot/install/robot_gazebo:/home/orin/auto_install/orz_robot/install/robot_driver:/home/orin/auto_install/orz_robot/install/robot_config:/home/orin/auto_install/orz_robot/install/robot_description:/home/orin/auto_install/orz_robot/install/robot_control:/home/orin/auto_install/orz_robot/install/robot_bringup:/home/orin/auto_install/orz_robot/install/robot_test_py:/home/orin/auto_install/orz_robot/install/robot_keyboard_to_twist_py:/opt/ros/humble LD_LIBRARY_PATH=/home/orin/auto_install/orz_robot/install/ros2_socketcan_msgs/lib:/home/orin/auto_install/orz_robot/install/ros2_socketcan/lib:/home/orin/auto_install/orz_robot/install/robot_interfaces/lib:/opt/ros/humble/opt/rviz_ogre_vendor/lib:/opt/ros/humble/lib/aarch64-linux-gnu:/opt/ros/humble/lib /usr/bin/cmake --install /home/orin/auto_install/orz_robot/build/ros2_socketcan
[0.311s] -- Install configuration: ""
[0.311s] -- Up-to-date: /home/orin/auto_install/orz_robot/install/ros2_socketcan/lib/ros2_socketcan/socket_can_receiver_node_exe
[0.311s] -- Up-to-date: /home/orin/auto_install/orz_robot/install/ros2_socketcan/lib/ros2_socketcan/socket_can_sender_node_exe
[0.312s] -- Up-to-date: /home/orin/auto_install/orz_robot/install/ros2_socketcan/include
[0.312s] -- Up-to-date: /home/orin/auto_install/orz_robot/install/ros2_socketcan/include/ros2_socketcan
[0.312s] -- Up-to-date: /home/orin/auto_install/orz_robot/install/ros2_socketcan/include/ros2_socketcan/socket_can_receiver.hpp
[0.312s] -- Up-to-date: /home/orin/auto_install/orz_robot/install/ros2_socketcan/include/ros2_socketcan/socket_can_common.hpp
[0.313s] -- Up-to-date: /home/orin/auto_install/orz_robot/install/ros2_socketcan/include/ros2_socketcan/socket_can_sender_node.hpp
[0.313s] -- Up-to-date: /home/orin/auto_install/orz_robot/install/ros2_socketcan/include/ros2_socketcan/visibility_control.hpp
[0.313s] -- Up-to-date: /home/orin/auto_install/orz_robot/install/ros2_socketcan/include/ros2_socketcan/socket_can_receiver_node.hpp
[0.313s] -- Up-to-date: /home/orin/auto_install/orz_robot/install/ros2_socketcan/include/ros2_socketcan/socket_can_id.hpp
[0.313s] -- Up-to-date: /home/orin/auto_install/orz_robot/install/ros2_socketcan/include/ros2_socketcan/socket_can_sender.hpp
[0.314s] -- Up-to-date: /home/orin/auto_install/orz_robot/install/ros2_socketcan/share/ros2_socketcan/environment/library_path.sh
[0.314s] -- Up-to-date: /home/orin/auto_install/orz_robot/install/ros2_socketcan/share/ros2_socketcan/environment/library_path.dsv
[0.314s] -- Up-to-date: /home/orin/auto_install/orz_robot/install/ros2_socketcan/lib/libros2_socketcan.so
[0.314s] -- Up-to-date: /home/orin/auto_install/orz_robot/install/ros2_socketcan/lib/libsocket_can_receiver_node.so
[0.315s] -- Up-to-date: /home/orin/auto_install/orz_robot/install/ros2_socketcan/lib/libsocket_can_sender_node.so
[0.315s] -- Up-to-date: /home/orin/auto_install/orz_robot/install/ros2_socketcan/share/ros2_socketcan/launch
[0.315s] -- Up-to-date: /home/orin/auto_install/orz_robot/install/ros2_socketcan/share/ros2_socketcan/launch/socket_can_sender.launch.py
[0.315s] -- Up-to-date: /home/orin/auto_install/orz_robot/install/ros2_socketcan/share/ros2_socketcan/launch/socket_can_receiver.launch.py
[0.315s] -- Up-to-date: /home/orin/auto_install/orz_robot/install/ros2_socketcan/share/ros2_socketcan/launch/socket_can_bridge.launch.xml
[0.315s] -- Up-to-date: /home/orin/auto_install/orz_robot/install/ros2_socketcan/share/ament_index/resource_index/package_run_dependencies/ros2_socketcan
[0.315s] -- Up-to-date: /home/orin/auto_install/orz_robot/install/ros2_socketcan/share/ament_index/resource_index/parent_prefix_path/ros2_socketcan
[0.316s] -- Up-to-date: /home/orin/auto_install/orz_robot/install/ros2_socketcan/share/ros2_socketcan/environment/ament_prefix_path.sh
[0.316s] -- Up-to-date: /home/orin/auto_install/orz_robot/install/ros2_socketcan/share/ros2_socketcan/environment/ament_prefix_path.dsv
[0.316s] -- Up-to-date: /home/orin/auto_install/orz_robot/install/ros2_socketcan/share/ros2_socketcan/environment/path.sh
[0.316s] -- Up-to-date: /home/orin/auto_install/orz_robot/install/ros2_socketcan/share/ros2_socketcan/environment/path.dsv
[0.316s] -- Up-to-date: /home/orin/auto_install/orz_robot/install/ros2_socketcan/share/ros2_socketcan/local_setup.bash
[0.316s] -- Up-to-date: /home/orin/auto_install/orz_robot/install/ros2_socketcan/share/ros2_socketcan/local_setup.sh
[0.316s] -- Up-to-date: /home/orin/auto_install/orz_robot/install/ros2_socketcan/share/ros2_socketcan/local_setup.zsh
[0.317s] -- Up-to-date: /home/orin/auto_install/orz_robot/install/ros2_socketcan/share/ros2_socketcan/local_setup.dsv
[0.317s] -- Installing: /home/orin/auto_install/orz_robot/install/ros2_socketcan/share/ros2_socketcan/package.dsv
[0.317s] -- Up-to-date: /home/orin/auto_install/orz_robot/install/ros2_socketcan/share/ament_index/resource_index/packages/ros2_socketcan
[0.317s] -- Up-to-date: /home/orin/auto_install/orz_robot/install/ros2_socketcan/share/ament_index/resource_index/rclcpp_components/ros2_socketcan
[0.317s] -- Up-to-date: /home/orin/auto_install/orz_robot/install/ros2_socketcan/share/ros2_socketcan/cmake/ament_cmake_export_dependencies-extras.cmake
[0.317s] -- Up-to-date: /home/orin/auto_install/orz_robot/install/ros2_socketcan/share/ros2_socketcan/cmake/ament_cmake_export_include_directories-extras.cmake
[0.317s] -- Up-to-date: /home/orin/auto_install/orz_robot/install/ros2_socketcan/share/ros2_socketcan/cmake/ament_cmake_export_libraries-extras.cmake
[0.317s] -- Up-to-date: /home/orin/auto_install/orz_robot/install/ros2_socketcan/share/ros2_socketcan/cmake/ros2_socketcanConfig.cmake
[0.318s] -- Up-to-date: /home/orin/auto_install/orz_robot/install/ros2_socketcan/share/ros2_socketcan/cmake/ros2_socketcanConfig-version.cmake
[0.318s] -- Up-to-date: /home/orin/auto_install/orz_robot/install/ros2_socketcan/share/ros2_socketcan/package.xml
[0.320s] Invoked command in '/home/orin/auto_install/orz_robot/build/ros2_socketcan' returned '0': CMAKE_PREFIX_PATH=/home/orin/auto_install/orz_robot/install/ros2_socketcan_msgs:/home/orin/auto_install/orz_robot/install/ros2_socketcan:/home/orin/auto_install/orz_robot/install/robot_test:/home/orin/auto_install/orz_robot/install/robot_qtrecv:/home/orin/auto_install/orz_robot/install/robot_kinematics:/home/orin/auto_install/orz_robot/install/robot_interfaces:/home/orin/auto_install/orz_robot/install/robot_gazebo:/home/orin/auto_install/orz_robot/install/robot_driver:/home/orin/auto_install/orz_robot/install/robot_config:/home/orin/auto_install/orz_robot/install/robot_description:/home/orin/auto_install/orz_robot/install/robot_control:/home/orin/auto_install/orz_robot/install/robot_bringup:/home/orin/auto_install/orz_robot/install/robot_test_py:/home/orin/auto_install/orz_robot/install/robot_keyboard_to_twist_py:/opt/ros/humble LD_LIBRARY_PATH=/home/orin/auto_install/orz_robot/install/ros2_socketcan_msgs/lib:/home/orin/auto_install/orz_robot/install/ros2_socketcan/lib:/home/orin/auto_install/orz_robot/install/robot_interfaces/lib:/opt/ros/humble/opt/rviz_ogre_vendor/lib:/opt/ros/humble/lib/aarch64-linux-gnu:/opt/ros/humble/lib /usr/bin/cmake --install /home/orin/auto_install/orz_robot/build/ros2_socketcan
