[0.072s] Invoking command in '/home/orin/auto_install/orz_robot/build/robot_gazebo': CMAKE_PREFIX_PATH=${CMAKE_PREFIX_PATH}:/opt/ros/humble /usr/bin/cmake /home/orin/auto_install/orz_robot/src/robot_gazebo -DCMAKE_INSTALL_PREFIX=/home/orin/auto_install/orz_robot/install/robot_gazebo
[1.020s] -- The C compiler identification is GNU 11.4.0
[1.020s] -- The CXX compiler identification is GNU 11.4.0
[1.020s] -- Detecting C compiler ABI info
[1.020s] -- Detecting C compiler ABI info - done
[1.020s] -- Check for working C compiler: /usr/bin/cc - skipped
[1.020s] -- Detecting C compile features
[1.020s] -- Detecting C compile features - done
[1.020s] -- Detecting CXX compiler ABI info
[1.021s] -- Detecting CXX compiler ABI info - done
[1.021s] -- Check for working CXX compiler: /usr/bin/c++ - skipped
[1.021s] -- Detecting CXX compile features
[1.021s] -- Detecting CXX compile features - done
[1.021s] -- Found ament_cmake: 1.3.11 (/opt/ros/humble/share/ament_cmake/cmake)
[1.261s] -- Found Python3: /usr/bin/python3 (found version "3.10.12") found components: Interpreter 
[1.485s] -- Found ament_lint_auto: 0.12.11 (/opt/ros/humble/share/ament_lint_auto/cmake)
[1.700s] -- Added test 'flake8' to check Python code syntax and style conventions
[1.701s] -- Added test 'lint_cmake' to check CMake code style
[1.702s] -- Added test 'pep257' to check Python code against some of the docstring style conventions in PEP 257
[1.705s] -- Added test 'xmllint' to check XML markup files
[1.709s] -- Configuring done
[1.717s] -- Generating done
[1.721s] -- Build files have been written to: /home/orin/auto_install/orz_robot/build/robot_gazebo
[1.739s] Invoked command in '/home/orin/auto_install/orz_robot/build/robot_gazebo' returned '0': CMAKE_PREFIX_PATH=${CMAKE_PREFIX_PATH}:/opt/ros/humble /usr/bin/cmake /home/orin/auto_install/orz_robot/src/robot_gazebo -DCMAKE_INSTALL_PREFIX=/home/orin/auto_install/orz_robot/install/robot_gazebo
[1.740s] Invoking command in '/home/orin/auto_install/orz_robot/build/robot_gazebo': CMAKE_PREFIX_PATH=${CMAKE_PREFIX_PATH}:/opt/ros/humble /usr/bin/cmake --build /home/orin/auto_install/orz_robot/build/robot_gazebo -- -j8 -l8
[1.827s] Invoked command in '/home/orin/auto_install/orz_robot/build/robot_gazebo' returned '0': CMAKE_PREFIX_PATH=${CMAKE_PREFIX_PATH}:/opt/ros/humble /usr/bin/cmake --build /home/orin/auto_install/orz_robot/build/robot_gazebo -- -j8 -l8
[1.831s] Invoking command in '/home/orin/auto_install/orz_robot/build/robot_gazebo': CMAKE_PREFIX_PATH=${CMAKE_PREFIX_PATH}:/opt/ros/humble /usr/bin/cmake --install /home/orin/auto_install/orz_robot/build/robot_gazebo
[1.845s] -- Install configuration: ""
[1.846s] -- Installing: /home/orin/auto_install/orz_robot/install/robot_gazebo/share/robot_gazebo/launch
[1.846s] -- Installing: /home/orin/auto_install/orz_robot/install/robot_gazebo/share/robot_gazebo/launch/robot_gazebo.launch.py
[1.846s] -- Installing: /home/orin/auto_install/orz_robot/install/robot_gazebo/share/robot_gazebo/config
[1.847s] -- Installing: /home/orin/auto_install/orz_robot/install/robot_gazebo/share/robot_gazebo/config/gazebo_robot_description.urdf.xacro
[1.848s] -- Installing: /home/orin/auto_install/orz_robot/install/robot_gazebo/share/ament_index/resource_index/package_run_dependencies/robot_gazebo
[1.849s] -- Installing: /home/orin/auto_install/orz_robot/install/robot_gazebo/share/ament_index/resource_index/parent_prefix_path/robot_gazebo
[1.850s] -- Installing: /home/orin/auto_install/orz_robot/install/robot_gazebo/share/robot_gazebo/environment/ament_prefix_path.sh
[1.850s] -- Installing: /home/orin/auto_install/orz_robot/install/robot_gazebo/share/robot_gazebo/environment/ament_prefix_path.dsv
[1.852s] -- Installing: /home/orin/auto_install/orz_robot/install/robot_gazebo/share/robot_gazebo/environment/path.sh
[1.854s] -- Installing: /home/orin/auto_install/orz_robot/install/robot_gazebo/share/robot_gazebo/environment/path.dsv
[1.854s] -- Installing: /home/orin/auto_install/orz_robot/install/robot_gazebo/share/robot_gazebo/local_setup.bash
[1.854s] -- Installing: /home/orin/auto_install/orz_robot/install/robot_gazebo/share/robot_gazebo/local_setup.sh
[1.855s] -- Installing: /home/orin/auto_install/orz_robot/install/robot_gazebo/share/robot_gazebo/local_setup.zsh
[1.855s] -- Installing: /home/orin/auto_install/orz_robot/install/robot_gazebo/share/robot_gazebo/local_setup.dsv
[1.855s] -- Installing: /home/orin/auto_install/orz_robot/install/robot_gazebo/share/robot_gazebo/package.dsv
[1.855s] -- Installing: /home/orin/auto_install/orz_robot/install/robot_gazebo/share/ament_index/resource_index/packages/robot_gazebo
[1.855s] -- Installing: /home/orin/auto_install/orz_robot/install/robot_gazebo/share/robot_gazebo/cmake/robot_gazeboConfig.cmake
[1.855s] -- Installing: /home/orin/auto_install/orz_robot/install/robot_gazebo/share/robot_gazebo/cmake/robot_gazeboConfig-version.cmake
[1.855s] -- Installing: /home/orin/auto_install/orz_robot/install/robot_gazebo/share/robot_gazebo/package.xml
[1.867s] Invoked command in '/home/orin/auto_install/orz_robot/build/robot_gazebo' returned '0': CMAKE_PREFIX_PATH=${CMAKE_PREFIX_PATH}:/opt/ros/humble /usr/bin/cmake --install /home/orin/auto_install/orz_robot/build/robot_gazebo
