[0.027s] Invoking command in '/home/orin/auto_install/orz_robot/build/ros2_socketcan_msgs': CMAKE_PREFIX_PATH=${CMAKE_PREFIX_PATH}:/home/orin/auto_install/orz_robot/install/robot_test_py:/home/orin/auto_install/orz_robot/install/robot_keyboard_to_twist_py:/opt/ros/humble /usr/bin/cmake --build /home/orin/auto_install/orz_robot/build/ros2_socketcan_msgs -- -j8 -l8
[0.126s] [  3%] Built target ros2_socketcan_msgs__cpp
[0.129s] [ 12%] Built target ros2_socketcan_msgs__rosidl_generator_c
[0.149s] [ 12%] Built target ament_cmake_python_copy_ros2_socketcan_msgs
[0.180s] [ 22%] Built target ros2_socketcan_msgs__rosidl_typesupport_fastrtps_cpp
[0.186s] [ 32%] Built target ros2_socketcan_msgs__rosidl_typesupport_fastrtps_c
[0.187s] [ 45%] Built target ros2_socketcan_msgs__rosidl_typesupport_introspection_c
[0.187s] [ 51%] Built target ros2_socketcan_msgs__rosidl_typesupport_cpp
[0.198s] [ 61%] Built target ros2_socketcan_msgs__rosidl_typesupport_c
[0.210s] [ 70%] Built target ros2_socketcan_msgs__rosidl_typesupport_introspection_cpp
[0.250s] [ 70%] Built target ros2_socketcan_msgs
[0.292s] [ 74%] Built target ros2_socketcan_msgs__py
[0.335s] [ 80%] Built target ros2_socketcan_msgs__rosidl_generator_py
[0.382s] [ 93%] Built target ros2_socketcan_msgs__rosidl_typesupport_introspection_c__pyext
[0.382s] [ 93%] Built target ros2_socketcan_msgs__rosidl_typesupport_c__pyext
[0.384s] [100%] Built target ros2_socketcan_msgs__rosidl_typesupport_fastrtps_c__pyext
[0.661s] running egg_info
[0.662s] writing ros2_socketcan_msgs.egg-info/PKG-INFO
[0.663s] writing dependency_links to ros2_socketcan_msgs.egg-info/dependency_links.txt
[0.664s] writing top-level names to ros2_socketcan_msgs.egg-info/top_level.txt
[0.668s] reading manifest file 'ros2_socketcan_msgs.egg-info/SOURCES.txt'
[0.669s] writing manifest file 'ros2_socketcan_msgs.egg-info/SOURCES.txt'
[0.741s] [100%] Built target ament_cmake_python_build_ros2_socketcan_msgs_egg
[0.769s] Invoked command in '/home/orin/auto_install/orz_robot/build/ros2_socketcan_msgs' returned '0': CMAKE_PREFIX_PATH=${CMAKE_PREFIX_PATH}:/home/orin/auto_install/orz_robot/install/robot_test_py:/home/orin/auto_install/orz_robot/install/robot_keyboard_to_twist_py:/opt/ros/humble /usr/bin/cmake --build /home/orin/auto_install/orz_robot/build/ros2_socketcan_msgs -- -j8 -l8
[0.791s] Invoking command in '/home/orin/auto_install/orz_robot/build/ros2_socketcan_msgs': CMAKE_PREFIX_PATH=${CMAKE_PREFIX_PATH}:/home/orin/auto_install/orz_robot/install/robot_test_py:/home/orin/auto_install/orz_robot/install/robot_keyboard_to_twist_py:/opt/ros/humble /usr/bin/cmake --install /home/orin/auto_install/orz_robot/build/ros2_socketcan_msgs
[0.808s] -- Install configuration: ""
[0.808s] -- Up-to-date: /home/orin/auto_install/orz_robot/install/ros2_socketcan_msgs/share/ament_index/resource_index/rosidl_interfaces/ros2_socketcan_msgs
[0.809s] -- Up-to-date: /home/orin/auto_install/orz_robot/install/ros2_socketcan_msgs/include/ros2_socketcan_msgs/ros2_socketcan_msgs
[0.809s] -- Up-to-date: /home/orin/auto_install/orz_robot/install/ros2_socketcan_msgs/include/ros2_socketcan_msgs/ros2_socketcan_msgs/msg
[0.809s] -- Up-to-date: /home/orin/auto_install/orz_robot/install/ros2_socketcan_msgs/include/ros2_socketcan_msgs/ros2_socketcan_msgs/msg/rosidl_generator_c__visibility_control.h
[0.810s] -- Up-to-date: /home/orin/auto_install/orz_robot/install/ros2_socketcan_msgs/include/ros2_socketcan_msgs/ros2_socketcan_msgs/msg/fd_frame.h
[0.810s] -- Up-to-date: /home/orin/auto_install/orz_robot/install/ros2_socketcan_msgs/include/ros2_socketcan_msgs/ros2_socketcan_msgs/msg/detail
[0.810s] -- Up-to-date: /home/orin/auto_install/orz_robot/install/ros2_socketcan_msgs/include/ros2_socketcan_msgs/ros2_socketcan_msgs/msg/detail/fd_frame__type_support.h
[0.810s] -- Up-to-date: /home/orin/auto_install/orz_robot/install/ros2_socketcan_msgs/include/ros2_socketcan_msgs/ros2_socketcan_msgs/msg/detail/fd_frame__functions.h
[0.811s] -- Up-to-date: /home/orin/auto_install/orz_robot/install/ros2_socketcan_msgs/include/ros2_socketcan_msgs/ros2_socketcan_msgs/msg/detail/fd_frame__struct.h
[0.811s] -- Up-to-date: /home/orin/auto_install/orz_robot/install/ros2_socketcan_msgs/include/ros2_socketcan_msgs/ros2_socketcan_msgs/msg/detail/fd_frame__functions.c
[0.811s] -- Up-to-date: /home/orin/auto_install/orz_robot/install/ros2_socketcan_msgs/share/ros2_socketcan_msgs/environment/library_path.sh
[0.811s] -- Up-to-date: /home/orin/auto_install/orz_robot/install/ros2_socketcan_msgs/share/ros2_socketcan_msgs/environment/library_path.dsv
[0.812s] -- Up-to-date: /home/orin/auto_install/orz_robot/install/ros2_socketcan_msgs/lib/libros2_socketcan_msgs__rosidl_generator_c.so
[0.812s] -- Up-to-date: /home/orin/auto_install/orz_robot/install/ros2_socketcan_msgs/include/ros2_socketcan_msgs/ros2_socketcan_msgs
[0.812s] -- Up-to-date: /home/orin/auto_install/orz_robot/install/ros2_socketcan_msgs/include/ros2_socketcan_msgs/ros2_socketcan_msgs/msg
[0.812s] -- Up-to-date: /home/orin/auto_install/orz_robot/install/ros2_socketcan_msgs/include/ros2_socketcan_msgs/ros2_socketcan_msgs/msg/rosidl_typesupport_fastrtps_c__visibility_control.h
[0.813s] -- Up-to-date: /home/orin/auto_install/orz_robot/install/ros2_socketcan_msgs/include/ros2_socketcan_msgs/ros2_socketcan_msgs/msg/detail
[0.813s] -- Up-to-date: /home/orin/auto_install/orz_robot/install/ros2_socketcan_msgs/include/ros2_socketcan_msgs/ros2_socketcan_msgs/msg/detail/fd_frame__rosidl_typesupport_fastrtps_c.h
[0.813s] -- Up-to-date: /home/orin/auto_install/orz_robot/install/ros2_socketcan_msgs/lib/libros2_socketcan_msgs__rosidl_typesupport_fastrtps_c.so
[0.813s] -- Up-to-date: /home/orin/auto_install/orz_robot/install/ros2_socketcan_msgs/include/ros2_socketcan_msgs/ros2_socketcan_msgs
[0.813s] -- Up-to-date: /home/orin/auto_install/orz_robot/install/ros2_socketcan_msgs/include/ros2_socketcan_msgs/ros2_socketcan_msgs/msg
[0.813s] -- Up-to-date: /home/orin/auto_install/orz_robot/install/ros2_socketcan_msgs/include/ros2_socketcan_msgs/ros2_socketcan_msgs/msg/rosidl_typesupport_introspection_c__visibility_control.h
[0.814s] -- Up-to-date: /home/orin/auto_install/orz_robot/install/ros2_socketcan_msgs/include/ros2_socketcan_msgs/ros2_socketcan_msgs/msg/detail
[0.814s] -- Up-to-date: /home/orin/auto_install/orz_robot/install/ros2_socketcan_msgs/include/ros2_socketcan_msgs/ros2_socketcan_msgs/msg/detail/fd_frame__type_support.c
[0.814s] -- Up-to-date: /home/orin/auto_install/orz_robot/install/ros2_socketcan_msgs/include/ros2_socketcan_msgs/ros2_socketcan_msgs/msg/detail/fd_frame__rosidl_typesupport_introspection_c.h
[0.815s] -- Up-to-date: /home/orin/auto_install/orz_robot/install/ros2_socketcan_msgs/lib/libros2_socketcan_msgs__rosidl_typesupport_introspection_c.so
[0.815s] -- Up-to-date: /home/orin/auto_install/orz_robot/install/ros2_socketcan_msgs/lib/libros2_socketcan_msgs__rosidl_typesupport_c.so
[0.815s] -- Up-to-date: /home/orin/auto_install/orz_robot/install/ros2_socketcan_msgs/include/ros2_socketcan_msgs/ros2_socketcan_msgs
[0.816s] -- Up-to-date: /home/orin/auto_install/orz_robot/install/ros2_socketcan_msgs/include/ros2_socketcan_msgs/ros2_socketcan_msgs/msg
[0.816s] -- Up-to-date: /home/orin/auto_install/orz_robot/install/ros2_socketcan_msgs/include/ros2_socketcan_msgs/ros2_socketcan_msgs/msg/detail
[0.816s] -- Up-to-date: /home/orin/auto_install/orz_robot/install/ros2_socketcan_msgs/include/ros2_socketcan_msgs/ros2_socketcan_msgs/msg/detail/fd_frame__struct.hpp
[0.816s] -- Up-to-date: /home/orin/auto_install/orz_robot/install/ros2_socketcan_msgs/include/ros2_socketcan_msgs/ros2_socketcan_msgs/msg/detail/fd_frame__builder.hpp
[0.816s] -- Up-to-date: /home/orin/auto_install/orz_robot/install/ros2_socketcan_msgs/include/ros2_socketcan_msgs/ros2_socketcan_msgs/msg/detail/fd_frame__type_support.hpp
[0.816s] -- Up-to-date: /home/orin/auto_install/orz_robot/install/ros2_socketcan_msgs/include/ros2_socketcan_msgs/ros2_socketcan_msgs/msg/detail/fd_frame__traits.hpp
[0.816s] -- Up-to-date: /home/orin/auto_install/orz_robot/install/ros2_socketcan_msgs/include/ros2_socketcan_msgs/ros2_socketcan_msgs/msg/fd_frame.hpp
[0.817s] -- Up-to-date: /home/orin/auto_install/orz_robot/install/ros2_socketcan_msgs/include/ros2_socketcan_msgs/ros2_socketcan_msgs/msg/rosidl_generator_cpp__visibility_control.hpp
[0.817s] -- Up-to-date: /home/orin/auto_install/orz_robot/install/ros2_socketcan_msgs/include/ros2_socketcan_msgs/ros2_socketcan_msgs
[0.817s] -- Up-to-date: /home/orin/auto_install/orz_robot/install/ros2_socketcan_msgs/include/ros2_socketcan_msgs/ros2_socketcan_msgs/msg
[0.817s] -- Up-to-date: /home/orin/auto_install/orz_robot/install/ros2_socketcan_msgs/include/ros2_socketcan_msgs/ros2_socketcan_msgs/msg/detail
[0.817s] -- Up-to-date: /home/orin/auto_install/orz_robot/install/ros2_socketcan_msgs/include/ros2_socketcan_msgs/ros2_socketcan_msgs/msg/detail/fd_frame__rosidl_typesupport_fastrtps_cpp.hpp
[0.817s] -- Up-to-date: /home/orin/auto_install/orz_robot/install/ros2_socketcan_msgs/include/ros2_socketcan_msgs/ros2_socketcan_msgs/msg/detail/dds_fastrtps
[0.817s] -- Up-to-date: /home/orin/auto_install/orz_robot/install/ros2_socketcan_msgs/include/ros2_socketcan_msgs/ros2_socketcan_msgs/msg/rosidl_typesupport_fastrtps_cpp__visibility_control.h
[0.818s] -- Up-to-date: /home/orin/auto_install/orz_robot/install/ros2_socketcan_msgs/lib/libros2_socketcan_msgs__rosidl_typesupport_fastrtps_cpp.so
[0.818s] -- Up-to-date: /home/orin/auto_install/orz_robot/install/ros2_socketcan_msgs/include/ros2_socketcan_msgs/ros2_socketcan_msgs
[0.818s] -- Up-to-date: /home/orin/auto_install/orz_robot/install/ros2_socketcan_msgs/include/ros2_socketcan_msgs/ros2_socketcan_msgs/msg
[0.818s] -- Up-to-date: /home/orin/auto_install/orz_robot/install/ros2_socketcan_msgs/include/ros2_socketcan_msgs/ros2_socketcan_msgs/msg/detail
[0.818s] -- Up-to-date: /home/orin/auto_install/orz_robot/install/ros2_socketcan_msgs/include/ros2_socketcan_msgs/ros2_socketcan_msgs/msg/detail/fd_frame__type_support.cpp
[0.818s] -- Up-to-date: /home/orin/auto_install/orz_robot/install/ros2_socketcan_msgs/include/ros2_socketcan_msgs/ros2_socketcan_msgs/msg/detail/fd_frame__rosidl_typesupport_introspection_cpp.hpp
[0.819s] -- Up-to-date: /home/orin/auto_install/orz_robot/install/ros2_socketcan_msgs/lib/libros2_socketcan_msgs__rosidl_typesupport_introspection_cpp.so
[0.819s] -- Up-to-date: /home/orin/auto_install/orz_robot/install/ros2_socketcan_msgs/lib/libros2_socketcan_msgs__rosidl_typesupport_cpp.so
[0.819s] -- Up-to-date: /home/orin/auto_install/orz_robot/install/ros2_socketcan_msgs/share/ros2_socketcan_msgs/environment/pythonpath.sh
[0.819s] -- Up-to-date: /home/orin/auto_install/orz_robot/install/ros2_socketcan_msgs/share/ros2_socketcan_msgs/environment/pythonpath.dsv
[0.819s] -- Up-to-date: /home/orin/auto_install/orz_robot/install/ros2_socketcan_msgs/local/lib/python3.10/dist-packages/ros2_socketcan_msgs-1.3.0-py3.10.egg-info
[0.819s] -- Installing: /home/orin/auto_install/orz_robot/install/ros2_socketcan_msgs/local/lib/python3.10/dist-packages/ros2_socketcan_msgs-1.3.0-py3.10.egg-info/SOURCES.txt
[0.819s] -- Installing: /home/orin/auto_install/orz_robot/install/ros2_socketcan_msgs/local/lib/python3.10/dist-packages/ros2_socketcan_msgs-1.3.0-py3.10.egg-info/dependency_links.txt
[0.820s] -- Installing: /home/orin/auto_install/orz_robot/install/ros2_socketcan_msgs/local/lib/python3.10/dist-packages/ros2_socketcan_msgs-1.3.0-py3.10.egg-info/PKG-INFO
[0.820s] -- Installing: /home/orin/auto_install/orz_robot/install/ros2_socketcan_msgs/local/lib/python3.10/dist-packages/ros2_socketcan_msgs-1.3.0-py3.10.egg-info/top_level.txt
[0.820s] -- Up-to-date: /home/orin/auto_install/orz_robot/install/ros2_socketcan_msgs/local/lib/python3.10/dist-packages/ros2_socketcan_msgs
[0.820s] -- Up-to-date: /home/orin/auto_install/orz_robot/install/ros2_socketcan_msgs/local/lib/python3.10/dist-packages/ros2_socketcan_msgs/ros2_socketcan_msgs_s__rosidl_typesupport_fastrtps_c.cpython-310-aarch64-linux-gnu.so
[0.820s] -- Up-to-date: /home/orin/auto_install/orz_robot/install/ros2_socketcan_msgs/local/lib/python3.10/dist-packages/ros2_socketcan_msgs/_ros2_socketcan_msgs_s.ep.rosidl_typesupport_introspection_c.c
[0.820s] -- Up-to-date: /home/orin/auto_install/orz_robot/install/ros2_socketcan_msgs/local/lib/python3.10/dist-packages/ros2_socketcan_msgs/__init__.py
[0.820s] -- Up-to-date: /home/orin/auto_install/orz_robot/install/ros2_socketcan_msgs/local/lib/python3.10/dist-packages/ros2_socketcan_msgs/ros2_socketcan_msgs_s__rosidl_typesupport_introspection_c.cpython-310-aarch64-linux-gnu.so
[0.821s] -- Up-to-date: /home/orin/auto_install/orz_robot/install/ros2_socketcan_msgs/local/lib/python3.10/dist-packages/ros2_socketcan_msgs/_ros2_socketcan_msgs_s.ep.rosidl_typesupport_c.c
[0.821s] -- Up-to-date: /home/orin/auto_install/orz_robot/install/ros2_socketcan_msgs/local/lib/python3.10/dist-packages/ros2_socketcan_msgs/_ros2_socketcan_msgs_s.ep.rosidl_typesupport_fastrtps_c.c
[0.821s] -- Up-to-date: /home/orin/auto_install/orz_robot/install/ros2_socketcan_msgs/local/lib/python3.10/dist-packages/ros2_socketcan_msgs/msg
[0.821s] -- Up-to-date: /home/orin/auto_install/orz_robot/install/ros2_socketcan_msgs/local/lib/python3.10/dist-packages/ros2_socketcan_msgs/msg/__init__.py
[0.821s] -- Up-to-date: /home/orin/auto_install/orz_robot/install/ros2_socketcan_msgs/local/lib/python3.10/dist-packages/ros2_socketcan_msgs/msg/_fd_frame_s.c
[0.821s] -- Up-to-date: /home/orin/auto_install/orz_robot/install/ros2_socketcan_msgs/local/lib/python3.10/dist-packages/ros2_socketcan_msgs/msg/_fd_frame.py
[0.821s] -- Up-to-date: /home/orin/auto_install/orz_robot/install/ros2_socketcan_msgs/local/lib/python3.10/dist-packages/ros2_socketcan_msgs/libros2_socketcan_msgs__rosidl_generator_py.so
[0.822s] -- Up-to-date: /home/orin/auto_install/orz_robot/install/ros2_socketcan_msgs/local/lib/python3.10/dist-packages/ros2_socketcan_msgs/ros2_socketcan_msgs_s__rosidl_typesupport_c.cpython-310-aarch64-linux-gnu.so
[0.898s] Listing '/home/orin/auto_install/orz_robot/install/ros2_socketcan_msgs/local/lib/python3.10/dist-packages/ros2_socketcan_msgs'...
[0.899s] Listing '/home/orin/auto_install/orz_robot/install/ros2_socketcan_msgs/local/lib/python3.10/dist-packages/ros2_socketcan_msgs/msg'...
[0.911s] -- Up-to-date: /home/orin/auto_install/orz_robot/install/ros2_socketcan_msgs/local/lib/python3.10/dist-packages/ros2_socketcan_msgs/ros2_socketcan_msgs_s__rosidl_typesupport_fastrtps_c.cpython-310-aarch64-linux-gnu.so
[0.912s] -- Up-to-date: /home/orin/auto_install/orz_robot/install/ros2_socketcan_msgs/local/lib/python3.10/dist-packages/ros2_socketcan_msgs/ros2_socketcan_msgs_s__rosidl_typesupport_introspection_c.cpython-310-aarch64-linux-gnu.so
[0.913s] -- Up-to-date: /home/orin/auto_install/orz_robot/install/ros2_socketcan_msgs/local/lib/python3.10/dist-packages/ros2_socketcan_msgs/ros2_socketcan_msgs_s__rosidl_typesupport_c.cpython-310-aarch64-linux-gnu.so
[0.913s] -- Up-to-date: /home/orin/auto_install/orz_robot/install/ros2_socketcan_msgs/lib/libros2_socketcan_msgs__rosidl_generator_py.so
[0.914s] -- Up-to-date: /home/orin/auto_install/orz_robot/install/ros2_socketcan_msgs/share/ros2_socketcan_msgs/msg/FdFrame.idl
[0.914s] -- Up-to-date: /home/orin/auto_install/orz_robot/install/ros2_socketcan_msgs/share/ros2_socketcan_msgs/msg/FdFrame.msg
[0.914s] -- Up-to-date: /home/orin/auto_install/orz_robot/install/ros2_socketcan_msgs/share/ament_index/resource_index/package_run_dependencies/ros2_socketcan_msgs
[0.915s] -- Up-to-date: /home/orin/auto_install/orz_robot/install/ros2_socketcan_msgs/share/ament_index/resource_index/parent_prefix_path/ros2_socketcan_msgs
[0.915s] -- Up-to-date: /home/orin/auto_install/orz_robot/install/ros2_socketcan_msgs/share/ros2_socketcan_msgs/environment/ament_prefix_path.sh
[0.916s] -- Up-to-date: /home/orin/auto_install/orz_robot/install/ros2_socketcan_msgs/share/ros2_socketcan_msgs/environment/ament_prefix_path.dsv
[0.917s] -- Up-to-date: /home/orin/auto_install/orz_robot/install/ros2_socketcan_msgs/share/ros2_socketcan_msgs/environment/path.sh
[0.917s] -- Up-to-date: /home/orin/auto_install/orz_robot/install/ros2_socketcan_msgs/share/ros2_socketcan_msgs/environment/path.dsv
[0.918s] -- Up-to-date: /home/orin/auto_install/orz_robot/install/ros2_socketcan_msgs/share/ros2_socketcan_msgs/local_setup.bash
[0.918s] -- Up-to-date: /home/orin/auto_install/orz_robot/install/ros2_socketcan_msgs/share/ros2_socketcan_msgs/local_setup.sh
[0.919s] -- Up-to-date: /home/orin/auto_install/orz_robot/install/ros2_socketcan_msgs/share/ros2_socketcan_msgs/local_setup.zsh
[0.919s] -- Up-to-date: /home/orin/auto_install/orz_robot/install/ros2_socketcan_msgs/share/ros2_socketcan_msgs/local_setup.dsv
[0.919s] -- Installing: /home/orin/auto_install/orz_robot/install/ros2_socketcan_msgs/share/ros2_socketcan_msgs/package.dsv
[0.920s] -- Up-to-date: /home/orin/auto_install/orz_robot/install/ros2_socketcan_msgs/share/ament_index/resource_index/packages/ros2_socketcan_msgs
[0.920s] -- Up-to-date: /home/orin/auto_install/orz_robot/install/ros2_socketcan_msgs/share/ros2_socketcan_msgs/cmake/export_ros2_socketcan_msgs__rosidl_generator_cExport.cmake
[0.920s] -- Up-to-date: /home/orin/auto_install/orz_robot/install/ros2_socketcan_msgs/share/ros2_socketcan_msgs/cmake/export_ros2_socketcan_msgs__rosidl_generator_cExport-noconfig.cmake
[0.920s] -- Up-to-date: /home/orin/auto_install/orz_robot/install/ros2_socketcan_msgs/share/ros2_socketcan_msgs/cmake/export_ros2_socketcan_msgs__rosidl_typesupport_fastrtps_cExport.cmake
[0.921s] -- Up-to-date: /home/orin/auto_install/orz_robot/install/ros2_socketcan_msgs/share/ros2_socketcan_msgs/cmake/export_ros2_socketcan_msgs__rosidl_typesupport_fastrtps_cExport-noconfig.cmake
[0.921s] -- Up-to-date: /home/orin/auto_install/orz_robot/install/ros2_socketcan_msgs/share/ros2_socketcan_msgs/cmake/ros2_socketcan_msgs__rosidl_typesupport_introspection_cExport.cmake
[0.921s] -- Up-to-date: /home/orin/auto_install/orz_robot/install/ros2_socketcan_msgs/share/ros2_socketcan_msgs/cmake/ros2_socketcan_msgs__rosidl_typesupport_introspection_cExport-noconfig.cmake
[0.921s] -- Up-to-date: /home/orin/auto_install/orz_robot/install/ros2_socketcan_msgs/share/ros2_socketcan_msgs/cmake/ros2_socketcan_msgs__rosidl_typesupport_cExport.cmake
[0.921s] -- Up-to-date: /home/orin/auto_install/orz_robot/install/ros2_socketcan_msgs/share/ros2_socketcan_msgs/cmake/ros2_socketcan_msgs__rosidl_typesupport_cExport-noconfig.cmake
[0.922s] -- Up-to-date: /home/orin/auto_install/orz_robot/install/ros2_socketcan_msgs/share/ros2_socketcan_msgs/cmake/export_ros2_socketcan_msgs__rosidl_generator_cppExport.cmake
[0.922s] -- Up-to-date: /home/orin/auto_install/orz_robot/install/ros2_socketcan_msgs/share/ros2_socketcan_msgs/cmake/export_ros2_socketcan_msgs__rosidl_typesupport_fastrtps_cppExport.cmake
[0.922s] -- Up-to-date: /home/orin/auto_install/orz_robot/install/ros2_socketcan_msgs/share/ros2_socketcan_msgs/cmake/export_ros2_socketcan_msgs__rosidl_typesupport_fastrtps_cppExport-noconfig.cmake
[0.922s] -- Up-to-date: /home/orin/auto_install/orz_robot/install/ros2_socketcan_msgs/share/ros2_socketcan_msgs/cmake/ros2_socketcan_msgs__rosidl_typesupport_introspection_cppExport.cmake
[0.922s] -- Up-to-date: /home/orin/auto_install/orz_robot/install/ros2_socketcan_msgs/share/ros2_socketcan_msgs/cmake/ros2_socketcan_msgs__rosidl_typesupport_introspection_cppExport-noconfig.cmake
[0.923s] -- Up-to-date: /home/orin/auto_install/orz_robot/install/ros2_socketcan_msgs/share/ros2_socketcan_msgs/cmake/ros2_socketcan_msgs__rosidl_typesupport_cppExport.cmake
[0.925s] -- Up-to-date: /home/orin/auto_install/orz_robot/install/ros2_socketcan_msgs/share/ros2_socketcan_msgs/cmake/ros2_socketcan_msgs__rosidl_typesupport_cppExport-noconfig.cmake
[0.927s] -- Up-to-date: /home/orin/auto_install/orz_robot/install/ros2_socketcan_msgs/share/ros2_socketcan_msgs/cmake/export_ros2_socketcan_msgs__rosidl_generator_pyExport.cmake
[0.928s] -- Up-to-date: /home/orin/auto_install/orz_robot/install/ros2_socketcan_msgs/share/ros2_socketcan_msgs/cmake/export_ros2_socketcan_msgs__rosidl_generator_pyExport-noconfig.cmake
[0.928s] -- Up-to-date: /home/orin/auto_install/orz_robot/install/ros2_socketcan_msgs/share/ros2_socketcan_msgs/cmake/rosidl_cmake-extras.cmake
[0.929s] -- Up-to-date: /home/orin/auto_install/orz_robot/install/ros2_socketcan_msgs/share/ros2_socketcan_msgs/cmake/ament_cmake_export_dependencies-extras.cmake
[0.930s] -- Up-to-date: /home/orin/auto_install/orz_robot/install/ros2_socketcan_msgs/share/ros2_socketcan_msgs/cmake/ament_cmake_export_include_directories-extras.cmake
[0.930s] -- Up-to-date: /home/orin/auto_install/orz_robot/install/ros2_socketcan_msgs/share/ros2_socketcan_msgs/cmake/ament_cmake_export_libraries-extras.cmake
[0.931s] -- Up-to-date: /home/orin/auto_install/orz_robot/install/ros2_socketcan_msgs/share/ros2_socketcan_msgs/cmake/ament_cmake_export_targets-extras.cmake
[0.931s] -- Up-to-date: /home/orin/auto_install/orz_robot/install/ros2_socketcan_msgs/share/ros2_socketcan_msgs/cmake/rosidl_cmake_export_typesupport_targets-extras.cmake
[0.932s] -- Up-to-date: /home/orin/auto_install/orz_robot/install/ros2_socketcan_msgs/share/ros2_socketcan_msgs/cmake/rosidl_cmake_export_typesupport_libraries-extras.cmake
[0.932s] -- Up-to-date: /home/orin/auto_install/orz_robot/install/ros2_socketcan_msgs/share/ros2_socketcan_msgs/cmake/ros2_socketcan_msgsConfig.cmake
[0.932s] -- Up-to-date: /home/orin/auto_install/orz_robot/install/ros2_socketcan_msgs/share/ros2_socketcan_msgs/cmake/ros2_socketcan_msgsConfig-version.cmake
[0.932s] -- Up-to-date: /home/orin/auto_install/orz_robot/install/ros2_socketcan_msgs/share/ros2_socketcan_msgs/package.xml
[0.933s] Invoked command in '/home/orin/auto_install/orz_robot/build/ros2_socketcan_msgs' returned '0': CMAKE_PREFIX_PATH=${CMAKE_PREFIX_PATH}:/home/orin/auto_install/orz_robot/install/robot_test_py:/home/orin/auto_install/orz_robot/install/robot_keyboard_to_twist_py:/opt/ros/humble /usr/bin/cmake --install /home/orin/auto_install/orz_robot/build/ros2_socketcan_msgs
