[0.072s] Invoking command in '/home/orin/auto_install/orz_robot/build/robot_qtrecv': CMAKE_PREFIX_PATH=${CMAKE_PREFIX_PATH}:/opt/ros/humble /usr/bin/cmake /home/orin/auto_install/orz_robot/src/robot_qtrecv -DCMAKE_INSTALL_PREFIX=/home/orin/auto_install/orz_robot/install/robot_qtrecv
[0.257s] -- The C compiler identification is GNU 11.4.0
[0.400s] -- The CXX compiler identification is GNU 11.4.0
[0.414s] -- Detecting C compiler ABI info
[0.599s] -- Detecting C compiler ABI info - done
[0.610s] -- Check for working C compiler: /usr/bin/cc - skipped
[0.611s] -- Detecting C compile features
[0.612s] -- Detecting C compile features - done
[0.619s] -- Detecting CXX compiler ABI info
[0.792s] -- Detecting CXX compiler ABI info - done
[0.805s] -- Check for working CXX compiler: /usr/bin/c++ - skipped
[0.806s] -- Detecting CXX compile features
[0.807s] -- Detecting CXX compile features - done
[0.813s] -- Found ament_cmake: 1.3.11 (/opt/ros/humble/share/ament_cmake/cmake)
[1.174s] -- Found Python3: /usr/bin/python3 (found version "3.10.12") found components: Interpreter 
[1.397s] -- Found rclcpp: 16.0.11 (/opt/ros/humble/share/rclcpp/cmake)
[1.486s] -- Found rosidl_generator_c: 3.1.6 (/opt/ros/humble/share/rosidl_generator_c/cmake)
[1.497s] -- Found rosidl_adapter: 3.1.6 (/opt/ros/humble/share/rosidl_adapter/cmake)
[1.515s] -- Found rosidl_generator_cpp: 3.1.6 (/opt/ros/humble/share/rosidl_generator_cpp/cmake)
[1.542s] -- Using all available rosidl_typesupport_c: rosidl_typesupport_fastrtps_c;rosidl_typesupport_introspection_c
[1.577s] -- Using all available rosidl_typesupport_cpp: rosidl_typesupport_fastrtps_cpp;rosidl_typesupport_introspection_cpp
[1.673s] -- Found rmw_implementation_cmake: 6.1.2 (/opt/ros/humble/share/rmw_implementation_cmake/cmake)
[1.685s] -- Found rmw_fastrtps_cpp: 6.2.7 (/opt/ros/humble/share/rmw_fastrtps_cpp/cmake)
[1.869s] -- Found OpenSSL: /usr/lib/aarch64-linux-gnu/libcrypto.so (found version "3.0.2")  
[1.931s] -- Found FastRTPS: /opt/ros/humble/include  
[2.020s] -- Using RMW implementation 'rmw_fastrtps_cpp' as default
[2.040s] -- Looking for pthread.h
[2.245s] -- Looking for pthread.h - found
[2.246s] -- Performing Test CMAKE_HAVE_LIBC_PTHREAD
[2.424s] -- Performing Test CMAKE_HAVE_LIBC_PTHREAD - Success
[2.428s] -- Found Threads: TRUE  
[2.564s] -- Found message_filters: 4.3.5 (/opt/ros/humble/share/message_filters/cmake)
[2.573s] -- Found geometry_msgs: 4.2.4 (/opt/ros/humble/share/geometry_msgs/cmake)
[2.604s] -- Found tf2_ros: 0.25.12 (/opt/ros/humble/share/tf2_ros/cmake)
[2.848s] -- Found tf2_geometry_msgs: 0.25.12 (/opt/ros/humble/share/tf2_geometry_msgs/cmake)
[2.882s] -- Found eigen3_cmake_module: 0.1.1 (/opt/ros/humble/share/eigen3_cmake_module/cmake)
[2.885s] -- Found Eigen3: TRUE (found version "3.4.0") 
[2.885s] -- Ensuring Eigen3 include directory is part of orocos-kdl CMake target
[2.892s] -- Found sensor_msgs: 4.2.4 (/opt/ros/humble/share/sensor_msgs/cmake)
[2.936s] -- Found robot_interfaces: 0.0.0 (/home/orin/auto_install/orz_robot/install/robot_interfaces/share/robot_interfaces/cmake)
[3.037s] -- Found ament_lint_auto: 0.12.11 (/opt/ros/humble/share/ament_lint_auto/cmake)
[3.238s] -- Added test 'cppcheck' to perform static code analysis on C / C++ code
[3.238s] -- Configured cppcheck include dirs: 
[3.239s] -- Configured cppcheck exclude dirs and/or files: 
[3.240s] -- Added test 'flake8' to check Python code syntax and style conventions
[3.242s] -- Added test 'lint_cmake' to check CMake code style
[3.243s] -- Added test 'pep257' to check Python code against some of the docstring style conventions in PEP 257
[3.245s] -- Added test 'uncrustify' to check C / C++ code style
[3.245s] -- Configured uncrustify additional arguments: 
[3.247s] -- Added test 'xmllint' to check XML markup files
[3.250s] -- Configuring done
[3.286s] -- Generating done
[3.298s] -- Build files have been written to: /home/orin/auto_install/orz_robot/build/robot_qtrecv
[3.346s] Invoked command in '/home/orin/auto_install/orz_robot/build/robot_qtrecv' returned '0': CMAKE_PREFIX_PATH=${CMAKE_PREFIX_PATH}:/opt/ros/humble /usr/bin/cmake /home/orin/auto_install/orz_robot/src/robot_qtrecv -DCMAKE_INSTALL_PREFIX=/home/orin/auto_install/orz_robot/install/robot_qtrecv
[3.347s] Invoking command in '/home/orin/auto_install/orz_robot/build/robot_qtrecv': CMAKE_PREFIX_PATH=${CMAKE_PREFIX_PATH}:/opt/ros/humble /usr/bin/cmake --build /home/orin/auto_install/orz_robot/build/robot_qtrecv -- -j8 -l8
[3.465s] [ 50%] [32mBuilding CXX object CMakeFiles/robot_tcp_server.dir/src/robot_tcp_server.cpp.o[0m
[34.067s] [100%] [32m[1mLinking CXX executable robot_tcp_server[0m
[35.600s] [100%] Built target robot_tcp_server
[35.624s] Invoked command in '/home/orin/auto_install/orz_robot/build/robot_qtrecv' returned '0': CMAKE_PREFIX_PATH=${CMAKE_PREFIX_PATH}:/opt/ros/humble /usr/bin/cmake --build /home/orin/auto_install/orz_robot/build/robot_qtrecv -- -j8 -l8
[35.627s] Invoking command in '/home/orin/auto_install/orz_robot/build/robot_qtrecv': CMAKE_PREFIX_PATH=${CMAKE_PREFIX_PATH}:/opt/ros/humble /usr/bin/cmake --install /home/orin/auto_install/orz_robot/build/robot_qtrecv
[35.646s] -- Install configuration: ""
[35.646s] -- Installing: /home/orin/auto_install/orz_robot/install/robot_qtrecv/lib/robot_qtrecv/robot_tcp_server
[35.661s] -- Set runtime path of "/home/orin/auto_install/orz_robot/install/robot_qtrecv/lib/robot_qtrecv/robot_tcp_server" to ""
[35.661s] -- Installing: /home/orin/auto_install/orz_robot/install/robot_qtrecv/share/robot_qtrecv/launch
[35.661s] -- Installing: /home/orin/auto_install/orz_robot/install/robot_qtrecv/share/robot_qtrecv/launch/robot_tcp_server.launch.py
[35.662s] -- Installing: /home/orin/auto_install/orz_robot/install/robot_qtrecv/share/robot_qtrecv/launch/robot_qtrecv.launch.py
[35.662s] -- Installing: /home/orin/auto_install/orz_robot/install/robot_qtrecv/share/ament_index/resource_index/package_run_dependencies/robot_qtrecv
[35.663s] -- Installing: /home/orin/auto_install/orz_robot/install/robot_qtrecv/share/ament_index/resource_index/parent_prefix_path/robot_qtrecv
[35.663s] -- Installing: /home/orin/auto_install/orz_robot/install/robot_qtrecv/share/robot_qtrecv/environment/ament_prefix_path.sh
[35.663s] -- Installing: /home/orin/auto_install/orz_robot/install/robot_qtrecv/share/robot_qtrecv/environment/ament_prefix_path.dsv
[35.664s] -- Installing: /home/orin/auto_install/orz_robot/install/robot_qtrecv/share/robot_qtrecv/environment/path.sh
[35.664s] -- Installing: /home/orin/auto_install/orz_robot/install/robot_qtrecv/share/robot_qtrecv/environment/path.dsv
[35.664s] -- Installing: /home/orin/auto_install/orz_robot/install/robot_qtrecv/share/robot_qtrecv/local_setup.bash
[35.665s] -- Installing: /home/orin/auto_install/orz_robot/install/robot_qtrecv/share/robot_qtrecv/local_setup.sh
[35.665s] -- Installing: /home/orin/auto_install/orz_robot/install/robot_qtrecv/share/robot_qtrecv/local_setup.zsh
[35.665s] -- Installing: /home/orin/auto_install/orz_robot/install/robot_qtrecv/share/robot_qtrecv/local_setup.dsv
[35.665s] -- Installing: /home/orin/auto_install/orz_robot/install/robot_qtrecv/share/robot_qtrecv/package.dsv
[35.666s] -- Installing: /home/orin/auto_install/orz_robot/install/robot_qtrecv/share/ament_index/resource_index/packages/robot_qtrecv
[35.666s] -- Installing: /home/orin/auto_install/orz_robot/install/robot_qtrecv/share/robot_qtrecv/cmake/robot_qtrecvConfig.cmake
[35.666s] -- Installing: /home/orin/auto_install/orz_robot/install/robot_qtrecv/share/robot_qtrecv/cmake/robot_qtrecvConfig-version.cmake
[35.667s] -- Installing: /home/orin/auto_install/orz_robot/install/robot_qtrecv/share/robot_qtrecv/package.xml
[35.672s] Invoked command in '/home/orin/auto_install/orz_robot/build/robot_qtrecv' returned '0': CMAKE_PREFIX_PATH=${CMAKE_PREFIX_PATH}:/opt/ros/humble /usr/bin/cmake --install /home/orin/auto_install/orz_robot/build/robot_qtrecv
