[0.018s] Invoking command in '/home/orin/auto_install/orz_robot/build/robot_interfaces': CMAKE_PREFIX_PATH=/opt/ros/humble /usr/bin/cmake /home/orin/auto_install/orz_robot/src/robot_interfaces -DCMAKE_INSTALL_PREFIX=/home/orin/auto_install/orz_robot/install/robot_interfaces
[0.125s] -- The C compiler identification is GNU 11.4.0
[0.234s] -- The CXX compiler identification is GNU 11.4.0
[0.256s] -- Detecting C compiler ABI info
[0.400s] -- Detecting C compiler ABI info - done
[0.425s] -- Check for working C compiler: /usr/bin/cc - skipped
[0.425s] -- Detecting C compile features
[0.427s] -- Detecting C compile features - done
[0.438s] -- Detecting CXX compiler ABI info
[0.596s] -- Detecting CXX compiler ABI info - done
[0.609s] -- Check for working CXX compiler: /usr/bin/c++ - skipped
[0.609s] -- Detecting CXX compile features
[0.610s] -- Detecting CXX compile features - done
[0.614s] -- Found ament_cmake: 1.3.11 (/opt/ros/humble/share/ament_cmake/cmake)
[0.926s] -- Found Python3: /usr/bin/python3 (found version "3.10.12") found components: Interpreter 
[1.145s] -- Found rosidl_default_generators: 1.2.0 (/opt/ros/humble/share/rosidl_default_generators/cmake)
[1.150s] -- Using all available rosidl_typesupport_c: rosidl_typesupport_fastrtps_c;rosidl_typesupport_introspection_c
[1.163s] -- Found rosidl_adapter: 3.1.6 (/opt/ros/humble/share/rosidl_adapter/cmake)
[1.235s] -- Using all available rosidl_typesupport_cpp: rosidl_typesupport_fastrtps_cpp;rosidl_typesupport_introspection_cpp
[1.296s] -- Found geometry_msgs: 4.2.4 (/opt/ros/humble/share/geometry_msgs/cmake)
[1.372s] -- Found tf2_ros: 0.25.12 (/opt/ros/humble/share/tf2_ros/cmake)
[1.494s] -- Found rmw_implementation_cmake: 6.1.2 (/opt/ros/humble/share/rmw_implementation_cmake/cmake)
[1.499s] -- Found rmw_fastrtps_cpp: 6.2.7 (/opt/ros/humble/share/rmw_fastrtps_cpp/cmake)
[1.682s] -- Found OpenSSL: /usr/lib/aarch64-linux-gnu/libcrypto.so (found version "3.0.2")  
[1.733s] -- Found FastRTPS: /opt/ros/humble/include  
[1.805s] -- Using RMW implementation 'rmw_fastrtps_cpp' as default
[1.820s] -- Looking for pthread.h
[1.961s] -- Looking for pthread.h - found
[1.962s] -- Performing Test CMAKE_HAVE_LIBC_PTHREAD
[2.121s] -- Performing Test CMAKE_HAVE_LIBC_PTHREAD - Success
[2.124s] -- Found Threads: TRUE  
[2.355s] -- Found tf2_geometry_msgs: 0.25.12 (/opt/ros/humble/share/tf2_geometry_msgs/cmake)
[2.385s] -- Found eigen3_cmake_module: 0.1.1 (/opt/ros/humble/share/eigen3_cmake_module/cmake)
[2.388s] -- Found Eigen3: TRUE (found version "3.4.0") 
[2.389s] -- Ensuring Eigen3 include directory is part of orocos-kdl CMake target
[2.395s] -- Found sensor_msgs: 4.2.4 (/opt/ros/humble/share/sensor_msgs/cmake)
[2.435s] -- Found trajectory_msgs: 4.2.4 (/opt/ros/humble/share/trajectory_msgs/cmake)
[3.188s] -- Found ament_cmake_ros: 0.10.0 (/opt/ros/humble/share/ament_cmake_ros/cmake)
[3.816s] -- Using all available rosidl_typesupport_c: rosidl_typesupport_fastrtps_c;rosidl_typesupport_introspection_c
[4.653s] -- Using all available rosidl_typesupport_cpp: rosidl_typesupport_fastrtps_cpp;rosidl_typesupport_introspection_cpp
[4.706s] -- Found PythonInterp: /usr/bin/python3 (found suitable version "3.10.12", minimum required is "3.6") 
[4.712s] -- Found python_cmake_module: 0.10.0 (/opt/ros/humble/share/python_cmake_module/cmake)
[4.775s] -- Found PythonLibs: /usr/lib/aarch64-linux-gnu/libpython3.10.so (found suitable version "3.10.12", minimum required is "3.5") 
[4.775s] -- Using PYTHON_EXECUTABLE: /usr/bin/python3
[4.775s] -- Using PYTHON_INCLUDE_DIRS: /usr/include/python3.10
[4.775s] -- Using PYTHON_LIBRARIES: /usr/lib/aarch64-linux-gnu/libpython3.10.so
[4.820s] -- Found PythonExtra: .so  
[5.006s] -- Found ament_lint_auto: 0.12.11 (/opt/ros/humble/share/ament_lint_auto/cmake)
[5.039s] -- Added test 'lint_cmake' to check CMake code style
[5.041s] -- Added test 'xmllint' to check XML markup files
[5.046s] -- Configuring done
[5.152s] -- Generating done
[5.183s] -- Build files have been written to: /home/orin/auto_install/orz_robot/build/robot_interfaces
[5.218s] Invoked command in '/home/orin/auto_install/orz_robot/build/robot_interfaces' returned '0': CMAKE_PREFIX_PATH=/opt/ros/humble /usr/bin/cmake /home/orin/auto_install/orz_robot/src/robot_interfaces -DCMAKE_INSTALL_PREFIX=/home/orin/auto_install/orz_robot/install/robot_interfaces
[5.224s] Invoking command in '/home/orin/auto_install/orz_robot/build/robot_interfaces': CMAKE_PREFIX_PATH=/opt/ros/humble /usr/bin/cmake --build /home/orin/auto_install/orz_robot/build/robot_interfaces -- -j8 -l8
[5.314s] [  1%] [34m[1mGenerating C code for ROS interfaces[0m
[5.332s] [  2%] [34m[1mGenerating C++ code for ROS interfaces[0m
[5.349s] [  2%] Built target ament_cmake_python_copy_robot_interfaces
[5.912s] running egg_info
[5.913s] creating robot_interfaces.egg-info
[5.914s] writing robot_interfaces.egg-info/PKG-INFO
[5.914s] writing dependency_links to robot_interfaces.egg-info/dependency_links.txt
[5.915s] writing top-level names to robot_interfaces.egg-info/top_level.txt
[5.915s] writing manifest file 'robot_interfaces.egg-info/SOURCES.txt'
[5.920s] reading manifest file 'robot_interfaces.egg-info/SOURCES.txt'
[5.921s] writing manifest file 'robot_interfaces.egg-info/SOURCES.txt'
[5.998s] [  2%] Built target ament_cmake_python_build_robot_interfaces_egg
[6.584s] [  4%] [32mBuilding C object CMakeFiles/robot_interfaces__rosidl_generator_c.dir/rosidl_generator_c/robot_interfaces/msg/detail/qt_recv__functions.c.o[0m
[6.595s] [  7%] [32mBuilding C object CMakeFiles/robot_interfaces__rosidl_generator_c.dir/rosidl_generator_c/robot_interfaces/msg/detail/qt_pub__functions.c.o[0m
[6.595s] [  7%] [32mBuilding C object CMakeFiles/robot_interfaces__rosidl_generator_c.dir/rosidl_generator_c/robot_interfaces/msg/detail/arm_state__functions.c.o[0m
[6.595s] [  8%] [32mBuilding C object CMakeFiles/robot_interfaces__rosidl_generator_c.dir/rosidl_generator_c/robot_interfaces/msg/detail/line_msg__functions.c.o[0m
[6.610s] [  9%] [32mBuilding C object CMakeFiles/robot_interfaces__rosidl_generator_c.dir/rosidl_generator_c/robot_interfaces/msg/detail/motor_fdb__functions.c.o[0m
[6.626s] [ 11%] [32mBuilding C object CMakeFiles/robot_interfaces__rosidl_generator_c.dir/rosidl_generator_c/robot_interfaces/msg/detail/robot_control_msg__functions.c.o[0m
[6.645s] [ 11%] Built target robot_interfaces__cpp
[6.667s] [ 12%] [34m[1mGenerating C++ type support for eProsima Fast-RTPS[0m
[6.674s] [ 14%] [34m[1mGenerating C++ type support dispatch for ROS interfaces[0m
[6.707s] [ 15%] [34m[1mGenerating C++ introspection for ROS interfaces[0m
[6.743s] [ 16%] [32m[1mLinking C shared library librobot_interfaces__rosidl_generator_c.so[0m
[6.817s] [ 16%] Built target robot_interfaces__rosidl_generator_c
[6.838s] [ 21%] [34m[1mGenerating C type support dispatch for ROS interfaces[0m
[6.838s] [ 21%] [34m[1mGenerating C type support for eProsima Fast-RTPS[0m
[6.839s] [ 21%] [34m[1mGenerating C introspection for ROS interfaces[0m
[7.576s] [ 23%] [32mBuilding CXX object CMakeFiles/robot_interfaces__rosidl_typesupport_cpp.dir/rosidl_typesupport_cpp/robot_interfaces/msg/arm_state__type_support.cpp.o[0m
[7.576s] [ 25%] [32mBuilding CXX object CMakeFiles/robot_interfaces__rosidl_typesupport_cpp.dir/rosidl_typesupport_cpp/robot_interfaces/msg/line_msg__type_support.cpp.o[0m
[7.577s] [ 23%] [32mBuilding CXX object CMakeFiles/robot_interfaces__rosidl_typesupport_cpp.dir/rosidl_typesupport_cpp/robot_interfaces/msg/qt_recv__type_support.cpp.o[0m
[7.804s] [ 26%] [32mBuilding CXX object CMakeFiles/robot_interfaces__rosidl_typesupport_c.dir/rosidl_typesupport_c/robot_interfaces/msg/qt_recv__type_support.cpp.o[0m
[7.898s] [ 28%] [32mBuilding CXX object CMakeFiles/robot_interfaces__rosidl_typesupport_c.dir/rosidl_typesupport_c/robot_interfaces/msg/line_msg__type_support.cpp.o[0m
[7.951s] [ 29%] [32mBuilding CXX object CMakeFiles/robot_interfaces__rosidl_typesupport_fastrtps_cpp.dir/rosidl_typesupport_fastrtps_cpp/robot_interfaces/msg/detail/dds_fastrtps/qt_recv__type_support.cpp.o[0m
[7.967s] [ 30%] [32mBuilding CXX object CMakeFiles/robot_interfaces__rosidl_typesupport_c.dir/rosidl_typesupport_c/robot_interfaces/msg/arm_state__type_support.cpp.o[0m
[8.033s] [ 32%] [32mBuilding CXX object CMakeFiles/robot_interfaces__rosidl_typesupport_c.dir/rosidl_typesupport_c/robot_interfaces/msg/qt_pub__type_support.cpp.o[0m
[8.085s] [ 33%] [32mBuilding CXX object CMakeFiles/robot_interfaces__rosidl_typesupport_introspection_cpp.dir/rosidl_typesupport_introspection_cpp/robot_interfaces/msg/detail/qt_recv__type_support.cpp.o[0m
[8.086s] [ 35%] [32mBuilding C object CMakeFiles/robot_interfaces__rosidl_typesupport_introspection_c.dir/rosidl_typesupport_introspection_c/robot_interfaces/msg/detail/qt_recv__type_support.c.o[0m
[8.100s] [ 36%] [32mBuilding CXX object CMakeFiles/robot_interfaces__rosidl_typesupport_c.dir/rosidl_typesupport_c/robot_interfaces/msg/motor_fdb__type_support.cpp.o[0m
[8.104s] [ 38%] [32mBuilding CXX object CMakeFiles/robot_interfaces__rosidl_typesupport_fastrtps_c.dir/rosidl_typesupport_fastrtps_c/robot_interfaces/msg/detail/qt_recv__type_support_c.cpp.o[0m
[8.174s] [ 39%] [32mBuilding C object CMakeFiles/robot_interfaces__rosidl_typesupport_introspection_c.dir/rosidl_typesupport_introspection_c/robot_interfaces/msg/detail/line_msg__type_support.c.o[0m
[8.174s] [ 40%] [32mBuilding CXX object CMakeFiles/robot_interfaces__rosidl_typesupport_c.dir/rosidl_typesupport_c/robot_interfaces/msg/robot_control_msg__type_support.cpp.o[0m
[8.224s] [ 42%] [32mBuilding C object CMakeFiles/robot_interfaces__rosidl_typesupport_introspection_c.dir/rosidl_typesupport_introspection_c/robot_interfaces/msg/detail/arm_state__type_support.c.o[0m
[8.232s] [ 43%] [32mBuilding CXX object CMakeFiles/robot_interfaces__rosidl_typesupport_cpp.dir/rosidl_typesupport_cpp/robot_interfaces/msg/qt_pub__type_support.cpp.o[0m
[8.242s] [ 45%] [32m[1mLinking CXX shared library librobot_interfaces__rosidl_typesupport_c.so[0m
[8.262s] [ 46%] [32mBuilding CXX object CMakeFiles/robot_interfaces__rosidl_typesupport_fastrtps_c.dir/rosidl_typesupport_fastrtps_c/robot_interfaces/msg/detail/line_msg__type_support_c.cpp.o[0m
[8.293s] [ 47%] [32mBuilding CXX object CMakeFiles/robot_interfaces__rosidl_typesupport_cpp.dir/rosidl_typesupport_cpp/robot_interfaces/msg/motor_fdb__type_support.cpp.o[0m
[8.308s] [ 49%] [32mBuilding C object CMakeFiles/robot_interfaces__rosidl_typesupport_introspection_c.dir/rosidl_typesupport_introspection_c/robot_interfaces/msg/detail/qt_pub__type_support.c.o[0m
[8.349s] [ 49%] Built target robot_interfaces__rosidl_typesupport_c
[8.371s] [ 50%] [32mBuilding CXX object CMakeFiles/robot_interfaces__rosidl_typesupport_introspection_cpp.dir/rosidl_typesupport_introspection_cpp/robot_interfaces/msg/detail/line_msg__type_support.cpp.o[0m
[8.394s] [ 52%] [32mBuilding C object CMakeFiles/robot_interfaces__rosidl_typesupport_introspection_c.dir/rosidl_typesupport_introspection_c/robot_interfaces/msg/detail/motor_fdb__type_support.c.o[0m
[8.498s] [ 53%] [32mBuilding C object CMakeFiles/robot_interfaces__rosidl_typesupport_introspection_c.dir/rosidl_typesupport_introspection_c/robot_interfaces/msg/detail/robot_control_msg__type_support.c.o[0m
[8.601s] [ 54%] [32m[1mLinking C shared library librobot_interfaces__rosidl_typesupport_introspection_c.so[0m
[8.677s] [ 54%] Built target robot_interfaces__rosidl_typesupport_introspection_c
[8.698s] [ 56%] [32mBuilding CXX object CMakeFiles/robot_interfaces__rosidl_typesupport_fastrtps_c.dir/rosidl_typesupport_fastrtps_c/robot_interfaces/msg/detail/arm_state__type_support_c.cpp.o[0m
[8.864s] [ 57%] [32mBuilding CXX object CMakeFiles/robot_interfaces__rosidl_typesupport_cpp.dir/rosidl_typesupport_cpp/robot_interfaces/msg/robot_control_msg__type_support.cpp.o[0m
[8.899s] [ 59%] [32mBuilding CXX object CMakeFiles/robot_interfaces__rosidl_typesupport_fastrtps_cpp.dir/rosidl_typesupport_fastrtps_cpp/robot_interfaces/msg/detail/dds_fastrtps/line_msg__type_support.cpp.o[0m
[8.953s] [ 60%] [32mBuilding CXX object CMakeFiles/robot_interfaces__rosidl_typesupport_fastrtps_cpp.dir/rosidl_typesupport_fastrtps_cpp/robot_interfaces/msg/detail/dds_fastrtps/arm_state__type_support.cpp.o[0m
[9.031s] [ 61%] [32mBuilding CXX object CMakeFiles/robot_interfaces__rosidl_typesupport_fastrtps_c.dir/rosidl_typesupport_fastrtps_c/robot_interfaces/msg/detail/qt_pub__type_support_c.cpp.o[0m
[9.052s] [ 63%] [32mBuilding CXX object CMakeFiles/robot_interfaces__rosidl_typesupport_introspection_cpp.dir/rosidl_typesupport_introspection_cpp/robot_interfaces/msg/detail/arm_state__type_support.cpp.o[0m
[9.061s] [ 64%] [32mBuilding CXX object CMakeFiles/robot_interfaces__rosidl_typesupport_fastrtps_c.dir/rosidl_typesupport_fastrtps_c/robot_interfaces/msg/detail/motor_fdb__type_support_c.cpp.o[0m
[9.314s] [ 66%] [32mBuilding CXX object CMakeFiles/robot_interfaces__rosidl_typesupport_introspection_cpp.dir/rosidl_typesupport_introspection_cpp/robot_interfaces/msg/detail/qt_pub__type_support.cpp.o[0m
[9.496s] [ 67%] [32m[1mLinking CXX shared library librobot_interfaces__rosidl_typesupport_cpp.so[0m
[9.503s] [ 69%] [32mBuilding CXX object CMakeFiles/robot_interfaces__rosidl_typesupport_fastrtps_c.dir/rosidl_typesupport_fastrtps_c/robot_interfaces/msg/detail/robot_control_msg__type_support_c.cpp.o[0m
[9.595s] [ 69%] Built target robot_interfaces__rosidl_typesupport_cpp
[9.615s] [ 70%] [32mBuilding CXX object CMakeFiles/robot_interfaces__rosidl_typesupport_introspection_cpp.dir/rosidl_typesupport_introspection_cpp/robot_interfaces/msg/detail/motor_fdb__type_support.cpp.o[0m
[9.834s] [ 71%] [32mBuilding CXX object CMakeFiles/robot_interfaces__rosidl_typesupport_introspection_cpp.dir/rosidl_typesupport_introspection_cpp/robot_interfaces/msg/detail/robot_control_msg__type_support.cpp.o[0m
[9.865s] [ 73%] [32mBuilding CXX object CMakeFiles/robot_interfaces__rosidl_typesupport_fastrtps_cpp.dir/rosidl_typesupport_fastrtps_cpp/robot_interfaces/msg/detail/dds_fastrtps/qt_pub__type_support.cpp.o[0m
[9.884s] [ 74%] [32mBuilding CXX object CMakeFiles/robot_interfaces__rosidl_typesupport_fastrtps_cpp.dir/rosidl_typesupport_fastrtps_cpp/robot_interfaces/msg/detail/dds_fastrtps/motor_fdb__type_support.cpp.o[0m
[9.931s] [ 76%] [32mBuilding CXX object CMakeFiles/robot_interfaces__rosidl_typesupport_fastrtps_cpp.dir/rosidl_typesupport_fastrtps_cpp/robot_interfaces/msg/detail/dds_fastrtps/robot_control_msg__type_support.cpp.o[0m
[10.323s] [ 77%] [32m[1mLinking CXX shared library librobot_interfaces__rosidl_typesupport_fastrtps_c.so[0m
[10.511s] [ 77%] Built target robot_interfaces__rosidl_typesupport_fastrtps_c
[11.030s] [ 78%] [32m[1mLinking CXX shared library librobot_interfaces__rosidl_typesupport_fastrtps_cpp.so[0m
[11.046s] [ 80%] [32m[1mLinking CXX shared library librobot_interfaces__rosidl_typesupport_introspection_cpp.so[0m
[11.191s] [ 80%] Built target robot_interfaces__rosidl_typesupport_fastrtps_cpp
[11.217s] [ 80%] Built target robot_interfaces__rosidl_typesupport_introspection_cpp
[11.258s] [ 80%] Built target robot_interfaces
[11.300s] [ 81%] [34m[1mGenerating Python code for ROS interfaces[0m
[13.164s] [ 81%] Built target robot_interfaces__py
[13.206s] [ 90%] [32mBuilding C object CMakeFiles/robot_interfaces__rosidl_generator_py.dir/rosidl_generator_py/robot_interfaces/msg/_qt_pub_s.c.o[0m
[13.207s] [ 90%] [32mBuilding C object CMakeFiles/robot_interfaces__rosidl_generator_py.dir/rosidl_generator_py/robot_interfaces/msg/_line_msg_s.c.o[0m
[13.207s] [ 90%] [32mBuilding C object CMakeFiles/robot_interfaces__rosidl_generator_py.dir/rosidl_generator_py/robot_interfaces/msg/_robot_control_msg_s.c.o[0m
[13.207s] [ 90%] [32mBuilding C object CMakeFiles/robot_interfaces__rosidl_generator_py.dir/rosidl_generator_py/robot_interfaces/msg/_motor_fdb_s.c.o[0m
[13.207s] [ 90%] [32mBuilding C object CMakeFiles/robot_interfaces__rosidl_generator_py.dir/rosidl_generator_py/robot_interfaces/msg/_arm_state_s.c.o[0m
[13.207s] [ 90%] [32mBuilding C object CMakeFiles/robot_interfaces__rosidl_generator_py.dir/rosidl_generator_py/robot_interfaces/msg/_qt_recv_s.c.o[0m
[13.479s] [ 91%] [32m[1mLinking C shared library rosidl_generator_py/robot_interfaces/librobot_interfaces__rosidl_generator_py.so[0m
[13.571s] [ 91%] Built target robot_interfaces__rosidl_generator_py
[13.610s] [ 92%] [32mBuilding C object CMakeFiles/robot_interfaces__rosidl_typesupport_introspection_c__pyext.dir/rosidl_generator_py/robot_interfaces/_robot_interfaces_s.ep.rosidl_typesupport_introspection_c.c.o[0m
[13.610s] [ 94%] [32mBuilding C object CMakeFiles/robot_interfaces__rosidl_typesupport_fastrtps_c__pyext.dir/rosidl_generator_py/robot_interfaces/_robot_interfaces_s.ep.rosidl_typesupport_fastrtps_c.c.o[0m
[13.612s] [ 95%] [32mBuilding C object CMakeFiles/robot_interfaces__rosidl_typesupport_c__pyext.dir/rosidl_generator_py/robot_interfaces/_robot_interfaces_s.ep.rosidl_typesupport_c.c.o[0m
[13.852s] [100%] [32m[1mLinking C shared library rosidl_generator_py/robot_interfaces/robot_interfaces_s__rosidl_typesupport_c.cpython-310-aarch64-linux-gnu.so[0m
[13.852s] [100%] [32m[1mLinking C shared library rosidl_generator_py/robot_interfaces/robot_interfaces_s__rosidl_typesupport_fastrtps_c.cpython-310-aarch64-linux-gnu.so[0m
[13.852s] [100%] [32m[1mLinking C shared library rosidl_generator_py/robot_interfaces/robot_interfaces_s__rosidl_typesupport_introspection_c.cpython-310-aarch64-linux-gnu.so[0m
[13.955s] [100%] Built target robot_interfaces__rosidl_typesupport_introspection_c__pyext
[13.957s] [100%] Built target robot_interfaces__rosidl_typesupport_c__pyext
[13.958s] [100%] Built target robot_interfaces__rosidl_typesupport_fastrtps_c__pyext
[13.984s] Invoked command in '/home/orin/auto_install/orz_robot/build/robot_interfaces' returned '0': CMAKE_PREFIX_PATH=/opt/ros/humble /usr/bin/cmake --build /home/orin/auto_install/orz_robot/build/robot_interfaces -- -j8 -l8
[14.006s] Invoking command in '/home/orin/auto_install/orz_robot/build/robot_interfaces': CMAKE_PREFIX_PATH=/opt/ros/humble /usr/bin/cmake --install /home/orin/auto_install/orz_robot/build/robot_interfaces
[14.022s] -- Install configuration: ""
[14.023s] -- Installing: /home/orin/auto_install/orz_robot/install/robot_interfaces/share/ament_index/resource_index/rosidl_interfaces/robot_interfaces
[14.023s] -- Installing: /home/orin/auto_install/orz_robot/install/robot_interfaces/include/robot_interfaces/robot_interfaces
[14.024s] -- Installing: /home/orin/auto_install/orz_robot/install/robot_interfaces/include/robot_interfaces/robot_interfaces/msg
[14.024s] -- Installing: /home/orin/auto_install/orz_robot/install/robot_interfaces/include/robot_interfaces/robot_interfaces/msg/motor_fdb.h
[14.024s] -- Installing: /home/orin/auto_install/orz_robot/install/robot_interfaces/include/robot_interfaces/robot_interfaces/msg/rosidl_generator_c__visibility_control.h
[14.024s] -- Installing: /home/orin/auto_install/orz_robot/install/robot_interfaces/include/robot_interfaces/robot_interfaces/msg/qt_recv.h
[14.025s] -- Installing: /home/orin/auto_install/orz_robot/install/robot_interfaces/include/robot_interfaces/robot_interfaces/msg/line_msg.h
[14.025s] -- Installing: /home/orin/auto_install/orz_robot/install/robot_interfaces/include/robot_interfaces/robot_interfaces/msg/qt_pub.h
[14.025s] -- Installing: /home/orin/auto_install/orz_robot/install/robot_interfaces/include/robot_interfaces/robot_interfaces/msg/arm_state.h
[14.025s] -- Installing: /home/orin/auto_install/orz_robot/install/robot_interfaces/include/robot_interfaces/robot_interfaces/msg/detail
[14.025s] -- Installing: /home/orin/auto_install/orz_robot/install/robot_interfaces/include/robot_interfaces/robot_interfaces/msg/detail/line_msg__type_support.h
[14.026s] -- Installing: /home/orin/auto_install/orz_robot/install/robot_interfaces/include/robot_interfaces/robot_interfaces/msg/detail/line_msg__functions.h
[14.026s] -- Installing: /home/orin/auto_install/orz_robot/install/robot_interfaces/include/robot_interfaces/robot_interfaces/msg/detail/robot_control_msg__type_support.h
[14.026s] -- Installing: /home/orin/auto_install/orz_robot/install/robot_interfaces/include/robot_interfaces/robot_interfaces/msg/detail/qt_pub__type_support.h
[14.026s] -- Installing: /home/orin/auto_install/orz_robot/install/robot_interfaces/include/robot_interfaces/robot_interfaces/msg/detail/robot_control_msg__functions.c
[14.027s] -- Installing: /home/orin/auto_install/orz_robot/install/robot_interfaces/include/robot_interfaces/robot_interfaces/msg/detail/qt_pub__functions.h
[14.027s] -- Installing: /home/orin/auto_install/orz_robot/install/robot_interfaces/include/robot_interfaces/robot_interfaces/msg/detail/qt_recv__struct.h
[14.027s] -- Installing: /home/orin/auto_install/orz_robot/install/robot_interfaces/include/robot_interfaces/robot_interfaces/msg/detail/motor_fdb__functions.h
[14.027s] -- Installing: /home/orin/auto_install/orz_robot/install/robot_interfaces/include/robot_interfaces/robot_interfaces/msg/detail/arm_state__struct.h
[14.027s] -- Installing: /home/orin/auto_install/orz_robot/install/robot_interfaces/include/robot_interfaces/robot_interfaces/msg/detail/robot_control_msg__functions.h
[14.028s] -- Installing: /home/orin/auto_install/orz_robot/install/robot_interfaces/include/robot_interfaces/robot_interfaces/msg/detail/line_msg__functions.c
[14.028s] -- Installing: /home/orin/auto_install/orz_robot/install/robot_interfaces/include/robot_interfaces/robot_interfaces/msg/detail/line_msg__struct.h
[14.028s] -- Installing: /home/orin/auto_install/orz_robot/install/robot_interfaces/include/robot_interfaces/robot_interfaces/msg/detail/arm_state__type_support.h
[14.028s] -- Installing: /home/orin/auto_install/orz_robot/install/robot_interfaces/include/robot_interfaces/robot_interfaces/msg/detail/qt_pub__functions.c
[14.029s] -- Installing: /home/orin/auto_install/orz_robot/install/robot_interfaces/include/robot_interfaces/robot_interfaces/msg/detail/motor_fdb__struct.h
[14.029s] -- Installing: /home/orin/auto_install/orz_robot/install/robot_interfaces/include/robot_interfaces/robot_interfaces/msg/detail/qt_recv__functions.c
[14.029s] -- Installing: /home/orin/auto_install/orz_robot/install/robot_interfaces/include/robot_interfaces/robot_interfaces/msg/detail/robot_control_msg__struct.h
[14.030s] -- Installing: /home/orin/auto_install/orz_robot/install/robot_interfaces/include/robot_interfaces/robot_interfaces/msg/detail/qt_recv__functions.h
[14.030s] -- Installing: /home/orin/auto_install/orz_robot/install/robot_interfaces/include/robot_interfaces/robot_interfaces/msg/detail/arm_state__functions.c
[14.030s] -- Installing: /home/orin/auto_install/orz_robot/install/robot_interfaces/include/robot_interfaces/robot_interfaces/msg/detail/qt_pub__struct.h
[14.030s] -- Installing: /home/orin/auto_install/orz_robot/install/robot_interfaces/include/robot_interfaces/robot_interfaces/msg/detail/motor_fdb__functions.c
[14.031s] -- Installing: /home/orin/auto_install/orz_robot/install/robot_interfaces/include/robot_interfaces/robot_interfaces/msg/detail/qt_recv__type_support.h
[14.031s] -- Installing: /home/orin/auto_install/orz_robot/install/robot_interfaces/include/robot_interfaces/robot_interfaces/msg/detail/arm_state__functions.h
[14.031s] -- Installing: /home/orin/auto_install/orz_robot/install/robot_interfaces/include/robot_interfaces/robot_interfaces/msg/detail/motor_fdb__type_support.h
[14.032s] -- Installing: /home/orin/auto_install/orz_robot/install/robot_interfaces/include/robot_interfaces/robot_interfaces/msg/robot_control_msg.h
[14.032s] -- Installing: /home/orin/auto_install/orz_robot/install/robot_interfaces/share/robot_interfaces/environment/library_path.sh
[14.032s] -- Installing: /home/orin/auto_install/orz_robot/install/robot_interfaces/share/robot_interfaces/environment/library_path.dsv
[14.033s] -- Installing: /home/orin/auto_install/orz_robot/install/robot_interfaces/lib/librobot_interfaces__rosidl_generator_c.so
[14.033s] -- Set runtime path of "/home/orin/auto_install/orz_robot/install/robot_interfaces/lib/librobot_interfaces__rosidl_generator_c.so" to ""
[14.034s] -- Up-to-date: /home/orin/auto_install/orz_robot/install/robot_interfaces/include/robot_interfaces/robot_interfaces
[14.034s] -- Up-to-date: /home/orin/auto_install/orz_robot/install/robot_interfaces/include/robot_interfaces/robot_interfaces/msg
[14.034s] -- Installing: /home/orin/auto_install/orz_robot/install/robot_interfaces/include/robot_interfaces/robot_interfaces/msg/rosidl_typesupport_fastrtps_c__visibility_control.h
[14.035s] -- Up-to-date: /home/orin/auto_install/orz_robot/install/robot_interfaces/include/robot_interfaces/robot_interfaces/msg/detail
[14.035s] -- Installing: /home/orin/auto_install/orz_robot/install/robot_interfaces/include/robot_interfaces/robot_interfaces/msg/detail/qt_recv__rosidl_typesupport_fastrtps_c.h
[14.035s] -- Installing: /home/orin/auto_install/orz_robot/install/robot_interfaces/include/robot_interfaces/robot_interfaces/msg/detail/qt_pub__rosidl_typesupport_fastrtps_c.h
[14.035s] -- Installing: /home/orin/auto_install/orz_robot/install/robot_interfaces/include/robot_interfaces/robot_interfaces/msg/detail/arm_state__rosidl_typesupport_fastrtps_c.h
[14.035s] -- Installing: /home/orin/auto_install/orz_robot/install/robot_interfaces/include/robot_interfaces/robot_interfaces/msg/detail/line_msg__rosidl_typesupport_fastrtps_c.h
[14.036s] -- Installing: /home/orin/auto_install/orz_robot/install/robot_interfaces/include/robot_interfaces/robot_interfaces/msg/detail/motor_fdb__rosidl_typesupport_fastrtps_c.h
[14.036s] -- Installing: /home/orin/auto_install/orz_robot/install/robot_interfaces/include/robot_interfaces/robot_interfaces/msg/detail/robot_control_msg__rosidl_typesupport_fastrtps_c.h
[14.036s] -- Installing: /home/orin/auto_install/orz_robot/install/robot_interfaces/lib/librobot_interfaces__rosidl_typesupport_fastrtps_c.so
[14.036s] -- Set runtime path of "/home/orin/auto_install/orz_robot/install/robot_interfaces/lib/librobot_interfaces__rosidl_typesupport_fastrtps_c.so" to ""
[14.037s] -- Up-to-date: /home/orin/auto_install/orz_robot/install/robot_interfaces/include/robot_interfaces/robot_interfaces
[14.037s] -- Up-to-date: /home/orin/auto_install/orz_robot/install/robot_interfaces/include/robot_interfaces/robot_interfaces/msg
[14.037s] -- Installing: /home/orin/auto_install/orz_robot/install/robot_interfaces/include/robot_interfaces/robot_interfaces/msg/rosidl_typesupport_introspection_c__visibility_control.h
[14.037s] -- Up-to-date: /home/orin/auto_install/orz_robot/install/robot_interfaces/include/robot_interfaces/robot_interfaces/msg/detail
[14.038s] -- Installing: /home/orin/auto_install/orz_robot/install/robot_interfaces/include/robot_interfaces/robot_interfaces/msg/detail/line_msg__rosidl_typesupport_introspection_c.h
[14.038s] -- Installing: /home/orin/auto_install/orz_robot/install/robot_interfaces/include/robot_interfaces/robot_interfaces/msg/detail/qt_pub__type_support.c
[14.038s] -- Installing: /home/orin/auto_install/orz_robot/install/robot_interfaces/include/robot_interfaces/robot_interfaces/msg/detail/qt_pub__rosidl_typesupport_introspection_c.h
[14.038s] -- Installing: /home/orin/auto_install/orz_robot/install/robot_interfaces/include/robot_interfaces/robot_interfaces/msg/detail/robot_control_msg__rosidl_typesupport_introspection_c.h
[14.039s] -- Installing: /home/orin/auto_install/orz_robot/install/robot_interfaces/include/robot_interfaces/robot_interfaces/msg/detail/line_msg__type_support.c
[14.039s] -- Installing: /home/orin/auto_install/orz_robot/install/robot_interfaces/include/robot_interfaces/robot_interfaces/msg/detail/motor_fdb__rosidl_typesupport_introspection_c.h
[14.039s] -- Installing: /home/orin/auto_install/orz_robot/install/robot_interfaces/include/robot_interfaces/robot_interfaces/msg/detail/qt_recv__type_support.c
[14.039s] -- Installing: /home/orin/auto_install/orz_robot/install/robot_interfaces/include/robot_interfaces/robot_interfaces/msg/detail/motor_fdb__type_support.c
[14.040s] -- Installing: /home/orin/auto_install/orz_robot/install/robot_interfaces/include/robot_interfaces/robot_interfaces/msg/detail/robot_control_msg__type_support.c
[14.040s] -- Installing: /home/orin/auto_install/orz_robot/install/robot_interfaces/include/robot_interfaces/robot_interfaces/msg/detail/qt_recv__rosidl_typesupport_introspection_c.h
[14.040s] -- Installing: /home/orin/auto_install/orz_robot/install/robot_interfaces/include/robot_interfaces/robot_interfaces/msg/detail/arm_state__rosidl_typesupport_introspection_c.h
[14.040s] -- Installing: /home/orin/auto_install/orz_robot/install/robot_interfaces/include/robot_interfaces/robot_interfaces/msg/detail/arm_state__type_support.c
[14.041s] -- Installing: /home/orin/auto_install/orz_robot/install/robot_interfaces/lib/librobot_interfaces__rosidl_typesupport_introspection_c.so
[14.041s] -- Set runtime path of "/home/orin/auto_install/orz_robot/install/robot_interfaces/lib/librobot_interfaces__rosidl_typesupport_introspection_c.so" to ""
[14.041s] -- Installing: /home/orin/auto_install/orz_robot/install/robot_interfaces/lib/librobot_interfaces__rosidl_typesupport_c.so
[14.042s] -- Set runtime path of "/home/orin/auto_install/orz_robot/install/robot_interfaces/lib/librobot_interfaces__rosidl_typesupport_c.so" to ""
[14.042s] -- Up-to-date: /home/orin/auto_install/orz_robot/install/robot_interfaces/include/robot_interfaces/robot_interfaces
[14.042s] -- Up-to-date: /home/orin/auto_install/orz_robot/install/robot_interfaces/include/robot_interfaces/robot_interfaces/msg
[14.043s] -- Installing: /home/orin/auto_install/orz_robot/install/robot_interfaces/include/robot_interfaces/robot_interfaces/msg/motor_fdb.hpp
[14.043s] -- Installing: /home/orin/auto_install/orz_robot/install/robot_interfaces/include/robot_interfaces/robot_interfaces/msg/qt_recv.hpp
[14.043s] -- Installing: /home/orin/auto_install/orz_robot/install/robot_interfaces/include/robot_interfaces/robot_interfaces/msg/robot_control_msg.hpp
[14.044s] -- Up-to-date: /home/orin/auto_install/orz_robot/install/robot_interfaces/include/robot_interfaces/robot_interfaces/msg/detail
[14.044s] -- Installing: /home/orin/auto_install/orz_robot/install/robot_interfaces/include/robot_interfaces/robot_interfaces/msg/detail/arm_state__type_support.hpp
[14.044s] -- Installing: /home/orin/auto_install/orz_robot/install/robot_interfaces/include/robot_interfaces/robot_interfaces/msg/detail/qt_recv__type_support.hpp
[14.044s] -- Installing: /home/orin/auto_install/orz_robot/install/robot_interfaces/include/robot_interfaces/robot_interfaces/msg/detail/line_msg__struct.hpp
[14.045s] -- Installing: /home/orin/auto_install/orz_robot/install/robot_interfaces/include/robot_interfaces/robot_interfaces/msg/detail/qt_pub__builder.hpp
[14.045s] -- Installing: /home/orin/auto_install/orz_robot/install/robot_interfaces/include/robot_interfaces/robot_interfaces/msg/detail/qt_pub__type_support.hpp
[14.045s] -- Installing: /home/orin/auto_install/orz_robot/install/robot_interfaces/include/robot_interfaces/robot_interfaces/msg/detail/robot_control_msg__builder.hpp
[14.046s] -- Installing: /home/orin/auto_install/orz_robot/install/robot_interfaces/include/robot_interfaces/robot_interfaces/msg/detail/line_msg__builder.hpp
[14.046s] -- Installing: /home/orin/auto_install/orz_robot/install/robot_interfaces/include/robot_interfaces/robot_interfaces/msg/detail/qt_recv__struct.hpp
[14.046s] -- Installing: /home/orin/auto_install/orz_robot/install/robot_interfaces/include/robot_interfaces/robot_interfaces/msg/detail/qt_pub__struct.hpp
[14.047s] -- Installing: /home/orin/auto_install/orz_robot/install/robot_interfaces/include/robot_interfaces/robot_interfaces/msg/detail/motor_fdb__struct.hpp
[14.047s] -- Installing: /home/orin/auto_install/orz_robot/install/robot_interfaces/include/robot_interfaces/robot_interfaces/msg/detail/motor_fdb__builder.hpp
[14.047s] -- Installing: /home/orin/auto_install/orz_robot/install/robot_interfaces/include/robot_interfaces/robot_interfaces/msg/detail/robot_control_msg__traits.hpp
[14.047s] -- Installing: /home/orin/auto_install/orz_robot/install/robot_interfaces/include/robot_interfaces/robot_interfaces/msg/detail/arm_state__struct.hpp
[14.048s] -- Installing: /home/orin/auto_install/orz_robot/install/robot_interfaces/include/robot_interfaces/robot_interfaces/msg/detail/motor_fdb__traits.hpp
[14.048s] -- Installing: /home/orin/auto_install/orz_robot/install/robot_interfaces/include/robot_interfaces/robot_interfaces/msg/detail/robot_control_msg__struct.hpp
[14.048s] -- Installing: /home/orin/auto_install/orz_robot/install/robot_interfaces/include/robot_interfaces/robot_interfaces/msg/detail/qt_recv__traits.hpp
[14.048s] -- Installing: /home/orin/auto_install/orz_robot/install/robot_interfaces/include/robot_interfaces/robot_interfaces/msg/detail/arm_state__traits.hpp
[14.049s] -- Installing: /home/orin/auto_install/orz_robot/install/robot_interfaces/include/robot_interfaces/robot_interfaces/msg/detail/line_msg__type_support.hpp
[14.049s] -- Installing: /home/orin/auto_install/orz_robot/install/robot_interfaces/include/robot_interfaces/robot_interfaces/msg/detail/motor_fdb__type_support.hpp
[14.049s] -- Installing: /home/orin/auto_install/orz_robot/install/robot_interfaces/include/robot_interfaces/robot_interfaces/msg/detail/qt_pub__traits.hpp
[14.050s] -- Installing: /home/orin/auto_install/orz_robot/install/robot_interfaces/include/robot_interfaces/robot_interfaces/msg/detail/line_msg__traits.hpp
[14.050s] -- Installing: /home/orin/auto_install/orz_robot/install/robot_interfaces/include/robot_interfaces/robot_interfaces/msg/detail/robot_control_msg__type_support.hpp
[14.050s] -- Installing: /home/orin/auto_install/orz_robot/install/robot_interfaces/include/robot_interfaces/robot_interfaces/msg/detail/arm_state__builder.hpp
[14.051s] -- Installing: /home/orin/auto_install/orz_robot/install/robot_interfaces/include/robot_interfaces/robot_interfaces/msg/detail/qt_recv__builder.hpp
[14.051s] -- Installing: /home/orin/auto_install/orz_robot/install/robot_interfaces/include/robot_interfaces/robot_interfaces/msg/arm_state.hpp
[14.051s] -- Installing: /home/orin/auto_install/orz_robot/install/robot_interfaces/include/robot_interfaces/robot_interfaces/msg/line_msg.hpp
[14.051s] -- Installing: /home/orin/auto_install/orz_robot/install/robot_interfaces/include/robot_interfaces/robot_interfaces/msg/rosidl_generator_cpp__visibility_control.hpp
[14.052s] -- Installing: /home/orin/auto_install/orz_robot/install/robot_interfaces/include/robot_interfaces/robot_interfaces/msg/qt_pub.hpp
[14.052s] -- Up-to-date: /home/orin/auto_install/orz_robot/install/robot_interfaces/include/robot_interfaces/robot_interfaces
[14.052s] -- Up-to-date: /home/orin/auto_install/orz_robot/install/robot_interfaces/include/robot_interfaces/robot_interfaces/msg
[14.052s] -- Up-to-date: /home/orin/auto_install/orz_robot/install/robot_interfaces/include/robot_interfaces/robot_interfaces/msg/detail
[14.053s] -- Installing: /home/orin/auto_install/orz_robot/install/robot_interfaces/include/robot_interfaces/robot_interfaces/msg/detail/arm_state__rosidl_typesupport_fastrtps_cpp.hpp
[14.053s] -- Installing: /home/orin/auto_install/orz_robot/install/robot_interfaces/include/robot_interfaces/robot_interfaces/msg/detail/qt_pub__rosidl_typesupport_fastrtps_cpp.hpp
[14.053s] -- Installing: /home/orin/auto_install/orz_robot/install/robot_interfaces/include/robot_interfaces/robot_interfaces/msg/detail/robot_control_msg__rosidl_typesupport_fastrtps_cpp.hpp
[14.054s] -- Installing: /home/orin/auto_install/orz_robot/install/robot_interfaces/include/robot_interfaces/robot_interfaces/msg/detail/qt_recv__rosidl_typesupport_fastrtps_cpp.hpp
[14.054s] -- Installing: /home/orin/auto_install/orz_robot/install/robot_interfaces/include/robot_interfaces/robot_interfaces/msg/detail/motor_fdb__rosidl_typesupport_fastrtps_cpp.hpp
[14.054s] -- Installing: /home/orin/auto_install/orz_robot/install/robot_interfaces/include/robot_interfaces/robot_interfaces/msg/detail/dds_fastrtps
[14.055s] -- Installing: /home/orin/auto_install/orz_robot/install/robot_interfaces/include/robot_interfaces/robot_interfaces/msg/detail/line_msg__rosidl_typesupport_fastrtps_cpp.hpp
[14.055s] -- Installing: /home/orin/auto_install/orz_robot/install/robot_interfaces/include/robot_interfaces/robot_interfaces/msg/rosidl_typesupport_fastrtps_cpp__visibility_control.h
[14.055s] -- Installing: /home/orin/auto_install/orz_robot/install/robot_interfaces/lib/librobot_interfaces__rosidl_typesupport_fastrtps_cpp.so
[14.055s] -- Set runtime path of "/home/orin/auto_install/orz_robot/install/robot_interfaces/lib/librobot_interfaces__rosidl_typesupport_fastrtps_cpp.so" to ""
[14.056s] -- Up-to-date: /home/orin/auto_install/orz_robot/install/robot_interfaces/include/robot_interfaces/robot_interfaces
[14.056s] -- Up-to-date: /home/orin/auto_install/orz_robot/install/robot_interfaces/include/robot_interfaces/robot_interfaces/msg
[14.057s] -- Up-to-date: /home/orin/auto_install/orz_robot/install/robot_interfaces/include/robot_interfaces/robot_interfaces/msg/detail
[14.057s] -- Installing: /home/orin/auto_install/orz_robot/install/robot_interfaces/include/robot_interfaces/robot_interfaces/msg/detail/qt_pub__type_support.cpp
[14.057s] -- Installing: /home/orin/auto_install/orz_robot/install/robot_interfaces/include/robot_interfaces/robot_interfaces/msg/detail/arm_state__type_support.cpp
[14.057s] -- Installing: /home/orin/auto_install/orz_robot/install/robot_interfaces/include/robot_interfaces/robot_interfaces/msg/detail/motor_fdb__rosidl_typesupport_introspection_cpp.hpp
[14.058s] -- Installing: /home/orin/auto_install/orz_robot/install/robot_interfaces/include/robot_interfaces/robot_interfaces/msg/detail/line_msg__type_support.cpp
[14.058s] -- Installing: /home/orin/auto_install/orz_robot/install/robot_interfaces/include/robot_interfaces/robot_interfaces/msg/detail/motor_fdb__type_support.cpp
[14.058s] -- Installing: /home/orin/auto_install/orz_robot/install/robot_interfaces/include/robot_interfaces/robot_interfaces/msg/detail/arm_state__rosidl_typesupport_introspection_cpp.hpp
[14.059s] -- Installing: /home/orin/auto_install/orz_robot/install/robot_interfaces/include/robot_interfaces/robot_interfaces/msg/detail/qt_recv__rosidl_typesupport_introspection_cpp.hpp
[14.059s] -- Installing: /home/orin/auto_install/orz_robot/install/robot_interfaces/include/robot_interfaces/robot_interfaces/msg/detail/robot_control_msg__rosidl_typesupport_introspection_cpp.hpp
[14.059s] -- Installing: /home/orin/auto_install/orz_robot/install/robot_interfaces/include/robot_interfaces/robot_interfaces/msg/detail/qt_recv__type_support.cpp
[14.059s] -- Installing: /home/orin/auto_install/orz_robot/install/robot_interfaces/include/robot_interfaces/robot_interfaces/msg/detail/qt_pub__rosidl_typesupport_introspection_cpp.hpp
[14.060s] -- Installing: /home/orin/auto_install/orz_robot/install/robot_interfaces/include/robot_interfaces/robot_interfaces/msg/detail/robot_control_msg__type_support.cpp
[14.060s] -- Installing: /home/orin/auto_install/orz_robot/install/robot_interfaces/include/robot_interfaces/robot_interfaces/msg/detail/line_msg__rosidl_typesupport_introspection_cpp.hpp
[14.060s] -- Installing: /home/orin/auto_install/orz_robot/install/robot_interfaces/lib/librobot_interfaces__rosidl_typesupport_introspection_cpp.so
[14.060s] -- Set runtime path of "/home/orin/auto_install/orz_robot/install/robot_interfaces/lib/librobot_interfaces__rosidl_typesupport_introspection_cpp.so" to ""
[14.061s] -- Installing: /home/orin/auto_install/orz_robot/install/robot_interfaces/lib/librobot_interfaces__rosidl_typesupport_cpp.so
[14.061s] -- Set runtime path of "/home/orin/auto_install/orz_robot/install/robot_interfaces/lib/librobot_interfaces__rosidl_typesupport_cpp.so" to ""
[14.061s] -- Installing: /home/orin/auto_install/orz_robot/install/robot_interfaces/share/robot_interfaces/environment/pythonpath.sh
[14.062s] -- Installing: /home/orin/auto_install/orz_robot/install/robot_interfaces/share/robot_interfaces/environment/pythonpath.dsv
[14.062s] -- Installing: /home/orin/auto_install/orz_robot/install/robot_interfaces/local/lib/python3.10/dist-packages/robot_interfaces-0.0.0-py3.10.egg-info
[14.062s] -- Installing: /home/orin/auto_install/orz_robot/install/robot_interfaces/local/lib/python3.10/dist-packages/robot_interfaces-0.0.0-py3.10.egg-info/SOURCES.txt
[14.062s] -- Installing: /home/orin/auto_install/orz_robot/install/robot_interfaces/local/lib/python3.10/dist-packages/robot_interfaces-0.0.0-py3.10.egg-info/dependency_links.txt
[14.063s] -- Installing: /home/orin/auto_install/orz_robot/install/robot_interfaces/local/lib/python3.10/dist-packages/robot_interfaces-0.0.0-py3.10.egg-info/PKG-INFO
[14.063s] -- Installing: /home/orin/auto_install/orz_robot/install/robot_interfaces/local/lib/python3.10/dist-packages/robot_interfaces-0.0.0-py3.10.egg-info/top_level.txt
[14.063s] -- Installing: /home/orin/auto_install/orz_robot/install/robot_interfaces/local/lib/python3.10/dist-packages/robot_interfaces
[14.064s] -- Installing: /home/orin/auto_install/orz_robot/install/robot_interfaces/local/lib/python3.10/dist-packages/robot_interfaces/_robot_interfaces_s.ep.rosidl_typesupport_c.c
[14.064s] -- Installing: /home/orin/auto_install/orz_robot/install/robot_interfaces/local/lib/python3.10/dist-packages/robot_interfaces/librobot_interfaces__rosidl_generator_py.so
[14.064s] -- Installing: /home/orin/auto_install/orz_robot/install/robot_interfaces/local/lib/python3.10/dist-packages/robot_interfaces/robot_interfaces_s__rosidl_typesupport_c.cpython-310-aarch64-linux-gnu.so
[14.064s] -- Installing: /home/orin/auto_install/orz_robot/install/robot_interfaces/local/lib/python3.10/dist-packages/robot_interfaces/_robot_interfaces_s.ep.rosidl_typesupport_introspection_c.c
[14.065s] -- Installing: /home/orin/auto_install/orz_robot/install/robot_interfaces/local/lib/python3.10/dist-packages/robot_interfaces/robot_interfaces_s__rosidl_typesupport_fastrtps_c.cpython-310-aarch64-linux-gnu.so
[14.065s] -- Installing: /home/orin/auto_install/orz_robot/install/robot_interfaces/local/lib/python3.10/dist-packages/robot_interfaces/__init__.py
[14.065s] -- Installing: /home/orin/auto_install/orz_robot/install/robot_interfaces/local/lib/python3.10/dist-packages/robot_interfaces/msg
[14.066s] -- Installing: /home/orin/auto_install/orz_robot/install/robot_interfaces/local/lib/python3.10/dist-packages/robot_interfaces/msg/_qt_pub_s.c
[14.066s] -- Installing: /home/orin/auto_install/orz_robot/install/robot_interfaces/local/lib/python3.10/dist-packages/robot_interfaces/msg/_arm_state_s.c
[14.066s] -- Installing: /home/orin/auto_install/orz_robot/install/robot_interfaces/local/lib/python3.10/dist-packages/robot_interfaces/msg/_motor_fdb_s.c
[14.066s] -- Installing: /home/orin/auto_install/orz_robot/install/robot_interfaces/local/lib/python3.10/dist-packages/robot_interfaces/msg/_line_msg.py
[14.067s] -- Installing: /home/orin/auto_install/orz_robot/install/robot_interfaces/local/lib/python3.10/dist-packages/robot_interfaces/msg/_robot_control_msg_s.c
[14.067s] -- Installing: /home/orin/auto_install/orz_robot/install/robot_interfaces/local/lib/python3.10/dist-packages/robot_interfaces/msg/__init__.py
[14.067s] -- Installing: /home/orin/auto_install/orz_robot/install/robot_interfaces/local/lib/python3.10/dist-packages/robot_interfaces/msg/_line_msg_s.c
[14.067s] -- Installing: /home/orin/auto_install/orz_robot/install/robot_interfaces/local/lib/python3.10/dist-packages/robot_interfaces/msg/_qt_recv.py
[14.068s] -- Installing: /home/orin/auto_install/orz_robot/install/robot_interfaces/local/lib/python3.10/dist-packages/robot_interfaces/msg/_motor_fdb.py
[14.068s] -- Installing: /home/orin/auto_install/orz_robot/install/robot_interfaces/local/lib/python3.10/dist-packages/robot_interfaces/msg/_robot_control_msg.py
[14.068s] -- Installing: /home/orin/auto_install/orz_robot/install/robot_interfaces/local/lib/python3.10/dist-packages/robot_interfaces/msg/_qt_pub.py
[14.068s] -- Installing: /home/orin/auto_install/orz_robot/install/robot_interfaces/local/lib/python3.10/dist-packages/robot_interfaces/msg/_qt_recv_s.c
[14.068s] -- Installing: /home/orin/auto_install/orz_robot/install/robot_interfaces/local/lib/python3.10/dist-packages/robot_interfaces/msg/_arm_state.py
[14.069s] -- Installing: /home/orin/auto_install/orz_robot/install/robot_interfaces/local/lib/python3.10/dist-packages/robot_interfaces/robot_interfaces_s__rosidl_typesupport_introspection_c.cpython-310-aarch64-linux-gnu.so
[14.069s] -- Installing: /home/orin/auto_install/orz_robot/install/robot_interfaces/local/lib/python3.10/dist-packages/robot_interfaces/_robot_interfaces_s.ep.rosidl_typesupport_fastrtps_c.c
[14.142s] Listing '/home/orin/auto_install/orz_robot/install/robot_interfaces/local/lib/python3.10/dist-packages/robot_interfaces'...
[14.142s] Compiling '/home/orin/auto_install/orz_robot/install/robot_interfaces/local/lib/python3.10/dist-packages/robot_interfaces/__init__.py'...
[14.142s] Listing '/home/orin/auto_install/orz_robot/install/robot_interfaces/local/lib/python3.10/dist-packages/robot_interfaces/msg'...
[14.142s] Compiling '/home/orin/auto_install/orz_robot/install/robot_interfaces/local/lib/python3.10/dist-packages/robot_interfaces/msg/__init__.py'...
[14.143s] Compiling '/home/orin/auto_install/orz_robot/install/robot_interfaces/local/lib/python3.10/dist-packages/robot_interfaces/msg/_arm_state.py'...
[14.143s] Compiling '/home/orin/auto_install/orz_robot/install/robot_interfaces/local/lib/python3.10/dist-packages/robot_interfaces/msg/_line_msg.py'...
[14.143s] Compiling '/home/orin/auto_install/orz_robot/install/robot_interfaces/local/lib/python3.10/dist-packages/robot_interfaces/msg/_motor_fdb.py'...
[14.143s] Compiling '/home/orin/auto_install/orz_robot/install/robot_interfaces/local/lib/python3.10/dist-packages/robot_interfaces/msg/_qt_pub.py'...
[14.143s] Compiling '/home/orin/auto_install/orz_robot/install/robot_interfaces/local/lib/python3.10/dist-packages/robot_interfaces/msg/_qt_recv.py'...
[14.144s] Compiling '/home/orin/auto_install/orz_robot/install/robot_interfaces/local/lib/python3.10/dist-packages/robot_interfaces/msg/_robot_control_msg.py'...
[14.153s] -- Installing: /home/orin/auto_install/orz_robot/install/robot_interfaces/local/lib/python3.10/dist-packages/robot_interfaces/robot_interfaces_s__rosidl_typesupport_fastrtps_c.cpython-310-aarch64-linux-gnu.so
[14.154s] -- Set runtime path of "/home/orin/auto_install/orz_robot/install/robot_interfaces/local/lib/python3.10/dist-packages/robot_interfaces/robot_interfaces_s__rosidl_typesupport_fastrtps_c.cpython-310-aarch64-linux-gnu.so" to ""
[14.154s] -- Installing: /home/orin/auto_install/orz_robot/install/robot_interfaces/local/lib/python3.10/dist-packages/robot_interfaces/robot_interfaces_s__rosidl_typesupport_introspection_c.cpython-310-aarch64-linux-gnu.so
[14.155s] -- Set runtime path of "/home/orin/auto_install/orz_robot/install/robot_interfaces/local/lib/python3.10/dist-packages/robot_interfaces/robot_interfaces_s__rosidl_typesupport_introspection_c.cpython-310-aarch64-linux-gnu.so" to ""
[14.155s] -- Installing: /home/orin/auto_install/orz_robot/install/robot_interfaces/local/lib/python3.10/dist-packages/robot_interfaces/robot_interfaces_s__rosidl_typesupport_c.cpython-310-aarch64-linux-gnu.so
[14.156s] -- Set runtime path of "/home/orin/auto_install/orz_robot/install/robot_interfaces/local/lib/python3.10/dist-packages/robot_interfaces/robot_interfaces_s__rosidl_typesupport_c.cpython-310-aarch64-linux-gnu.so" to ""
[14.157s] -- Installing: /home/orin/auto_install/orz_robot/install/robot_interfaces/lib/librobot_interfaces__rosidl_generator_py.so
[14.158s] -- Set runtime path of "/home/orin/auto_install/orz_robot/install/robot_interfaces/lib/librobot_interfaces__rosidl_generator_py.so" to ""
[14.158s] -- Installing: /home/orin/auto_install/orz_robot/install/robot_interfaces/share/robot_interfaces/msg/QtRecv.idl
[14.158s] -- Installing: /home/orin/auto_install/orz_robot/install/robot_interfaces/share/robot_interfaces/msg/LineMsg.idl
[14.159s] -- Installing: /home/orin/auto_install/orz_robot/install/robot_interfaces/share/robot_interfaces/msg/ArmState.idl
[14.159s] -- Installing: /home/orin/auto_install/orz_robot/install/robot_interfaces/share/robot_interfaces/msg/QtPub.idl
[14.159s] -- Installing: /home/orin/auto_install/orz_robot/install/robot_interfaces/share/robot_interfaces/msg/MotorFdb.idl
[14.159s] -- Installing: /home/orin/auto_install/orz_robot/install/robot_interfaces/share/robot_interfaces/msg/RobotControlMsg.idl
[14.160s] -- Installing: /home/orin/auto_install/orz_robot/install/robot_interfaces/share/robot_interfaces/msg/QtRecv.msg
[14.160s] -- Installing: /home/orin/auto_install/orz_robot/install/robot_interfaces/share/robot_interfaces/msg/LineMsg.msg
[14.160s] -- Installing: /home/orin/auto_install/orz_robot/install/robot_interfaces/share/robot_interfaces/msg/ArmState.msg
[14.161s] -- Installing: /home/orin/auto_install/orz_robot/install/robot_interfaces/share/robot_interfaces/msg/QtPub.msg
[14.161s] -- Installing: /home/orin/auto_install/orz_robot/install/robot_interfaces/share/robot_interfaces/msg/MotorFdb.msg
[14.161s] -- Installing: /home/orin/auto_install/orz_robot/install/robot_interfaces/share/robot_interfaces/msg/RobotControlMsg.msg
[14.161s] -- Installing: /home/orin/auto_install/orz_robot/install/robot_interfaces/share/ament_index/resource_index/package_run_dependencies/robot_interfaces
[14.162s] -- Installing: /home/orin/auto_install/orz_robot/install/robot_interfaces/share/ament_index/resource_index/parent_prefix_path/robot_interfaces
[14.162s] -- Installing: /home/orin/auto_install/orz_robot/install/robot_interfaces/share/robot_interfaces/environment/ament_prefix_path.sh
[14.162s] -- Installing: /home/orin/auto_install/orz_robot/install/robot_interfaces/share/robot_interfaces/environment/ament_prefix_path.dsv
[14.163s] -- Installing: /home/orin/auto_install/orz_robot/install/robot_interfaces/share/robot_interfaces/environment/path.sh
[14.163s] -- Installing: /home/orin/auto_install/orz_robot/install/robot_interfaces/share/robot_interfaces/environment/path.dsv
[14.163s] -- Installing: /home/orin/auto_install/orz_robot/install/robot_interfaces/share/robot_interfaces/local_setup.bash
[14.163s] -- Installing: /home/orin/auto_install/orz_robot/install/robot_interfaces/share/robot_interfaces/local_setup.sh
[14.164s] -- Installing: /home/orin/auto_install/orz_robot/install/robot_interfaces/share/robot_interfaces/local_setup.zsh
[14.164s] -- Installing: /home/orin/auto_install/orz_robot/install/robot_interfaces/share/robot_interfaces/local_setup.dsv
[14.164s] -- Installing: /home/orin/auto_install/orz_robot/install/robot_interfaces/share/robot_interfaces/package.dsv
[14.164s] -- Installing: /home/orin/auto_install/orz_robot/install/robot_interfaces/share/ament_index/resource_index/packages/robot_interfaces
[14.165s] -- Installing: /home/orin/auto_install/orz_robot/install/robot_interfaces/share/robot_interfaces/cmake/export_robot_interfaces__rosidl_generator_cExport.cmake
[14.165s] -- Installing: /home/orin/auto_install/orz_robot/install/robot_interfaces/share/robot_interfaces/cmake/export_robot_interfaces__rosidl_generator_cExport-noconfig.cmake
[14.165s] -- Installing: /home/orin/auto_install/orz_robot/install/robot_interfaces/share/robot_interfaces/cmake/export_robot_interfaces__rosidl_typesupport_fastrtps_cExport.cmake
[14.166s] -- Installing: /home/orin/auto_install/orz_robot/install/robot_interfaces/share/robot_interfaces/cmake/export_robot_interfaces__rosidl_typesupport_fastrtps_cExport-noconfig.cmake
[14.167s] -- Installing: /home/orin/auto_install/orz_robot/install/robot_interfaces/share/robot_interfaces/cmake/robot_interfaces__rosidl_typesupport_introspection_cExport.cmake
[14.167s] -- Installing: /home/orin/auto_install/orz_robot/install/robot_interfaces/share/robot_interfaces/cmake/robot_interfaces__rosidl_typesupport_introspection_cExport-noconfig.cmake
[14.167s] -- Installing: /home/orin/auto_install/orz_robot/install/robot_interfaces/share/robot_interfaces/cmake/robot_interfaces__rosidl_typesupport_cExport.cmake
[14.168s] -- Installing: /home/orin/auto_install/orz_robot/install/robot_interfaces/share/robot_interfaces/cmake/robot_interfaces__rosidl_typesupport_cExport-noconfig.cmake
[14.168s] -- Installing: /home/orin/auto_install/orz_robot/install/robot_interfaces/share/robot_interfaces/cmake/export_robot_interfaces__rosidl_generator_cppExport.cmake
[14.168s] -- Installing: /home/orin/auto_install/orz_robot/install/robot_interfaces/share/robot_interfaces/cmake/export_robot_interfaces__rosidl_typesupport_fastrtps_cppExport.cmake
[14.169s] -- Installing: /home/orin/auto_install/orz_robot/install/robot_interfaces/share/robot_interfaces/cmake/export_robot_interfaces__rosidl_typesupport_fastrtps_cppExport-noconfig.cmake
[14.169s] -- Installing: /home/orin/auto_install/orz_robot/install/robot_interfaces/share/robot_interfaces/cmake/robot_interfaces__rosidl_typesupport_introspection_cppExport.cmake
[14.169s] -- Installing: /home/orin/auto_install/orz_robot/install/robot_interfaces/share/robot_interfaces/cmake/robot_interfaces__rosidl_typesupport_introspection_cppExport-noconfig.cmake
[14.170s] -- Installing: /home/orin/auto_install/orz_robot/install/robot_interfaces/share/robot_interfaces/cmake/robot_interfaces__rosidl_typesupport_cppExport.cmake
[14.170s] -- Installing: /home/orin/auto_install/orz_robot/install/robot_interfaces/share/robot_interfaces/cmake/robot_interfaces__rosidl_typesupport_cppExport-noconfig.cmake
[14.170s] -- Installing: /home/orin/auto_install/orz_robot/install/robot_interfaces/share/robot_interfaces/cmake/export_robot_interfaces__rosidl_generator_pyExport.cmake
[14.171s] -- Installing: /home/orin/auto_install/orz_robot/install/robot_interfaces/share/robot_interfaces/cmake/export_robot_interfaces__rosidl_generator_pyExport-noconfig.cmake
[14.171s] -- Installing: /home/orin/auto_install/orz_robot/install/robot_interfaces/share/robot_interfaces/cmake/rosidl_cmake-extras.cmake
[14.171s] -- Installing: /home/orin/auto_install/orz_robot/install/robot_interfaces/share/robot_interfaces/cmake/ament_cmake_export_dependencies-extras.cmake
[14.171s] -- Installing: /home/orin/auto_install/orz_robot/install/robot_interfaces/share/robot_interfaces/cmake/ament_cmake_export_include_directories-extras.cmake
[14.172s] -- Installing: /home/orin/auto_install/orz_robot/install/robot_interfaces/share/robot_interfaces/cmake/ament_cmake_export_libraries-extras.cmake
[14.172s] -- Installing: /home/orin/auto_install/orz_robot/install/robot_interfaces/share/robot_interfaces/cmake/ament_cmake_export_targets-extras.cmake
[14.172s] -- Installing: /home/orin/auto_install/orz_robot/install/robot_interfaces/share/robot_interfaces/cmake/rosidl_cmake_export_typesupport_targets-extras.cmake
[14.173s] -- Installing: /home/orin/auto_install/orz_robot/install/robot_interfaces/share/robot_interfaces/cmake/rosidl_cmake_export_typesupport_libraries-extras.cmake
[14.173s] -- Installing: /home/orin/auto_install/orz_robot/install/robot_interfaces/share/robot_interfaces/cmake/robot_interfacesConfig.cmake
[14.173s] -- Installing: /home/orin/auto_install/orz_robot/install/robot_interfaces/share/robot_interfaces/cmake/robot_interfacesConfig-version.cmake
[14.174s] -- Installing: /home/orin/auto_install/orz_robot/install/robot_interfaces/share/robot_interfaces/package.xml
[14.179s] Invoked command in '/home/orin/auto_install/orz_robot/build/robot_interfaces' returned '0': CMAKE_PREFIX_PATH=/opt/ros/humble /usr/bin/cmake --install /home/orin/auto_install/orz_robot/build/robot_interfaces
