[0.026s] Invoking command in '/home/orin/auto_install/orz_robot/build/robot_interfaces': CMAKE_PREFIX_PATH=${CMAKE_PREFIX_PATH}:/home/orin/auto_install/orz_robot/install/robot_test_py:/home/orin/auto_install/orz_robot/install/robot_keyboard_to_twist_py:/opt/ros/humble /usr/bin/cmake --build /home/orin/auto_install/orz_robot/build/robot_interfaces -- -j8 -l8
[0.144s] [  1%] Built target robot_interfaces__cpp
[0.146s] [ 12%] Built target robot_interfaces__rosidl_generator_c
[0.166s] [ 12%] Built target ament_cmake_python_copy_robot_interfaces
[0.191s] [ 23%] Built target robot_interfaces__rosidl_typesupport_cpp
[0.192s] [ 35%] Built target robot_interfaces__rosidl_typesupport_fastrtps_cpp
[0.200s] [ 46%] Built target robot_interfaces__rosidl_typesupport_introspection_c
[0.204s] [ 57%] Built target robot_interfaces__rosidl_typesupport_fastrtps_c
[0.215s] [ 69%] Built target robot_interfaces__rosidl_typesupport_introspection_cpp
[0.219s] [ 80%] Built target robot_interfaces__rosidl_typesupport_c
[0.260s] [ 80%] Built target robot_interfaces
[0.306s] [ 81%] Built target robot_interfaces__py
[0.354s] [ 91%] Built target robot_interfaces__rosidl_generator_py
[0.400s] [ 97%] Built target robot_interfaces__rosidl_typesupport_fastrtps_c__pyext
[0.400s] [ 97%] Built target robot_interfaces__rosidl_typesupport_introspection_c__pyext
[0.401s] [100%] Built target robot_interfaces__rosidl_typesupport_c__pyext
[0.694s] running egg_info
[0.695s] writing robot_interfaces.egg-info/PKG-INFO
[0.695s] writing dependency_links to robot_interfaces.egg-info/dependency_links.txt
[0.696s] writing top-level names to robot_interfaces.egg-info/top_level.txt
[0.700s] reading manifest file 'robot_interfaces.egg-info/SOURCES.txt'
[0.702s] writing manifest file 'robot_interfaces.egg-info/SOURCES.txt'
[0.777s] [100%] Built target ament_cmake_python_build_robot_interfaces_egg
[0.804s] Invoked command in '/home/orin/auto_install/orz_robot/build/robot_interfaces' returned '0': CMAKE_PREFIX_PATH=${CMAKE_PREFIX_PATH}:/home/orin/auto_install/orz_robot/install/robot_test_py:/home/orin/auto_install/orz_robot/install/robot_keyboard_to_twist_py:/opt/ros/humble /usr/bin/cmake --build /home/orin/auto_install/orz_robot/build/robot_interfaces -- -j8 -l8
[0.827s] Invoking command in '/home/orin/auto_install/orz_robot/build/robot_interfaces': CMAKE_PREFIX_PATH=${CMAKE_PREFIX_PATH}:/home/orin/auto_install/orz_robot/install/robot_test_py:/home/orin/auto_install/orz_robot/install/robot_keyboard_to_twist_py:/opt/ros/humble /usr/bin/cmake --install /home/orin/auto_install/orz_robot/build/robot_interfaces
[0.843s] -- Install configuration: ""
[0.844s] -- Up-to-date: /home/orin/auto_install/orz_robot/install/robot_interfaces/share/ament_index/resource_index/rosidl_interfaces/robot_interfaces
[0.844s] -- Up-to-date: /home/orin/auto_install/orz_robot/install/robot_interfaces/include/robot_interfaces/robot_interfaces
[0.844s] -- Up-to-date: /home/orin/auto_install/orz_robot/install/robot_interfaces/include/robot_interfaces/robot_interfaces/msg
[0.844s] -- Up-to-date: /home/orin/auto_install/orz_robot/install/robot_interfaces/include/robot_interfaces/robot_interfaces/msg/motor_fdb.h
[0.845s] -- Up-to-date: /home/orin/auto_install/orz_robot/install/robot_interfaces/include/robot_interfaces/robot_interfaces/msg/rosidl_generator_c__visibility_control.h
[0.845s] -- Up-to-date: /home/orin/auto_install/orz_robot/install/robot_interfaces/include/robot_interfaces/robot_interfaces/msg/qt_recv.h
[0.845s] -- Up-to-date: /home/orin/auto_install/orz_robot/install/robot_interfaces/include/robot_interfaces/robot_interfaces/msg/line_msg.h
[0.845s] -- Up-to-date: /home/orin/auto_install/orz_robot/install/robot_interfaces/include/robot_interfaces/robot_interfaces/msg/qt_pub.h
[0.846s] -- Up-to-date: /home/orin/auto_install/orz_robot/install/robot_interfaces/include/robot_interfaces/robot_interfaces/msg/arm_state.h
[0.846s] -- Up-to-date: /home/orin/auto_install/orz_robot/install/robot_interfaces/include/robot_interfaces/robot_interfaces/msg/detail
[0.846s] -- Up-to-date: /home/orin/auto_install/orz_robot/install/robot_interfaces/include/robot_interfaces/robot_interfaces/msg/detail/line_msg__type_support.h
[0.846s] -- Up-to-date: /home/orin/auto_install/orz_robot/install/robot_interfaces/include/robot_interfaces/robot_interfaces/msg/detail/line_msg__functions.h
[0.847s] -- Up-to-date: /home/orin/auto_install/orz_robot/install/robot_interfaces/include/robot_interfaces/robot_interfaces/msg/detail/robot_control_msg__type_support.h
[0.847s] -- Up-to-date: /home/orin/auto_install/orz_robot/install/robot_interfaces/include/robot_interfaces/robot_interfaces/msg/detail/qt_pub__type_support.h
[0.847s] -- Up-to-date: /home/orin/auto_install/orz_robot/install/robot_interfaces/include/robot_interfaces/robot_interfaces/msg/detail/robot_control_msg__functions.c
[0.847s] -- Up-to-date: /home/orin/auto_install/orz_robot/install/robot_interfaces/include/robot_interfaces/robot_interfaces/msg/detail/qt_pub__functions.h
[0.847s] -- Up-to-date: /home/orin/auto_install/orz_robot/install/robot_interfaces/include/robot_interfaces/robot_interfaces/msg/detail/qt_recv__struct.h
[0.848s] -- Up-to-date: /home/orin/auto_install/orz_robot/install/robot_interfaces/include/robot_interfaces/robot_interfaces/msg/detail/motor_fdb__functions.h
[0.848s] -- Up-to-date: /home/orin/auto_install/orz_robot/install/robot_interfaces/include/robot_interfaces/robot_interfaces/msg/detail/arm_state__struct.h
[0.849s] -- Up-to-date: /home/orin/auto_install/orz_robot/install/robot_interfaces/include/robot_interfaces/robot_interfaces/msg/detail/robot_control_msg__functions.h
[0.850s] -- Up-to-date: /home/orin/auto_install/orz_robot/install/robot_interfaces/include/robot_interfaces/robot_interfaces/msg/detail/line_msg__functions.c
[0.850s] -- Up-to-date: /home/orin/auto_install/orz_robot/install/robot_interfaces/include/robot_interfaces/robot_interfaces/msg/detail/line_msg__struct.h
[0.850s] -- Up-to-date: /home/orin/auto_install/orz_robot/install/robot_interfaces/include/robot_interfaces/robot_interfaces/msg/detail/arm_state__type_support.h
[0.851s] -- Up-to-date: /home/orin/auto_install/orz_robot/install/robot_interfaces/include/robot_interfaces/robot_interfaces/msg/detail/qt_pub__functions.c
[0.851s] -- Up-to-date: /home/orin/auto_install/orz_robot/install/robot_interfaces/include/robot_interfaces/robot_interfaces/msg/detail/motor_fdb__struct.h
[0.851s] -- Up-to-date: /home/orin/auto_install/orz_robot/install/robot_interfaces/include/robot_interfaces/robot_interfaces/msg/detail/qt_recv__functions.c
[0.851s] -- Up-to-date: /home/orin/auto_install/orz_robot/install/robot_interfaces/include/robot_interfaces/robot_interfaces/msg/detail/robot_control_msg__struct.h
[0.851s] -- Up-to-date: /home/orin/auto_install/orz_robot/install/robot_interfaces/include/robot_interfaces/robot_interfaces/msg/detail/qt_recv__functions.h
[0.852s] -- Up-to-date: /home/orin/auto_install/orz_robot/install/robot_interfaces/include/robot_interfaces/robot_interfaces/msg/detail/arm_state__functions.c
[0.852s] -- Up-to-date: /home/orin/auto_install/orz_robot/install/robot_interfaces/include/robot_interfaces/robot_interfaces/msg/detail/qt_pub__struct.h
[0.852s] -- Up-to-date: /home/orin/auto_install/orz_robot/install/robot_interfaces/include/robot_interfaces/robot_interfaces/msg/detail/motor_fdb__functions.c
[0.852s] -- Up-to-date: /home/orin/auto_install/orz_robot/install/robot_interfaces/include/robot_interfaces/robot_interfaces/msg/detail/qt_recv__type_support.h
[0.853s] -- Up-to-date: /home/orin/auto_install/orz_robot/install/robot_interfaces/include/robot_interfaces/robot_interfaces/msg/detail/arm_state__functions.h
[0.853s] -- Up-to-date: /home/orin/auto_install/orz_robot/install/robot_interfaces/include/robot_interfaces/robot_interfaces/msg/detail/motor_fdb__type_support.h
[0.853s] -- Up-to-date: /home/orin/auto_install/orz_robot/install/robot_interfaces/include/robot_interfaces/robot_interfaces/msg/robot_control_msg.h
[0.853s] -- Up-to-date: /home/orin/auto_install/orz_robot/install/robot_interfaces/share/robot_interfaces/environment/library_path.sh
[0.853s] -- Up-to-date: /home/orin/auto_install/orz_robot/install/robot_interfaces/share/robot_interfaces/environment/library_path.dsv
[0.854s] -- Up-to-date: /home/orin/auto_install/orz_robot/install/robot_interfaces/lib/librobot_interfaces__rosidl_generator_c.so
[0.854s] -- Up-to-date: /home/orin/auto_install/orz_robot/install/robot_interfaces/include/robot_interfaces/robot_interfaces
[0.854s] -- Up-to-date: /home/orin/auto_install/orz_robot/install/robot_interfaces/include/robot_interfaces/robot_interfaces/msg
[0.855s] -- Up-to-date: /home/orin/auto_install/orz_robot/install/robot_interfaces/include/robot_interfaces/robot_interfaces/msg/rosidl_typesupport_fastrtps_c__visibility_control.h
[0.855s] -- Up-to-date: /home/orin/auto_install/orz_robot/install/robot_interfaces/include/robot_interfaces/robot_interfaces/msg/detail
[0.855s] -- Up-to-date: /home/orin/auto_install/orz_robot/install/robot_interfaces/include/robot_interfaces/robot_interfaces/msg/detail/qt_recv__rosidl_typesupport_fastrtps_c.h
[0.855s] -- Up-to-date: /home/orin/auto_install/orz_robot/install/robot_interfaces/include/robot_interfaces/robot_interfaces/msg/detail/qt_pub__rosidl_typesupport_fastrtps_c.h
[0.855s] -- Up-to-date: /home/orin/auto_install/orz_robot/install/robot_interfaces/include/robot_interfaces/robot_interfaces/msg/detail/arm_state__rosidl_typesupport_fastrtps_c.h
[0.855s] -- Up-to-date: /home/orin/auto_install/orz_robot/install/robot_interfaces/include/robot_interfaces/robot_interfaces/msg/detail/line_msg__rosidl_typesupport_fastrtps_c.h
[0.855s] -- Up-to-date: /home/orin/auto_install/orz_robot/install/robot_interfaces/include/robot_interfaces/robot_interfaces/msg/detail/motor_fdb__rosidl_typesupport_fastrtps_c.h
[0.855s] -- Up-to-date: /home/orin/auto_install/orz_robot/install/robot_interfaces/include/robot_interfaces/robot_interfaces/msg/detail/robot_control_msg__rosidl_typesupport_fastrtps_c.h
[0.856s] -- Up-to-date: /home/orin/auto_install/orz_robot/install/robot_interfaces/lib/librobot_interfaces__rosidl_typesupport_fastrtps_c.so
[0.856s] -- Up-to-date: /home/orin/auto_install/orz_robot/install/robot_interfaces/include/robot_interfaces/robot_interfaces
[0.856s] -- Up-to-date: /home/orin/auto_install/orz_robot/install/robot_interfaces/include/robot_interfaces/robot_interfaces/msg
[0.856s] -- Up-to-date: /home/orin/auto_install/orz_robot/install/robot_interfaces/include/robot_interfaces/robot_interfaces/msg/rosidl_typesupport_introspection_c__visibility_control.h
[0.856s] -- Up-to-date: /home/orin/auto_install/orz_robot/install/robot_interfaces/include/robot_interfaces/robot_interfaces/msg/detail
[0.856s] -- Up-to-date: /home/orin/auto_install/orz_robot/install/robot_interfaces/include/robot_interfaces/robot_interfaces/msg/detail/line_msg__rosidl_typesupport_introspection_c.h
[0.856s] -- Up-to-date: /home/orin/auto_install/orz_robot/install/robot_interfaces/include/robot_interfaces/robot_interfaces/msg/detail/qt_pub__type_support.c
[0.856s] -- Up-to-date: /home/orin/auto_install/orz_robot/install/robot_interfaces/include/robot_interfaces/robot_interfaces/msg/detail/qt_pub__rosidl_typesupport_introspection_c.h
[0.856s] -- Up-to-date: /home/orin/auto_install/orz_robot/install/robot_interfaces/include/robot_interfaces/robot_interfaces/msg/detail/robot_control_msg__rosidl_typesupport_introspection_c.h
[0.857s] -- Up-to-date: /home/orin/auto_install/orz_robot/install/robot_interfaces/include/robot_interfaces/robot_interfaces/msg/detail/line_msg__type_support.c
[0.857s] -- Up-to-date: /home/orin/auto_install/orz_robot/install/robot_interfaces/include/robot_interfaces/robot_interfaces/msg/detail/motor_fdb__rosidl_typesupport_introspection_c.h
[0.857s] -- Up-to-date: /home/orin/auto_install/orz_robot/install/robot_interfaces/include/robot_interfaces/robot_interfaces/msg/detail/qt_recv__type_support.c
[0.857s] -- Up-to-date: /home/orin/auto_install/orz_robot/install/robot_interfaces/include/robot_interfaces/robot_interfaces/msg/detail/motor_fdb__type_support.c
[0.857s] -- Up-to-date: /home/orin/auto_install/orz_robot/install/robot_interfaces/include/robot_interfaces/robot_interfaces/msg/detail/robot_control_msg__type_support.c
[0.857s] -- Up-to-date: /home/orin/auto_install/orz_robot/install/robot_interfaces/include/robot_interfaces/robot_interfaces/msg/detail/qt_recv__rosidl_typesupport_introspection_c.h
[0.857s] -- Up-to-date: /home/orin/auto_install/orz_robot/install/robot_interfaces/include/robot_interfaces/robot_interfaces/msg/detail/arm_state__rosidl_typesupport_introspection_c.h
[0.857s] -- Up-to-date: /home/orin/auto_install/orz_robot/install/robot_interfaces/include/robot_interfaces/robot_interfaces/msg/detail/arm_state__type_support.c
[0.857s] -- Up-to-date: /home/orin/auto_install/orz_robot/install/robot_interfaces/lib/librobot_interfaces__rosidl_typesupport_introspection_c.so
[0.858s] -- Up-to-date: /home/orin/auto_install/orz_robot/install/robot_interfaces/lib/librobot_interfaces__rosidl_typesupport_c.so
[0.858s] -- Up-to-date: /home/orin/auto_install/orz_robot/install/robot_interfaces/include/robot_interfaces/robot_interfaces
[0.858s] -- Up-to-date: /home/orin/auto_install/orz_robot/install/robot_interfaces/include/robot_interfaces/robot_interfaces/msg
[0.858s] -- Up-to-date: /home/orin/auto_install/orz_robot/install/robot_interfaces/include/robot_interfaces/robot_interfaces/msg/motor_fdb.hpp
[0.858s] -- Up-to-date: /home/orin/auto_install/orz_robot/install/robot_interfaces/include/robot_interfaces/robot_interfaces/msg/qt_recv.hpp
[0.858s] -- Up-to-date: /home/orin/auto_install/orz_robot/install/robot_interfaces/include/robot_interfaces/robot_interfaces/msg/robot_control_msg.hpp
[0.858s] -- Up-to-date: /home/orin/auto_install/orz_robot/install/robot_interfaces/include/robot_interfaces/robot_interfaces/msg/detail
[0.858s] -- Up-to-date: /home/orin/auto_install/orz_robot/install/robot_interfaces/include/robot_interfaces/robot_interfaces/msg/detail/arm_state__type_support.hpp
[0.859s] -- Up-to-date: /home/orin/auto_install/orz_robot/install/robot_interfaces/include/robot_interfaces/robot_interfaces/msg/detail/qt_recv__type_support.hpp
[0.859s] -- Up-to-date: /home/orin/auto_install/orz_robot/install/robot_interfaces/include/robot_interfaces/robot_interfaces/msg/detail/line_msg__struct.hpp
[0.859s] -- Up-to-date: /home/orin/auto_install/orz_robot/install/robot_interfaces/include/robot_interfaces/robot_interfaces/msg/detail/qt_pub__builder.hpp
[0.859s] -- Up-to-date: /home/orin/auto_install/orz_robot/install/robot_interfaces/include/robot_interfaces/robot_interfaces/msg/detail/qt_pub__type_support.hpp
[0.859s] -- Up-to-date: /home/orin/auto_install/orz_robot/install/robot_interfaces/include/robot_interfaces/robot_interfaces/msg/detail/robot_control_msg__builder.hpp
[0.859s] -- Up-to-date: /home/orin/auto_install/orz_robot/install/robot_interfaces/include/robot_interfaces/robot_interfaces/msg/detail/line_msg__builder.hpp
[0.859s] -- Up-to-date: /home/orin/auto_install/orz_robot/install/robot_interfaces/include/robot_interfaces/robot_interfaces/msg/detail/qt_recv__struct.hpp
[0.859s] -- Up-to-date: /home/orin/auto_install/orz_robot/install/robot_interfaces/include/robot_interfaces/robot_interfaces/msg/detail/qt_pub__struct.hpp
[0.859s] -- Up-to-date: /home/orin/auto_install/orz_robot/install/robot_interfaces/include/robot_interfaces/robot_interfaces/msg/detail/motor_fdb__struct.hpp
[0.860s] -- Up-to-date: /home/orin/auto_install/orz_robot/install/robot_interfaces/include/robot_interfaces/robot_interfaces/msg/detail/motor_fdb__builder.hpp
[0.860s] -- Up-to-date: /home/orin/auto_install/orz_robot/install/robot_interfaces/include/robot_interfaces/robot_interfaces/msg/detail/robot_control_msg__traits.hpp
[0.860s] -- Up-to-date: /home/orin/auto_install/orz_robot/install/robot_interfaces/include/robot_interfaces/robot_interfaces/msg/detail/arm_state__struct.hpp
[0.860s] -- Up-to-date: /home/orin/auto_install/orz_robot/install/robot_interfaces/include/robot_interfaces/robot_interfaces/msg/detail/motor_fdb__traits.hpp
[0.860s] -- Up-to-date: /home/orin/auto_install/orz_robot/install/robot_interfaces/include/robot_interfaces/robot_interfaces/msg/detail/robot_control_msg__struct.hpp
[0.860s] -- Up-to-date: /home/orin/auto_install/orz_robot/install/robot_interfaces/include/robot_interfaces/robot_interfaces/msg/detail/qt_recv__traits.hpp
[0.860s] -- Up-to-date: /home/orin/auto_install/orz_robot/install/robot_interfaces/include/robot_interfaces/robot_interfaces/msg/detail/arm_state__traits.hpp
[0.860s] -- Up-to-date: /home/orin/auto_install/orz_robot/install/robot_interfaces/include/robot_interfaces/robot_interfaces/msg/detail/line_msg__type_support.hpp
[0.860s] -- Up-to-date: /home/orin/auto_install/orz_robot/install/robot_interfaces/include/robot_interfaces/robot_interfaces/msg/detail/motor_fdb__type_support.hpp
[0.861s] -- Up-to-date: /home/orin/auto_install/orz_robot/install/robot_interfaces/include/robot_interfaces/robot_interfaces/msg/detail/qt_pub__traits.hpp
[0.861s] -- Up-to-date: /home/orin/auto_install/orz_robot/install/robot_interfaces/include/robot_interfaces/robot_interfaces/msg/detail/line_msg__traits.hpp
[0.861s] -- Up-to-date: /home/orin/auto_install/orz_robot/install/robot_interfaces/include/robot_interfaces/robot_interfaces/msg/detail/robot_control_msg__type_support.hpp
[0.861s] -- Up-to-date: /home/orin/auto_install/orz_robot/install/robot_interfaces/include/robot_interfaces/robot_interfaces/msg/detail/arm_state__builder.hpp
[0.861s] -- Up-to-date: /home/orin/auto_install/orz_robot/install/robot_interfaces/include/robot_interfaces/robot_interfaces/msg/detail/qt_recv__builder.hpp
[0.861s] -- Up-to-date: /home/orin/auto_install/orz_robot/install/robot_interfaces/include/robot_interfaces/robot_interfaces/msg/arm_state.hpp
[0.861s] -- Up-to-date: /home/orin/auto_install/orz_robot/install/robot_interfaces/include/robot_interfaces/robot_interfaces/msg/line_msg.hpp
[0.861s] -- Up-to-date: /home/orin/auto_install/orz_robot/install/robot_interfaces/include/robot_interfaces/robot_interfaces/msg/rosidl_generator_cpp__visibility_control.hpp
[0.861s] -- Up-to-date: /home/orin/auto_install/orz_robot/install/robot_interfaces/include/robot_interfaces/robot_interfaces/msg/qt_pub.hpp
[0.862s] -- Up-to-date: /home/orin/auto_install/orz_robot/install/robot_interfaces/include/robot_interfaces/robot_interfaces
[0.862s] -- Up-to-date: /home/orin/auto_install/orz_robot/install/robot_interfaces/include/robot_interfaces/robot_interfaces/msg
[0.862s] -- Up-to-date: /home/orin/auto_install/orz_robot/install/robot_interfaces/include/robot_interfaces/robot_interfaces/msg/detail
[0.862s] -- Up-to-date: /home/orin/auto_install/orz_robot/install/robot_interfaces/include/robot_interfaces/robot_interfaces/msg/detail/arm_state__rosidl_typesupport_fastrtps_cpp.hpp
[0.862s] -- Up-to-date: /home/orin/auto_install/orz_robot/install/robot_interfaces/include/robot_interfaces/robot_interfaces/msg/detail/qt_pub__rosidl_typesupport_fastrtps_cpp.hpp
[0.862s] -- Up-to-date: /home/orin/auto_install/orz_robot/install/robot_interfaces/include/robot_interfaces/robot_interfaces/msg/detail/robot_control_msg__rosidl_typesupport_fastrtps_cpp.hpp
[0.862s] -- Up-to-date: /home/orin/auto_install/orz_robot/install/robot_interfaces/include/robot_interfaces/robot_interfaces/msg/detail/qt_recv__rosidl_typesupport_fastrtps_cpp.hpp
[0.862s] -- Up-to-date: /home/orin/auto_install/orz_robot/install/robot_interfaces/include/robot_interfaces/robot_interfaces/msg/detail/motor_fdb__rosidl_typesupport_fastrtps_cpp.hpp
[0.862s] -- Up-to-date: /home/orin/auto_install/orz_robot/install/robot_interfaces/include/robot_interfaces/robot_interfaces/msg/detail/dds_fastrtps
[0.863s] -- Up-to-date: /home/orin/auto_install/orz_robot/install/robot_interfaces/include/robot_interfaces/robot_interfaces/msg/detail/line_msg__rosidl_typesupport_fastrtps_cpp.hpp
[0.863s] -- Up-to-date: /home/orin/auto_install/orz_robot/install/robot_interfaces/include/robot_interfaces/robot_interfaces/msg/rosidl_typesupport_fastrtps_cpp__visibility_control.h
[0.863s] -- Up-to-date: /home/orin/auto_install/orz_robot/install/robot_interfaces/lib/librobot_interfaces__rosidl_typesupport_fastrtps_cpp.so
[0.863s] -- Up-to-date: /home/orin/auto_install/orz_robot/install/robot_interfaces/include/robot_interfaces/robot_interfaces
[0.863s] -- Up-to-date: /home/orin/auto_install/orz_robot/install/robot_interfaces/include/robot_interfaces/robot_interfaces/msg
[0.863s] -- Up-to-date: /home/orin/auto_install/orz_robot/install/robot_interfaces/include/robot_interfaces/robot_interfaces/msg/detail
[0.863s] -- Up-to-date: /home/orin/auto_install/orz_robot/install/robot_interfaces/include/robot_interfaces/robot_interfaces/msg/detail/qt_pub__type_support.cpp
[0.863s] -- Up-to-date: /home/orin/auto_install/orz_robot/install/robot_interfaces/include/robot_interfaces/robot_interfaces/msg/detail/arm_state__type_support.cpp
[0.863s] -- Up-to-date: /home/orin/auto_install/orz_robot/install/robot_interfaces/include/robot_interfaces/robot_interfaces/msg/detail/motor_fdb__rosidl_typesupport_introspection_cpp.hpp
[0.864s] -- Up-to-date: /home/orin/auto_install/orz_robot/install/robot_interfaces/include/robot_interfaces/robot_interfaces/msg/detail/line_msg__type_support.cpp
[0.864s] -- Up-to-date: /home/orin/auto_install/orz_robot/install/robot_interfaces/include/robot_interfaces/robot_interfaces/msg/detail/motor_fdb__type_support.cpp
[0.864s] -- Up-to-date: /home/orin/auto_install/orz_robot/install/robot_interfaces/include/robot_interfaces/robot_interfaces/msg/detail/arm_state__rosidl_typesupport_introspection_cpp.hpp
[0.864s] -- Up-to-date: /home/orin/auto_install/orz_robot/install/robot_interfaces/include/robot_interfaces/robot_interfaces/msg/detail/qt_recv__rosidl_typesupport_introspection_cpp.hpp
[0.864s] -- Up-to-date: /home/orin/auto_install/orz_robot/install/robot_interfaces/include/robot_interfaces/robot_interfaces/msg/detail/robot_control_msg__rosidl_typesupport_introspection_cpp.hpp
[0.864s] -- Up-to-date: /home/orin/auto_install/orz_robot/install/robot_interfaces/include/robot_interfaces/robot_interfaces/msg/detail/qt_recv__type_support.cpp
[0.864s] -- Up-to-date: /home/orin/auto_install/orz_robot/install/robot_interfaces/include/robot_interfaces/robot_interfaces/msg/detail/qt_pub__rosidl_typesupport_introspection_cpp.hpp
[0.864s] -- Up-to-date: /home/orin/auto_install/orz_robot/install/robot_interfaces/include/robot_interfaces/robot_interfaces/msg/detail/robot_control_msg__type_support.cpp
[0.864s] -- Up-to-date: /home/orin/auto_install/orz_robot/install/robot_interfaces/include/robot_interfaces/robot_interfaces/msg/detail/line_msg__rosidl_typesupport_introspection_cpp.hpp
[0.865s] -- Up-to-date: /home/orin/auto_install/orz_robot/install/robot_interfaces/lib/librobot_interfaces__rosidl_typesupport_introspection_cpp.so
[0.865s] -- Up-to-date: /home/orin/auto_install/orz_robot/install/robot_interfaces/lib/librobot_interfaces__rosidl_typesupport_cpp.so
[0.865s] -- Up-to-date: /home/orin/auto_install/orz_robot/install/robot_interfaces/share/robot_interfaces/environment/pythonpath.sh
[0.865s] -- Up-to-date: /home/orin/auto_install/orz_robot/install/robot_interfaces/share/robot_interfaces/environment/pythonpath.dsv
[0.865s] -- Up-to-date: /home/orin/auto_install/orz_robot/install/robot_interfaces/local/lib/python3.10/dist-packages/robot_interfaces-0.0.0-py3.10.egg-info
[0.865s] -- Installing: /home/orin/auto_install/orz_robot/install/robot_interfaces/local/lib/python3.10/dist-packages/robot_interfaces-0.0.0-py3.10.egg-info/SOURCES.txt
[0.865s] -- Installing: /home/orin/auto_install/orz_robot/install/robot_interfaces/local/lib/python3.10/dist-packages/robot_interfaces-0.0.0-py3.10.egg-info/dependency_links.txt
[0.865s] -- Installing: /home/orin/auto_install/orz_robot/install/robot_interfaces/local/lib/python3.10/dist-packages/robot_interfaces-0.0.0-py3.10.egg-info/PKG-INFO
[0.866s] -- Installing: /home/orin/auto_install/orz_robot/install/robot_interfaces/local/lib/python3.10/dist-packages/robot_interfaces-0.0.0-py3.10.egg-info/top_level.txt
[0.866s] -- Up-to-date: /home/orin/auto_install/orz_robot/install/robot_interfaces/local/lib/python3.10/dist-packages/robot_interfaces
[0.866s] -- Up-to-date: /home/orin/auto_install/orz_robot/install/robot_interfaces/local/lib/python3.10/dist-packages/robot_interfaces/_robot_interfaces_s.ep.rosidl_typesupport_c.c
[0.866s] -- Up-to-date: /home/orin/auto_install/orz_robot/install/robot_interfaces/local/lib/python3.10/dist-packages/robot_interfaces/librobot_interfaces__rosidl_generator_py.so
[0.866s] -- Up-to-date: /home/orin/auto_install/orz_robot/install/robot_interfaces/local/lib/python3.10/dist-packages/robot_interfaces/robot_interfaces_s__rosidl_typesupport_c.cpython-310-aarch64-linux-gnu.so
[0.866s] -- Up-to-date: /home/orin/auto_install/orz_robot/install/robot_interfaces/local/lib/python3.10/dist-packages/robot_interfaces/_robot_interfaces_s.ep.rosidl_typesupport_introspection_c.c
[0.866s] -- Up-to-date: /home/orin/auto_install/orz_robot/install/robot_interfaces/local/lib/python3.10/dist-packages/robot_interfaces/robot_interfaces_s__rosidl_typesupport_fastrtps_c.cpython-310-aarch64-linux-gnu.so
[0.866s] -- Up-to-date: /home/orin/auto_install/orz_robot/install/robot_interfaces/local/lib/python3.10/dist-packages/robot_interfaces/__init__.py
[0.866s] -- Up-to-date: /home/orin/auto_install/orz_robot/install/robot_interfaces/local/lib/python3.10/dist-packages/robot_interfaces/msg
[0.867s] -- Up-to-date: /home/orin/auto_install/orz_robot/install/robot_interfaces/local/lib/python3.10/dist-packages/robot_interfaces/msg/_qt_pub_s.c
[0.867s] -- Up-to-date: /home/orin/auto_install/orz_robot/install/robot_interfaces/local/lib/python3.10/dist-packages/robot_interfaces/msg/_arm_state_s.c
[0.867s] -- Up-to-date: /home/orin/auto_install/orz_robot/install/robot_interfaces/local/lib/python3.10/dist-packages/robot_interfaces/msg/_motor_fdb_s.c
[0.867s] -- Up-to-date: /home/orin/auto_install/orz_robot/install/robot_interfaces/local/lib/python3.10/dist-packages/robot_interfaces/msg/_line_msg.py
[0.867s] -- Up-to-date: /home/orin/auto_install/orz_robot/install/robot_interfaces/local/lib/python3.10/dist-packages/robot_interfaces/msg/_robot_control_msg_s.c
[0.867s] -- Up-to-date: /home/orin/auto_install/orz_robot/install/robot_interfaces/local/lib/python3.10/dist-packages/robot_interfaces/msg/__init__.py
[0.867s] -- Up-to-date: /home/orin/auto_install/orz_robot/install/robot_interfaces/local/lib/python3.10/dist-packages/robot_interfaces/msg/_line_msg_s.c
[0.867s] -- Up-to-date: /home/orin/auto_install/orz_robot/install/robot_interfaces/local/lib/python3.10/dist-packages/robot_interfaces/msg/_qt_recv.py
[0.867s] -- Up-to-date: /home/orin/auto_install/orz_robot/install/robot_interfaces/local/lib/python3.10/dist-packages/robot_interfaces/msg/_motor_fdb.py
[0.868s] -- Up-to-date: /home/orin/auto_install/orz_robot/install/robot_interfaces/local/lib/python3.10/dist-packages/robot_interfaces/msg/_robot_control_msg.py
[0.868s] -- Up-to-date: /home/orin/auto_install/orz_robot/install/robot_interfaces/local/lib/python3.10/dist-packages/robot_interfaces/msg/_qt_pub.py
[0.868s] -- Up-to-date: /home/orin/auto_install/orz_robot/install/robot_interfaces/local/lib/python3.10/dist-packages/robot_interfaces/msg/_qt_recv_s.c
[0.868s] -- Up-to-date: /home/orin/auto_install/orz_robot/install/robot_interfaces/local/lib/python3.10/dist-packages/robot_interfaces/msg/_arm_state.py
[0.868s] -- Up-to-date: /home/orin/auto_install/orz_robot/install/robot_interfaces/local/lib/python3.10/dist-packages/robot_interfaces/robot_interfaces_s__rosidl_typesupport_introspection_c.cpython-310-aarch64-linux-gnu.so
[0.868s] -- Up-to-date: /home/orin/auto_install/orz_robot/install/robot_interfaces/local/lib/python3.10/dist-packages/robot_interfaces/_robot_interfaces_s.ep.rosidl_typesupport_fastrtps_c.c
[0.924s] Listing '/home/orin/auto_install/orz_robot/install/robot_interfaces/local/lib/python3.10/dist-packages/robot_interfaces'...
[0.924s] Listing '/home/orin/auto_install/orz_robot/install/robot_interfaces/local/lib/python3.10/dist-packages/robot_interfaces/msg'...
[0.937s] -- Up-to-date: /home/orin/auto_install/orz_robot/install/robot_interfaces/local/lib/python3.10/dist-packages/robot_interfaces/robot_interfaces_s__rosidl_typesupport_fastrtps_c.cpython-310-aarch64-linux-gnu.so
[0.937s] -- Up-to-date: /home/orin/auto_install/orz_robot/install/robot_interfaces/local/lib/python3.10/dist-packages/robot_interfaces/robot_interfaces_s__rosidl_typesupport_introspection_c.cpython-310-aarch64-linux-gnu.so
[0.937s] -- Up-to-date: /home/orin/auto_install/orz_robot/install/robot_interfaces/local/lib/python3.10/dist-packages/robot_interfaces/robot_interfaces_s__rosidl_typesupport_c.cpython-310-aarch64-linux-gnu.so
[0.938s] -- Up-to-date: /home/orin/auto_install/orz_robot/install/robot_interfaces/lib/librobot_interfaces__rosidl_generator_py.so
[0.938s] -- Up-to-date: /home/orin/auto_install/orz_robot/install/robot_interfaces/share/robot_interfaces/msg/QtRecv.idl
[0.939s] -- Up-to-date: /home/orin/auto_install/orz_robot/install/robot_interfaces/share/robot_interfaces/msg/LineMsg.idl
[0.939s] -- Up-to-date: /home/orin/auto_install/orz_robot/install/robot_interfaces/share/robot_interfaces/msg/ArmState.idl
[0.939s] -- Up-to-date: /home/orin/auto_install/orz_robot/install/robot_interfaces/share/robot_interfaces/msg/QtPub.idl
[0.939s] -- Up-to-date: /home/orin/auto_install/orz_robot/install/robot_interfaces/share/robot_interfaces/msg/MotorFdb.idl
[0.940s] -- Up-to-date: /home/orin/auto_install/orz_robot/install/robot_interfaces/share/robot_interfaces/msg/RobotControlMsg.idl
[0.940s] -- Up-to-date: /home/orin/auto_install/orz_robot/install/robot_interfaces/share/robot_interfaces/msg/QtRecv.msg
[0.940s] -- Up-to-date: /home/orin/auto_install/orz_robot/install/robot_interfaces/share/robot_interfaces/msg/LineMsg.msg
[0.940s] -- Up-to-date: /home/orin/auto_install/orz_robot/install/robot_interfaces/share/robot_interfaces/msg/ArmState.msg
[0.940s] -- Up-to-date: /home/orin/auto_install/orz_robot/install/robot_interfaces/share/robot_interfaces/msg/QtPub.msg
[0.941s] -- Up-to-date: /home/orin/auto_install/orz_robot/install/robot_interfaces/share/robot_interfaces/msg/MotorFdb.msg
[0.941s] -- Up-to-date: /home/orin/auto_install/orz_robot/install/robot_interfaces/share/robot_interfaces/msg/RobotControlMsg.msg
[0.941s] -- Up-to-date: /home/orin/auto_install/orz_robot/install/robot_interfaces/share/ament_index/resource_index/package_run_dependencies/robot_interfaces
[0.941s] -- Up-to-date: /home/orin/auto_install/orz_robot/install/robot_interfaces/share/ament_index/resource_index/parent_prefix_path/robot_interfaces
[0.942s] -- Up-to-date: /home/orin/auto_install/orz_robot/install/robot_interfaces/share/robot_interfaces/environment/ament_prefix_path.sh
[0.942s] -- Up-to-date: /home/orin/auto_install/orz_robot/install/robot_interfaces/share/robot_interfaces/environment/ament_prefix_path.dsv
[0.942s] -- Up-to-date: /home/orin/auto_install/orz_robot/install/robot_interfaces/share/robot_interfaces/environment/path.sh
[0.942s] -- Up-to-date: /home/orin/auto_install/orz_robot/install/robot_interfaces/share/robot_interfaces/environment/path.dsv
[0.943s] -- Up-to-date: /home/orin/auto_install/orz_robot/install/robot_interfaces/share/robot_interfaces/local_setup.bash
[0.943s] -- Up-to-date: /home/orin/auto_install/orz_robot/install/robot_interfaces/share/robot_interfaces/local_setup.sh
[0.943s] -- Up-to-date: /home/orin/auto_install/orz_robot/install/robot_interfaces/share/robot_interfaces/local_setup.zsh
[0.943s] -- Up-to-date: /home/orin/auto_install/orz_robot/install/robot_interfaces/share/robot_interfaces/local_setup.dsv
[0.944s] -- Installing: /home/orin/auto_install/orz_robot/install/robot_interfaces/share/robot_interfaces/package.dsv
[0.944s] -- Up-to-date: /home/orin/auto_install/orz_robot/install/robot_interfaces/share/ament_index/resource_index/packages/robot_interfaces
[0.944s] -- Up-to-date: /home/orin/auto_install/orz_robot/install/robot_interfaces/share/robot_interfaces/cmake/export_robot_interfaces__rosidl_generator_cExport.cmake
[0.944s] -- Up-to-date: /home/orin/auto_install/orz_robot/install/robot_interfaces/share/robot_interfaces/cmake/export_robot_interfaces__rosidl_generator_cExport-noconfig.cmake
[0.945s] -- Up-to-date: /home/orin/auto_install/orz_robot/install/robot_interfaces/share/robot_interfaces/cmake/export_robot_interfaces__rosidl_typesupport_fastrtps_cExport.cmake
[0.945s] -- Up-to-date: /home/orin/auto_install/orz_robot/install/robot_interfaces/share/robot_interfaces/cmake/export_robot_interfaces__rosidl_typesupport_fastrtps_cExport-noconfig.cmake
[0.945s] -- Up-to-date: /home/orin/auto_install/orz_robot/install/robot_interfaces/share/robot_interfaces/cmake/robot_interfaces__rosidl_typesupport_introspection_cExport.cmake
[0.945s] -- Up-to-date: /home/orin/auto_install/orz_robot/install/robot_interfaces/share/robot_interfaces/cmake/robot_interfaces__rosidl_typesupport_introspection_cExport-noconfig.cmake
[0.945s] -- Up-to-date: /home/orin/auto_install/orz_robot/install/robot_interfaces/share/robot_interfaces/cmake/robot_interfaces__rosidl_typesupport_cExport.cmake
[0.945s] -- Up-to-date: /home/orin/auto_install/orz_robot/install/robot_interfaces/share/robot_interfaces/cmake/robot_interfaces__rosidl_typesupport_cExport-noconfig.cmake
[0.946s] -- Up-to-date: /home/orin/auto_install/orz_robot/install/robot_interfaces/share/robot_interfaces/cmake/export_robot_interfaces__rosidl_generator_cppExport.cmake
[0.946s] -- Up-to-date: /home/orin/auto_install/orz_robot/install/robot_interfaces/share/robot_interfaces/cmake/export_robot_interfaces__rosidl_typesupport_fastrtps_cppExport.cmake
[0.946s] -- Up-to-date: /home/orin/auto_install/orz_robot/install/robot_interfaces/share/robot_interfaces/cmake/export_robot_interfaces__rosidl_typesupport_fastrtps_cppExport-noconfig.cmake
[0.946s] -- Up-to-date: /home/orin/auto_install/orz_robot/install/robot_interfaces/share/robot_interfaces/cmake/robot_interfaces__rosidl_typesupport_introspection_cppExport.cmake
[0.946s] -- Up-to-date: /home/orin/auto_install/orz_robot/install/robot_interfaces/share/robot_interfaces/cmake/robot_interfaces__rosidl_typesupport_introspection_cppExport-noconfig.cmake
[0.946s] -- Up-to-date: /home/orin/auto_install/orz_robot/install/robot_interfaces/share/robot_interfaces/cmake/robot_interfaces__rosidl_typesupport_cppExport.cmake
[0.946s] -- Up-to-date: /home/orin/auto_install/orz_robot/install/robot_interfaces/share/robot_interfaces/cmake/robot_interfaces__rosidl_typesupport_cppExport-noconfig.cmake
[0.947s] -- Up-to-date: /home/orin/auto_install/orz_robot/install/robot_interfaces/share/robot_interfaces/cmake/export_robot_interfaces__rosidl_generator_pyExport.cmake
[0.947s] -- Up-to-date: /home/orin/auto_install/orz_robot/install/robot_interfaces/share/robot_interfaces/cmake/export_robot_interfaces__rosidl_generator_pyExport-noconfig.cmake
[0.947s] -- Up-to-date: /home/orin/auto_install/orz_robot/install/robot_interfaces/share/robot_interfaces/cmake/rosidl_cmake-extras.cmake
[0.947s] -- Up-to-date: /home/orin/auto_install/orz_robot/install/robot_interfaces/share/robot_interfaces/cmake/ament_cmake_export_dependencies-extras.cmake
[0.948s] -- Up-to-date: /home/orin/auto_install/orz_robot/install/robot_interfaces/share/robot_interfaces/cmake/ament_cmake_export_include_directories-extras.cmake
[0.949s] -- Up-to-date: /home/orin/auto_install/orz_robot/install/robot_interfaces/share/robot_interfaces/cmake/ament_cmake_export_libraries-extras.cmake
[0.949s] -- Up-to-date: /home/orin/auto_install/orz_robot/install/robot_interfaces/share/robot_interfaces/cmake/ament_cmake_export_targets-extras.cmake
[0.951s] -- Up-to-date: /home/orin/auto_install/orz_robot/install/robot_interfaces/share/robot_interfaces/cmake/rosidl_cmake_export_typesupport_targets-extras.cmake
[0.951s] -- Up-to-date: /home/orin/auto_install/orz_robot/install/robot_interfaces/share/robot_interfaces/cmake/rosidl_cmake_export_typesupport_libraries-extras.cmake
[0.952s] -- Up-to-date: /home/orin/auto_install/orz_robot/install/robot_interfaces/share/robot_interfaces/cmake/robot_interfacesConfig.cmake
[0.952s] -- Up-to-date: /home/orin/auto_install/orz_robot/install/robot_interfaces/share/robot_interfaces/cmake/robot_interfacesConfig-version.cmake
[0.953s] -- Up-to-date: /home/orin/auto_install/orz_robot/install/robot_interfaces/share/robot_interfaces/package.xml
[0.954s] Invoked command in '/home/orin/auto_install/orz_robot/build/robot_interfaces' returned '0': CMAKE_PREFIX_PATH=${CMAKE_PREFIX_PATH}:/home/orin/auto_install/orz_robot/install/robot_test_py:/home/orin/auto_install/orz_robot/install/robot_keyboard_to_twist_py:/opt/ros/humble /usr/bin/cmake --install /home/orin/auto_install/orz_robot/build/robot_interfaces
