[0.078s] Invoking command in '/home/orin/auto_install/orz_robot/build/robot_description': CMAKE_PREFIX_PATH=${CMAKE_PREFIX_PATH}:/opt/ros/humble /usr/bin/cmake /home/orin/auto_install/orz_robot/src/robot_description -DCMAKE_INSTALL_PREFIX=/home/orin/auto_install/orz_robot/install/robot_description
[0.815s] -- The C compiler identification is GNU 11.4.0
[0.815s] -- The CXX compiler identification is GNU 11.4.0
[0.815s] -- Detecting C compiler ABI info
[0.816s] -- Detecting C compiler ABI info - done
[0.816s] -- Check for working C compiler: /usr/bin/cc - skipped
[0.817s] -- Detecting C compile features
[0.817s] -- Detecting C compile features - done
[0.817s] -- Detecting CXX compiler ABI info
[0.923s] -- Detecting CXX compiler ABI info - done
[0.937s] -- Check for working CXX compiler: /usr/bin/c++ - skipped
[0.937s] -- Detecting CXX compile features
[0.938s] -- Detecting CXX compile features - done
[0.944s] -- Found ament_cmake: 1.3.11 (/opt/ros/humble/share/ament_cmake/cmake)
[1.314s] -- Found Python3: /usr/bin/python3 (found version "3.10.12") found components: Interpreter 
[1.543s] -- Found ament_lint_auto: 0.12.11 (/opt/ros/humble/share/ament_lint_auto/cmake)
[1.740s] -- Added test 'copyright' to check source files copyright and LICENSE
[1.747s] -- Added test 'flake8' to check Python code syntax and style conventions
[1.749s] -- Added test 'lint_cmake' to check CMake code style
[1.751s] -- Added test 'pep257' to check Python code against some of the docstring style conventions in PEP 257
[1.755s] -- Added test 'xmllint' to check XML markup files
[1.760s] -- Configuring done
[1.775s] -- Generating done
[1.781s] -- Build files have been written to: /home/orin/auto_install/orz_robot/build/robot_description
[1.801s] Invoked command in '/home/orin/auto_install/orz_robot/build/robot_description' returned '0': CMAKE_PREFIX_PATH=${CMAKE_PREFIX_PATH}:/opt/ros/humble /usr/bin/cmake /home/orin/auto_install/orz_robot/src/robot_description -DCMAKE_INSTALL_PREFIX=/home/orin/auto_install/orz_robot/install/robot_description
[1.802s] Invoking command in '/home/orin/auto_install/orz_robot/build/robot_description': CMAKE_PREFIX_PATH=${CMAKE_PREFIX_PATH}:/opt/ros/humble /usr/bin/cmake --build /home/orin/auto_install/orz_robot/build/robot_description -- -j8 -l8
[1.893s] Invoked command in '/home/orin/auto_install/orz_robot/build/robot_description' returned '0': CMAKE_PREFIX_PATH=${CMAKE_PREFIX_PATH}:/opt/ros/humble /usr/bin/cmake --build /home/orin/auto_install/orz_robot/build/robot_description -- -j8 -l8
[1.898s] Invoking command in '/home/orin/auto_install/orz_robot/build/robot_description': CMAKE_PREFIX_PATH=${CMAKE_PREFIX_PATH}:/opt/ros/humble /usr/bin/cmake --install /home/orin/auto_install/orz_robot/build/robot_description
[1.964s] -- Install configuration: ""
[1.964s] -- Installing: /home/orin/auto_install/orz_robot/install/robot_description/share/robot_description/launch
[1.964s] -- Installing: /home/orin/auto_install/orz_robot/install/robot_description/share/robot_description/launch/robot_display.launch.py
[1.964s] -- Installing: /home/orin/auto_install/orz_robot/install/robot_description/share/robot_description/urdf
[1.965s] -- Installing: /home/orin/auto_install/orz_robot/install/robot_description/share/robot_description/urdf/robot_gazebo.urdf
[1.965s] -- Installing: /home/orin/auto_install/orz_robot/install/robot_description/share/robot_description/urdf/robot.urdf
[1.965s] -- Installing: /home/orin/auto_install/orz_robot/install/robot_description/share/robot_description/meshes
[1.965s] -- Installing: /home/orin/auto_install/orz_robot/install/robot_description/share/robot_description/meshes/Link6.STL
[1.965s] -- Installing: /home/orin/auto_install/orz_robot/install/robot_description/share/robot_description/meshes/base_link.STL
[1.965s] -- Installing: /home/orin/auto_install/orz_robot/install/robot_description/share/robot_description/meshes/Link4.STL
[1.965s] -- Installing: /home/orin/auto_install/orz_robot/install/robot_description/share/robot_description/meshes/Link5.STL
[1.966s] -- Installing: /home/orin/auto_install/orz_robot/install/robot_description/share/robot_description/meshes/Link1.STL
[1.966s] -- Installing: /home/orin/auto_install/orz_robot/install/robot_description/share/robot_description/meshes/Link3.STL
[1.966s] -- Installing: /home/orin/auto_install/orz_robot/install/robot_description/share/robot_description/meshes/Link2.STL
[1.966s] -- Installing: /home/orin/auto_install/orz_robot/install/robot_description/share/ament_index/resource_index/package_run_dependencies/robot_description
[1.966s] -- Installing: /home/orin/auto_install/orz_robot/install/robot_description/share/ament_index/resource_index/parent_prefix_path/robot_description
[1.966s] -- Installing: /home/orin/auto_install/orz_robot/install/robot_description/share/robot_description/environment/ament_prefix_path.sh
[1.966s] -- Installing: /home/orin/auto_install/orz_robot/install/robot_description/share/robot_description/environment/ament_prefix_path.dsv
[1.966s] -- Installing: /home/orin/auto_install/orz_robot/install/robot_description/share/robot_description/environment/path.sh
[1.966s] -- Installing: /home/orin/auto_install/orz_robot/install/robot_description/share/robot_description/environment/path.dsv
[1.967s] -- Installing: /home/orin/auto_install/orz_robot/install/robot_description/share/robot_description/local_setup.bash
[1.967s] -- Installing: /home/orin/auto_install/orz_robot/install/robot_description/share/robot_description/local_setup.sh
[1.967s] -- Installing: /home/orin/auto_install/orz_robot/install/robot_description/share/robot_description/local_setup.zsh
[1.967s] -- Installing: /home/orin/auto_install/orz_robot/install/robot_description/share/robot_description/local_setup.dsv
[1.967s] -- Installing: /home/orin/auto_install/orz_robot/install/robot_description/share/robot_description/package.dsv
[1.967s] -- Installing: /home/orin/auto_install/orz_robot/install/robot_description/share/ament_index/resource_index/packages/robot_description
[1.967s] -- Installing: /home/orin/auto_install/orz_robot/install/robot_description/share/robot_description/cmake/robot_descriptionConfig.cmake
[1.967s] -- Installing: /home/orin/auto_install/orz_robot/install/robot_description/share/robot_description/cmake/robot_descriptionConfig-version.cmake
[1.968s] -- Installing: /home/orin/auto_install/orz_robot/install/robot_description/share/robot_description/package.xml
[1.980s] Invoked command in '/home/orin/auto_install/orz_robot/build/robot_description' returned '0': CMAKE_PREFIX_PATH=${CMAKE_PREFIX_PATH}:/opt/ros/humble /usr/bin/cmake --install /home/orin/auto_install/orz_robot/build/robot_description
