[0.099s] Invoking command in '/home/orin/auto_install/orz_robot/build/ros2_socketcan_msgs': CMAKE_PREFIX_PATH=${CMAKE_PREFIX_PATH}:/home/orin/auto_install/orz_robot/install/robot_test_py:/home/orin/auto_install/orz_robot/install/robot_keyboard_to_twist_py:/opt/ros/humble /usr/bin/cmake --build /home/orin/auto_install/orz_robot/build/ros2_socketcan_msgs -- -j8 -l8
[0.788s] [  3%] Built target ros2_socketcan_msgs__cpp
[0.788s] [  3%] Built target ament_cmake_python_copy_ros2_socketcan_msgs
[0.788s] [ 12%] Built target ros2_socketcan_msgs__rosidl_generator_c
[0.789s] [ 22%] Built target ros2_socketcan_msgs__rosidl_typesupport_fastrtps_cpp
[0.789s] [ 32%] Built target ros2_socketcan_msgs__rosidl_typesupport_cpp
[0.789s] [ 41%] Built target ros2_socketcan_msgs__rosidl_typesupport_introspection_c
[0.789s] [ 51%] Built target ros2_socketcan_msgs__rosidl_typesupport_introspection_cpp
[0.789s] [ 61%] Built target ros2_socketcan_msgs__rosidl_typesupport_c
[0.789s] [ 70%] Built target ros2_socketcan_msgs__rosidl_typesupport_fastrtps_c
[0.789s] [ 70%] Built target ros2_socketcan_msgs
[0.790s] [ 74%] Built target ros2_socketcan_msgs__py
[0.790s] [ 80%] Built target ros2_socketcan_msgs__rosidl_generator_py
[0.790s] [ 87%] Built target ros2_socketcan_msgs__rosidl_typesupport_c__pyext
[0.790s] [ 93%] Built target ros2_socketcan_msgs__rosidl_typesupport_introspection_c__pyext
[0.790s] [100%] Built target ros2_socketcan_msgs__rosidl_typesupport_fastrtps_c__pyext
[0.891s] running egg_info
[0.892s] writing ros2_socketcan_msgs.egg-info/PKG-INFO
[0.893s] writing dependency_links to ros2_socketcan_msgs.egg-info/dependency_links.txt
[0.893s] writing top-level names to ros2_socketcan_msgs.egg-info/top_level.txt
[0.895s] reading manifest file 'ros2_socketcan_msgs.egg-info/SOURCES.txt'
[0.896s] writing manifest file 'ros2_socketcan_msgs.egg-info/SOURCES.txt'
[1.003s] [100%] Built target ament_cmake_python_build_ros2_socketcan_msgs_egg
[1.151s] Invoked command in '/home/orin/auto_install/orz_robot/build/ros2_socketcan_msgs' returned '0': CMAKE_PREFIX_PATH=${CMAKE_PREFIX_PATH}:/home/orin/auto_install/orz_robot/install/robot_test_py:/home/orin/auto_install/orz_robot/install/robot_keyboard_to_twist_py:/opt/ros/humble /usr/bin/cmake --build /home/orin/auto_install/orz_robot/build/ros2_socketcan_msgs -- -j8 -l8
[1.155s] Invoking command in '/home/orin/auto_install/orz_robot/build/ros2_socketcan_msgs': CMAKE_PREFIX_PATH=${CMAKE_PREFIX_PATH}:/home/orin/auto_install/orz_robot/install/robot_test_py:/home/orin/auto_install/orz_robot/install/robot_keyboard_to_twist_py:/opt/ros/humble /usr/bin/cmake --install /home/orin/auto_install/orz_robot/build/ros2_socketcan_msgs
[1.202s] -- Install configuration: ""
[1.202s] -- Up-to-date: /home/orin/auto_install/orz_robot/install/ros2_socketcan_msgs/share/ament_index/resource_index/rosidl_interfaces/ros2_socketcan_msgs
[1.202s] -- Up-to-date: /home/orin/auto_install/orz_robot/install/ros2_socketcan_msgs/include/ros2_socketcan_msgs/ros2_socketcan_msgs
[1.202s] -- Up-to-date: /home/orin/auto_install/orz_robot/install/ros2_socketcan_msgs/include/ros2_socketcan_msgs/ros2_socketcan_msgs/msg
[1.203s] -- Up-to-date: /home/orin/auto_install/orz_robot/install/ros2_socketcan_msgs/include/ros2_socketcan_msgs/ros2_socketcan_msgs/msg/rosidl_generator_c__visibility_control.h
[1.203s] -- Up-to-date: /home/orin/auto_install/orz_robot/install/ros2_socketcan_msgs/include/ros2_socketcan_msgs/ros2_socketcan_msgs/msg/fd_frame.h
[1.203s] -- Up-to-date: /home/orin/auto_install/orz_robot/install/ros2_socketcan_msgs/include/ros2_socketcan_msgs/ros2_socketcan_msgs/msg/detail
[1.203s] -- Up-to-date: /home/orin/auto_install/orz_robot/install/ros2_socketcan_msgs/include/ros2_socketcan_msgs/ros2_socketcan_msgs/msg/detail/fd_frame__type_support.h
[1.203s] -- Up-to-date: /home/orin/auto_install/orz_robot/install/ros2_socketcan_msgs/include/ros2_socketcan_msgs/ros2_socketcan_msgs/msg/detail/fd_frame__functions.h
[1.203s] -- Up-to-date: /home/orin/auto_install/orz_robot/install/ros2_socketcan_msgs/include/ros2_socketcan_msgs/ros2_socketcan_msgs/msg/detail/fd_frame__struct.h
[1.203s] -- Up-to-date: /home/orin/auto_install/orz_robot/install/ros2_socketcan_msgs/include/ros2_socketcan_msgs/ros2_socketcan_msgs/msg/detail/fd_frame__functions.c
[1.204s] -- Up-to-date: /home/orin/auto_install/orz_robot/install/ros2_socketcan_msgs/share/ros2_socketcan_msgs/environment/library_path.sh
[1.204s] -- Up-to-date: /home/orin/auto_install/orz_robot/install/ros2_socketcan_msgs/share/ros2_socketcan_msgs/environment/library_path.dsv
[1.204s] -- Up-to-date: /home/orin/auto_install/orz_robot/install/ros2_socketcan_msgs/lib/libros2_socketcan_msgs__rosidl_generator_c.so
[1.204s] -- Up-to-date: /home/orin/auto_install/orz_robot/install/ros2_socketcan_msgs/include/ros2_socketcan_msgs/ros2_socketcan_msgs
[1.204s] -- Up-to-date: /home/orin/auto_install/orz_robot/install/ros2_socketcan_msgs/include/ros2_socketcan_msgs/ros2_socketcan_msgs/msg
[1.204s] -- Up-to-date: /home/orin/auto_install/orz_robot/install/ros2_socketcan_msgs/include/ros2_socketcan_msgs/ros2_socketcan_msgs/msg/rosidl_typesupport_fastrtps_c__visibility_control.h
[1.204s] -- Up-to-date: /home/orin/auto_install/orz_robot/install/ros2_socketcan_msgs/include/ros2_socketcan_msgs/ros2_socketcan_msgs/msg/detail
[1.204s] -- Up-to-date: /home/orin/auto_install/orz_robot/install/ros2_socketcan_msgs/include/ros2_socketcan_msgs/ros2_socketcan_msgs/msg/detail/fd_frame__rosidl_typesupport_fastrtps_c.h
[1.205s] -- Up-to-date: /home/orin/auto_install/orz_robot/install/ros2_socketcan_msgs/lib/libros2_socketcan_msgs__rosidl_typesupport_fastrtps_c.so
[1.205s] -- Up-to-date: /home/orin/auto_install/orz_robot/install/ros2_socketcan_msgs/include/ros2_socketcan_msgs/ros2_socketcan_msgs
[1.205s] -- Up-to-date: /home/orin/auto_install/orz_robot/install/ros2_socketcan_msgs/include/ros2_socketcan_msgs/ros2_socketcan_msgs/msg
[1.205s] -- Up-to-date: /home/orin/auto_install/orz_robot/install/ros2_socketcan_msgs/include/ros2_socketcan_msgs/ros2_socketcan_msgs/msg/rosidl_typesupport_introspection_c__visibility_control.h
[1.205s] -- Up-to-date: /home/orin/auto_install/orz_robot/install/ros2_socketcan_msgs/include/ros2_socketcan_msgs/ros2_socketcan_msgs/msg/detail
[1.205s] -- Up-to-date: /home/orin/auto_install/orz_robot/install/ros2_socketcan_msgs/include/ros2_socketcan_msgs/ros2_socketcan_msgs/msg/detail/fd_frame__type_support.c
[1.205s] -- Up-to-date: /home/orin/auto_install/orz_robot/install/ros2_socketcan_msgs/include/ros2_socketcan_msgs/ros2_socketcan_msgs/msg/detail/fd_frame__rosidl_typesupport_introspection_c.h
[1.205s] -- Up-to-date: /home/orin/auto_install/orz_robot/install/ros2_socketcan_msgs/lib/libros2_socketcan_msgs__rosidl_typesupport_introspection_c.so
[1.205s] -- Up-to-date: /home/orin/auto_install/orz_robot/install/ros2_socketcan_msgs/lib/libros2_socketcan_msgs__rosidl_typesupport_c.so
[1.209s] -- Up-to-date: /home/orin/auto_install/orz_robot/install/ros2_socketcan_msgs/include/ros2_socketcan_msgs/ros2_socketcan_msgs
[1.209s] -- Up-to-date: /home/orin/auto_install/orz_robot/install/ros2_socketcan_msgs/include/ros2_socketcan_msgs/ros2_socketcan_msgs/msg
[1.209s] -- Up-to-date: /home/orin/auto_install/orz_robot/install/ros2_socketcan_msgs/include/ros2_socketcan_msgs/ros2_socketcan_msgs/msg/detail
[1.209s] -- Up-to-date: /home/orin/auto_install/orz_robot/install/ros2_socketcan_msgs/include/ros2_socketcan_msgs/ros2_socketcan_msgs/msg/detail/fd_frame__struct.hpp
[1.209s] -- Up-to-date: /home/orin/auto_install/orz_robot/install/ros2_socketcan_msgs/include/ros2_socketcan_msgs/ros2_socketcan_msgs/msg/detail/fd_frame__builder.hpp
[1.209s] -- Up-to-date: /home/orin/auto_install/orz_robot/install/ros2_socketcan_msgs/include/ros2_socketcan_msgs/ros2_socketcan_msgs/msg/detail/fd_frame__type_support.hpp
[1.210s] -- Up-to-date: /home/orin/auto_install/orz_robot/install/ros2_socketcan_msgs/include/ros2_socketcan_msgs/ros2_socketcan_msgs/msg/detail/fd_frame__traits.hpp
[1.210s] -- Up-to-date: /home/orin/auto_install/orz_robot/install/ros2_socketcan_msgs/include/ros2_socketcan_msgs/ros2_socketcan_msgs/msg/fd_frame.hpp
[1.210s] -- Up-to-date: /home/orin/auto_install/orz_robot/install/ros2_socketcan_msgs/include/ros2_socketcan_msgs/ros2_socketcan_msgs/msg/rosidl_generator_cpp__visibility_control.hpp
[1.210s] -- Up-to-date: /home/orin/auto_install/orz_robot/install/ros2_socketcan_msgs/include/ros2_socketcan_msgs/ros2_socketcan_msgs
[1.210s] -- Up-to-date: /home/orin/auto_install/orz_robot/install/ros2_socketcan_msgs/include/ros2_socketcan_msgs/ros2_socketcan_msgs/msg
[1.210s] -- Up-to-date: /home/orin/auto_install/orz_robot/install/ros2_socketcan_msgs/include/ros2_socketcan_msgs/ros2_socketcan_msgs/msg/detail
[1.210s] -- Up-to-date: /home/orin/auto_install/orz_robot/install/ros2_socketcan_msgs/include/ros2_socketcan_msgs/ros2_socketcan_msgs/msg/detail/fd_frame__rosidl_typesupport_fastrtps_cpp.hpp
[1.210s] -- Up-to-date: /home/orin/auto_install/orz_robot/install/ros2_socketcan_msgs/include/ros2_socketcan_msgs/ros2_socketcan_msgs/msg/detail/dds_fastrtps
[1.211s] -- Up-to-date: /home/orin/auto_install/orz_robot/install/ros2_socketcan_msgs/include/ros2_socketcan_msgs/ros2_socketcan_msgs/msg/rosidl_typesupport_fastrtps_cpp__visibility_control.h
[1.211s] -- Up-to-date: /home/orin/auto_install/orz_robot/install/ros2_socketcan_msgs/lib/libros2_socketcan_msgs__rosidl_typesupport_fastrtps_cpp.so
[1.211s] -- Up-to-date: /home/orin/auto_install/orz_robot/install/ros2_socketcan_msgs/include/ros2_socketcan_msgs/ros2_socketcan_msgs
[1.211s] -- Up-to-date: /home/orin/auto_install/orz_robot/install/ros2_socketcan_msgs/include/ros2_socketcan_msgs/ros2_socketcan_msgs/msg
[1.211s] -- Up-to-date: /home/orin/auto_install/orz_robot/install/ros2_socketcan_msgs/include/ros2_socketcan_msgs/ros2_socketcan_msgs/msg/detail
[1.211s] -- Up-to-date: /home/orin/auto_install/orz_robot/install/ros2_socketcan_msgs/include/ros2_socketcan_msgs/ros2_socketcan_msgs/msg/detail/fd_frame__type_support.cpp
[1.211s] -- Up-to-date: /home/orin/auto_install/orz_robot/install/ros2_socketcan_msgs/include/ros2_socketcan_msgs/ros2_socketcan_msgs/msg/detail/fd_frame__rosidl_typesupport_introspection_cpp.hpp
[1.211s] -- Up-to-date: /home/orin/auto_install/orz_robot/install/ros2_socketcan_msgs/lib/libros2_socketcan_msgs__rosidl_typesupport_introspection_cpp.so
[1.212s] -- Up-to-date: /home/orin/auto_install/orz_robot/install/ros2_socketcan_msgs/lib/libros2_socketcan_msgs__rosidl_typesupport_cpp.so
[1.212s] -- Up-to-date: /home/orin/auto_install/orz_robot/install/ros2_socketcan_msgs/share/ros2_socketcan_msgs/environment/pythonpath.sh
[1.212s] -- Up-to-date: /home/orin/auto_install/orz_robot/install/ros2_socketcan_msgs/share/ros2_socketcan_msgs/environment/pythonpath.dsv
[1.212s] -- Up-to-date: /home/orin/auto_install/orz_robot/install/ros2_socketcan_msgs/local/lib/python3.10/dist-packages/ros2_socketcan_msgs-1.3.0-py3.10.egg-info
[1.212s] -- Installing: /home/orin/auto_install/orz_robot/install/ros2_socketcan_msgs/local/lib/python3.10/dist-packages/ros2_socketcan_msgs-1.3.0-py3.10.egg-info/SOURCES.txt
[1.212s] -- Installing: /home/orin/auto_install/orz_robot/install/ros2_socketcan_msgs/local/lib/python3.10/dist-packages/ros2_socketcan_msgs-1.3.0-py3.10.egg-info/dependency_links.txt
[1.212s] -- Installing: /home/orin/auto_install/orz_robot/install/ros2_socketcan_msgs/local/lib/python3.10/dist-packages/ros2_socketcan_msgs-1.3.0-py3.10.egg-info/PKG-INFO
[1.212s] -- Installing: /home/orin/auto_install/orz_robot/install/ros2_socketcan_msgs/local/lib/python3.10/dist-packages/ros2_socketcan_msgs-1.3.0-py3.10.egg-info/top_level.txt
[1.212s] -- Up-to-date: /home/orin/auto_install/orz_robot/install/ros2_socketcan_msgs/local/lib/python3.10/dist-packages/ros2_socketcan_msgs
[1.213s] -- Up-to-date: /home/orin/auto_install/orz_robot/install/ros2_socketcan_msgs/local/lib/python3.10/dist-packages/ros2_socketcan_msgs/ros2_socketcan_msgs_s__rosidl_typesupport_fastrtps_c.cpython-310-aarch64-linux-gnu.so
[1.213s] -- Up-to-date: /home/orin/auto_install/orz_robot/install/ros2_socketcan_msgs/local/lib/python3.10/dist-packages/ros2_socketcan_msgs/_ros2_socketcan_msgs_s.ep.rosidl_typesupport_introspection_c.c
[1.213s] -- Up-to-date: /home/orin/auto_install/orz_robot/install/ros2_socketcan_msgs/local/lib/python3.10/dist-packages/ros2_socketcan_msgs/__init__.py
[1.213s] -- Up-to-date: /home/orin/auto_install/orz_robot/install/ros2_socketcan_msgs/local/lib/python3.10/dist-packages/ros2_socketcan_msgs/ros2_socketcan_msgs_s__rosidl_typesupport_introspection_c.cpython-310-aarch64-linux-gnu.so
[1.213s] -- Up-to-date: /home/orin/auto_install/orz_robot/install/ros2_socketcan_msgs/local/lib/python3.10/dist-packages/ros2_socketcan_msgs/_ros2_socketcan_msgs_s.ep.rosidl_typesupport_c.c
[1.213s] -- Up-to-date: /home/orin/auto_install/orz_robot/install/ros2_socketcan_msgs/local/lib/python3.10/dist-packages/ros2_socketcan_msgs/_ros2_socketcan_msgs_s.ep.rosidl_typesupport_fastrtps_c.c
[1.213s] -- Up-to-date: /home/orin/auto_install/orz_robot/install/ros2_socketcan_msgs/local/lib/python3.10/dist-packages/ros2_socketcan_msgs/msg
[1.213s] -- Up-to-date: /home/orin/auto_install/orz_robot/install/ros2_socketcan_msgs/local/lib/python3.10/dist-packages/ros2_socketcan_msgs/msg/__init__.py
[1.214s] -- Up-to-date: /home/orin/auto_install/orz_robot/install/ros2_socketcan_msgs/local/lib/python3.10/dist-packages/ros2_socketcan_msgs/msg/_fd_frame_s.c
[1.214s] -- Up-to-date: /home/orin/auto_install/orz_robot/install/ros2_socketcan_msgs/local/lib/python3.10/dist-packages/ros2_socketcan_msgs/msg/_fd_frame.py
[1.214s] -- Up-to-date: /home/orin/auto_install/orz_robot/install/ros2_socketcan_msgs/local/lib/python3.10/dist-packages/ros2_socketcan_msgs/libros2_socketcan_msgs__rosidl_generator_py.so
[1.214s] -- Up-to-date: /home/orin/auto_install/orz_robot/install/ros2_socketcan_msgs/local/lib/python3.10/dist-packages/ros2_socketcan_msgs/ros2_socketcan_msgs_s__rosidl_typesupport_c.cpython-310-aarch64-linux-gnu.so
[1.270s] Listing '/home/orin/auto_install/orz_robot/install/ros2_socketcan_msgs/local/lib/python3.10/dist-packages/ros2_socketcan_msgs'...
[1.270s] Listing '/home/orin/auto_install/orz_robot/install/ros2_socketcan_msgs/local/lib/python3.10/dist-packages/ros2_socketcan_msgs/msg'...
[1.304s] -- Up-to-date: /home/orin/auto_install/orz_robot/install/ros2_socketcan_msgs/local/lib/python3.10/dist-packages/ros2_socketcan_msgs/ros2_socketcan_msgs_s__rosidl_typesupport_fastrtps_c.cpython-310-aarch64-linux-gnu.so
[1.304s] -- Up-to-date: /home/orin/auto_install/orz_robot/install/ros2_socketcan_msgs/local/lib/python3.10/dist-packages/ros2_socketcan_msgs/ros2_socketcan_msgs_s__rosidl_typesupport_introspection_c.cpython-310-aarch64-linux-gnu.so
[1.319s] -- Up-to-date: /home/orin/auto_install/orz_robot/install/ros2_socketcan_msgs/local/lib/python3.10/dist-packages/ros2_socketcan_msgs/ros2_socketcan_msgs_s__rosidl_typesupport_c.cpython-310-aarch64-linux-gnu.so
[1.319s] -- Up-to-date: /home/orin/auto_install/orz_robot/install/ros2_socketcan_msgs/lib/libros2_socketcan_msgs__rosidl_generator_py.so
[1.320s] -- Up-to-date: /home/orin/auto_install/orz_robot/install/ros2_socketcan_msgs/share/ros2_socketcan_msgs/msg/FdFrame.idl
[1.320s] -- Up-to-date: /home/orin/auto_install/orz_robot/install/ros2_socketcan_msgs/share/ros2_socketcan_msgs/msg/FdFrame.msg
[1.321s] -- Up-to-date: /home/orin/auto_install/orz_robot/install/ros2_socketcan_msgs/share/ament_index/resource_index/package_run_dependencies/ros2_socketcan_msgs
[1.321s] -- Up-to-date: /home/orin/auto_install/orz_robot/install/ros2_socketcan_msgs/share/ament_index/resource_index/parent_prefix_path/ros2_socketcan_msgs
[1.322s] -- Up-to-date: /home/orin/auto_install/orz_robot/install/ros2_socketcan_msgs/share/ros2_socketcan_msgs/environment/ament_prefix_path.sh
[1.323s] -- Up-to-date: /home/orin/auto_install/orz_robot/install/ros2_socketcan_msgs/share/ros2_socketcan_msgs/environment/ament_prefix_path.dsv
[1.323s] -- Up-to-date: /home/orin/auto_install/orz_robot/install/ros2_socketcan_msgs/share/ros2_socketcan_msgs/environment/path.sh
[1.324s] -- Up-to-date: /home/orin/auto_install/orz_robot/install/ros2_socketcan_msgs/share/ros2_socketcan_msgs/environment/path.dsv
[1.324s] -- Up-to-date: /home/orin/auto_install/orz_robot/install/ros2_socketcan_msgs/share/ros2_socketcan_msgs/local_setup.bash
[1.324s] -- Up-to-date: /home/orin/auto_install/orz_robot/install/ros2_socketcan_msgs/share/ros2_socketcan_msgs/local_setup.sh
[1.324s] -- Up-to-date: /home/orin/auto_install/orz_robot/install/ros2_socketcan_msgs/share/ros2_socketcan_msgs/local_setup.zsh
[1.324s] -- Up-to-date: /home/orin/auto_install/orz_robot/install/ros2_socketcan_msgs/share/ros2_socketcan_msgs/local_setup.dsv
[1.325s] -- Installing: /home/orin/auto_install/orz_robot/install/ros2_socketcan_msgs/share/ros2_socketcan_msgs/package.dsv
[1.325s] -- Up-to-date: /home/orin/auto_install/orz_robot/install/ros2_socketcan_msgs/share/ament_index/resource_index/packages/ros2_socketcan_msgs
[1.325s] -- Up-to-date: /home/orin/auto_install/orz_robot/install/ros2_socketcan_msgs/share/ros2_socketcan_msgs/cmake/export_ros2_socketcan_msgs__rosidl_generator_cExport.cmake
[1.325s] -- Up-to-date: /home/orin/auto_install/orz_robot/install/ros2_socketcan_msgs/share/ros2_socketcan_msgs/cmake/export_ros2_socketcan_msgs__rosidl_generator_cExport-noconfig.cmake
[1.326s] -- Up-to-date: /home/orin/auto_install/orz_robot/install/ros2_socketcan_msgs/share/ros2_socketcan_msgs/cmake/export_ros2_socketcan_msgs__rosidl_typesupport_fastrtps_cExport.cmake
[1.326s] -- Up-to-date: /home/orin/auto_install/orz_robot/install/ros2_socketcan_msgs/share/ros2_socketcan_msgs/cmake/export_ros2_socketcan_msgs__rosidl_typesupport_fastrtps_cExport-noconfig.cmake
[1.327s] -- Up-to-date: /home/orin/auto_install/orz_robot/install/ros2_socketcan_msgs/share/ros2_socketcan_msgs/cmake/ros2_socketcan_msgs__rosidl_typesupport_introspection_cExport.cmake
[1.335s] -- Up-to-date: /home/orin/auto_install/orz_robot/install/ros2_socketcan_msgs/share/ros2_socketcan_msgs/cmake/ros2_socketcan_msgs__rosidl_typesupport_introspection_cExport-noconfig.cmake
[1.336s] -- Up-to-date: /home/orin/auto_install/orz_robot/install/ros2_socketcan_msgs/share/ros2_socketcan_msgs/cmake/ros2_socketcan_msgs__rosidl_typesupport_cExport.cmake
[1.336s] -- Up-to-date: /home/orin/auto_install/orz_robot/install/ros2_socketcan_msgs/share/ros2_socketcan_msgs/cmake/ros2_socketcan_msgs__rosidl_typesupport_cExport-noconfig.cmake
[1.336s] -- Up-to-date: /home/orin/auto_install/orz_robot/install/ros2_socketcan_msgs/share/ros2_socketcan_msgs/cmake/export_ros2_socketcan_msgs__rosidl_generator_cppExport.cmake
[1.336s] -- Up-to-date: /home/orin/auto_install/orz_robot/install/ros2_socketcan_msgs/share/ros2_socketcan_msgs/cmake/export_ros2_socketcan_msgs__rosidl_typesupport_fastrtps_cppExport.cmake
[1.336s] -- Up-to-date: /home/orin/auto_install/orz_robot/install/ros2_socketcan_msgs/share/ros2_socketcan_msgs/cmake/export_ros2_socketcan_msgs__rosidl_typesupport_fastrtps_cppExport-noconfig.cmake
[1.337s] -- Up-to-date: /home/orin/auto_install/orz_robot/install/ros2_socketcan_msgs/share/ros2_socketcan_msgs/cmake/ros2_socketcan_msgs__rosidl_typesupport_introspection_cppExport.cmake
[1.337s] -- Up-to-date: /home/orin/auto_install/orz_robot/install/ros2_socketcan_msgs/share/ros2_socketcan_msgs/cmake/ros2_socketcan_msgs__rosidl_typesupport_introspection_cppExport-noconfig.cmake
[1.337s] -- Up-to-date: /home/orin/auto_install/orz_robot/install/ros2_socketcan_msgs/share/ros2_socketcan_msgs/cmake/ros2_socketcan_msgs__rosidl_typesupport_cppExport.cmake
[1.337s] -- Up-to-date: /home/orin/auto_install/orz_robot/install/ros2_socketcan_msgs/share/ros2_socketcan_msgs/cmake/ros2_socketcan_msgs__rosidl_typesupport_cppExport-noconfig.cmake
[1.337s] -- Up-to-date: /home/orin/auto_install/orz_robot/install/ros2_socketcan_msgs/share/ros2_socketcan_msgs/cmake/export_ros2_socketcan_msgs__rosidl_generator_pyExport.cmake
[1.337s] -- Up-to-date: /home/orin/auto_install/orz_robot/install/ros2_socketcan_msgs/share/ros2_socketcan_msgs/cmake/export_ros2_socketcan_msgs__rosidl_generator_pyExport-noconfig.cmake
[1.337s] -- Up-to-date: /home/orin/auto_install/orz_robot/install/ros2_socketcan_msgs/share/ros2_socketcan_msgs/cmake/rosidl_cmake-extras.cmake
[1.337s] -- Up-to-date: /home/orin/auto_install/orz_robot/install/ros2_socketcan_msgs/share/ros2_socketcan_msgs/cmake/ament_cmake_export_dependencies-extras.cmake
[1.338s] -- Up-to-date: /home/orin/auto_install/orz_robot/install/ros2_socketcan_msgs/share/ros2_socketcan_msgs/cmake/ament_cmake_export_include_directories-extras.cmake
[1.338s] -- Up-to-date: /home/orin/auto_install/orz_robot/install/ros2_socketcan_msgs/share/ros2_socketcan_msgs/cmake/ament_cmake_export_libraries-extras.cmake
[1.338s] -- Up-to-date: /home/orin/auto_install/orz_robot/install/ros2_socketcan_msgs/share/ros2_socketcan_msgs/cmake/ament_cmake_export_targets-extras.cmake
[1.338s] -- Up-to-date: /home/orin/auto_install/orz_robot/install/ros2_socketcan_msgs/share/ros2_socketcan_msgs/cmake/rosidl_cmake_export_typesupport_targets-extras.cmake
[1.338s] -- Up-to-date: /home/orin/auto_install/orz_robot/install/ros2_socketcan_msgs/share/ros2_socketcan_msgs/cmake/rosidl_cmake_export_typesupport_libraries-extras.cmake
[1.338s] -- Up-to-date: /home/orin/auto_install/orz_robot/install/ros2_socketcan_msgs/share/ros2_socketcan_msgs/cmake/ros2_socketcan_msgsConfig.cmake
[1.338s] -- Up-to-date: /home/orin/auto_install/orz_robot/install/ros2_socketcan_msgs/share/ros2_socketcan_msgs/cmake/ros2_socketcan_msgsConfig-version.cmake
[1.338s] -- Up-to-date: /home/orin/auto_install/orz_robot/install/ros2_socketcan_msgs/share/ros2_socketcan_msgs/package.xml
[1.387s] Invoked command in '/home/orin/auto_install/orz_robot/build/ros2_socketcan_msgs' returned '0': CMAKE_PREFIX_PATH=${CMAKE_PREFIX_PATH}:/home/orin/auto_install/orz_robot/install/robot_test_py:/home/orin/auto_install/orz_robot/install/robot_keyboard_to_twist_py:/opt/ros/humble /usr/bin/cmake --install /home/orin/auto_install/orz_robot/build/ros2_socketcan_msgs
