[0.102s] Invoking command in '/home/orin/auto_install/orz_robot/build/robot_config': CMAKE_PREFIX_PATH=/home/orin/auto_install/orz_robot/install/robot_description:/home/orin/auto_install/orz_robot/install/ros2_socketcan:/home/orin/auto_install/orz_robot/install/ros2_socketcan_msgs:/home/orin/auto_install/orz_robot/install/robot_test:/home/orin/auto_install/orz_robot/install/robot_qtrecv:/home/orin/auto_install/orz_robot/install/robot_kinematics:/home/orin/auto_install/orz_robot/install/robot_interfaces:/home/orin/auto_install/orz_robot/install/robot_gazebo:/home/orin/auto_install/orz_robot/install/robot_driver:/home/orin/auto_install/orz_robot/install/robot_config:/home/orin/auto_install/orz_robot/install/robot_control:/home/orin/auto_install/orz_robot/install/robot_bringup:/home/orin/auto_install/orz_robot/install/robot_test_py:/home/orin/auto_install/orz_robot/install/robot_keyboard_to_twist_py:/opt/ros/humble /usr/bin/cmake --build /home/orin/auto_install/orz_robot/build/robot_config -- -j8 -l8
[0.287s] Invoked command in '/home/orin/auto_install/orz_robot/build/robot_config' returned '0': CMAKE_PREFIX_PATH=/home/orin/auto_install/orz_robot/install/robot_description:/home/orin/auto_install/orz_robot/install/ros2_socketcan:/home/orin/auto_install/orz_robot/install/ros2_socketcan_msgs:/home/orin/auto_install/orz_robot/install/robot_test:/home/orin/auto_install/orz_robot/install/robot_qtrecv:/home/orin/auto_install/orz_robot/install/robot_kinematics:/home/orin/auto_install/orz_robot/install/robot_interfaces:/home/orin/auto_install/orz_robot/install/robot_gazebo:/home/orin/auto_install/orz_robot/install/robot_driver:/home/orin/auto_install/orz_robot/install/robot_config:/home/orin/auto_install/orz_robot/install/robot_control:/home/orin/auto_install/orz_robot/install/robot_bringup:/home/orin/auto_install/orz_robot/install/robot_test_py:/home/orin/auto_install/orz_robot/install/robot_keyboard_to_twist_py:/opt/ros/humble /usr/bin/cmake --build /home/orin/auto_install/orz_robot/build/robot_config -- -j8 -l8
[0.289s] Invoking command in '/home/orin/auto_install/orz_robot/build/robot_config': CMAKE_PREFIX_PATH=/home/orin/auto_install/orz_robot/install/robot_description:/home/orin/auto_install/orz_robot/install/ros2_socketcan:/home/orin/auto_install/orz_robot/install/ros2_socketcan_msgs:/home/orin/auto_install/orz_robot/install/robot_test:/home/orin/auto_install/orz_robot/install/robot_qtrecv:/home/orin/auto_install/orz_robot/install/robot_kinematics:/home/orin/auto_install/orz_robot/install/robot_interfaces:/home/orin/auto_install/orz_robot/install/robot_gazebo:/home/orin/auto_install/orz_robot/install/robot_driver:/home/orin/auto_install/orz_robot/install/robot_config:/home/orin/auto_install/orz_robot/install/robot_control:/home/orin/auto_install/orz_robot/install/robot_bringup:/home/orin/auto_install/orz_robot/install/robot_test_py:/home/orin/auto_install/orz_robot/install/robot_keyboard_to_twist_py:/opt/ros/humble /usr/bin/cmake --install /home/orin/auto_install/orz_robot/build/robot_config
[0.308s] -- Install configuration: ""
[0.316s] -- Up-to-date: /home/orin/auto_install/orz_robot/install/robot_config/share/ament_index/resource_index/package_run_dependencies/robot_config
[0.316s] -- Up-to-date: /home/orin/auto_install/orz_robot/install/robot_config/share/ament_index/resource_index/parent_prefix_path/robot_config
[0.316s] -- Up-to-date: /home/orin/auto_install/orz_robot/install/robot_config/share/robot_config/environment/ament_prefix_path.sh
[0.317s] -- Up-to-date: /home/orin/auto_install/orz_robot/install/robot_config/share/robot_config/environment/ament_prefix_path.dsv
[0.317s] -- Up-to-date: /home/orin/auto_install/orz_robot/install/robot_config/share/robot_config/environment/path.sh
[0.317s] -- Up-to-date: /home/orin/auto_install/orz_robot/install/robot_config/share/robot_config/environment/path.dsv
[0.317s] -- Up-to-date: /home/orin/auto_install/orz_robot/install/robot_config/share/robot_config/local_setup.bash
[0.318s] -- Up-to-date: /home/orin/auto_install/orz_robot/install/robot_config/share/robot_config/local_setup.sh
[0.320s] -- Up-to-date: /home/orin/auto_install/orz_robot/install/robot_config/share/robot_config/local_setup.zsh
[0.321s] -- Up-to-date: /home/orin/auto_install/orz_robot/install/robot_config/share/robot_config/local_setup.dsv
[0.321s] -- Up-to-date: /home/orin/auto_install/orz_robot/install/robot_config/share/robot_config/package.dsv
[0.322s] -- Up-to-date: /home/orin/auto_install/orz_robot/install/robot_config/share/ament_index/resource_index/packages/robot_config
[0.322s] -- Up-to-date: /home/orin/auto_install/orz_robot/install/robot_config/share/robot_config/cmake/robot_configConfig.cmake
[0.322s] -- Up-to-date: /home/orin/auto_install/orz_robot/install/robot_config/share/robot_config/cmake/robot_configConfig-version.cmake
[0.322s] -- Up-to-date: /home/orin/auto_install/orz_robot/install/robot_config/share/robot_config/package.xml
[0.322s] -- Up-to-date: /home/orin/auto_install/orz_robot/install/robot_config/share/robot_config/launch
[0.322s] -- Up-to-date: /home/orin/auto_install/orz_robot/install/robot_config/share/robot_config/launch/warehouse_db.launch.py
[0.322s] -- Up-to-date: /home/orin/auto_install/orz_robot/install/robot_config/share/robot_config/launch/demo.launch.py
[0.323s] -- Up-to-date: /home/orin/auto_install/orz_robot/install/robot_config/share/robot_config/launch/rsp.launch.py
[0.323s] -- Up-to-date: /home/orin/auto_install/orz_robot/install/robot_config/share/robot_config/launch/moveit_rviz.launch.py
[0.323s] -- Up-to-date: /home/orin/auto_install/orz_robot/install/robot_config/share/robot_config/launch/static_virtual_joint_tfs.launch.py
[0.323s] -- Up-to-date: /home/orin/auto_install/orz_robot/install/robot_config/share/robot_config/launch/gazebo_moveit_demo.launch.py
[0.323s] -- Up-to-date: /home/orin/auto_install/orz_robot/install/robot_config/share/robot_config/launch/real_moveit_demo.launch.py
[0.323s] -- Up-to-date: /home/orin/auto_install/orz_robot/install/robot_config/share/robot_config/launch/spawn_controllers.launch.py
[0.323s] -- Up-to-date: /home/orin/auto_install/orz_robot/install/robot_config/share/robot_config/launch/setup_assistant.launch.py
[0.324s] -- Up-to-date: /home/orin/auto_install/orz_robot/install/robot_config/share/robot_config/launch/move_group.launch.py
[0.324s] -- Up-to-date: /home/orin/auto_install/orz_robot/install/robot_config/share/robot_config/config
[0.324s] -- Up-to-date: /home/orin/auto_install/orz_robot/install/robot_config/share/robot_config/config/kinematics.yaml
[0.325s] -- Up-to-date: /home/orin/auto_install/orz_robot/install/robot_config/share/robot_config/config/initial_positions.yaml
[0.328s] -- Up-to-date: /home/orin/auto_install/orz_robot/install/robot_config/share/robot_config/config/pilz_cartesian_limits.yaml
[0.329s] -- Up-to-date: /home/orin/auto_install/orz_robot/install/robot_config/share/robot_config/config/ros2_controllers.yaml
[0.329s] -- Up-to-date: /home/orin/auto_install/orz_robot/install/robot_config/share/robot_config/config/moveit.rviz
[0.329s] -- Up-to-date: /home/orin/auto_install/orz_robot/install/robot_config/share/robot_config/config/robot_description.srdf
[0.330s] -- Up-to-date: /home/orin/auto_install/orz_robot/install/robot_config/share/robot_config/config/joint_limits.yaml
[0.331s] -- Up-to-date: /home/orin/auto_install/orz_robot/install/robot_config/share/robot_config/config/robot_description.ros2_control.xacro
[0.333s] -- Up-to-date: /home/orin/auto_install/orz_robot/install/robot_config/share/robot_config/config/robot_description.urdf.xacro
[0.335s] -- Up-to-date: /home/orin/auto_install/orz_robot/install/robot_config/share/robot_config/config/moveit_controllers.yaml
[0.335s] -- Up-to-date: /home/orin/auto_install/orz_robot/install/robot_config/share/robot_config/.setup_assistant
[0.957s] Invoked command in '/home/orin/auto_install/orz_robot/build/robot_config' returned '0': CMAKE_PREFIX_PATH=/home/orin/auto_install/orz_robot/install/robot_description:/home/orin/auto_install/orz_robot/install/ros2_socketcan:/home/orin/auto_install/orz_robot/install/ros2_socketcan_msgs:/home/orin/auto_install/orz_robot/install/robot_test:/home/orin/auto_install/orz_robot/install/robot_qtrecv:/home/orin/auto_install/orz_robot/install/robot_kinematics:/home/orin/auto_install/orz_robot/install/robot_interfaces:/home/orin/auto_install/orz_robot/install/robot_gazebo:/home/orin/auto_install/orz_robot/install/robot_driver:/home/orin/auto_install/orz_robot/install/robot_config:/home/orin/auto_install/orz_robot/install/robot_control:/home/orin/auto_install/orz_robot/install/robot_bringup:/home/orin/auto_install/orz_robot/install/robot_test_py:/home/orin/auto_install/orz_robot/install/robot_keyboard_to_twist_py:/opt/ros/humble /usr/bin/cmake --install /home/orin/auto_install/orz_robot/build/robot_config
