[0.101s] Invoking command in '/home/orin/auto_install/orz_robot/build/robot_description': CMAKE_PREFIX_PATH=${CMAKE_PREFIX_PATH}:/home/orin/auto_install/orz_robot/install/robot_test_py:/home/orin/auto_install/orz_robot/install/robot_keyboard_to_twist_py:/opt/ros/humble /usr/bin/cmake --build /home/orin/auto_install/orz_robot/build/robot_description -- -j8 -l8
[0.809s] Invoked command in '/home/orin/auto_install/orz_robot/build/robot_description' returned '0': CMAKE_PREFIX_PATH=${CMAKE_PREFIX_PATH}:/home/orin/auto_install/orz_robot/install/robot_test_py:/home/orin/auto_install/orz_robot/install/robot_keyboard_to_twist_py:/opt/ros/humble /usr/bin/cmake --build /home/orin/auto_install/orz_robot/build/robot_description -- -j8 -l8
[0.834s] Invoking command in '/home/orin/auto_install/orz_robot/build/robot_description': CMAKE_PREFIX_PATH=${CMAKE_PREFIX_PATH}:/home/orin/auto_install/orz_robot/install/robot_test_py:/home/orin/auto_install/orz_robot/install/robot_keyboard_to_twist_py:/opt/ros/humble /usr/bin/cmake --install /home/orin/auto_install/orz_robot/build/robot_description
[0.867s] -- Install configuration: ""
[0.867s] -- Up-to-date: /home/orin/auto_install/orz_robot/install/robot_description/share/robot_description/launch
[0.868s] -- Up-to-date: /home/orin/auto_install/orz_robot/install/robot_description/share/robot_description/launch/robot_display.launch.py
[0.868s] -- Up-to-date: /home/orin/auto_install/orz_robot/install/robot_description/share/robot_description/urdf
[0.868s] -- Up-to-date: /home/orin/auto_install/orz_robot/install/robot_description/share/robot_description/urdf/robot_gazebo.urdf
[0.868s] -- Up-to-date: /home/orin/auto_install/orz_robot/install/robot_description/share/robot_description/urdf/robot.urdf
[0.868s] -- Up-to-date: /home/orin/auto_install/orz_robot/install/robot_description/share/robot_description/meshes
[0.868s] -- Up-to-date: /home/orin/auto_install/orz_robot/install/robot_description/share/robot_description/meshes/Link6.STL
[0.869s] -- Up-to-date: /home/orin/auto_install/orz_robot/install/robot_description/share/robot_description/meshes/base_link.STL
[0.869s] -- Up-to-date: /home/orin/auto_install/orz_robot/install/robot_description/share/robot_description/meshes/Link4.STL
[0.869s] -- Up-to-date: /home/orin/auto_install/orz_robot/install/robot_description/share/robot_description/meshes/Link5.STL
[0.869s] -- Up-to-date: /home/orin/auto_install/orz_robot/install/robot_description/share/robot_description/meshes/Link1.STL
[0.869s] -- Up-to-date: /home/orin/auto_install/orz_robot/install/robot_description/share/robot_description/meshes/Link3.STL
[0.869s] -- Up-to-date: /home/orin/auto_install/orz_robot/install/robot_description/share/robot_description/meshes/Link2.STL
[0.869s] -- Up-to-date: /home/orin/auto_install/orz_robot/install/robot_description/share/ament_index/resource_index/package_run_dependencies/robot_description
[0.870s] -- Up-to-date: /home/orin/auto_install/orz_robot/install/robot_description/share/ament_index/resource_index/parent_prefix_path/robot_description
[0.870s] -- Up-to-date: /home/orin/auto_install/orz_robot/install/robot_description/share/robot_description/environment/ament_prefix_path.sh
[0.870s] -- Up-to-date: /home/orin/auto_install/orz_robot/install/robot_description/share/robot_description/environment/ament_prefix_path.dsv
[0.870s] -- Up-to-date: /home/orin/auto_install/orz_robot/install/robot_description/share/robot_description/environment/path.sh
[0.870s] -- Up-to-date: /home/orin/auto_install/orz_robot/install/robot_description/share/robot_description/environment/path.dsv
[0.871s] -- Up-to-date: /home/orin/auto_install/orz_robot/install/robot_description/share/robot_description/local_setup.bash
[0.871s] -- Up-to-date: /home/orin/auto_install/orz_robot/install/robot_description/share/robot_description/local_setup.sh
[0.872s] -- Up-to-date: /home/orin/auto_install/orz_robot/install/robot_description/share/robot_description/local_setup.zsh
[0.872s] -- Up-to-date: /home/orin/auto_install/orz_robot/install/robot_description/share/robot_description/local_setup.dsv
[0.872s] -- Up-to-date: /home/orin/auto_install/orz_robot/install/robot_description/share/robot_description/package.dsv
[0.873s] -- Up-to-date: /home/orin/auto_install/orz_robot/install/robot_description/share/ament_index/resource_index/packages/robot_description
[0.873s] -- Up-to-date: /home/orin/auto_install/orz_robot/install/robot_description/share/robot_description/cmake/robot_descriptionConfig.cmake
[0.873s] -- Up-to-date: /home/orin/auto_install/orz_robot/install/robot_description/share/robot_description/cmake/robot_descriptionConfig-version.cmake
[0.874s] -- Up-to-date: /home/orin/auto_install/orz_robot/install/robot_description/share/robot_description/package.xml
[0.903s] Invoked command in '/home/orin/auto_install/orz_robot/build/robot_description' returned '0': CMAKE_PREFIX_PATH=${CMAKE_PREFIX_PATH}:/home/orin/auto_install/orz_robot/install/robot_test_py:/home/orin/auto_install/orz_robot/install/robot_keyboard_to_twist_py:/opt/ros/humble /usr/bin/cmake --install /home/orin/auto_install/orz_robot/build/robot_description
