[0.078s] Invoking command in '/home/orin/auto_install/orz_robot/build/robot_bringup': CMAKE_PREFIX_PATH=${CMAKE_PREFIX_PATH}:/opt/ros/humble /usr/bin/cmake /home/orin/auto_install/orz_robot/src/robot_bringup -DCMAKE_INSTALL_PREFIX=/home/orin/auto_install/orz_robot/install/robot_bringup
[0.812s] -- The C compiler identification is GNU 11.4.0
[0.812s] -- The CXX compiler identification is GNU 11.4.0
[0.812s] -- Detecting C compiler ABI info
[0.812s] -- Detecting C compiler ABI info - done
[0.812s] -- Check for working C compiler: /usr/bin/cc - skipped
[0.812s] -- Detecting C compile features
[0.812s] -- Detecting C compile features - done
[0.813s] -- Detecting CXX compiler ABI info
[0.951s] -- Detecting CXX compiler ABI info - done
[0.980s] -- Check for working CXX compiler: /usr/bin/c++ - skipped
[0.981s] -- Detecting CXX compile features
[0.987s] -- Detecting CXX compile features - done
[0.997s] -- Found ament_cmake: 1.3.11 (/opt/ros/humble/share/ament_cmake/cmake)
[1.394s] -- Found Python3: /usr/bin/python3 (found version "3.10.12") found components: Interpreter 
[1.622s] -- Found ament_lint_auto: 0.12.11 (/opt/ros/humble/share/ament_lint_auto/cmake)
[1.812s] -- Added test 'flake8' to check Python code syntax and style conventions
[1.814s] -- Added test 'lint_cmake' to check CMake code style
[1.816s] -- Added test 'pep257' to check Python code against some of the docstring style conventions in PEP 257
[1.819s] -- Added test 'xmllint' to check XML markup files
[1.822s] -- Configuring done
[1.831s] -- Generating done
[1.836s] -- Build files have been written to: /home/orin/auto_install/orz_robot/build/robot_bringup
[1.865s] Invoked command in '/home/orin/auto_install/orz_robot/build/robot_bringup' returned '0': CMAKE_PREFIX_PATH=${CMAKE_PREFIX_PATH}:/opt/ros/humble /usr/bin/cmake /home/orin/auto_install/orz_robot/src/robot_bringup -DCMAKE_INSTALL_PREFIX=/home/orin/auto_install/orz_robot/install/robot_bringup
[1.866s] Invoking command in '/home/orin/auto_install/orz_robot/build/robot_bringup': CMAKE_PREFIX_PATH=${CMAKE_PREFIX_PATH}:/opt/ros/humble /usr/bin/cmake --build /home/orin/auto_install/orz_robot/build/robot_bringup -- -j8 -l8
[1.961s] Invoked command in '/home/orin/auto_install/orz_robot/build/robot_bringup' returned '0': CMAKE_PREFIX_PATH=${CMAKE_PREFIX_PATH}:/opt/ros/humble /usr/bin/cmake --build /home/orin/auto_install/orz_robot/build/robot_bringup -- -j8 -l8
[1.966s] Invoking command in '/home/orin/auto_install/orz_robot/build/robot_bringup': CMAKE_PREFIX_PATH=${CMAKE_PREFIX_PATH}:/opt/ros/humble /usr/bin/cmake --install /home/orin/auto_install/orz_robot/build/robot_bringup
[2.603s] -- Install configuration: ""
[2.604s] -- Installing: /home/orin/auto_install/orz_robot/install/robot_bringup/share/robot_bringup/launch
[2.604s] -- Installing: /home/orin/auto_install/orz_robot/install/robot_bringup/share/robot_bringup/launch/robot_gazebo.launch.py
[2.606s] -- Installing: /home/orin/auto_install/orz_robot/install/robot_bringup/share/robot_bringup/launch/robot_real.launch.py
[2.606s] -- Installing: /home/orin/auto_install/orz_robot/install/robot_bringup/share/ament_index/resource_index/package_run_dependencies/robot_bringup
[2.607s] -- Installing: /home/orin/auto_install/orz_robot/install/robot_bringup/share/ament_index/resource_index/parent_prefix_path/robot_bringup
[2.607s] -- Installing: /home/orin/auto_install/orz_robot/install/robot_bringup/share/robot_bringup/environment/ament_prefix_path.sh
[2.607s] -- Installing: /home/orin/auto_install/orz_robot/install/robot_bringup/share/robot_bringup/environment/ament_prefix_path.dsv
[2.608s] -- Installing: /home/orin/auto_install/orz_robot/install/robot_bringup/share/robot_bringup/environment/path.sh
[2.608s] -- Installing: /home/orin/auto_install/orz_robot/install/robot_bringup/share/robot_bringup/environment/path.dsv
[2.608s] -- Installing: /home/orin/auto_install/orz_robot/install/robot_bringup/share/robot_bringup/local_setup.bash
[2.608s] -- Installing: /home/orin/auto_install/orz_robot/install/robot_bringup/share/robot_bringup/local_setup.sh
[2.608s] -- Installing: /home/orin/auto_install/orz_robot/install/robot_bringup/share/robot_bringup/local_setup.zsh
[2.609s] -- Installing: /home/orin/auto_install/orz_robot/install/robot_bringup/share/robot_bringup/local_setup.dsv
[2.609s] -- Installing: /home/orin/auto_install/orz_robot/install/robot_bringup/share/robot_bringup/package.dsv
[2.609s] -- Installing: /home/orin/auto_install/orz_robot/install/robot_bringup/share/ament_index/resource_index/packages/robot_bringup
[2.609s] -- Installing: /home/orin/auto_install/orz_robot/install/robot_bringup/share/robot_bringup/cmake/robot_bringupConfig.cmake
[2.609s] -- Installing: /home/orin/auto_install/orz_robot/install/robot_bringup/share/robot_bringup/cmake/robot_bringupConfig-version.cmake
[2.609s] -- Installing: /home/orin/auto_install/orz_robot/install/robot_bringup/share/robot_bringup/package.xml
[2.628s] Invoked command in '/home/orin/auto_install/orz_robot/build/robot_bringup' returned '0': CMAKE_PREFIX_PATH=${CMAKE_PREFIX_PATH}:/opt/ros/humble /usr/bin/cmake --install /home/orin/auto_install/orz_robot/build/robot_bringup
