[0.091s] Invoking command in '/home/orin/auto_install/orz_robot/build/robot_gazebo': CMAKE_PREFIX_PATH=${CMAKE_PREFIX_PATH}:/home/orin/auto_install/orz_robot/install/robot_test_py:/home/orin/auto_install/orz_robot/install/robot_keyboard_to_twist_py:/opt/ros/humble /usr/bin/cmake --build /home/orin/auto_install/orz_robot/build/robot_gazebo -- -j8 -l8
[0.788s] Invoked command in '/home/orin/auto_install/orz_robot/build/robot_gazebo' returned '0': CMAKE_PREFIX_PATH=${CMAKE_PREFIX_PATH}:/home/orin/auto_install/orz_robot/install/robot_test_py:/home/orin/auto_install/orz_robot/install/robot_keyboard_to_twist_py:/opt/ros/humble /usr/bin/cmake --build /home/orin/auto_install/orz_robot/build/robot_gazebo -- -j8 -l8
[0.790s] Invoking command in '/home/orin/auto_install/orz_robot/build/robot_gazebo': CMAKE_PREFIX_PATH=${CMAKE_PREFIX_PATH}:/home/orin/auto_install/orz_robot/install/robot_test_py:/home/orin/auto_install/orz_robot/install/robot_keyboard_to_twist_py:/opt/ros/humble /usr/bin/cmake --install /home/orin/auto_install/orz_robot/build/robot_gazebo
[0.844s] -- Install configuration: ""
[0.844s] -- Up-to-date: /home/orin/auto_install/orz_robot/install/robot_gazebo/share/robot_gazebo/launch
[0.844s] -- Up-to-date: /home/orin/auto_install/orz_robot/install/robot_gazebo/share/robot_gazebo/launch/robot_gazebo.launch.py
[0.844s] -- Up-to-date: /home/orin/auto_install/orz_robot/install/robot_gazebo/share/robot_gazebo/config
[0.845s] -- Up-to-date: /home/orin/auto_install/orz_robot/install/robot_gazebo/share/robot_gazebo/config/gazebo_robot_description.urdf.xacro
[0.845s] -- Up-to-date: /home/orin/auto_install/orz_robot/install/robot_gazebo/share/ament_index/resource_index/package_run_dependencies/robot_gazebo
[0.845s] -- Up-to-date: /home/orin/auto_install/orz_robot/install/robot_gazebo/share/ament_index/resource_index/parent_prefix_path/robot_gazebo
[0.845s] -- Up-to-date: /home/orin/auto_install/orz_robot/install/robot_gazebo/share/robot_gazebo/environment/ament_prefix_path.sh
[0.845s] -- Up-to-date: /home/orin/auto_install/orz_robot/install/robot_gazebo/share/robot_gazebo/environment/ament_prefix_path.dsv
[0.845s] -- Up-to-date: /home/orin/auto_install/orz_robot/install/robot_gazebo/share/robot_gazebo/environment/path.sh
[0.845s] -- Up-to-date: /home/orin/auto_install/orz_robot/install/robot_gazebo/share/robot_gazebo/environment/path.dsv
[0.845s] -- Up-to-date: /home/orin/auto_install/orz_robot/install/robot_gazebo/share/robot_gazebo/local_setup.bash
[0.846s] -- Up-to-date: /home/orin/auto_install/orz_robot/install/robot_gazebo/share/robot_gazebo/local_setup.sh
[0.846s] -- Up-to-date: /home/orin/auto_install/orz_robot/install/robot_gazebo/share/robot_gazebo/local_setup.zsh
[0.846s] -- Up-to-date: /home/orin/auto_install/orz_robot/install/robot_gazebo/share/robot_gazebo/local_setup.dsv
[0.847s] -- Up-to-date: /home/orin/auto_install/orz_robot/install/robot_gazebo/share/robot_gazebo/package.dsv
[0.848s] -- Up-to-date: /home/orin/auto_install/orz_robot/install/robot_gazebo/share/ament_index/resource_index/packages/robot_gazebo
[0.848s] -- Up-to-date: /home/orin/auto_install/orz_robot/install/robot_gazebo/share/robot_gazebo/cmake/robot_gazeboConfig.cmake
[0.849s] -- Up-to-date: /home/orin/auto_install/orz_robot/install/robot_gazebo/share/robot_gazebo/cmake/robot_gazeboConfig-version.cmake
[0.849s] -- Up-to-date: /home/orin/auto_install/orz_robot/install/robot_gazebo/share/robot_gazebo/package.xml
[1.069s] Invoked command in '/home/orin/auto_install/orz_robot/build/robot_gazebo' returned '0': CMAKE_PREFIX_PATH=${CMAKE_PREFIX_PATH}:/home/orin/auto_install/orz_robot/install/robot_test_py:/home/orin/auto_install/orz_robot/install/robot_keyboard_to_twist_py:/opt/ros/humble /usr/bin/cmake --install /home/orin/auto_install/orz_robot/build/robot_gazebo
